[35m[1mConsolidate compiler generated dependencies of target read_write_node_mod[0m
[ 50%] Built target read_write_node
[ 75%] [32mBuilding CXX object CMakeFiles/read_write_node_mod.dir/src/read_write_node_mod.cpp.o[0m
In file included from [01m[K/opt/ros/humble/include/rclcpp/rclcpp/logging.hpp:24[m[K,
                 from [01m[K/opt/ros/humble/include/rclcpp/rclcpp/client.hpp:40[m[K,
                 from [01m[K/opt/ros/humble/include/rclcpp/rclcpp/callback_group.hpp:24[m[K,
                 from [01m[K/opt/ros/humble/include/rclcpp/rclcpp/any_executable.hpp:20[m[K,
                 from [01m[K/opt/ros/humble/include/rclcpp/rclcpp/memory_strategy.hpp:25[m[K,
                 from [01m[K/opt/ros/humble/include/rclcpp/rclcpp/memory_strategies.hpp:18[m[K,
                 from [01m[K/opt/ros/humble/include/rclcpp/rclcpp/executor_options.hpp:20[m[K,
                 from [01m[K/opt/ros/humble/include/rclcpp/rclcpp/executor.hpp:37[m[K,
                 from [01m[K/opt/ros/humble/include/rclcpp/rclcpp/executors/multi_threaded_executor.hpp:25[m[K,
                 from [01m[K/opt/ros/humble/include/rclcpp/rclcpp/executors.hpp:21[m[K,
                 from [01m[K/opt/ros/humble/include/rclcpp/rclcpp/rclcpp.hpp:155[m[K,
                 from [01m[K/home/xrcdevelopment/IXR_ROS_Files/ros2_unity_ws1/src/DynamixelSDK/dynamixel_sdk_examples/src/read_write_node_mod.cpp:38[m[K:
[01m[K/home/xrcdevelopment/IXR_ROS_Files/ros2_unity_ws1/src/DynamixelSDK/dynamixel_sdk_examples/src/read_write_node_mod.cpp:[m[K In function ‘[01m[Kint main(int, char**)[m[K’:
[01m[K/home/xrcdevelopment/IXR_ROS_Files/ros2_unity_ws1/src/DynamixelSDK/dynamixel_sdk_examples/src/read_write_node_mod.cpp:251:56:[m[K [01;35m[Kwarning: [m[Kformat ‘[01m[K%s[m[K’ expects argument of type ‘[01m[Kchar*[m[K’, but argument 5 has type ‘[01m[Kstd::string[m[K’ {aka ‘[01m[Kstd::__cxx11::basic_string<char>[m[K’} [[01;35m[K]8;;https://gcc.gnu.org/onlinedocs/gcc/Warning-Options.html#index-Wformat=-Wformat=]8;;[m[K]
  251 |     RCLCPP_INFO(rclcpp::get_logger("read_write_node"), [01;35m[K"Read: %s"[m[K, key);
      |                                                        [01;35m[K^~~~~~~~~~[m[K
[01m[K/home/xrcdevelopment/IXR_ROS_Files/ros2_unity_ws1/src/DynamixelSDK/dynamixel_sdk_examples/src/read_write_node_mod.cpp:251:64:[m[K [01;36m[Knote: [m[Kformat string is defined here
  251 |     RCLCPP_INFO(rclcpp::get_logger("read_write_node"), "Read: [01;36m[K%s[m[K", key);
      |                                                               [01;36m[K~^[m[K
      |                                                                [01;36m[K|[m[K
      |                                                                [01;36m[Kchar*[m[K
[100%] [32m[1mLinking CXX executable read_write_node_mod[0m
[100%] Built target read_write_node_mod
-- Install configuration: ""
-- Up-to-date: /home/xrcdevelopment/IXR_ROS_Files/ros2_unity_ws1/install/dynamixel_sdk_examples/lib/dynamixel_sdk_examples/read_write_node
-- Installing: /home/xrcdevelopment/IXR_ROS_Files/ros2_unity_ws1/install/dynamixel_sdk_examples/lib/dynamixel_sdk_examples/read_write_node_mod
-- Set runtime path of "/home/xrcdevelopment/IXR_ROS_Files/ros2_unity_ws1/install/dynamixel_sdk_examples/lib/dynamixel_sdk_examples/read_write_node_mod" to ""
-- Up-to-date: /home/xrcdevelopment/IXR_ROS_Files/ros2_unity_ws1/install/dynamixel_sdk_examples/share/ament_index/resource_index/package_run_dependencies/dynamixel_sdk_examples
-- Up-to-date: /home/xrcdevelopment/IXR_ROS_Files/ros2_unity_ws1/install/dynamixel_sdk_examples/share/ament_index/resource_index/parent_prefix_path/dynamixel_sdk_examples
-- Up-to-date: /home/xrcdevelopment/IXR_ROS_Files/ros2_unity_ws1/install/dynamixel_sdk_examples/share/dynamixel_sdk_examples/environment/ament_prefix_path.sh
-- Up-to-date: /home/xrcdevelopment/IXR_ROS_Files/ros2_unity_ws1/install/dynamixel_sdk_examples/share/dynamixel_sdk_examples/environment/ament_prefix_path.dsv
-- Up-to-date: /home/xrcdevelopment/IXR_ROS_Files/ros2_unity_ws1/install/dynamixel_sdk_examples/share/dynamixel_sdk_examples/environment/path.sh
-- Up-to-date: /home/xrcdevelopment/IXR_ROS_Files/ros2_unity_ws1/install/dynamixel_sdk_examples/share/dynamixel_sdk_examples/environment/path.dsv
-- Up-to-date: /home/xrcdevelopment/IXR_ROS_Files/ros2_unity_ws1/install/dynamixel_sdk_examples/share/dynamixel_sdk_examples/local_setup.bash
-- Up-to-date: /home/xrcdevelopment/IXR_ROS_Files/ros2_unity_ws1/install/dynamixel_sdk_examples/share/dynamixel_sdk_examples/local_setup.sh
-- Up-to-date: /home/xrcdevelopment/IXR_ROS_Files/ros2_unity_ws1/install/dynamixel_sdk_examples/share/dynamixel_sdk_examples/local_setup.zsh
-- Up-to-date: /home/xrcdevelopment/IXR_ROS_Files/ros2_unity_ws1/install/dynamixel_sdk_examples/share/dynamixel_sdk_examples/local_setup.dsv
-- Installing: /home/xrcdevelopment/IXR_ROS_Files/ros2_unity_ws1/install/dynamixel_sdk_examples/share/dynamixel_sdk_examples/package.dsv
-- Up-to-date: /home/xrcdevelopment/IXR_ROS_Files/ros2_unity_ws1/install/dynamixel_sdk_examples/share/ament_index/resource_index/packages/dynamixel_sdk_examples
-- Up-to-date: /home/xrcdevelopment/IXR_ROS_Files/ros2_unity_ws1/install/dynamixel_sdk_examples/share/dynamixel_sdk_examples/cmake/dynamixel_sdk_examplesConfig.cmake
-- Up-to-date: /home/xrcdevelopment/IXR_ROS_Files/ros2_unity_ws1/install/dynamixel_sdk_examples/share/dynamixel_sdk_examples/cmake/dynamixel_sdk_examplesConfig-version.cmake
-- Up-to-date: /home/xrcdevelopment/IXR_ROS_Files/ros2_unity_ws1/install/dynamixel_sdk_examples/share/dynamixel_sdk_examples/package.xml
