[0.288s] DEBUG:colcon:Command line arguments: ['/usr/bin/colcon', 'build']
[0.288s] DEBUG:colcon:Parsed command line arguments: Namespace(log_base=None, log_level=None, verb_name='build', build_base='build', install_base='install', merge_install=False, symlink_install=False, test_result_base=None, continue_on_error=False, executor='parallel', parallel_workers=8, event_handlers=None, ignore_user_meta=False, metas=['./colcon.meta'], base_paths=['.'], packages_ignore=None, packages_ignore_regex=None, paths=None, packages_up_to=None, packages_up_to_regex=None, packages_above=None, packages_above_and_dependencies=None, packages_above_depth=None, packages_select_by_dep=None, packages_skip_by_dep=None, packages_skip_up_to=None, packages_select_build_failed=False, packages_skip_build_finished=False, packages_select_test_failures=False, packages_skip_test_passed=False, packages_select=None, packages_skip=None, packages_select_regex=None, packages_skip_regex=None, packages_start=None, packages_end=None, allow_overriding=[], cmake_args=None, cmake_target=None, cmake_target_skip_unavailable=False, cmake_clean_cache=False, cmake_clean_first=False, cmake_force_configure=False, ament_cmake_args=None, catkin_cmake_args=None, catkin_skip_building_tests=False, verb_parser=<colcon_defaults.argument_parser.defaults.DefaultArgumentsDecorator object at 0x7f79ba4bf730>, verb_extension=<colcon_core.verb.build.BuildVerb object at 0x7f79bad2d240>, main=<bound method BuildVerb.main of <colcon_core.verb.build.BuildVerb object at 0x7f79bad2d240>>)
[0.317s] Level 1:colcon.colcon_core.package_discovery:discover_packages(colcon_meta) check parameters
[0.317s] Level 1:colcon.colcon_core.package_discovery:discover_packages(recursive) check parameters
[0.317s] Level 1:colcon.colcon_core.package_discovery:discover_packages(ignore) check parameters
[0.318s] Level 1:colcon.colcon_core.package_discovery:discover_packages(path) check parameters
[0.318s] Level 1:colcon.colcon_core.package_discovery:discover_packages(colcon_meta) discover
[0.318s] Level 1:colcon.colcon_core.package_discovery:discover_packages(recursive) discover
[0.318s] INFO:colcon.colcon_core.package_discovery:Crawling recursively for packages in '/home/xrcdevelopment/IXR_ROS_Files/ros2_unity_ws1'
[0.318s] Level 1:colcon.colcon_core.package_identification:_identify(.) by extensions ['ignore', 'ignore_ament_install']
[0.318s] Level 1:colcon.colcon_core.package_identification:_identify(.) by extension 'ignore'
[0.318s] Level 1:colcon.colcon_core.package_identification:_identify(.) by extension 'ignore_ament_install'
[0.318s] Level 1:colcon.colcon_core.package_identification:_identify(.) by extensions ['colcon_pkg']
[0.318s] Level 1:colcon.colcon_core.package_identification:_identify(.) by extension 'colcon_pkg'
[0.318s] Level 1:colcon.colcon_core.package_identification:_identify(.) by extensions ['colcon_meta']
[0.318s] Level 1:colcon.colcon_core.package_identification:_identify(.) by extension 'colcon_meta'
[0.318s] Level 1:colcon.colcon_core.package_identification:_identify(.) by extensions ['ros']
[0.318s] Level 1:colcon.colcon_core.package_identification:_identify(.) by extension 'ros'
[0.330s] Level 1:colcon.colcon_core.package_identification:_identify(.) by extensions ['cmake', 'python']
[0.330s] Level 1:colcon.colcon_core.package_identification:_identify(.) by extension 'cmake'
[0.330s] Level 1:colcon.colcon_core.package_identification:_identify(.) by extension 'python'
[0.330s] Level 1:colcon.colcon_core.package_identification:_identify(.) by extensions ['python_setup_py']
[0.330s] Level 1:colcon.colcon_core.package_identification:_identify(.) by extension 'python_setup_py'
[0.330s] Level 1:colcon.colcon_core.package_identification:_identify(build) by extensions ['ignore', 'ignore_ament_install']
[0.330s] Level 1:colcon.colcon_core.package_identification:_identify(build) by extension 'ignore'
[0.330s] Level 1:colcon.colcon_core.package_identification:_identify(build) ignored
[0.331s] Level 1:colcon.colcon_core.package_identification:_identify(install) by extensions ['ignore', 'ignore_ament_install']
[0.331s] Level 1:colcon.colcon_core.package_identification:_identify(install) by extension 'ignore'
[0.331s] Level 1:colcon.colcon_core.package_identification:_identify(install) ignored
[0.331s] Level 1:colcon.colcon_core.package_identification:_identify(log) by extensions ['ignore', 'ignore_ament_install']
[0.331s] Level 1:colcon.colcon_core.package_identification:_identify(log) by extension 'ignore'
[0.331s] Level 1:colcon.colcon_core.package_identification:_identify(log) ignored
[0.331s] Level 1:colcon.colcon_core.package_identification:_identify(src) by extensions ['ignore', 'ignore_ament_install']
[0.331s] Level 1:colcon.colcon_core.package_identification:_identify(src) by extension 'ignore'
[0.331s] Level 1:colcon.colcon_core.package_identification:_identify(src) by extension 'ignore_ament_install'
[0.332s] Level 1:colcon.colcon_core.package_identification:_identify(src) by extensions ['colcon_pkg']
[0.332s] Level 1:colcon.colcon_core.package_identification:_identify(src) by extension 'colcon_pkg'
[0.332s] Level 1:colcon.colcon_core.package_identification:_identify(src) by extensions ['colcon_meta']
[0.332s] Level 1:colcon.colcon_core.package_identification:_identify(src) by extension 'colcon_meta'
[0.332s] Level 1:colcon.colcon_core.package_identification:_identify(src) by extensions ['ros']
[0.332s] Level 1:colcon.colcon_core.package_identification:_identify(src) by extension 'ros'
[0.332s] Level 1:colcon.colcon_core.package_identification:_identify(src) by extensions ['cmake', 'python']
[0.332s] Level 1:colcon.colcon_core.package_identification:_identify(src) by extension 'cmake'
[0.332s] Level 1:colcon.colcon_core.package_identification:_identify(src) by extension 'python'
[0.332s] Level 1:colcon.colcon_core.package_identification:_identify(src) by extensions ['python_setup_py']
[0.332s] Level 1:colcon.colcon_core.package_identification:_identify(src) by extension 'python_setup_py'
[0.332s] Level 1:colcon.colcon_core.package_identification:_identify(src/DynamixelSDK) by extensions ['ignore', 'ignore_ament_install']
[0.332s] Level 1:colcon.colcon_core.package_identification:_identify(src/DynamixelSDK) by extension 'ignore'
[0.332s] Level 1:colcon.colcon_core.package_identification:_identify(src/DynamixelSDK) by extension 'ignore_ament_install'
[0.333s] Level 1:colcon.colcon_core.package_identification:_identify(src/DynamixelSDK) by extensions ['colcon_pkg']
[0.333s] Level 1:colcon.colcon_core.package_identification:_identify(src/DynamixelSDK) by extension 'colcon_pkg'
[0.333s] Level 1:colcon.colcon_core.package_identification:_identify(src/DynamixelSDK) by extensions ['colcon_meta']
[0.333s] Level 1:colcon.colcon_core.package_identification:_identify(src/DynamixelSDK) by extension 'colcon_meta'
[0.333s] Level 1:colcon.colcon_core.package_identification:_identify(src/DynamixelSDK) by extensions ['ros']
[0.333s] Level 1:colcon.colcon_core.package_identification:_identify(src/DynamixelSDK) by extension 'ros'
[0.333s] Level 1:colcon.colcon_core.package_identification:_identify(src/DynamixelSDK) by extensions ['cmake', 'python']
[0.333s] Level 1:colcon.colcon_core.package_identification:_identify(src/DynamixelSDK) by extension 'cmake'
[0.333s] Level 1:colcon.colcon_core.package_identification:_identify(src/DynamixelSDK) by extension 'python'
[0.333s] Level 1:colcon.colcon_core.package_identification:_identify(src/DynamixelSDK) by extensions ['python_setup_py']
[0.333s] Level 1:colcon.colcon_core.package_identification:_identify(src/DynamixelSDK) by extension 'python_setup_py'
[0.333s] Level 1:colcon.colcon_core.package_identification:_identify(src/DynamixelSDK/dynamixel_sdk) by extensions ['ignore', 'ignore_ament_install']
[0.333s] Level 1:colcon.colcon_core.package_identification:_identify(src/DynamixelSDK/dynamixel_sdk) by extension 'ignore'
[0.333s] Level 1:colcon.colcon_core.package_identification:_identify(src/DynamixelSDK/dynamixel_sdk) by extension 'ignore_ament_install'
[0.334s] Level 1:colcon.colcon_core.package_identification:_identify(src/DynamixelSDK/dynamixel_sdk) by extensions ['colcon_pkg']
[0.334s] Level 1:colcon.colcon_core.package_identification:_identify(src/DynamixelSDK/dynamixel_sdk) by extension 'colcon_pkg'
[0.334s] Level 1:colcon.colcon_core.package_identification:_identify(src/DynamixelSDK/dynamixel_sdk) by extensions ['colcon_meta']
[0.334s] Level 1:colcon.colcon_core.package_identification:_identify(src/DynamixelSDK/dynamixel_sdk) by extension 'colcon_meta'
[0.334s] Level 1:colcon.colcon_core.package_identification:_identify(src/DynamixelSDK/dynamixel_sdk) by extensions ['ros']
[0.334s] Level 1:colcon.colcon_core.package_identification:_identify(src/DynamixelSDK/dynamixel_sdk) by extension 'ros'
[0.336s] DEBUG:colcon.colcon_core.package_identification:Package 'src/DynamixelSDK/dynamixel_sdk' with type 'ros.ament_cmake' and name 'dynamixel_sdk'
[0.336s] Level 1:colcon.colcon_core.package_identification:_identify(src/DynamixelSDK/dynamixel_sdk_custom_interfaces) by extensions ['ignore', 'ignore_ament_install']
[0.336s] Level 1:colcon.colcon_core.package_identification:_identify(src/DynamixelSDK/dynamixel_sdk_custom_interfaces) by extension 'ignore'
[0.336s] Level 1:colcon.colcon_core.package_identification:_identify(src/DynamixelSDK/dynamixel_sdk_custom_interfaces) by extension 'ignore_ament_install'
[0.336s] Level 1:colcon.colcon_core.package_identification:_identify(src/DynamixelSDK/dynamixel_sdk_custom_interfaces) by extensions ['colcon_pkg']
[0.336s] Level 1:colcon.colcon_core.package_identification:_identify(src/DynamixelSDK/dynamixel_sdk_custom_interfaces) by extension 'colcon_pkg'
[0.337s] Level 1:colcon.colcon_core.package_identification:_identify(src/DynamixelSDK/dynamixel_sdk_custom_interfaces) by extensions ['colcon_meta']
[0.337s] Level 1:colcon.colcon_core.package_identification:_identify(src/DynamixelSDK/dynamixel_sdk_custom_interfaces) by extension 'colcon_meta'
[0.337s] Level 1:colcon.colcon_core.package_identification:_identify(src/DynamixelSDK/dynamixel_sdk_custom_interfaces) by extensions ['ros']
[0.337s] Level 1:colcon.colcon_core.package_identification:_identify(src/DynamixelSDK/dynamixel_sdk_custom_interfaces) by extension 'ros'
[0.337s] DEBUG:colcon.colcon_core.package_identification:Package 'src/DynamixelSDK/dynamixel_sdk_custom_interfaces' with type 'ros.ament_cmake' and name 'dynamixel_sdk_custom_interfaces'
[0.337s] Level 1:colcon.colcon_core.package_identification:_identify(src/DynamixelSDK/dynamixel_sdk_examples) by extensions ['ignore', 'ignore_ament_install']
[0.338s] Level 1:colcon.colcon_core.package_identification:_identify(src/DynamixelSDK/dynamixel_sdk_examples) by extension 'ignore'
[0.338s] Level 1:colcon.colcon_core.package_identification:_identify(src/DynamixelSDK/dynamixel_sdk_examples) by extension 'ignore_ament_install'
[0.338s] Level 1:colcon.colcon_core.package_identification:_identify(src/DynamixelSDK/dynamixel_sdk_examples) by extensions ['colcon_pkg']
[0.338s] Level 1:colcon.colcon_core.package_identification:_identify(src/DynamixelSDK/dynamixel_sdk_examples) by extension 'colcon_pkg'
[0.338s] Level 1:colcon.colcon_core.package_identification:_identify(src/DynamixelSDK/dynamixel_sdk_examples) by extensions ['colcon_meta']
[0.338s] Level 1:colcon.colcon_core.package_identification:_identify(src/DynamixelSDK/dynamixel_sdk_examples) by extension 'colcon_meta'
[0.338s] Level 1:colcon.colcon_core.package_identification:_identify(src/DynamixelSDK/dynamixel_sdk_examples) by extensions ['ros']
[0.338s] Level 1:colcon.colcon_core.package_identification:_identify(src/DynamixelSDK/dynamixel_sdk_examples) by extension 'ros'
[0.339s] DEBUG:colcon.colcon_core.package_identification:Package 'src/DynamixelSDK/dynamixel_sdk_examples' with type 'ros.ament_cmake' and name 'dynamixel_sdk_examples'
[0.339s] Level 1:colcon.colcon_core.package_identification:_identify(src/ROS-TCP-Endpoint-main-ros2) by extensions ['ignore', 'ignore_ament_install']
[0.339s] Level 1:colcon.colcon_core.package_identification:_identify(src/ROS-TCP-Endpoint-main-ros2) by extension 'ignore'
[0.339s] Level 1:colcon.colcon_core.package_identification:_identify(src/ROS-TCP-Endpoint-main-ros2) by extension 'ignore_ament_install'
[0.339s] Level 1:colcon.colcon_core.package_identification:_identify(src/ROS-TCP-Endpoint-main-ros2) by extensions ['colcon_pkg']
[0.339s] Level 1:colcon.colcon_core.package_identification:_identify(src/ROS-TCP-Endpoint-main-ros2) by extension 'colcon_pkg'
[0.339s] Level 1:colcon.colcon_core.package_identification:_identify(src/ROS-TCP-Endpoint-main-ros2) by extensions ['colcon_meta']
[0.339s] Level 1:colcon.colcon_core.package_identification:_identify(src/ROS-TCP-Endpoint-main-ros2) by extension 'colcon_meta'
[0.339s] Level 1:colcon.colcon_core.package_identification:_identify(src/ROS-TCP-Endpoint-main-ros2) by extensions ['ros']
[0.339s] Level 1:colcon.colcon_core.package_identification:_identify(src/ROS-TCP-Endpoint-main-ros2) by extension 'ros'
[0.340s] DEBUG:colcon.colcon_core.package_identification:Package 'src/ROS-TCP-Endpoint-main-ros2' with type 'ros.ament_python' and name 'ros_tcp_endpoint'
[0.340s] Level 1:colcon.colcon_core.package_identification:_identify(src/unity_robotics_demo) by extensions ['ignore', 'ignore_ament_install']
[0.340s] Level 1:colcon.colcon_core.package_identification:_identify(src/unity_robotics_demo) by extension 'ignore'
[0.340s] Level 1:colcon.colcon_core.package_identification:_identify(src/unity_robotics_demo) by extension 'ignore_ament_install'
[0.340s] Level 1:colcon.colcon_core.package_identification:_identify(src/unity_robotics_demo) by extensions ['colcon_pkg']
[0.340s] Level 1:colcon.colcon_core.package_identification:_identify(src/unity_robotics_demo) by extension 'colcon_pkg'
[0.340s] Level 1:colcon.colcon_core.package_identification:_identify(src/unity_robotics_demo) by extensions ['colcon_meta']
[0.340s] Level 1:colcon.colcon_core.package_identification:_identify(src/unity_robotics_demo) by extension 'colcon_meta'
[0.341s] Level 1:colcon.colcon_core.package_identification:_identify(src/unity_robotics_demo) by extensions ['ros']
[0.341s] Level 1:colcon.colcon_core.package_identification:_identify(src/unity_robotics_demo) by extension 'ros'
[0.341s] DEBUG:colcon.colcon_core.package_identification:Package 'src/unity_robotics_demo' with type 'ros.ament_python' and name 'unity_robotics_demo'
[0.341s] Level 1:colcon.colcon_core.package_identification:_identify(src/unity_robotics_demo_msgs) by extensions ['ignore', 'ignore_ament_install']
[0.341s] Level 1:colcon.colcon_core.package_identification:_identify(src/unity_robotics_demo_msgs) by extension 'ignore'
[0.341s] Level 1:colcon.colcon_core.package_identification:_identify(src/unity_robotics_demo_msgs) by extension 'ignore_ament_install'
[0.341s] Level 1:colcon.colcon_core.package_identification:_identify(src/unity_robotics_demo_msgs) by extensions ['colcon_pkg']
[0.342s] Level 1:colcon.colcon_core.package_identification:_identify(src/unity_robotics_demo_msgs) by extension 'colcon_pkg'
[0.342s] Level 1:colcon.colcon_core.package_identification:_identify(src/unity_robotics_demo_msgs) by extensions ['colcon_meta']
[0.342s] Level 1:colcon.colcon_core.package_identification:_identify(src/unity_robotics_demo_msgs) by extension 'colcon_meta'
[0.342s] Level 1:colcon.colcon_core.package_identification:_identify(src/unity_robotics_demo_msgs) by extensions ['ros']
[0.342s] Level 1:colcon.colcon_core.package_identification:_identify(src/unity_robotics_demo_msgs) by extension 'ros'
[0.342s] DEBUG:colcon.colcon_core.package_identification:Package 'src/unity_robotics_demo_msgs' with type 'ros.ament_cmake' and name 'unity_robotics_demo_msgs'
[0.342s] Level 1:colcon.colcon_core.package_discovery:discover_packages(recursive) using defaults
[0.342s] Level 1:colcon.colcon_core.package_discovery:discover_packages(ignore) discover
[0.343s] Level 1:colcon.colcon_core.package_discovery:discover_packages(ignore) using defaults
[0.343s] Level 1:colcon.colcon_core.package_discovery:discover_packages(path) discover
[0.343s] Level 1:colcon.colcon_core.package_discovery:discover_packages(path) using defaults
[0.365s] Level 1:colcon.colcon_core.package_discovery:discover_packages(prefix_path) check parameters
[0.366s] Level 1:colcon.colcon_core.package_discovery:discover_packages(prefix_path) discover
[0.368s] DEBUG:colcon.colcon_installed_package_information.package_discovery:Found 6 installed packages in /home/xrcdevelopment/IXR_ROS_Files/ros2_unity_ws1/install
[0.369s] DEBUG:colcon.colcon_installed_package_information.package_discovery:Found 3 installed packages in /home/xrcdevelopment/ros/ros2_unity_ws1/install
[0.371s] DEBUG:colcon.colcon_installed_package_information.package_discovery:Found 271 installed packages in /opt/ros/humble
[0.372s] Level 1:colcon.colcon_core.package_discovery:discover_packages(prefix_path) using defaults
[0.429s] Level 5:colcon.colcon_core.verb:set package 'dynamixel_sdk' build argument 'cmake_args' from command line to 'None'
[0.429s] Level 5:colcon.colcon_core.verb:set package 'dynamixel_sdk' build argument 'cmake_target' from command line to 'None'
[0.429s] Level 5:colcon.colcon_core.verb:set package 'dynamixel_sdk' build argument 'cmake_target_skip_unavailable' from command line to 'False'
[0.429s] Level 5:colcon.colcon_core.verb:set package 'dynamixel_sdk' build argument 'cmake_clean_cache' from command line to 'False'
[0.429s] Level 5:colcon.colcon_core.verb:set package 'dynamixel_sdk' build argument 'cmake_clean_first' from command line to 'False'
[0.429s] Level 5:colcon.colcon_core.verb:set package 'dynamixel_sdk' build argument 'cmake_force_configure' from command line to 'False'
[0.429s] Level 5:colcon.colcon_core.verb:set package 'dynamixel_sdk' build argument 'ament_cmake_args' from command line to 'None'
[0.429s] Level 5:colcon.colcon_core.verb:set package 'dynamixel_sdk' build argument 'catkin_cmake_args' from command line to 'None'
[0.429s] Level 5:colcon.colcon_core.verb:set package 'dynamixel_sdk' build argument 'catkin_skip_building_tests' from command line to 'False'
[0.429s] DEBUG:colcon.colcon_core.verb:Building package 'dynamixel_sdk' with the following arguments: {'ament_cmake_args': None, 'build_base': '/home/xrcdevelopment/IXR_ROS_Files/ros2_unity_ws1/build/dynamixel_sdk', 'catkin_cmake_args': None, 'catkin_skip_building_tests': False, 'cmake_args': None, 'cmake_clean_cache': False, 'cmake_clean_first': False, 'cmake_force_configure': False, 'cmake_target': None, 'cmake_target_skip_unavailable': False, 'install_base': '/home/xrcdevelopment/IXR_ROS_Files/ros2_unity_ws1/install/dynamixel_sdk', 'merge_install': False, 'path': '/home/xrcdevelopment/IXR_ROS_Files/ros2_unity_ws1/src/DynamixelSDK/dynamixel_sdk', 'symlink_install': False, 'test_result_base': None}
[0.430s] Level 5:colcon.colcon_core.verb:set package 'dynamixel_sdk_custom_interfaces' build argument 'cmake_args' from command line to 'None'
[0.430s] Level 5:colcon.colcon_core.verb:set package 'dynamixel_sdk_custom_interfaces' build argument 'cmake_target' from command line to 'None'
[0.430s] Level 5:colcon.colcon_core.verb:set package 'dynamixel_sdk_custom_interfaces' build argument 'cmake_target_skip_unavailable' from command line to 'False'
[0.431s] Level 5:colcon.colcon_core.verb:set package 'dynamixel_sdk_custom_interfaces' build argument 'cmake_clean_cache' from command line to 'False'
[0.431s] Level 5:colcon.colcon_core.verb:set package 'dynamixel_sdk_custom_interfaces' build argument 'cmake_clean_first' from command line to 'False'
[0.431s] Level 5:colcon.colcon_core.verb:set package 'dynamixel_sdk_custom_interfaces' build argument 'cmake_force_configure' from command line to 'False'
[0.431s] Level 5:colcon.colcon_core.verb:set package 'dynamixel_sdk_custom_interfaces' build argument 'ament_cmake_args' from command line to 'None'
[0.431s] Level 5:colcon.colcon_core.verb:set package 'dynamixel_sdk_custom_interfaces' build argument 'catkin_cmake_args' from command line to 'None'
[0.431s] Level 5:colcon.colcon_core.verb:set package 'dynamixel_sdk_custom_interfaces' build argument 'catkin_skip_building_tests' from command line to 'False'
[0.431s] DEBUG:colcon.colcon_core.verb:Building package 'dynamixel_sdk_custom_interfaces' with the following arguments: {'ament_cmake_args': None, 'build_base': '/home/xrcdevelopment/IXR_ROS_Files/ros2_unity_ws1/build/dynamixel_sdk_custom_interfaces', 'catkin_cmake_args': None, 'catkin_skip_building_tests': False, 'cmake_args': None, 'cmake_clean_cache': False, 'cmake_clean_first': False, 'cmake_force_configure': False, 'cmake_target': None, 'cmake_target_skip_unavailable': False, 'install_base': '/home/xrcdevelopment/IXR_ROS_Files/ros2_unity_ws1/install/dynamixel_sdk_custom_interfaces', 'merge_install': False, 'path': '/home/xrcdevelopment/IXR_ROS_Files/ros2_unity_ws1/src/DynamixelSDK/dynamixel_sdk_custom_interfaces', 'symlink_install': False, 'test_result_base': None}
[0.432s] Level 5:colcon.colcon_core.verb:set package 'ros_tcp_endpoint' build argument 'cmake_args' from command line to 'None'
[0.432s] Level 5:colcon.colcon_core.verb:set package 'ros_tcp_endpoint' build argument 'cmake_target' from command line to 'None'
[0.432s] Level 5:colcon.colcon_core.verb:set package 'ros_tcp_endpoint' build argument 'cmake_target_skip_unavailable' from command line to 'False'
[0.432s] Level 5:colcon.colcon_core.verb:set package 'ros_tcp_endpoint' build argument 'cmake_clean_cache' from command line to 'False'
[0.432s] Level 5:colcon.colcon_core.verb:set package 'ros_tcp_endpoint' build argument 'cmake_clean_first' from command line to 'False'
[0.432s] Level 5:colcon.colcon_core.verb:set package 'ros_tcp_endpoint' build argument 'cmake_force_configure' from command line to 'False'
[0.432s] Level 5:colcon.colcon_core.verb:set package 'ros_tcp_endpoint' build argument 'ament_cmake_args' from command line to 'None'
[0.432s] Level 5:colcon.colcon_core.verb:set package 'ros_tcp_endpoint' build argument 'catkin_cmake_args' from command line to 'None'
[0.432s] Level 5:colcon.colcon_core.verb:set package 'ros_tcp_endpoint' build argument 'catkin_skip_building_tests' from command line to 'False'
[0.432s] DEBUG:colcon.colcon_core.verb:Building package 'ros_tcp_endpoint' with the following arguments: {'ament_cmake_args': None, 'build_base': '/home/xrcdevelopment/IXR_ROS_Files/ros2_unity_ws1/build/ros_tcp_endpoint', 'catkin_cmake_args': None, 'catkin_skip_building_tests': False, 'cmake_args': None, 'cmake_clean_cache': False, 'cmake_clean_first': False, 'cmake_force_configure': False, 'cmake_target': None, 'cmake_target_skip_unavailable': False, 'install_base': '/home/xrcdevelopment/IXR_ROS_Files/ros2_unity_ws1/install/ros_tcp_endpoint', 'merge_install': False, 'path': '/home/xrcdevelopment/IXR_ROS_Files/ros2_unity_ws1/src/ROS-TCP-Endpoint-main-ros2', 'symlink_install': False, 'test_result_base': None}
[0.433s] Level 5:colcon.colcon_core.verb:set package 'unity_robotics_demo' build argument 'cmake_args' from command line to 'None'
[0.433s] Level 5:colcon.colcon_core.verb:set package 'unity_robotics_demo' build argument 'cmake_target' from command line to 'None'
[0.433s] Level 5:colcon.colcon_core.verb:set package 'unity_robotics_demo' build argument 'cmake_target_skip_unavailable' from command line to 'False'
[0.433s] Level 5:colcon.colcon_core.verb:set package 'unity_robotics_demo' build argument 'cmake_clean_cache' from command line to 'False'
[0.433s] Level 5:colcon.colcon_core.verb:set package 'unity_robotics_demo' build argument 'cmake_clean_first' from command line to 'False'
[0.433s] Level 5:colcon.colcon_core.verb:set package 'unity_robotics_demo' build argument 'cmake_force_configure' from command line to 'False'
[0.433s] Level 5:colcon.colcon_core.verb:set package 'unity_robotics_demo' build argument 'ament_cmake_args' from command line to 'None'
[0.433s] Level 5:colcon.colcon_core.verb:set package 'unity_robotics_demo' build argument 'catkin_cmake_args' from command line to 'None'
[0.433s] Level 5:colcon.colcon_core.verb:set package 'unity_robotics_demo' build argument 'catkin_skip_building_tests' from command line to 'False'
[0.433s] DEBUG:colcon.colcon_core.verb:Building package 'unity_robotics_demo' with the following arguments: {'ament_cmake_args': None, 'build_base': '/home/xrcdevelopment/IXR_ROS_Files/ros2_unity_ws1/build/unity_robotics_demo', 'catkin_cmake_args': None, 'catkin_skip_building_tests': False, 'cmake_args': None, 'cmake_clean_cache': False, 'cmake_clean_first': False, 'cmake_force_configure': False, 'cmake_target': None, 'cmake_target_skip_unavailable': False, 'install_base': '/home/xrcdevelopment/IXR_ROS_Files/ros2_unity_ws1/install/unity_robotics_demo', 'merge_install': False, 'path': '/home/xrcdevelopment/IXR_ROS_Files/ros2_unity_ws1/src/unity_robotics_demo', 'symlink_install': False, 'test_result_base': None}
[0.434s] Level 5:colcon.colcon_core.verb:set package 'unity_robotics_demo_msgs' build argument 'cmake_args' from command line to 'None'
[0.434s] Level 5:colcon.colcon_core.verb:set package 'unity_robotics_demo_msgs' build argument 'cmake_target' from command line to 'None'
[0.434s] Level 5:colcon.colcon_core.verb:set package 'unity_robotics_demo_msgs' build argument 'cmake_target_skip_unavailable' from command line to 'False'
[0.434s] Level 5:colcon.colcon_core.verb:set package 'unity_robotics_demo_msgs' build argument 'cmake_clean_cache' from command line to 'False'
[0.434s] Level 5:colcon.colcon_core.verb:set package 'unity_robotics_demo_msgs' build argument 'cmake_clean_first' from command line to 'False'
[0.434s] Level 5:colcon.colcon_core.verb:set package 'unity_robotics_demo_msgs' build argument 'cmake_force_configure' from command line to 'False'
[0.435s] Level 5:colcon.colcon_core.verb:set package 'unity_robotics_demo_msgs' build argument 'ament_cmake_args' from command line to 'None'
[0.435s] Level 5:colcon.colcon_core.verb:set package 'unity_robotics_demo_msgs' build argument 'catkin_cmake_args' from command line to 'None'
[0.435s] Level 5:colcon.colcon_core.verb:set package 'unity_robotics_demo_msgs' build argument 'catkin_skip_building_tests' from command line to 'False'
[0.435s] DEBUG:colcon.colcon_core.verb:Building package 'unity_robotics_demo_msgs' with the following arguments: {'ament_cmake_args': None, 'build_base': '/home/xrcdevelopment/IXR_ROS_Files/ros2_unity_ws1/build/unity_robotics_demo_msgs', 'catkin_cmake_args': None, 'catkin_skip_building_tests': False, 'cmake_args': None, 'cmake_clean_cache': False, 'cmake_clean_first': False, 'cmake_force_configure': False, 'cmake_target': None, 'cmake_target_skip_unavailable': False, 'install_base': '/home/xrcdevelopment/IXR_ROS_Files/ros2_unity_ws1/install/unity_robotics_demo_msgs', 'merge_install': False, 'path': '/home/xrcdevelopment/IXR_ROS_Files/ros2_unity_ws1/src/unity_robotics_demo_msgs', 'symlink_install': False, 'test_result_base': None}
[0.436s] Level 5:colcon.colcon_core.verb:set package 'dynamixel_sdk_examples' build argument 'cmake_args' from command line to 'None'
[0.436s] Level 5:colcon.colcon_core.verb:set package 'dynamixel_sdk_examples' build argument 'cmake_target' from command line to 'None'
[0.436s] Level 5:colcon.colcon_core.verb:set package 'dynamixel_sdk_examples' build argument 'cmake_target_skip_unavailable' from command line to 'False'
[0.436s] Level 5:colcon.colcon_core.verb:set package 'dynamixel_sdk_examples' build argument 'cmake_clean_cache' from command line to 'False'
[0.436s] Level 5:colcon.colcon_core.verb:set package 'dynamixel_sdk_examples' build argument 'cmake_clean_first' from command line to 'False'
[0.436s] Level 5:colcon.colcon_core.verb:set package 'dynamixel_sdk_examples' build argument 'cmake_force_configure' from command line to 'False'
[0.436s] Level 5:colcon.colcon_core.verb:set package 'dynamixel_sdk_examples' build argument 'ament_cmake_args' from command line to 'None'
[0.436s] Level 5:colcon.colcon_core.verb:set package 'dynamixel_sdk_examples' build argument 'catkin_cmake_args' from command line to 'None'
[0.436s] Level 5:colcon.colcon_core.verb:set package 'dynamixel_sdk_examples' build argument 'catkin_skip_building_tests' from command line to 'False'
[0.436s] DEBUG:colcon.colcon_core.verb:Building package 'dynamixel_sdk_examples' with the following arguments: {'ament_cmake_args': None, 'build_base': '/home/xrcdevelopment/IXR_ROS_Files/ros2_unity_ws1/build/dynamixel_sdk_examples', 'catkin_cmake_args': None, 'catkin_skip_building_tests': False, 'cmake_args': None, 'cmake_clean_cache': False, 'cmake_clean_first': False, 'cmake_force_configure': False, 'cmake_target': None, 'cmake_target_skip_unavailable': False, 'install_base': '/home/xrcdevelopment/IXR_ROS_Files/ros2_unity_ws1/install/dynamixel_sdk_examples', 'merge_install': False, 'path': '/home/xrcdevelopment/IXR_ROS_Files/ros2_unity_ws1/src/DynamixelSDK/dynamixel_sdk_examples', 'symlink_install': False, 'test_result_base': None}
[0.437s] INFO:colcon.colcon_core.executor:Executing jobs using 'parallel' executor
[0.439s] DEBUG:colcon.colcon_parallel_executor.executor.parallel:run_until_complete
[0.440s] INFO:colcon.colcon_ros.task.ament_cmake.build:Building ROS package in '/home/xrcdevelopment/IXR_ROS_Files/ros2_unity_ws1/src/DynamixelSDK/dynamixel_sdk' with build type 'ament_cmake'
[0.440s] INFO:colcon.colcon_cmake.task.cmake.build:Building CMake package in '/home/xrcdevelopment/IXR_ROS_Files/ros2_unity_ws1/src/DynamixelSDK/dynamixel_sdk'
[0.444s] INFO:colcon.colcon_core.plugin_system:Skipping extension 'colcon_core.shell.bat': Not used on non-Windows systems
[0.444s] INFO:colcon.colcon_core.shell:Skip shell extension 'powershell' for command environment: Not usable outside of PowerShell
[0.444s] DEBUG:colcon.colcon_core.shell:Skip shell extension 'dsv' for command environment
[0.450s] INFO:colcon.colcon_ros.task.ament_cmake.build:Building ROS package in '/home/xrcdevelopment/IXR_ROS_Files/ros2_unity_ws1/src/DynamixelSDK/dynamixel_sdk_custom_interfaces' with build type 'ament_cmake'
[0.450s] INFO:colcon.colcon_cmake.task.cmake.build:Building CMake package in '/home/xrcdevelopment/IXR_ROS_Files/ros2_unity_ws1/src/DynamixelSDK/dynamixel_sdk_custom_interfaces'
[0.451s] INFO:colcon.colcon_core.shell:Skip shell extension 'powershell' for command environment: Not usable outside of PowerShell
[0.451s] DEBUG:colcon.colcon_core.shell:Skip shell extension 'dsv' for command environment
[0.456s] INFO:colcon.colcon_ros.task.ament_python.build:Building ROS package in '/home/xrcdevelopment/IXR_ROS_Files/ros2_unity_ws1/src/ROS-TCP-Endpoint-main-ros2' with build type 'ament_python'
[0.457s] Level 1:colcon.colcon_core.shell:create_environment_hook('ros_tcp_endpoint', 'ament_prefix_path')
[0.458s] INFO:colcon.colcon_core.shell:Creating environment hook '/home/xrcdevelopment/IXR_ROS_Files/ros2_unity_ws1/install/ros_tcp_endpoint/share/ros_tcp_endpoint/hook/ament_prefix_path.ps1'
[0.459s] INFO:colcon.colcon_core.shell:Creating environment descriptor '/home/xrcdevelopment/IXR_ROS_Files/ros2_unity_ws1/install/ros_tcp_endpoint/share/ros_tcp_endpoint/hook/ament_prefix_path.dsv'
[0.459s] INFO:colcon.colcon_core.shell:Creating environment hook '/home/xrcdevelopment/IXR_ROS_Files/ros2_unity_ws1/install/ros_tcp_endpoint/share/ros_tcp_endpoint/hook/ament_prefix_path.sh'
[0.461s] INFO:colcon.colcon_core.shell:Skip shell extension 'powershell' for command environment: Not usable outside of PowerShell
[0.461s] DEBUG:colcon.colcon_core.shell:Skip shell extension 'dsv' for command environment
[0.466s] INFO:colcon.colcon_ros.task.ament_python.build:Building ROS package in '/home/xrcdevelopment/IXR_ROS_Files/ros2_unity_ws1/src/unity_robotics_demo' with build type 'ament_python'
[0.466s] Level 1:colcon.colcon_core.shell:create_environment_hook('unity_robotics_demo', 'ament_prefix_path')
[0.467s] INFO:colcon.colcon_core.shell:Creating environment hook '/home/xrcdevelopment/IXR_ROS_Files/ros2_unity_ws1/install/unity_robotics_demo/share/unity_robotics_demo/hook/ament_prefix_path.ps1'
[0.468s] INFO:colcon.colcon_core.shell:Creating environment descriptor '/home/xrcdevelopment/IXR_ROS_Files/ros2_unity_ws1/install/unity_robotics_demo/share/unity_robotics_demo/hook/ament_prefix_path.dsv'
[0.468s] INFO:colcon.colcon_core.shell:Creating environment hook '/home/xrcdevelopment/IXR_ROS_Files/ros2_unity_ws1/install/unity_robotics_demo/share/unity_robotics_demo/hook/ament_prefix_path.sh'
[0.470s] INFO:colcon.colcon_core.shell:Skip shell extension 'powershell' for command environment: Not usable outside of PowerShell
[0.470s] DEBUG:colcon.colcon_core.shell:Skip shell extension 'dsv' for command environment
[0.475s] INFO:colcon.colcon_ros.task.ament_cmake.build:Building ROS package in '/home/xrcdevelopment/IXR_ROS_Files/ros2_unity_ws1/src/unity_robotics_demo_msgs' with build type 'ament_cmake'
[0.475s] INFO:colcon.colcon_cmake.task.cmake.build:Building CMake package in '/home/xrcdevelopment/IXR_ROS_Files/ros2_unity_ws1/src/unity_robotics_demo_msgs'
[0.476s] INFO:colcon.colcon_core.shell:Skip shell extension 'powershell' for command environment: Not usable outside of PowerShell
[0.476s] DEBUG:colcon.colcon_core.shell:Skip shell extension 'dsv' for command environment
[0.487s] DEBUG:colcon.colcon_core.event_handler.log_command:Invoking command in '/home/xrcdevelopment/IXR_ROS_Files/ros2_unity_ws1/build/dynamixel_sdk': CMAKE_PREFIX_PATH=${CMAKE_PREFIX_PATH}:/home/xrcdevelopment/IXR_ROS_Files/ros2_unity_ws1/install/unity_robotics_demo:/home/xrcdevelopment/IXR_ROS_Files/ros2_unity_ws1/install/ros_tcp_endpoint:/home/xrcdevelopment/ros/ros2_unity_ws1/install/unity_robotics_demo_msgs:/home/xrcdevelopment/ros/ros2_unity_ws1/install/unity_robotics_demo:/home/xrcdevelopment/ros/ros2_unity_ws1/install/ros_tcp_endpoint:/opt/ros/humble /usr/bin/cmake --build /home/xrcdevelopment/IXR_ROS_Files/ros2_unity_ws1/build/dynamixel_sdk -- -j8 -l8
[0.492s] DEBUG:colcon.colcon_core.event_handler.log_command:Invoking command in '/home/xrcdevelopment/IXR_ROS_Files/ros2_unity_ws1/build/dynamixel_sdk_custom_interfaces': CMAKE_PREFIX_PATH=${CMAKE_PREFIX_PATH}:/home/xrcdevelopment/IXR_ROS_Files/ros2_unity_ws1/install/unity_robotics_demo:/home/xrcdevelopment/IXR_ROS_Files/ros2_unity_ws1/install/ros_tcp_endpoint:/home/xrcdevelopment/ros/ros2_unity_ws1/install/unity_robotics_demo_msgs:/home/xrcdevelopment/ros/ros2_unity_ws1/install/unity_robotics_demo:/home/xrcdevelopment/ros/ros2_unity_ws1/install/ros_tcp_endpoint:/opt/ros/humble /usr/bin/cmake --build /home/xrcdevelopment/IXR_ROS_Files/ros2_unity_ws1/build/dynamixel_sdk_custom_interfaces -- -j8 -l8
[0.792s] INFO:colcon.colcon_core.task.python.build:Building Python package in '/home/xrcdevelopment/IXR_ROS_Files/ros2_unity_ws1/src/ROS-TCP-Endpoint-main-ros2'
[0.793s] INFO:colcon.colcon_core.shell:Skip shell extension 'powershell' for command environment: Not usable outside of PowerShell
[0.793s] DEBUG:colcon.colcon_core.shell:Skip shell extension 'dsv' for command environment
[1.049s] INFO:colcon.colcon_core.task.python.build:Building Python package in '/home/xrcdevelopment/IXR_ROS_Files/ros2_unity_ws1/src/unity_robotics_demo'
[1.050s] INFO:colcon.colcon_core.shell:Skip shell extension 'powershell' for command environment: Not usable outside of PowerShell
[1.051s] DEBUG:colcon.colcon_core.shell:Skip shell extension 'dsv' for command environment
[1.068s] DEBUG:colcon.colcon_core.event_handler.log_command:Invoked command in '/home/xrcdevelopment/IXR_ROS_Files/ros2_unity_ws1/build/dynamixel_sdk' returned '0': CMAKE_PREFIX_PATH=${CMAKE_PREFIX_PATH}:/home/xrcdevelopment/IXR_ROS_Files/ros2_unity_ws1/install/unity_robotics_demo:/home/xrcdevelopment/IXR_ROS_Files/ros2_unity_ws1/install/ros_tcp_endpoint:/home/xrcdevelopment/ros/ros2_unity_ws1/install/unity_robotics_demo_msgs:/home/xrcdevelopment/ros/ros2_unity_ws1/install/unity_robotics_demo:/home/xrcdevelopment/ros/ros2_unity_ws1/install/ros_tcp_endpoint:/opt/ros/humble /usr/bin/cmake --build /home/xrcdevelopment/IXR_ROS_Files/ros2_unity_ws1/build/dynamixel_sdk -- -j8 -l8
[1.069s] DEBUG:colcon.colcon_core.event_handler.log_command:Invoked command in '/home/xrcdevelopment/IXR_ROS_Files/ros2_unity_ws1/build/dynamixel_sdk_custom_interfaces' returned '0': CMAKE_PREFIX_PATH=${CMAKE_PREFIX_PATH}:/home/xrcdevelopment/IXR_ROS_Files/ros2_unity_ws1/install/unity_robotics_demo:/home/xrcdevelopment/IXR_ROS_Files/ros2_unity_ws1/install/ros_tcp_endpoint:/home/xrcdevelopment/ros/ros2_unity_ws1/install/unity_robotics_demo_msgs:/home/xrcdevelopment/ros/ros2_unity_ws1/install/unity_robotics_demo:/home/xrcdevelopment/ros/ros2_unity_ws1/install/ros_tcp_endpoint:/opt/ros/humble /usr/bin/cmake --build /home/xrcdevelopment/IXR_ROS_Files/ros2_unity_ws1/build/dynamixel_sdk_custom_interfaces -- -j8 -l8
[1.071s] DEBUG:colcon.colcon_core.event_handler.log_command:Invoking command in '/home/xrcdevelopment/IXR_ROS_Files/ros2_unity_ws1/build/unity_robotics_demo_msgs': CMAKE_PREFIX_PATH=${CMAKE_PREFIX_PATH}:/home/xrcdevelopment/IXR_ROS_Files/ros2_unity_ws1/install/unity_robotics_demo:/home/xrcdevelopment/IXR_ROS_Files/ros2_unity_ws1/install/ros_tcp_endpoint:/home/xrcdevelopment/ros/ros2_unity_ws1/install/unity_robotics_demo_msgs:/home/xrcdevelopment/ros/ros2_unity_ws1/install/unity_robotics_demo:/home/xrcdevelopment/ros/ros2_unity_ws1/install/ros_tcp_endpoint:/opt/ros/humble /usr/bin/cmake --build /home/xrcdevelopment/IXR_ROS_Files/ros2_unity_ws1/build/unity_robotics_demo_msgs -- -j8 -l8
[1.137s] DEBUG:colcon.colcon_core.event_handler.log_command:Invoking command in '/home/xrcdevelopment/IXR_ROS_Files/ros2_unity_ws1/build/dynamixel_sdk': CMAKE_PREFIX_PATH=${CMAKE_PREFIX_PATH}:/home/xrcdevelopment/IXR_ROS_Files/ros2_unity_ws1/install/unity_robotics_demo:/home/xrcdevelopment/IXR_ROS_Files/ros2_unity_ws1/install/ros_tcp_endpoint:/home/xrcdevelopment/ros/ros2_unity_ws1/install/unity_robotics_demo_msgs:/home/xrcdevelopment/ros/ros2_unity_ws1/install/unity_robotics_demo:/home/xrcdevelopment/ros/ros2_unity_ws1/install/ros_tcp_endpoint:/opt/ros/humble /usr/bin/cmake --install /home/xrcdevelopment/IXR_ROS_Files/ros2_unity_ws1/build/dynamixel_sdk
[1.157s] Level 1:colcon.colcon_core.environment:create_environment_scripts_only(dynamixel_sdk)
[1.164s] Level 1:colcon.colcon_core.environment:checking '/home/xrcdevelopment/IXR_ROS_Files/ros2_unity_ws1/install/dynamixel_sdk' for CMake module files
[1.165s] Level 1:colcon.colcon_core.environment:checking '/home/xrcdevelopment/IXR_ROS_Files/ros2_unity_ws1/install/dynamixel_sdk' for CMake config files
[1.165s] Level 1:colcon.colcon_core.shell:create_environment_hook('dynamixel_sdk', 'cmake_prefix_path')
[1.167s] INFO:colcon.colcon_core.shell:Creating environment hook '/home/xrcdevelopment/IXR_ROS_Files/ros2_unity_ws1/install/dynamixel_sdk/share/dynamixel_sdk/hook/cmake_prefix_path.ps1'
[1.167s] DEBUG:colcon.colcon_core.event_handler.log_command:Invoked command in '/home/xrcdevelopment/IXR_ROS_Files/ros2_unity_ws1/build/dynamixel_sdk' returned '0': CMAKE_PREFIX_PATH=${CMAKE_PREFIX_PATH}:/home/xrcdevelopment/IXR_ROS_Files/ros2_unity_ws1/install/unity_robotics_demo:/home/xrcdevelopment/IXR_ROS_Files/ros2_unity_ws1/install/ros_tcp_endpoint:/home/xrcdevelopment/ros/ros2_unity_ws1/install/unity_robotics_demo_msgs:/home/xrcdevelopment/ros/ros2_unity_ws1/install/unity_robotics_demo:/home/xrcdevelopment/ros/ros2_unity_ws1/install/ros_tcp_endpoint:/opt/ros/humble /usr/bin/cmake --install /home/xrcdevelopment/IXR_ROS_Files/ros2_unity_ws1/build/dynamixel_sdk
[1.168s] INFO:colcon.colcon_core.shell:Creating environment descriptor '/home/xrcdevelopment/IXR_ROS_Files/ros2_unity_ws1/install/dynamixel_sdk/share/dynamixel_sdk/hook/cmake_prefix_path.dsv'
[1.168s] INFO:colcon.colcon_core.shell:Creating environment hook '/home/xrcdevelopment/IXR_ROS_Files/ros2_unity_ws1/install/dynamixel_sdk/share/dynamixel_sdk/hook/cmake_prefix_path.sh'
[1.169s] Level 1:colcon.colcon_core.environment:checking '/home/xrcdevelopment/IXR_ROS_Files/ros2_unity_ws1/install/dynamixel_sdk/lib'
[1.169s] Level 1:colcon.colcon_core.shell:create_environment_hook('dynamixel_sdk', 'ld_library_path_lib')
[1.172s] INFO:colcon.colcon_core.shell:Creating environment hook '/home/xrcdevelopment/IXR_ROS_Files/ros2_unity_ws1/install/dynamixel_sdk/share/dynamixel_sdk/hook/ld_library_path_lib.ps1'
[1.172s] INFO:colcon.colcon_core.shell:Creating environment descriptor '/home/xrcdevelopment/IXR_ROS_Files/ros2_unity_ws1/install/dynamixel_sdk/share/dynamixel_sdk/hook/ld_library_path_lib.dsv'
[1.173s] INFO:colcon.colcon_core.shell:Creating environment hook '/home/xrcdevelopment/IXR_ROS_Files/ros2_unity_ws1/install/dynamixel_sdk/share/dynamixel_sdk/hook/ld_library_path_lib.sh'
[1.173s] Level 1:colcon.colcon_core.environment:checking '/home/xrcdevelopment/IXR_ROS_Files/ros2_unity_ws1/install/dynamixel_sdk/bin'
[1.173s] Level 1:colcon.colcon_core.environment:checking '/home/xrcdevelopment/IXR_ROS_Files/ros2_unity_ws1/install/dynamixel_sdk/lib/pkgconfig/dynamixel_sdk.pc'
[1.174s] Level 1:colcon.colcon_core.environment:checking '/home/xrcdevelopment/IXR_ROS_Files/ros2_unity_ws1/install/dynamixel_sdk/lib/python3.10/site-packages'
[1.174s] Level 1:colcon.colcon_core.environment:checking '/home/xrcdevelopment/IXR_ROS_Files/ros2_unity_ws1/install/dynamixel_sdk/bin'
[1.176s] INFO:colcon.colcon_core.shell:Creating package script '/home/xrcdevelopment/IXR_ROS_Files/ros2_unity_ws1/install/dynamixel_sdk/share/dynamixel_sdk/package.ps1'
[1.177s] INFO:colcon.colcon_core.shell:Creating package descriptor '/home/xrcdevelopment/IXR_ROS_Files/ros2_unity_ws1/install/dynamixel_sdk/share/dynamixel_sdk/package.dsv'
[1.184s] INFO:colcon.colcon_core.shell:Creating package script '/home/xrcdevelopment/IXR_ROS_Files/ros2_unity_ws1/install/dynamixel_sdk/share/dynamixel_sdk/package.sh'
[1.186s] INFO:colcon.colcon_core.shell:Creating package script '/home/xrcdevelopment/IXR_ROS_Files/ros2_unity_ws1/install/dynamixel_sdk/share/dynamixel_sdk/package.bash'
[1.187s] INFO:colcon.colcon_core.shell:Creating package script '/home/xrcdevelopment/IXR_ROS_Files/ros2_unity_ws1/install/dynamixel_sdk/share/dynamixel_sdk/package.zsh'
[1.188s] Level 1:colcon.colcon_core.environment:create_file_with_runtime_dependencies(/home/xrcdevelopment/IXR_ROS_Files/ros2_unity_ws1/install/dynamixel_sdk/share/colcon-core/packages/dynamixel_sdk)
[1.226s] DEBUG:colcon.colcon_core.event_handler.log_command:Invoking command in '/home/xrcdevelopment/IXR_ROS_Files/ros2_unity_ws1/build/dynamixel_sdk_custom_interfaces': CMAKE_PREFIX_PATH=${CMAKE_PREFIX_PATH}:/home/xrcdevelopment/IXR_ROS_Files/ros2_unity_ws1/install/unity_robotics_demo:/home/xrcdevelopment/IXR_ROS_Files/ros2_unity_ws1/install/ros_tcp_endpoint:/home/xrcdevelopment/ros/ros2_unity_ws1/install/unity_robotics_demo_msgs:/home/xrcdevelopment/ros/ros2_unity_ws1/install/unity_robotics_demo:/home/xrcdevelopment/ros/ros2_unity_ws1/install/ros_tcp_endpoint:/opt/ros/humble /usr/bin/cmake --install /home/xrcdevelopment/IXR_ROS_Files/ros2_unity_ws1/build/dynamixel_sdk_custom_interfaces
[1.332s] Level 1:colcon.colcon_core.environment:create_environment_scripts_only(dynamixel_sdk_custom_interfaces)
[1.335s] Level 1:colcon.colcon_core.environment:checking '/home/xrcdevelopment/IXR_ROS_Files/ros2_unity_ws1/install/dynamixel_sdk_custom_interfaces' for CMake module files
[1.336s] Level 1:colcon.colcon_core.environment:checking '/home/xrcdevelopment/IXR_ROS_Files/ros2_unity_ws1/install/dynamixel_sdk_custom_interfaces' for CMake config files
[1.337s] Level 1:colcon.colcon_core.shell:create_environment_hook('dynamixel_sdk_custom_interfaces', 'cmake_prefix_path')
[1.339s] INFO:colcon.colcon_core.shell:Creating environment hook '/home/xrcdevelopment/IXR_ROS_Files/ros2_unity_ws1/install/dynamixel_sdk_custom_interfaces/share/dynamixel_sdk_custom_interfaces/hook/cmake_prefix_path.ps1'
[1.340s] INFO:colcon.colcon_core.shell:Creating environment descriptor '/home/xrcdevelopment/IXR_ROS_Files/ros2_unity_ws1/install/dynamixel_sdk_custom_interfaces/share/dynamixel_sdk_custom_interfaces/hook/cmake_prefix_path.dsv'
[1.340s] INFO:colcon.colcon_core.shell:Creating environment hook '/home/xrcdevelopment/IXR_ROS_Files/ros2_unity_ws1/install/dynamixel_sdk_custom_interfaces/share/dynamixel_sdk_custom_interfaces/hook/cmake_prefix_path.sh'
[1.341s] Level 1:colcon.colcon_core.environment:checking '/home/xrcdevelopment/IXR_ROS_Files/ros2_unity_ws1/install/dynamixel_sdk_custom_interfaces/lib'
[1.341s] Level 1:colcon.colcon_core.shell:create_environment_hook('dynamixel_sdk_custom_interfaces', 'ld_library_path_lib')
[1.343s] INFO:colcon.colcon_core.shell:Creating environment hook '/home/xrcdevelopment/IXR_ROS_Files/ros2_unity_ws1/install/dynamixel_sdk_custom_interfaces/share/dynamixel_sdk_custom_interfaces/hook/ld_library_path_lib.ps1'
[1.343s] INFO:colcon.colcon_core.shell:Creating environment descriptor '/home/xrcdevelopment/IXR_ROS_Files/ros2_unity_ws1/install/dynamixel_sdk_custom_interfaces/share/dynamixel_sdk_custom_interfaces/hook/ld_library_path_lib.dsv'
[1.344s] INFO:colcon.colcon_core.shell:Creating environment hook '/home/xrcdevelopment/IXR_ROS_Files/ros2_unity_ws1/install/dynamixel_sdk_custom_interfaces/share/dynamixel_sdk_custom_interfaces/hook/ld_library_path_lib.sh'
[1.344s] Level 1:colcon.colcon_core.environment:checking '/home/xrcdevelopment/IXR_ROS_Files/ros2_unity_ws1/install/dynamixel_sdk_custom_interfaces/bin'
[1.344s] Level 1:colcon.colcon_core.environment:checking '/home/xrcdevelopment/IXR_ROS_Files/ros2_unity_ws1/install/dynamixel_sdk_custom_interfaces/lib/pkgconfig/dynamixel_sdk_custom_interfaces.pc'
[1.344s] Level 1:colcon.colcon_core.environment:checking '/home/xrcdevelopment/IXR_ROS_Files/ros2_unity_ws1/install/dynamixel_sdk_custom_interfaces/lib/python3.10/site-packages'
[1.345s] Level 1:colcon.colcon_core.environment:checking '/home/xrcdevelopment/IXR_ROS_Files/ros2_unity_ws1/install/dynamixel_sdk_custom_interfaces/bin'
[1.347s] INFO:colcon.colcon_core.shell:Creating package script '/home/xrcdevelopment/IXR_ROS_Files/ros2_unity_ws1/install/dynamixel_sdk_custom_interfaces/share/dynamixel_sdk_custom_interfaces/package.ps1'
[1.347s] INFO:colcon.colcon_core.shell:Creating package descriptor '/home/xrcdevelopment/IXR_ROS_Files/ros2_unity_ws1/install/dynamixel_sdk_custom_interfaces/share/dynamixel_sdk_custom_interfaces/package.dsv'
[1.348s] INFO:colcon.colcon_core.shell:Creating package script '/home/xrcdevelopment/IXR_ROS_Files/ros2_unity_ws1/install/dynamixel_sdk_custom_interfaces/share/dynamixel_sdk_custom_interfaces/package.sh'
[1.348s] INFO:colcon.colcon_core.shell:Creating package script '/home/xrcdevelopment/IXR_ROS_Files/ros2_unity_ws1/install/dynamixel_sdk_custom_interfaces/share/dynamixel_sdk_custom_interfaces/package.bash'
[1.349s] INFO:colcon.colcon_core.shell:Creating package script '/home/xrcdevelopment/IXR_ROS_Files/ros2_unity_ws1/install/dynamixel_sdk_custom_interfaces/share/dynamixel_sdk_custom_interfaces/package.zsh'
[1.352s] DEBUG:colcon.colcon_core.event_handler.log_command:Invoked command in '/home/xrcdevelopment/IXR_ROS_Files/ros2_unity_ws1/build/dynamixel_sdk_custom_interfaces' returned '0': CMAKE_PREFIX_PATH=${CMAKE_PREFIX_PATH}:/home/xrcdevelopment/IXR_ROS_Files/ros2_unity_ws1/install/unity_robotics_demo:/home/xrcdevelopment/IXR_ROS_Files/ros2_unity_ws1/install/ros_tcp_endpoint:/home/xrcdevelopment/ros/ros2_unity_ws1/install/unity_robotics_demo_msgs:/home/xrcdevelopment/ros/ros2_unity_ws1/install/unity_robotics_demo:/home/xrcdevelopment/ros/ros2_unity_ws1/install/ros_tcp_endpoint:/opt/ros/humble /usr/bin/cmake --install /home/xrcdevelopment/IXR_ROS_Files/ros2_unity_ws1/build/dynamixel_sdk_custom_interfaces
[1.352s] Level 1:colcon.colcon_core.environment:create_file_with_runtime_dependencies(/home/xrcdevelopment/IXR_ROS_Files/ros2_unity_ws1/install/dynamixel_sdk_custom_interfaces/share/colcon-core/packages/dynamixel_sdk_custom_interfaces)
[1.363s] Level 1:colcon.colcon_core.environment:create_environment_scripts_only(dynamixel_sdk)
[1.366s] Level 1:colcon.colcon_core.environment:checking '/home/xrcdevelopment/IXR_ROS_Files/ros2_unity_ws1/install/dynamixel_sdk' for CMake module files
[1.367s] Level 1:colcon.colcon_core.environment:checking '/home/xrcdevelopment/IXR_ROS_Files/ros2_unity_ws1/install/dynamixel_sdk' for CMake config files
[1.367s] Level 1:colcon.colcon_core.shell:create_environment_hook('dynamixel_sdk', 'cmake_prefix_path')
[1.369s] INFO:colcon.colcon_core.shell:Creating environment hook '/home/xrcdevelopment/IXR_ROS_Files/ros2_unity_ws1/install/dynamixel_sdk/share/dynamixel_sdk/hook/cmake_prefix_path.ps1'
[1.369s] INFO:colcon.colcon_core.shell:Creating environment descriptor '/home/xrcdevelopment/IXR_ROS_Files/ros2_unity_ws1/install/dynamixel_sdk/share/dynamixel_sdk/hook/cmake_prefix_path.dsv'
[1.370s] INFO:colcon.colcon_core.shell:Creating environment hook '/home/xrcdevelopment/IXR_ROS_Files/ros2_unity_ws1/install/dynamixel_sdk/share/dynamixel_sdk/hook/cmake_prefix_path.sh'
[1.371s] Level 1:colcon.colcon_core.environment:checking '/home/xrcdevelopment/IXR_ROS_Files/ros2_unity_ws1/install/dynamixel_sdk/lib'
[1.371s] Level 1:colcon.colcon_core.shell:create_environment_hook('dynamixel_sdk', 'ld_library_path_lib')
[1.373s] INFO:colcon.colcon_core.shell:Creating environment hook '/home/xrcdevelopment/IXR_ROS_Files/ros2_unity_ws1/install/dynamixel_sdk/share/dynamixel_sdk/hook/ld_library_path_lib.ps1'
[1.374s] INFO:colcon.colcon_core.shell:Creating environment descriptor '/home/xrcdevelopment/IXR_ROS_Files/ros2_unity_ws1/install/dynamixel_sdk/share/dynamixel_sdk/hook/ld_library_path_lib.dsv'
[1.374s] INFO:colcon.colcon_core.shell:Creating environment hook '/home/xrcdevelopment/IXR_ROS_Files/ros2_unity_ws1/install/dynamixel_sdk/share/dynamixel_sdk/hook/ld_library_path_lib.sh'
[1.375s] Level 1:colcon.colcon_core.environment:checking '/home/xrcdevelopment/IXR_ROS_Files/ros2_unity_ws1/install/dynamixel_sdk/bin'
[1.375s] Level 1:colcon.colcon_core.environment:checking '/home/xrcdevelopment/IXR_ROS_Files/ros2_unity_ws1/install/dynamixel_sdk/lib/pkgconfig/dynamixel_sdk.pc'
[1.375s] Level 1:colcon.colcon_core.environment:checking '/home/xrcdevelopment/IXR_ROS_Files/ros2_unity_ws1/install/dynamixel_sdk/lib/python3.10/site-packages'
[1.375s] Level 1:colcon.colcon_core.environment:checking '/home/xrcdevelopment/IXR_ROS_Files/ros2_unity_ws1/install/dynamixel_sdk/bin'
[1.377s] INFO:colcon.colcon_core.shell:Creating package script '/home/xrcdevelopment/IXR_ROS_Files/ros2_unity_ws1/install/dynamixel_sdk/share/dynamixel_sdk/package.ps1'
[1.378s] INFO:colcon.colcon_core.shell:Creating package descriptor '/home/xrcdevelopment/IXR_ROS_Files/ros2_unity_ws1/install/dynamixel_sdk/share/dynamixel_sdk/package.dsv'
[1.381s] INFO:colcon.colcon_core.shell:Creating package script '/home/xrcdevelopment/IXR_ROS_Files/ros2_unity_ws1/install/dynamixel_sdk/share/dynamixel_sdk/package.sh'
[1.382s] INFO:colcon.colcon_core.shell:Creating package script '/home/xrcdevelopment/IXR_ROS_Files/ros2_unity_ws1/install/dynamixel_sdk/share/dynamixel_sdk/package.bash'
[1.382s] INFO:colcon.colcon_core.shell:Creating package script '/home/xrcdevelopment/IXR_ROS_Files/ros2_unity_ws1/install/dynamixel_sdk/share/dynamixel_sdk/package.zsh'
[1.383s] Level 1:colcon.colcon_core.environment:create_file_with_runtime_dependencies(/home/xrcdevelopment/IXR_ROS_Files/ros2_unity_ws1/install/dynamixel_sdk/share/colcon-core/packages/dynamixel_sdk)
[1.493s] Level 1:colcon.colcon_core.environment:create_environment_scripts_only(dynamixel_sdk_custom_interfaces)
[1.497s] Level 1:colcon.colcon_core.environment:checking '/home/xrcdevelopment/IXR_ROS_Files/ros2_unity_ws1/install/dynamixel_sdk_custom_interfaces' for CMake module files
[1.498s] Level 1:colcon.colcon_core.environment:checking '/home/xrcdevelopment/IXR_ROS_Files/ros2_unity_ws1/install/dynamixel_sdk_custom_interfaces' for CMake config files
[1.499s] Level 1:colcon.colcon_core.shell:create_environment_hook('dynamixel_sdk_custom_interfaces', 'cmake_prefix_path')
[1.501s] INFO:colcon.colcon_core.shell:Creating environment hook '/home/xrcdevelopment/IXR_ROS_Files/ros2_unity_ws1/install/dynamixel_sdk_custom_interfaces/share/dynamixel_sdk_custom_interfaces/hook/cmake_prefix_path.ps1'
[1.502s] INFO:colcon.colcon_core.shell:Creating environment descriptor '/home/xrcdevelopment/IXR_ROS_Files/ros2_unity_ws1/install/dynamixel_sdk_custom_interfaces/share/dynamixel_sdk_custom_interfaces/hook/cmake_prefix_path.dsv'
[1.502s] INFO:colcon.colcon_core.shell:Creating environment hook '/home/xrcdevelopment/IXR_ROS_Files/ros2_unity_ws1/install/dynamixel_sdk_custom_interfaces/share/dynamixel_sdk_custom_interfaces/hook/cmake_prefix_path.sh'
[1.503s] Level 1:colcon.colcon_core.environment:checking '/home/xrcdevelopment/IXR_ROS_Files/ros2_unity_ws1/install/dynamixel_sdk_custom_interfaces/lib'
[1.503s] Level 1:colcon.colcon_core.shell:create_environment_hook('dynamixel_sdk_custom_interfaces', 'ld_library_path_lib')
[1.506s] INFO:colcon.colcon_core.shell:Creating environment hook '/home/xrcdevelopment/IXR_ROS_Files/ros2_unity_ws1/install/dynamixel_sdk_custom_interfaces/share/dynamixel_sdk_custom_interfaces/hook/ld_library_path_lib.ps1'
[1.507s] INFO:colcon.colcon_core.shell:Creating environment descriptor '/home/xrcdevelopment/IXR_ROS_Files/ros2_unity_ws1/install/dynamixel_sdk_custom_interfaces/share/dynamixel_sdk_custom_interfaces/hook/ld_library_path_lib.dsv'
[1.507s] INFO:colcon.colcon_core.shell:Creating environment hook '/home/xrcdevelopment/IXR_ROS_Files/ros2_unity_ws1/install/dynamixel_sdk_custom_interfaces/share/dynamixel_sdk_custom_interfaces/hook/ld_library_path_lib.sh'
[1.508s] Level 1:colcon.colcon_core.environment:checking '/home/xrcdevelopment/IXR_ROS_Files/ros2_unity_ws1/install/dynamixel_sdk_custom_interfaces/bin'
[1.508s] Level 1:colcon.colcon_core.environment:checking '/home/xrcdevelopment/IXR_ROS_Files/ros2_unity_ws1/install/dynamixel_sdk_custom_interfaces/lib/pkgconfig/dynamixel_sdk_custom_interfaces.pc'
[1.508s] Level 1:colcon.colcon_core.environment:checking '/home/xrcdevelopment/IXR_ROS_Files/ros2_unity_ws1/install/dynamixel_sdk_custom_interfaces/lib/python3.10/site-packages'
[1.509s] Level 1:colcon.colcon_core.environment:checking '/home/xrcdevelopment/IXR_ROS_Files/ros2_unity_ws1/install/dynamixel_sdk_custom_interfaces/bin'
[1.511s] INFO:colcon.colcon_core.shell:Creating package script '/home/xrcdevelopment/IXR_ROS_Files/ros2_unity_ws1/install/dynamixel_sdk_custom_interfaces/share/dynamixel_sdk_custom_interfaces/package.ps1'
[1.512s] INFO:colcon.colcon_core.shell:Creating package descriptor '/home/xrcdevelopment/IXR_ROS_Files/ros2_unity_ws1/install/dynamixel_sdk_custom_interfaces/share/dynamixel_sdk_custom_interfaces/package.dsv'
[1.513s] INFO:colcon.colcon_core.shell:Creating package script '/home/xrcdevelopment/IXR_ROS_Files/ros2_unity_ws1/install/dynamixel_sdk_custom_interfaces/share/dynamixel_sdk_custom_interfaces/package.sh'
[1.514s] INFO:colcon.colcon_core.shell:Creating package script '/home/xrcdevelopment/IXR_ROS_Files/ros2_unity_ws1/install/dynamixel_sdk_custom_interfaces/share/dynamixel_sdk_custom_interfaces/package.bash'
[1.514s] INFO:colcon.colcon_core.shell:Creating package script '/home/xrcdevelopment/IXR_ROS_Files/ros2_unity_ws1/install/dynamixel_sdk_custom_interfaces/share/dynamixel_sdk_custom_interfaces/package.zsh'
[1.515s] Level 1:colcon.colcon_core.environment:create_file_with_runtime_dependencies(/home/xrcdevelopment/IXR_ROS_Files/ros2_unity_ws1/install/dynamixel_sdk_custom_interfaces/share/colcon-core/packages/dynamixel_sdk_custom_interfaces)
[1.515s] INFO:colcon.colcon_ros.task.ament_cmake.build:Building ROS package in '/home/xrcdevelopment/IXR_ROS_Files/ros2_unity_ws1/src/DynamixelSDK/dynamixel_sdk_examples' with build type 'ament_cmake'
[1.515s] INFO:colcon.colcon_cmake.task.cmake.build:Building CMake package in '/home/xrcdevelopment/IXR_ROS_Files/ros2_unity_ws1/src/DynamixelSDK/dynamixel_sdk_examples'
[1.517s] INFO:colcon.colcon_core.shell:Skip shell extension 'powershell' for command environment: Not usable outside of PowerShell
[1.517s] DEBUG:colcon.colcon_core.shell:Skip shell extension 'dsv' for command environment
[1.538s] DEBUG:colcon.colcon_core.event_handler.log_command:Invoking command in '/home/xrcdevelopment/IXR_ROS_Files/ros2_unity_ws1/build/dynamixel_sdk_examples': CMAKE_PREFIX_PATH=/home/xrcdevelopment/IXR_ROS_Files/ros2_unity_ws1/install/dynamixel_sdk_custom_interfaces:/home/xrcdevelopment/IXR_ROS_Files/ros2_unity_ws1/install/dynamixel_sdk:/home/xrcdevelopment/IXR_ROS_Files/ros2_unity_ws1/install/unity_robotics_demo_msgs:/home/xrcdevelopment/IXR_ROS_Files/ros2_unity_ws1/install/dynamixel_sdk_examples:/home/xrcdevelopment/IXR_ROS_Files/ros2_unity_ws1/install/unity_robotics_demo:/home/xrcdevelopment/IXR_ROS_Files/ros2_unity_ws1/install/ros_tcp_endpoint:/home/xrcdevelopment/ros/ros2_unity_ws1/install/unity_robotics_demo_msgs:/home/xrcdevelopment/ros/ros2_unity_ws1/install/unity_robotics_demo:/home/xrcdevelopment/ros/ros2_unity_ws1/install/ros_tcp_endpoint:/opt/ros/humble LD_LIBRARY_PATH=/home/xrcdevelopment/IXR_ROS_Files/ros2_unity_ws1/install/dynamixel_sdk_custom_interfaces/lib:/home/xrcdevelopment/IXR_ROS_Files/ros2_unity_ws1/install/dynamixel_sdk/lib:/home/xrcdevelopment/IXR_ROS_Files/ros2_unity_ws1/install/unity_robotics_demo_msgs/lib:/home/xrcdevelopment/ros/ros2_unity_ws1/install/unity_robotics_demo_msgs/lib:/opt/ros/humble/opt/rviz_ogre_vendor/lib:/opt/ros/humble/lib/x86_64-linux-gnu:/opt/ros/humble/lib /usr/bin/cmake --build /home/xrcdevelopment/IXR_ROS_Files/ros2_unity_ws1/build/dynamixel_sdk_examples -- -j8 -l8
[1.563s] DEBUG:colcon.colcon_core.event_handler.log_command:Invoking command in '/home/xrcdevelopment/IXR_ROS_Files/ros2_unity_ws1/src/ROS-TCP-Endpoint-main-ros2': PYTHONPATH=/home/xrcdevelopment/IXR_ROS_Files/ros2_unity_ws1/build/ros_tcp_endpoint/prefix_override:/home/xrcdevelopment/IXR_ROS_Files/ros2_unity_ws1/install/ros_tcp_endpoint/lib/python3.10/site-packages:${PYTHONPATH} /usr/bin/python3 setup.py egg_info --egg-base ../../build/ros_tcp_endpoint build --build-base /home/xrcdevelopment/IXR_ROS_Files/ros2_unity_ws1/build/ros_tcp_endpoint/build install --record /home/xrcdevelopment/IXR_ROS_Files/ros2_unity_ws1/build/ros_tcp_endpoint/install.log --install-scripts $base/lib/ros_tcp_endpoint --single-version-externally-managed
[1.621s] DEBUG:colcon.colcon_core.event_handler.log_command:Invoking command in '/home/xrcdevelopment/IXR_ROS_Files/ros2_unity_ws1/src/unity_robotics_demo': PYTHONPATH=/home/xrcdevelopment/IXR_ROS_Files/ros2_unity_ws1/build/unity_robotics_demo/prefix_override:/home/xrcdevelopment/IXR_ROS_Files/ros2_unity_ws1/install/unity_robotics_demo/lib/python3.10/site-packages:${PYTHONPATH} /usr/bin/python3 setup.py egg_info --egg-base ../../build/unity_robotics_demo build --build-base /home/xrcdevelopment/IXR_ROS_Files/ros2_unity_ws1/build/unity_robotics_demo/build install --record /home/xrcdevelopment/IXR_ROS_Files/ros2_unity_ws1/build/unity_robotics_demo/install.log --install-scripts $base/lib/unity_robotics_demo --single-version-externally-managed
[1.660s] DEBUG:colcon.colcon_core.event_handler.log_command:Invoked command in '/home/xrcdevelopment/IXR_ROS_Files/ros2_unity_ws1/build/unity_robotics_demo_msgs' returned '0': CMAKE_PREFIX_PATH=${CMAKE_PREFIX_PATH}:/home/xrcdevelopment/IXR_ROS_Files/ros2_unity_ws1/install/unity_robotics_demo:/home/xrcdevelopment/IXR_ROS_Files/ros2_unity_ws1/install/ros_tcp_endpoint:/home/xrcdevelopment/ros/ros2_unity_ws1/install/unity_robotics_demo_msgs:/home/xrcdevelopment/ros/ros2_unity_ws1/install/unity_robotics_demo:/home/xrcdevelopment/ros/ros2_unity_ws1/install/ros_tcp_endpoint:/opt/ros/humble /usr/bin/cmake --build /home/xrcdevelopment/IXR_ROS_Files/ros2_unity_ws1/build/unity_robotics_demo_msgs -- -j8 -l8
[1.801s] DEBUG:colcon.colcon_core.event_handler.log_command:Invoking command in '/home/xrcdevelopment/IXR_ROS_Files/ros2_unity_ws1/build/unity_robotics_demo_msgs': CMAKE_PREFIX_PATH=${CMAKE_PREFIX_PATH}:/home/xrcdevelopment/IXR_ROS_Files/ros2_unity_ws1/install/unity_robotics_demo:/home/xrcdevelopment/IXR_ROS_Files/ros2_unity_ws1/install/ros_tcp_endpoint:/home/xrcdevelopment/ros/ros2_unity_ws1/install/unity_robotics_demo_msgs:/home/xrcdevelopment/ros/ros2_unity_ws1/install/unity_robotics_demo:/home/xrcdevelopment/ros/ros2_unity_ws1/install/ros_tcp_endpoint:/opt/ros/humble /usr/bin/cmake --install /home/xrcdevelopment/IXR_ROS_Files/ros2_unity_ws1/build/unity_robotics_demo_msgs
[1.931s] Level 1:colcon.colcon_core.environment:create_environment_scripts_only(unity_robotics_demo_msgs)
[1.934s] Level 1:colcon.colcon_core.environment:checking '/home/xrcdevelopment/IXR_ROS_Files/ros2_unity_ws1/install/unity_robotics_demo_msgs' for CMake module files
[1.934s] DEBUG:colcon.colcon_core.event_handler.log_command:Invoked command in '/home/xrcdevelopment/IXR_ROS_Files/ros2_unity_ws1/build/unity_robotics_demo_msgs' returned '0': CMAKE_PREFIX_PATH=${CMAKE_PREFIX_PATH}:/home/xrcdevelopment/IXR_ROS_Files/ros2_unity_ws1/install/unity_robotics_demo:/home/xrcdevelopment/IXR_ROS_Files/ros2_unity_ws1/install/ros_tcp_endpoint:/home/xrcdevelopment/ros/ros2_unity_ws1/install/unity_robotics_demo_msgs:/home/xrcdevelopment/ros/ros2_unity_ws1/install/unity_robotics_demo:/home/xrcdevelopment/ros/ros2_unity_ws1/install/ros_tcp_endpoint:/opt/ros/humble /usr/bin/cmake --install /home/xrcdevelopment/IXR_ROS_Files/ros2_unity_ws1/build/unity_robotics_demo_msgs
[1.940s] Level 1:colcon.colcon_core.environment:checking '/home/xrcdevelopment/IXR_ROS_Files/ros2_unity_ws1/install/unity_robotics_demo_msgs' for CMake config files
[1.941s] Level 1:colcon.colcon_core.shell:create_environment_hook('unity_robotics_demo_msgs', 'cmake_prefix_path')
[1.943s] INFO:colcon.colcon_core.shell:Creating environment hook '/home/xrcdevelopment/IXR_ROS_Files/ros2_unity_ws1/install/unity_robotics_demo_msgs/share/unity_robotics_demo_msgs/hook/cmake_prefix_path.ps1'
[1.944s] INFO:colcon.colcon_core.shell:Creating environment descriptor '/home/xrcdevelopment/IXR_ROS_Files/ros2_unity_ws1/install/unity_robotics_demo_msgs/share/unity_robotics_demo_msgs/hook/cmake_prefix_path.dsv'
[1.944s] INFO:colcon.colcon_core.shell:Creating environment hook '/home/xrcdevelopment/IXR_ROS_Files/ros2_unity_ws1/install/unity_robotics_demo_msgs/share/unity_robotics_demo_msgs/hook/cmake_prefix_path.sh'
[1.945s] Level 1:colcon.colcon_core.environment:checking '/home/xrcdevelopment/IXR_ROS_Files/ros2_unity_ws1/install/unity_robotics_demo_msgs/lib'
[1.945s] Level 1:colcon.colcon_core.shell:create_environment_hook('unity_robotics_demo_msgs', 'ld_library_path_lib')
[1.948s] INFO:colcon.colcon_core.shell:Creating environment hook '/home/xrcdevelopment/IXR_ROS_Files/ros2_unity_ws1/install/unity_robotics_demo_msgs/share/unity_robotics_demo_msgs/hook/ld_library_path_lib.ps1'
[1.949s] INFO:colcon.colcon_core.shell:Creating environment descriptor '/home/xrcdevelopment/IXR_ROS_Files/ros2_unity_ws1/install/unity_robotics_demo_msgs/share/unity_robotics_demo_msgs/hook/ld_library_path_lib.dsv'
[1.949s] INFO:colcon.colcon_core.shell:Creating environment hook '/home/xrcdevelopment/IXR_ROS_Files/ros2_unity_ws1/install/unity_robotics_demo_msgs/share/unity_robotics_demo_msgs/hook/ld_library_path_lib.sh'
[1.950s] Level 1:colcon.colcon_core.environment:checking '/home/xrcdevelopment/IXR_ROS_Files/ros2_unity_ws1/install/unity_robotics_demo_msgs/bin'
[1.950s] Level 1:colcon.colcon_core.environment:checking '/home/xrcdevelopment/IXR_ROS_Files/ros2_unity_ws1/install/unity_robotics_demo_msgs/lib/pkgconfig/unity_robotics_demo_msgs.pc'
[1.950s] Level 1:colcon.colcon_core.environment:checking '/home/xrcdevelopment/IXR_ROS_Files/ros2_unity_ws1/install/unity_robotics_demo_msgs/lib/python3.10/site-packages'
[1.951s] Level 1:colcon.colcon_core.environment:checking '/home/xrcdevelopment/IXR_ROS_Files/ros2_unity_ws1/install/unity_robotics_demo_msgs/bin'
[1.954s] INFO:colcon.colcon_core.shell:Creating package script '/home/xrcdevelopment/IXR_ROS_Files/ros2_unity_ws1/install/unity_robotics_demo_msgs/share/unity_robotics_demo_msgs/package.ps1'
[1.955s] INFO:colcon.colcon_core.shell:Creating package descriptor '/home/xrcdevelopment/IXR_ROS_Files/ros2_unity_ws1/install/unity_robotics_demo_msgs/share/unity_robotics_demo_msgs/package.dsv'
[1.962s] INFO:colcon.colcon_core.shell:Creating package script '/home/xrcdevelopment/IXR_ROS_Files/ros2_unity_ws1/install/unity_robotics_demo_msgs/share/unity_robotics_demo_msgs/package.sh'
[1.964s] INFO:colcon.colcon_core.shell:Creating package script '/home/xrcdevelopment/IXR_ROS_Files/ros2_unity_ws1/install/unity_robotics_demo_msgs/share/unity_robotics_demo_msgs/package.bash'
[1.964s] INFO:colcon.colcon_core.shell:Creating package script '/home/xrcdevelopment/IXR_ROS_Files/ros2_unity_ws1/install/unity_robotics_demo_msgs/share/unity_robotics_demo_msgs/package.zsh'
[1.965s] Level 1:colcon.colcon_core.environment:create_file_with_runtime_dependencies(/home/xrcdevelopment/IXR_ROS_Files/ros2_unity_ws1/install/unity_robotics_demo_msgs/share/colcon-core/packages/unity_robotics_demo_msgs)
[2.028s] Level 1:colcon.colcon_core.environment:checking '/home/xrcdevelopment/IXR_ROS_Files/ros2_unity_ws1/install/ros_tcp_endpoint' for CMake module files
[2.029s] Level 1:colcon.colcon_core.environment:checking '/home/xrcdevelopment/IXR_ROS_Files/ros2_unity_ws1/install/ros_tcp_endpoint' for CMake config files
[2.029s] Level 1:colcon.colcon_core.environment:checking '/home/xrcdevelopment/IXR_ROS_Files/ros2_unity_ws1/install/ros_tcp_endpoint/lib'
[2.030s] Level 1:colcon.colcon_core.environment:checking '/home/xrcdevelopment/IXR_ROS_Files/ros2_unity_ws1/install/ros_tcp_endpoint/bin'
[2.030s] Level 1:colcon.colcon_core.environment:checking '/home/xrcdevelopment/IXR_ROS_Files/ros2_unity_ws1/install/ros_tcp_endpoint/lib/pkgconfig/ros_tcp_endpoint.pc'
[2.030s] Level 1:colcon.colcon_core.environment:checking '/home/xrcdevelopment/IXR_ROS_Files/ros2_unity_ws1/install/ros_tcp_endpoint/lib/python3.10/site-packages'
[2.030s] Level 1:colcon.colcon_core.shell:create_environment_hook('ros_tcp_endpoint', 'pythonpath')
[2.032s] INFO:colcon.colcon_core.shell:Creating environment hook '/home/xrcdevelopment/IXR_ROS_Files/ros2_unity_ws1/install/ros_tcp_endpoint/share/ros_tcp_endpoint/hook/pythonpath.ps1'
[2.033s] INFO:colcon.colcon_core.shell:Creating environment descriptor '/home/xrcdevelopment/IXR_ROS_Files/ros2_unity_ws1/install/ros_tcp_endpoint/share/ros_tcp_endpoint/hook/pythonpath.dsv'
[2.033s] INFO:colcon.colcon_core.shell:Creating environment hook '/home/xrcdevelopment/IXR_ROS_Files/ros2_unity_ws1/install/ros_tcp_endpoint/share/ros_tcp_endpoint/hook/pythonpath.sh'
[2.034s] Level 1:colcon.colcon_core.environment:checking '/home/xrcdevelopment/IXR_ROS_Files/ros2_unity_ws1/install/ros_tcp_endpoint/bin'
[2.034s] Level 1:colcon.colcon_core.environment:create_environment_scripts_only(ros_tcp_endpoint)
[2.036s] INFO:colcon.colcon_core.shell:Creating package script '/home/xrcdevelopment/IXR_ROS_Files/ros2_unity_ws1/install/ros_tcp_endpoint/share/ros_tcp_endpoint/package.ps1'
[2.039s] DEBUG:colcon.colcon_core.event_handler.log_command:Invoked command in '/home/xrcdevelopment/IXR_ROS_Files/ros2_unity_ws1/src/ROS-TCP-Endpoint-main-ros2' returned '0': PYTHONPATH=/home/xrcdevelopment/IXR_ROS_Files/ros2_unity_ws1/build/ros_tcp_endpoint/prefix_override:/home/xrcdevelopment/IXR_ROS_Files/ros2_unity_ws1/install/ros_tcp_endpoint/lib/python3.10/site-packages:${PYTHONPATH} /usr/bin/python3 setup.py egg_info --egg-base ../../build/ros_tcp_endpoint build --build-base /home/xrcdevelopment/IXR_ROS_Files/ros2_unity_ws1/build/ros_tcp_endpoint/build install --record /home/xrcdevelopment/IXR_ROS_Files/ros2_unity_ws1/build/ros_tcp_endpoint/install.log --install-scripts $base/lib/ros_tcp_endpoint --single-version-externally-managed
[2.040s] INFO:colcon.colcon_core.shell:Creating package descriptor '/home/xrcdevelopment/IXR_ROS_Files/ros2_unity_ws1/install/ros_tcp_endpoint/share/ros_tcp_endpoint/package.dsv'
[2.041s] INFO:colcon.colcon_core.shell:Creating package script '/home/xrcdevelopment/IXR_ROS_Files/ros2_unity_ws1/install/ros_tcp_endpoint/share/ros_tcp_endpoint/package.sh'
[2.041s] INFO:colcon.colcon_core.shell:Creating package script '/home/xrcdevelopment/IXR_ROS_Files/ros2_unity_ws1/install/ros_tcp_endpoint/share/ros_tcp_endpoint/package.bash'
[2.042s] INFO:colcon.colcon_core.shell:Creating package script '/home/xrcdevelopment/IXR_ROS_Files/ros2_unity_ws1/install/ros_tcp_endpoint/share/ros_tcp_endpoint/package.zsh'
[2.043s] Level 1:colcon.colcon_core.environment:create_file_with_runtime_dependencies(/home/xrcdevelopment/IXR_ROS_Files/ros2_unity_ws1/install/ros_tcp_endpoint/share/colcon-core/packages/ros_tcp_endpoint)
[2.089s] Level 1:colcon.colcon_core.environment:checking '/home/xrcdevelopment/IXR_ROS_Files/ros2_unity_ws1/install/unity_robotics_demo' for CMake module files
[2.090s] DEBUG:colcon.colcon_core.event_handler.log_command:Invoked command in '/home/xrcdevelopment/IXR_ROS_Files/ros2_unity_ws1/src/unity_robotics_demo' returned '0': PYTHONPATH=/home/xrcdevelopment/IXR_ROS_Files/ros2_unity_ws1/build/unity_robotics_demo/prefix_override:/home/xrcdevelopment/IXR_ROS_Files/ros2_unity_ws1/install/unity_robotics_demo/lib/python3.10/site-packages:${PYTHONPATH} /usr/bin/python3 setup.py egg_info --egg-base ../../build/unity_robotics_demo build --build-base /home/xrcdevelopment/IXR_ROS_Files/ros2_unity_ws1/build/unity_robotics_demo/build install --record /home/xrcdevelopment/IXR_ROS_Files/ros2_unity_ws1/build/unity_robotics_demo/install.log --install-scripts $base/lib/unity_robotics_demo --single-version-externally-managed
[2.090s] Level 1:colcon.colcon_core.environment:checking '/home/xrcdevelopment/IXR_ROS_Files/ros2_unity_ws1/install/unity_robotics_demo' for CMake config files
[2.091s] Level 1:colcon.colcon_core.environment:checking '/home/xrcdevelopment/IXR_ROS_Files/ros2_unity_ws1/install/unity_robotics_demo/lib'
[2.091s] Level 1:colcon.colcon_core.environment:checking '/home/xrcdevelopment/IXR_ROS_Files/ros2_unity_ws1/install/unity_robotics_demo/bin'
[2.091s] Level 1:colcon.colcon_core.environment:checking '/home/xrcdevelopment/IXR_ROS_Files/ros2_unity_ws1/install/unity_robotics_demo/lib/pkgconfig/unity_robotics_demo.pc'
[2.091s] Level 1:colcon.colcon_core.environment:checking '/home/xrcdevelopment/IXR_ROS_Files/ros2_unity_ws1/install/unity_robotics_demo/lib/python3.10/site-packages'
[2.091s] Level 1:colcon.colcon_core.shell:create_environment_hook('unity_robotics_demo', 'pythonpath')
[2.093s] INFO:colcon.colcon_core.shell:Creating environment hook '/home/xrcdevelopment/IXR_ROS_Files/ros2_unity_ws1/install/unity_robotics_demo/share/unity_robotics_demo/hook/pythonpath.ps1'
[2.094s] INFO:colcon.colcon_core.shell:Creating environment descriptor '/home/xrcdevelopment/IXR_ROS_Files/ros2_unity_ws1/install/unity_robotics_demo/share/unity_robotics_demo/hook/pythonpath.dsv'
[2.094s] INFO:colcon.colcon_core.shell:Creating environment hook '/home/xrcdevelopment/IXR_ROS_Files/ros2_unity_ws1/install/unity_robotics_demo/share/unity_robotics_demo/hook/pythonpath.sh'
[2.095s] Level 1:colcon.colcon_core.environment:checking '/home/xrcdevelopment/IXR_ROS_Files/ros2_unity_ws1/install/unity_robotics_demo/bin'
[2.095s] Level 1:colcon.colcon_core.environment:create_environment_scripts_only(unity_robotics_demo)
[2.097s] INFO:colcon.colcon_core.shell:Creating package script '/home/xrcdevelopment/IXR_ROS_Files/ros2_unity_ws1/install/unity_robotics_demo/share/unity_robotics_demo/package.ps1'
[2.097s] INFO:colcon.colcon_core.shell:Creating package descriptor '/home/xrcdevelopment/IXR_ROS_Files/ros2_unity_ws1/install/unity_robotics_demo/share/unity_robotics_demo/package.dsv'
[2.098s] INFO:colcon.colcon_core.shell:Creating package script '/home/xrcdevelopment/IXR_ROS_Files/ros2_unity_ws1/install/unity_robotics_demo/share/unity_robotics_demo/package.sh'
[2.099s] INFO:colcon.colcon_core.shell:Creating package script '/home/xrcdevelopment/IXR_ROS_Files/ros2_unity_ws1/install/unity_robotics_demo/share/unity_robotics_demo/package.bash'
[2.099s] INFO:colcon.colcon_core.shell:Creating package script '/home/xrcdevelopment/IXR_ROS_Files/ros2_unity_ws1/install/unity_robotics_demo/share/unity_robotics_demo/package.zsh'
[2.099s] Level 1:colcon.colcon_core.environment:create_file_with_runtime_dependencies(/home/xrcdevelopment/IXR_ROS_Files/ros2_unity_ws1/install/unity_robotics_demo/share/colcon-core/packages/unity_robotics_demo)
[2.144s] Level 1:colcon.colcon_core.environment:create_environment_scripts_only(unity_robotics_demo_msgs)
[2.146s] Level 1:colcon.colcon_core.environment:checking '/home/xrcdevelopment/IXR_ROS_Files/ros2_unity_ws1/install/unity_robotics_demo_msgs' for CMake module files
[2.146s] Level 1:colcon.colcon_core.environment:checking '/home/xrcdevelopment/IXR_ROS_Files/ros2_unity_ws1/install/unity_robotics_demo_msgs' for CMake config files
[2.147s] Level 1:colcon.colcon_core.shell:create_environment_hook('unity_robotics_demo_msgs', 'cmake_prefix_path')
[2.148s] INFO:colcon.colcon_core.shell:Creating environment hook '/home/xrcdevelopment/IXR_ROS_Files/ros2_unity_ws1/install/unity_robotics_demo_msgs/share/unity_robotics_demo_msgs/hook/cmake_prefix_path.ps1'
[2.149s] INFO:colcon.colcon_core.shell:Creating environment descriptor '/home/xrcdevelopment/IXR_ROS_Files/ros2_unity_ws1/install/unity_robotics_demo_msgs/share/unity_robotics_demo_msgs/hook/cmake_prefix_path.dsv'
[2.149s] INFO:colcon.colcon_core.shell:Creating environment hook '/home/xrcdevelopment/IXR_ROS_Files/ros2_unity_ws1/install/unity_robotics_demo_msgs/share/unity_robotics_demo_msgs/hook/cmake_prefix_path.sh'
[2.149s] Level 1:colcon.colcon_core.environment:checking '/home/xrcdevelopment/IXR_ROS_Files/ros2_unity_ws1/install/unity_robotics_demo_msgs/lib'
[2.150s] Level 1:colcon.colcon_core.shell:create_environment_hook('unity_robotics_demo_msgs', 'ld_library_path_lib')
[2.151s] INFO:colcon.colcon_core.shell:Creating environment hook '/home/xrcdevelopment/IXR_ROS_Files/ros2_unity_ws1/install/unity_robotics_demo_msgs/share/unity_robotics_demo_msgs/hook/ld_library_path_lib.ps1'
[2.151s] INFO:colcon.colcon_core.shell:Creating environment descriptor '/home/xrcdevelopment/IXR_ROS_Files/ros2_unity_ws1/install/unity_robotics_demo_msgs/share/unity_robotics_demo_msgs/hook/ld_library_path_lib.dsv'
[2.152s] INFO:colcon.colcon_core.shell:Creating environment hook '/home/xrcdevelopment/IXR_ROS_Files/ros2_unity_ws1/install/unity_robotics_demo_msgs/share/unity_robotics_demo_msgs/hook/ld_library_path_lib.sh'
[2.152s] Level 1:colcon.colcon_core.environment:checking '/home/xrcdevelopment/IXR_ROS_Files/ros2_unity_ws1/install/unity_robotics_demo_msgs/bin'
[2.152s] Level 1:colcon.colcon_core.environment:checking '/home/xrcdevelopment/IXR_ROS_Files/ros2_unity_ws1/install/unity_robotics_demo_msgs/lib/pkgconfig/unity_robotics_demo_msgs.pc'
[2.152s] Level 1:colcon.colcon_core.environment:checking '/home/xrcdevelopment/IXR_ROS_Files/ros2_unity_ws1/install/unity_robotics_demo_msgs/lib/python3.10/site-packages'
[2.153s] Level 1:colcon.colcon_core.environment:checking '/home/xrcdevelopment/IXR_ROS_Files/ros2_unity_ws1/install/unity_robotics_demo_msgs/bin'
[2.154s] INFO:colcon.colcon_core.shell:Creating package script '/home/xrcdevelopment/IXR_ROS_Files/ros2_unity_ws1/install/unity_robotics_demo_msgs/share/unity_robotics_demo_msgs/package.ps1'
[2.155s] INFO:colcon.colcon_core.shell:Creating package descriptor '/home/xrcdevelopment/IXR_ROS_Files/ros2_unity_ws1/install/unity_robotics_demo_msgs/share/unity_robotics_demo_msgs/package.dsv'
[2.155s] INFO:colcon.colcon_core.shell:Creating package script '/home/xrcdevelopment/IXR_ROS_Files/ros2_unity_ws1/install/unity_robotics_demo_msgs/share/unity_robotics_demo_msgs/package.sh'
[2.156s] INFO:colcon.colcon_core.shell:Creating package script '/home/xrcdevelopment/IXR_ROS_Files/ros2_unity_ws1/install/unity_robotics_demo_msgs/share/unity_robotics_demo_msgs/package.bash'
[2.156s] INFO:colcon.colcon_core.shell:Creating package script '/home/xrcdevelopment/IXR_ROS_Files/ros2_unity_ws1/install/unity_robotics_demo_msgs/share/unity_robotics_demo_msgs/package.zsh'
[2.157s] Level 1:colcon.colcon_core.environment:create_file_with_runtime_dependencies(/home/xrcdevelopment/IXR_ROS_Files/ros2_unity_ws1/install/unity_robotics_demo_msgs/share/colcon-core/packages/unity_robotics_demo_msgs)
[10.706s] DEBUG:colcon.colcon_core.event_handler.log_command:Invoked command in '/home/xrcdevelopment/IXR_ROS_Files/ros2_unity_ws1/build/dynamixel_sdk_examples' returned '0': CMAKE_PREFIX_PATH=/home/xrcdevelopment/IXR_ROS_Files/ros2_unity_ws1/install/dynamixel_sdk_custom_interfaces:/home/xrcdevelopment/IXR_ROS_Files/ros2_unity_ws1/install/dynamixel_sdk:/home/xrcdevelopment/IXR_ROS_Files/ros2_unity_ws1/install/unity_robotics_demo_msgs:/home/xrcdevelopment/IXR_ROS_Files/ros2_unity_ws1/install/dynamixel_sdk_examples:/home/xrcdevelopment/IXR_ROS_Files/ros2_unity_ws1/install/unity_robotics_demo:/home/xrcdevelopment/IXR_ROS_Files/ros2_unity_ws1/install/ros_tcp_endpoint:/home/xrcdevelopment/ros/ros2_unity_ws1/install/unity_robotics_demo_msgs:/home/xrcdevelopment/ros/ros2_unity_ws1/install/unity_robotics_demo:/home/xrcdevelopment/ros/ros2_unity_ws1/install/ros_tcp_endpoint:/opt/ros/humble LD_LIBRARY_PATH=/home/xrcdevelopment/IXR_ROS_Files/ros2_unity_ws1/install/dynamixel_sdk_custom_interfaces/lib:/home/xrcdevelopment/IXR_ROS_Files/ros2_unity_ws1/install/dynamixel_sdk/lib:/home/xrcdevelopment/IXR_ROS_Files/ros2_unity_ws1/install/unity_robotics_demo_msgs/lib:/home/xrcdevelopment/ros/ros2_unity_ws1/install/unity_robotics_demo_msgs/lib:/opt/ros/humble/opt/rviz_ogre_vendor/lib:/opt/ros/humble/lib/x86_64-linux-gnu:/opt/ros/humble/lib /usr/bin/cmake --build /home/xrcdevelopment/IXR_ROS_Files/ros2_unity_ws1/build/dynamixel_sdk_examples -- -j8 -l8
[10.737s] DEBUG:colcon.colcon_core.event_handler.log_command:Invoking command in '/home/xrcdevelopment/IXR_ROS_Files/ros2_unity_ws1/build/dynamixel_sdk_examples': CMAKE_PREFIX_PATH=/home/xrcdevelopment/IXR_ROS_Files/ros2_unity_ws1/install/dynamixel_sdk_custom_interfaces:/home/xrcdevelopment/IXR_ROS_Files/ros2_unity_ws1/install/dynamixel_sdk:/home/xrcdevelopment/IXR_ROS_Files/ros2_unity_ws1/install/unity_robotics_demo_msgs:/home/xrcdevelopment/IXR_ROS_Files/ros2_unity_ws1/install/dynamixel_sdk_examples:/home/xrcdevelopment/IXR_ROS_Files/ros2_unity_ws1/install/unity_robotics_demo:/home/xrcdevelopment/IXR_ROS_Files/ros2_unity_ws1/install/ros_tcp_endpoint:/home/xrcdevelopment/ros/ros2_unity_ws1/install/unity_robotics_demo_msgs:/home/xrcdevelopment/ros/ros2_unity_ws1/install/unity_robotics_demo:/home/xrcdevelopment/ros/ros2_unity_ws1/install/ros_tcp_endpoint:/opt/ros/humble LD_LIBRARY_PATH=/home/xrcdevelopment/IXR_ROS_Files/ros2_unity_ws1/install/dynamixel_sdk_custom_interfaces/lib:/home/xrcdevelopment/IXR_ROS_Files/ros2_unity_ws1/install/dynamixel_sdk/lib:/home/xrcdevelopment/IXR_ROS_Files/ros2_unity_ws1/install/unity_robotics_demo_msgs/lib:/home/xrcdevelopment/ros/ros2_unity_ws1/install/unity_robotics_demo_msgs/lib:/opt/ros/humble/opt/rviz_ogre_vendor/lib:/opt/ros/humble/lib/x86_64-linux-gnu:/opt/ros/humble/lib /usr/bin/cmake --install /home/xrcdevelopment/IXR_ROS_Files/ros2_unity_ws1/build/dynamixel_sdk_examples
[10.756s] Level 1:colcon.colcon_core.environment:create_environment_scripts_only(dynamixel_sdk_examples)
[10.758s] Level 1:colcon.colcon_core.environment:checking '/home/xrcdevelopment/IXR_ROS_Files/ros2_unity_ws1/install/dynamixel_sdk_examples' for CMake module files
[10.759s] DEBUG:colcon.colcon_core.event_handler.log_command:Invoked command in '/home/xrcdevelopment/IXR_ROS_Files/ros2_unity_ws1/build/dynamixel_sdk_examples' returned '0': CMAKE_PREFIX_PATH=/home/xrcdevelopment/IXR_ROS_Files/ros2_unity_ws1/install/dynamixel_sdk_custom_interfaces:/home/xrcdevelopment/IXR_ROS_Files/ros2_unity_ws1/install/dynamixel_sdk:/home/xrcdevelopment/IXR_ROS_Files/ros2_unity_ws1/install/unity_robotics_demo_msgs:/home/xrcdevelopment/IXR_ROS_Files/ros2_unity_ws1/install/dynamixel_sdk_examples:/home/xrcdevelopment/IXR_ROS_Files/ros2_unity_ws1/install/unity_robotics_demo:/home/xrcdevelopment/IXR_ROS_Files/ros2_unity_ws1/install/ros_tcp_endpoint:/home/xrcdevelopment/ros/ros2_unity_ws1/install/unity_robotics_demo_msgs:/home/xrcdevelopment/ros/ros2_unity_ws1/install/unity_robotics_demo:/home/xrcdevelopment/ros/ros2_unity_ws1/install/ros_tcp_endpoint:/opt/ros/humble LD_LIBRARY_PATH=/home/xrcdevelopment/IXR_ROS_Files/ros2_unity_ws1/install/dynamixel_sdk_custom_interfaces/lib:/home/xrcdevelopment/IXR_ROS_Files/ros2_unity_ws1/install/dynamixel_sdk/lib:/home/xrcdevelopment/IXR_ROS_Files/ros2_unity_ws1/install/unity_robotics_demo_msgs/lib:/home/xrcdevelopment/ros/ros2_unity_ws1/install/unity_robotics_demo_msgs/lib:/opt/ros/humble/opt/rviz_ogre_vendor/lib:/opt/ros/humble/lib/x86_64-linux-gnu:/opt/ros/humble/lib /usr/bin/cmake --install /home/xrcdevelopment/IXR_ROS_Files/ros2_unity_ws1/build/dynamixel_sdk_examples
[10.759s] Level 1:colcon.colcon_core.environment:checking '/home/xrcdevelopment/IXR_ROS_Files/ros2_unity_ws1/install/dynamixel_sdk_examples' for CMake config files
[10.759s] Level 1:colcon.colcon_core.shell:create_environment_hook('dynamixel_sdk_examples', 'cmake_prefix_path')
[10.761s] INFO:colcon.colcon_core.shell:Creating environment hook '/home/xrcdevelopment/IXR_ROS_Files/ros2_unity_ws1/install/dynamixel_sdk_examples/share/dynamixel_sdk_examples/hook/cmake_prefix_path.ps1'
[10.761s] INFO:colcon.colcon_core.shell:Creating environment descriptor '/home/xrcdevelopment/IXR_ROS_Files/ros2_unity_ws1/install/dynamixel_sdk_examples/share/dynamixel_sdk_examples/hook/cmake_prefix_path.dsv'
[10.762s] INFO:colcon.colcon_core.shell:Creating environment hook '/home/xrcdevelopment/IXR_ROS_Files/ros2_unity_ws1/install/dynamixel_sdk_examples/share/dynamixel_sdk_examples/hook/cmake_prefix_path.sh'
[10.762s] Level 1:colcon.colcon_core.environment:checking '/home/xrcdevelopment/IXR_ROS_Files/ros2_unity_ws1/install/dynamixel_sdk_examples/lib'
[10.762s] Level 1:colcon.colcon_core.environment:checking '/home/xrcdevelopment/IXR_ROS_Files/ros2_unity_ws1/install/dynamixel_sdk_examples/bin'
[10.762s] Level 1:colcon.colcon_core.environment:checking '/home/xrcdevelopment/IXR_ROS_Files/ros2_unity_ws1/install/dynamixel_sdk_examples/lib/pkgconfig/dynamixel_sdk_examples.pc'
[10.762s] Level 1:colcon.colcon_core.environment:checking '/home/xrcdevelopment/IXR_ROS_Files/ros2_unity_ws1/install/dynamixel_sdk_examples/lib/python3.10/site-packages'
[10.762s] Level 1:colcon.colcon_core.environment:checking '/home/xrcdevelopment/IXR_ROS_Files/ros2_unity_ws1/install/dynamixel_sdk_examples/bin'
[10.764s] INFO:colcon.colcon_core.shell:Creating package script '/home/xrcdevelopment/IXR_ROS_Files/ros2_unity_ws1/install/dynamixel_sdk_examples/share/dynamixel_sdk_examples/package.ps1'
[10.764s] INFO:colcon.colcon_core.shell:Creating package descriptor '/home/xrcdevelopment/IXR_ROS_Files/ros2_unity_ws1/install/dynamixel_sdk_examples/share/dynamixel_sdk_examples/package.dsv'
[10.764s] INFO:colcon.colcon_core.shell:Creating package script '/home/xrcdevelopment/IXR_ROS_Files/ros2_unity_ws1/install/dynamixel_sdk_examples/share/dynamixel_sdk_examples/package.sh'
[10.765s] INFO:colcon.colcon_core.shell:Creating package script '/home/xrcdevelopment/IXR_ROS_Files/ros2_unity_ws1/install/dynamixel_sdk_examples/share/dynamixel_sdk_examples/package.bash'
[10.765s] INFO:colcon.colcon_core.shell:Creating package script '/home/xrcdevelopment/IXR_ROS_Files/ros2_unity_ws1/install/dynamixel_sdk_examples/share/dynamixel_sdk_examples/package.zsh'
[10.765s] Level 1:colcon.colcon_core.environment:create_file_with_runtime_dependencies(/home/xrcdevelopment/IXR_ROS_Files/ros2_unity_ws1/install/dynamixel_sdk_examples/share/colcon-core/packages/dynamixel_sdk_examples)
[10.798s] Level 1:colcon.colcon_core.environment:create_environment_scripts_only(dynamixel_sdk_examples)
[10.801s] Level 1:colcon.colcon_core.environment:checking '/home/xrcdevelopment/IXR_ROS_Files/ros2_unity_ws1/install/dynamixel_sdk_examples' for CMake module files
[10.801s] Level 1:colcon.colcon_core.environment:checking '/home/xrcdevelopment/IXR_ROS_Files/ros2_unity_ws1/install/dynamixel_sdk_examples' for CMake config files
[10.802s] Level 1:colcon.colcon_core.shell:create_environment_hook('dynamixel_sdk_examples', 'cmake_prefix_path')
[10.803s] INFO:colcon.colcon_core.shell:Creating environment hook '/home/xrcdevelopment/IXR_ROS_Files/ros2_unity_ws1/install/dynamixel_sdk_examples/share/dynamixel_sdk_examples/hook/cmake_prefix_path.ps1'
[10.803s] INFO:colcon.colcon_core.shell:Creating environment descriptor '/home/xrcdevelopment/IXR_ROS_Files/ros2_unity_ws1/install/dynamixel_sdk_examples/share/dynamixel_sdk_examples/hook/cmake_prefix_path.dsv'
[10.804s] INFO:colcon.colcon_core.shell:Creating environment hook '/home/xrcdevelopment/IXR_ROS_Files/ros2_unity_ws1/install/dynamixel_sdk_examples/share/dynamixel_sdk_examples/hook/cmake_prefix_path.sh'
[10.804s] Level 1:colcon.colcon_core.environment:checking '/home/xrcdevelopment/IXR_ROS_Files/ros2_unity_ws1/install/dynamixel_sdk_examples/lib'
[10.804s] Level 1:colcon.colcon_core.environment:checking '/home/xrcdevelopment/IXR_ROS_Files/ros2_unity_ws1/install/dynamixel_sdk_examples/bin'
[10.804s] Level 1:colcon.colcon_core.environment:checking '/home/xrcdevelopment/IXR_ROS_Files/ros2_unity_ws1/install/dynamixel_sdk_examples/lib/pkgconfig/dynamixel_sdk_examples.pc'
[10.805s] Level 1:colcon.colcon_core.environment:checking '/home/xrcdevelopment/IXR_ROS_Files/ros2_unity_ws1/install/dynamixel_sdk_examples/lib/python3.10/site-packages'
[10.805s] Level 1:colcon.colcon_core.environment:checking '/home/xrcdevelopment/IXR_ROS_Files/ros2_unity_ws1/install/dynamixel_sdk_examples/bin'
[10.806s] INFO:colcon.colcon_core.shell:Creating package script '/home/xrcdevelopment/IXR_ROS_Files/ros2_unity_ws1/install/dynamixel_sdk_examples/share/dynamixel_sdk_examples/package.ps1'
[10.806s] INFO:colcon.colcon_core.shell:Creating package descriptor '/home/xrcdevelopment/IXR_ROS_Files/ros2_unity_ws1/install/dynamixel_sdk_examples/share/dynamixel_sdk_examples/package.dsv'
[10.807s] INFO:colcon.colcon_core.shell:Creating package script '/home/xrcdevelopment/IXR_ROS_Files/ros2_unity_ws1/install/dynamixel_sdk_examples/share/dynamixel_sdk_examples/package.sh'
[10.807s] INFO:colcon.colcon_core.shell:Creating package script '/home/xrcdevelopment/IXR_ROS_Files/ros2_unity_ws1/install/dynamixel_sdk_examples/share/dynamixel_sdk_examples/package.bash'
[10.808s] INFO:colcon.colcon_core.shell:Creating package script '/home/xrcdevelopment/IXR_ROS_Files/ros2_unity_ws1/install/dynamixel_sdk_examples/share/dynamixel_sdk_examples/package.zsh'
[10.808s] Level 1:colcon.colcon_core.environment:create_file_with_runtime_dependencies(/home/xrcdevelopment/IXR_ROS_Files/ros2_unity_ws1/install/dynamixel_sdk_examples/share/colcon-core/packages/dynamixel_sdk_examples)
[10.808s] DEBUG:colcon.colcon_parallel_executor.executor.parallel:closing loop
[10.809s] DEBUG:colcon.colcon_parallel_executor.executor.parallel:loop closed
[10.809s] DEBUG:colcon.colcon_parallel_executor.executor.parallel:run_until_complete finished with '0'
[10.809s] DEBUG:colcon.colcon_core.event_reactor:joining thread
[10.814s] INFO:colcon.colcon_core.plugin_system:Skipping extension 'colcon_notification.desktop_notification.terminal_notifier': Not used on non-Darwin systems
[10.814s] INFO:colcon.colcon_core.plugin_system:Skipping extension 'colcon_notification.desktop_notification.win32': Not used on non-Windows systems
[10.814s] INFO:colcon.colcon_notification.desktop_notification:Sending desktop notification using 'notify2'
[10.828s] DEBUG:colcon.colcon_core.event_reactor:joined thread
[10.830s] INFO:colcon.colcon_core.shell:Creating prefix script '/home/xrcdevelopment/IXR_ROS_Files/ros2_unity_ws1/install/local_setup.ps1'
[10.831s] INFO:colcon.colcon_core.shell:Creating prefix util module '/home/xrcdevelopment/IXR_ROS_Files/ros2_unity_ws1/install/_local_setup_util_ps1.py'
[10.833s] INFO:colcon.colcon_core.shell:Creating prefix chain script '/home/xrcdevelopment/IXR_ROS_Files/ros2_unity_ws1/install/setup.ps1'
[10.836s] INFO:colcon.colcon_core.shell:Creating prefix script '/home/xrcdevelopment/IXR_ROS_Files/ros2_unity_ws1/install/local_setup.sh'
[10.837s] INFO:colcon.colcon_core.shell:Creating prefix util module '/home/xrcdevelopment/IXR_ROS_Files/ros2_unity_ws1/install/_local_setup_util_sh.py'
[10.838s] INFO:colcon.colcon_core.shell:Creating prefix chain script '/home/xrcdevelopment/IXR_ROS_Files/ros2_unity_ws1/install/setup.sh'
[10.841s] INFO:colcon.colcon_core.shell:Creating prefix script '/home/xrcdevelopment/IXR_ROS_Files/ros2_unity_ws1/install/local_setup.bash'
[10.842s] INFO:colcon.colcon_core.shell:Creating prefix chain script '/home/xrcdevelopment/IXR_ROS_Files/ros2_unity_ws1/install/setup.bash'
[10.845s] INFO:colcon.colcon_core.shell:Creating prefix script '/home/xrcdevelopment/IXR_ROS_Files/ros2_unity_ws1/install/local_setup.zsh'
[10.846s] INFO:colcon.colcon_core.shell:Creating prefix chain script '/home/xrcdevelopment/IXR_ROS_Files/ros2_unity_ws1/install/setup.zsh'
