[1.995s] Invoking command in '/home/xrcdevelopment/IXR_ROS_Files/ros2_unity_ws1/src/ROS-TCP-Endpoint-main-ros2': PYTHONPATH=/home/xrcdevelopment/IXR_ROS_Files/ros2_unity_ws1/build/ros_tcp_endpoint/prefix_override:/home/xrcdevelopment/IXR_ROS_Files/ros2_unity_ws1/install/ros_tcp_endpoint/lib/python3.10/site-packages:${PYTHONPATH} /usr/bin/python3 setup.py egg_info --egg-base ../../build/ros_tcp_endpoint build --build-base /home/xrcdevelopment/IXR_ROS_Files/ros2_unity_ws1/build/ros_tcp_endpoint/build install --record /home/xrcdevelopment/IXR_ROS_Files/ros2_unity_ws1/build/ros_tcp_endpoint/install.log --install-scripts $base/lib/ros_tcp_endpoint --single-version-externally-managed
[2.700s] /usr/lib/python3/dist-packages/setuptools/dist.py:723: UserWarning: Usage of dash-separated 'script-dir' will not be supported in future versions. Please use the underscore name 'script_dir' instead
[2.701s]   warnings.warn(
[2.707s] running egg_info
[2.711s] writing ../../build/ros_tcp_endpoint/ros_tcp_endpoint.egg-info/PKG-INFO
[2.712s] writing dependency_links to ../../build/ros_tcp_endpoint/ros_tcp_endpoint.egg-info/dependency_links.txt
[2.713s] writing entry points to ../../build/ros_tcp_endpoint/ros_tcp_endpoint.egg-info/entry_points.txt
[2.713s] writing requirements to ../../build/ros_tcp_endpoint/ros_tcp_endpoint.egg-info/requires.txt
[2.713s] writing top-level names to ../../build/ros_tcp_endpoint/ros_tcp_endpoint.egg-info/top_level.txt
[2.713s] reading manifest file '../../build/ros_tcp_endpoint/ros_tcp_endpoint.egg-info/SOURCES.txt'
[2.716s] adding license file 'LICENSE'
[2.718s] writing manifest file '../../build/ros_tcp_endpoint/ros_tcp_endpoint.egg-info/SOURCES.txt'
[2.718s] running build
[2.718s] running build_py
[2.720s] running install
[2.720s] /usr/lib/python3/dist-packages/setuptools/command/install.py:34: SetuptoolsDeprecationWarning: setup.py install is deprecated. Use build and pip and other standards-based tools.
[2.721s]   warnings.warn(
[2.721s] running install_lib
[2.725s] running install_data
[2.726s] running install_egg_info
[2.729s] removing '/home/xrcdevelopment/IXR_ROS_Files/ros2_unity_ws1/install/ros_tcp_endpoint/lib/python3.10/site-packages/ros_tcp_endpoint-0.0.1-py3.10.egg-info' (and everything under it)
[2.736s] Copying ../../build/ros_tcp_endpoint/ros_tcp_endpoint.egg-info to /home/xrcdevelopment/IXR_ROS_Files/ros2_unity_ws1/install/ros_tcp_endpoint/lib/python3.10/site-packages/ros_tcp_endpoint-0.0.1-py3.10.egg-info
[2.737s] running install_scripts
[2.788s] Installing default_server_endpoint script to /home/xrcdevelopment/IXR_ROS_Files/ros2_unity_ws1/install/ros_tcp_endpoint/lib/ros_tcp_endpoint
[2.789s] writing list of installed files to '/home/xrcdevelopment/IXR_ROS_Files/ros2_unity_ws1/build/ros_tcp_endpoint/install.log'
[2.842s] Invoked command in '/home/xrcdevelopment/IXR_ROS_Files/ros2_unity_ws1/src/ROS-TCP-Endpoint-main-ros2' returned '0': PYTHONPATH=/home/xrcdevelopment/IXR_ROS_Files/ros2_unity_ws1/build/ros_tcp_endpoint/prefix_override:/home/xrcdevelopment/IXR_ROS_Files/ros2_unity_ws1/install/ros_tcp_endpoint/lib/python3.10/site-packages:${PYTHONPATH} /usr/bin/python3 setup.py egg_info --egg-base ../../build/ros_tcp_endpoint build --build-base /home/xrcdevelopment/IXR_ROS_Files/ros2_unity_ws1/build/ros_tcp_endpoint/build install --record /home/xrcdevelopment/IXR_ROS_Files/ros2_unity_ws1/build/ros_tcp_endpoint/install.log --install-scripts $base/lib/ros_tcp_endpoint --single-version-externally-managed
