[0.452s] Invoking command in '/home/xrcdevelopment/ros/ros2_unity_ws1/build/unity_robotics_demo_msgs': CMAKE_PREFIX_PATH=${CMAKE_PREFIX_PATH}:/home/xrcdevelopment/ros/ros2_unity_ws1/install/unity_robotics_demo:/home/xrcdevelopment/ros/ros2_unity_ws1/install/ros_tcp_endpoint:/opt/ros/humble /usr/bin/cmake --build /home/xrcdevelopment/ros/ros2_unity_ws1/build/unity_robotics_demo_msgs -- -j8 -l8
[0.502s] [ 10%] Built target unity_robotics_demo_msgs__rosidl_generator_c
[0.504s] [ 12%] Built target unity_robotics_demo_msgs__cpp
[0.511s] [ 12%] Built target ament_cmake_python_copy_unity_robotics_demo_msgs
[0.535s] [ 23%] Built target unity_robotics_demo_msgs__rosidl_typesupport_introspection_c
[0.537s] [ 34%] Built target unity_robotics_demo_msgs__rosidl_typesupport_c
[0.539s] [ 45%] Built target unity_robotics_demo_msgs__rosidl_typesupport_fastrtps_c
[0.540s] [ 56%] Built target unity_robotics_demo_msgs__rosidl_typesupport_cpp
[0.545s] [ 67%] Built target unity_robotics_demo_msgs__rosidl_typesupport_fastrtps_cpp
[0.546s] [ 78%] Built target unity_robotics_demo_msgs__rosidl_typesupport_introspection_cpp
[0.565s] [ 78%] Built target unity_robotics_demo_msgs
[0.585s] [ 80%] Built target unity_robotics_demo_msgs__py
[0.606s] [ 89%] Built target unity_robotics_demo_msgs__rosidl_generator_py
[0.629s] [ 92%] Built target unity_robotics_demo_msgs__rosidl_typesupport_c__pyext
[0.629s] [ 96%] Built target unity_robotics_demo_msgs__rosidl_typesupport_introspection_c__pyext
[0.630s] [100%] Built target unity_robotics_demo_msgs__rosidl_typesupport_fastrtps_c__pyext
[0.792s] running egg_info
[0.793s] writing unity_robotics_demo_msgs.egg-info/PKG-INFO
[0.793s] writing dependency_links to unity_robotics_demo_msgs.egg-info/dependency_links.txt
[0.793s] writing top-level names to unity_robotics_demo_msgs.egg-info/top_level.txt
[0.796s] reading manifest file 'unity_robotics_demo_msgs.egg-info/SOURCES.txt'
[0.796s] writing manifest file 'unity_robotics_demo_msgs.egg-info/SOURCES.txt'
[0.833s] [100%] Built target ament_cmake_python_build_unity_robotics_demo_msgs_egg
[0.845s] Invoked command in '/home/xrcdevelopment/ros/ros2_unity_ws1/build/unity_robotics_demo_msgs' returned '0': CMAKE_PREFIX_PATH=${CMAKE_PREFIX_PATH}:/home/xrcdevelopment/ros/ros2_unity_ws1/install/unity_robotics_demo:/home/xrcdevelopment/ros/ros2_unity_ws1/install/ros_tcp_endpoint:/opt/ros/humble /usr/bin/cmake --build /home/xrcdevelopment/ros/ros2_unity_ws1/build/unity_robotics_demo_msgs -- -j8 -l8
[0.967s] Invoking command in '/home/xrcdevelopment/ros/ros2_unity_ws1/build/unity_robotics_demo_msgs': CMAKE_PREFIX_PATH=${CMAKE_PREFIX_PATH}:/home/xrcdevelopment/ros/ros2_unity_ws1/install/unity_robotics_demo:/home/xrcdevelopment/ros/ros2_unity_ws1/install/ros_tcp_endpoint:/opt/ros/humble /usr/bin/cmake --install /home/xrcdevelopment/ros/ros2_unity_ws1/build/unity_robotics_demo_msgs
[0.974s] -- Install configuration: ""
[0.974s] -- Up-to-date: /home/xrcdevelopment/ros/ros2_unity_ws1/install/unity_robotics_demo_msgs/share/ament_index/resource_index/rosidl_interfaces/unity_robotics_demo_msgs
[0.974s] -- Up-to-date: /home/xrcdevelopment/ros/ros2_unity_ws1/install/unity_robotics_demo_msgs/include/unity_robotics_demo_msgs/unity_robotics_demo_msgs
[0.974s] -- Up-to-date: /home/xrcdevelopment/ros/ros2_unity_ws1/install/unity_robotics_demo_msgs/include/unity_robotics_demo_msgs/unity_robotics_demo_msgs/msg
[0.975s] -- Up-to-date: /home/xrcdevelopment/ros/ros2_unity_ws1/install/unity_robotics_demo_msgs/include/unity_robotics_demo_msgs/unity_robotics_demo_msgs/msg/unity_color.h
[0.975s] -- Up-to-date: /home/xrcdevelopment/ros/ros2_unity_ws1/install/unity_robotics_demo_msgs/include/unity_robotics_demo_msgs/unity_robotics_demo_msgs/msg/rosidl_generator_c__visibility_control.h
[0.975s] -- Up-to-date: /home/xrcdevelopment/ros/ros2_unity_ws1/install/unity_robotics_demo_msgs/include/unity_robotics_demo_msgs/unity_robotics_demo_msgs/msg/pos_rot.h
[0.975s] -- Up-to-date: /home/xrcdevelopment/ros/ros2_unity_ws1/install/unity_robotics_demo_msgs/include/unity_robotics_demo_msgs/unity_robotics_demo_msgs/msg/detail
[0.975s] -- Up-to-date: /home/xrcdevelopment/ros/ros2_unity_ws1/install/unity_robotics_demo_msgs/include/unity_robotics_demo_msgs/unity_robotics_demo_msgs/msg/detail/unity_color__functions.c
[0.975s] -- Up-to-date: /home/xrcdevelopment/ros/ros2_unity_ws1/install/unity_robotics_demo_msgs/include/unity_robotics_demo_msgs/unity_robotics_demo_msgs/msg/detail/pos_rot__struct.h
[0.975s] -- Up-to-date: /home/xrcdevelopment/ros/ros2_unity_ws1/install/unity_robotics_demo_msgs/include/unity_robotics_demo_msgs/unity_robotics_demo_msgs/msg/detail/pos_rot__type_support.h
[0.976s] -- Up-to-date: /home/xrcdevelopment/ros/ros2_unity_ws1/install/unity_robotics_demo_msgs/include/unity_robotics_demo_msgs/unity_robotics_demo_msgs/msg/detail/unity_color__functions.h
[0.976s] -- Up-to-date: /home/xrcdevelopment/ros/ros2_unity_ws1/install/unity_robotics_demo_msgs/include/unity_robotics_demo_msgs/unity_robotics_demo_msgs/msg/detail/unity_color__type_support.h
[0.976s] -- Up-to-date: /home/xrcdevelopment/ros/ros2_unity_ws1/install/unity_robotics_demo_msgs/include/unity_robotics_demo_msgs/unity_robotics_demo_msgs/msg/detail/unity_color__struct.h
[0.976s] -- Up-to-date: /home/xrcdevelopment/ros/ros2_unity_ws1/install/unity_robotics_demo_msgs/include/unity_robotics_demo_msgs/unity_robotics_demo_msgs/msg/detail/pos_rot__functions.h
[0.976s] -- Up-to-date: /home/xrcdevelopment/ros/ros2_unity_ws1/install/unity_robotics_demo_msgs/include/unity_robotics_demo_msgs/unity_robotics_demo_msgs/msg/detail/pos_rot__functions.c
[0.976s] -- Up-to-date: /home/xrcdevelopment/ros/ros2_unity_ws1/install/unity_robotics_demo_msgs/include/unity_robotics_demo_msgs/unity_robotics_demo_msgs/srv
[0.977s] -- Up-to-date: /home/xrcdevelopment/ros/ros2_unity_ws1/install/unity_robotics_demo_msgs/include/unity_robotics_demo_msgs/unity_robotics_demo_msgs/srv/position_service.h
[0.977s] -- Up-to-date: /home/xrcdevelopment/ros/ros2_unity_ws1/install/unity_robotics_demo_msgs/include/unity_robotics_demo_msgs/unity_robotics_demo_msgs/srv/object_pose_service.h
[0.977s] -- Up-to-date: /home/xrcdevelopment/ros/ros2_unity_ws1/install/unity_robotics_demo_msgs/include/unity_robotics_demo_msgs/unity_robotics_demo_msgs/srv/detail
[0.977s] -- Up-to-date: /home/xrcdevelopment/ros/ros2_unity_ws1/install/unity_robotics_demo_msgs/include/unity_robotics_demo_msgs/unity_robotics_demo_msgs/srv/detail/position_service__functions.h
[0.977s] -- Up-to-date: /home/xrcdevelopment/ros/ros2_unity_ws1/install/unity_robotics_demo_msgs/include/unity_robotics_demo_msgs/unity_robotics_demo_msgs/srv/detail/object_pose_service__struct.h
[0.977s] -- Up-to-date: /home/xrcdevelopment/ros/ros2_unity_ws1/install/unity_robotics_demo_msgs/include/unity_robotics_demo_msgs/unity_robotics_demo_msgs/srv/detail/object_pose_service__functions.h
[0.977s] -- Up-to-date: /home/xrcdevelopment/ros/ros2_unity_ws1/install/unity_robotics_demo_msgs/include/unity_robotics_demo_msgs/unity_robotics_demo_msgs/srv/detail/object_pose_service__functions.c
[0.978s] -- Up-to-date: /home/xrcdevelopment/ros/ros2_unity_ws1/install/unity_robotics_demo_msgs/include/unity_robotics_demo_msgs/unity_robotics_demo_msgs/srv/detail/position_service__type_support.h
[0.978s] -- Up-to-date: /home/xrcdevelopment/ros/ros2_unity_ws1/install/unity_robotics_demo_msgs/include/unity_robotics_demo_msgs/unity_robotics_demo_msgs/srv/detail/position_service__struct.h
[0.978s] -- Up-to-date: /home/xrcdevelopment/ros/ros2_unity_ws1/install/unity_robotics_demo_msgs/include/unity_robotics_demo_msgs/unity_robotics_demo_msgs/srv/detail/object_pose_service__type_support.h
[0.978s] -- Up-to-date: /home/xrcdevelopment/ros/ros2_unity_ws1/install/unity_robotics_demo_msgs/include/unity_robotics_demo_msgs/unity_robotics_demo_msgs/srv/detail/position_service__functions.c
[0.978s] -- Up-to-date: /home/xrcdevelopment/ros/ros2_unity_ws1/install/unity_robotics_demo_msgs/share/unity_robotics_demo_msgs/environment/library_path.sh
[0.979s] -- Up-to-date: /home/xrcdevelopment/ros/ros2_unity_ws1/install/unity_robotics_demo_msgs/share/unity_robotics_demo_msgs/environment/library_path.dsv
[0.979s] -- Up-to-date: /home/xrcdevelopment/ros/ros2_unity_ws1/install/unity_robotics_demo_msgs/lib/libunity_robotics_demo_msgs__rosidl_generator_c.so
[0.979s] -- Up-to-date: /home/xrcdevelopment/ros/ros2_unity_ws1/install/unity_robotics_demo_msgs/include/unity_robotics_demo_msgs/unity_robotics_demo_msgs
[0.979s] -- Up-to-date: /home/xrcdevelopment/ros/ros2_unity_ws1/install/unity_robotics_demo_msgs/include/unity_robotics_demo_msgs/unity_robotics_demo_msgs/msg
[0.979s] -- Up-to-date: /home/xrcdevelopment/ros/ros2_unity_ws1/install/unity_robotics_demo_msgs/include/unity_robotics_demo_msgs/unity_robotics_demo_msgs/msg/detail
[0.979s] -- Up-to-date: /home/xrcdevelopment/ros/ros2_unity_ws1/install/unity_robotics_demo_msgs/include/unity_robotics_demo_msgs/unity_robotics_demo_msgs/msg/detail/unity_color__rosidl_typesupport_fastrtps_c.h
[0.979s] -- Up-to-date: /home/xrcdevelopment/ros/ros2_unity_ws1/install/unity_robotics_demo_msgs/include/unity_robotics_demo_msgs/unity_robotics_demo_msgs/msg/detail/pos_rot__rosidl_typesupport_fastrtps_c.h
[0.980s] -- Up-to-date: /home/xrcdevelopment/ros/ros2_unity_ws1/install/unity_robotics_demo_msgs/include/unity_robotics_demo_msgs/unity_robotics_demo_msgs/msg/rosidl_typesupport_fastrtps_c__visibility_control.h
[0.980s] -- Up-to-date: /home/xrcdevelopment/ros/ros2_unity_ws1/install/unity_robotics_demo_msgs/include/unity_robotics_demo_msgs/unity_robotics_demo_msgs/srv
[0.980s] -- Up-to-date: /home/xrcdevelopment/ros/ros2_unity_ws1/install/unity_robotics_demo_msgs/include/unity_robotics_demo_msgs/unity_robotics_demo_msgs/srv/detail
[0.980s] -- Up-to-date: /home/xrcdevelopment/ros/ros2_unity_ws1/install/unity_robotics_demo_msgs/include/unity_robotics_demo_msgs/unity_robotics_demo_msgs/srv/detail/object_pose_service__rosidl_typesupport_fastrtps_c.h
[0.980s] -- Up-to-date: /home/xrcdevelopment/ros/ros2_unity_ws1/install/unity_robotics_demo_msgs/include/unity_robotics_demo_msgs/unity_robotics_demo_msgs/srv/detail/position_service__rosidl_typesupport_fastrtps_c.h
[0.980s] -- Up-to-date: /home/xrcdevelopment/ros/ros2_unity_ws1/install/unity_robotics_demo_msgs/lib/libunity_robotics_demo_msgs__rosidl_typesupport_fastrtps_c.so
[0.981s] -- Up-to-date: /home/xrcdevelopment/ros/ros2_unity_ws1/install/unity_robotics_demo_msgs/include/unity_robotics_demo_msgs/unity_robotics_demo_msgs
[0.981s] -- Up-to-date: /home/xrcdevelopment/ros/ros2_unity_ws1/install/unity_robotics_demo_msgs/include/unity_robotics_demo_msgs/unity_robotics_demo_msgs/msg
[0.981s] -- Up-to-date: /home/xrcdevelopment/ros/ros2_unity_ws1/install/unity_robotics_demo_msgs/include/unity_robotics_demo_msgs/unity_robotics_demo_msgs/msg/detail
[0.981s] -- Up-to-date: /home/xrcdevelopment/ros/ros2_unity_ws1/install/unity_robotics_demo_msgs/include/unity_robotics_demo_msgs/unity_robotics_demo_msgs/msg/detail/unity_color__rosidl_typesupport_introspection_c.h
[0.981s] -- Up-to-date: /home/xrcdevelopment/ros/ros2_unity_ws1/install/unity_robotics_demo_msgs/include/unity_robotics_demo_msgs/unity_robotics_demo_msgs/msg/detail/pos_rot__type_support.c
[0.981s] -- Up-to-date: /home/xrcdevelopment/ros/ros2_unity_ws1/install/unity_robotics_demo_msgs/include/unity_robotics_demo_msgs/unity_robotics_demo_msgs/msg/detail/unity_color__type_support.c
[0.981s] -- Up-to-date: /home/xrcdevelopment/ros/ros2_unity_ws1/install/unity_robotics_demo_msgs/include/unity_robotics_demo_msgs/unity_robotics_demo_msgs/msg/detail/pos_rot__rosidl_typesupport_introspection_c.h
[0.981s] -- Up-to-date: /home/xrcdevelopment/ros/ros2_unity_ws1/install/unity_robotics_demo_msgs/include/unity_robotics_demo_msgs/unity_robotics_demo_msgs/msg/rosidl_typesupport_introspection_c__visibility_control.h
[0.982s] -- Up-to-date: /home/xrcdevelopment/ros/ros2_unity_ws1/install/unity_robotics_demo_msgs/include/unity_robotics_demo_msgs/unity_robotics_demo_msgs/srv
[0.982s] -- Up-to-date: /home/xrcdevelopment/ros/ros2_unity_ws1/install/unity_robotics_demo_msgs/include/unity_robotics_demo_msgs/unity_robotics_demo_msgs/srv/detail
[0.982s] -- Up-to-date: /home/xrcdevelopment/ros/ros2_unity_ws1/install/unity_robotics_demo_msgs/include/unity_robotics_demo_msgs/unity_robotics_demo_msgs/srv/detail/position_service__rosidl_typesupport_introspection_c.h
[0.982s] -- Up-to-date: /home/xrcdevelopment/ros/ros2_unity_ws1/install/unity_robotics_demo_msgs/include/unity_robotics_demo_msgs/unity_robotics_demo_msgs/srv/detail/position_service__type_support.c
[0.982s] -- Up-to-date: /home/xrcdevelopment/ros/ros2_unity_ws1/install/unity_robotics_demo_msgs/include/unity_robotics_demo_msgs/unity_robotics_demo_msgs/srv/detail/object_pose_service__rosidl_typesupport_introspection_c.h
[0.982s] -- Up-to-date: /home/xrcdevelopment/ros/ros2_unity_ws1/install/unity_robotics_demo_msgs/include/unity_robotics_demo_msgs/unity_robotics_demo_msgs/srv/detail/object_pose_service__type_support.c
[0.983s] -- Up-to-date: /home/xrcdevelopment/ros/ros2_unity_ws1/install/unity_robotics_demo_msgs/lib/libunity_robotics_demo_msgs__rosidl_typesupport_introspection_c.so
[0.983s] -- Up-to-date: /home/xrcdevelopment/ros/ros2_unity_ws1/install/unity_robotics_demo_msgs/lib/libunity_robotics_demo_msgs__rosidl_typesupport_c.so
[0.983s] -- Up-to-date: /home/xrcdevelopment/ros/ros2_unity_ws1/install/unity_robotics_demo_msgs/include/unity_robotics_demo_msgs/unity_robotics_demo_msgs
[0.983s] -- Up-to-date: /home/xrcdevelopment/ros/ros2_unity_ws1/install/unity_robotics_demo_msgs/include/unity_robotics_demo_msgs/unity_robotics_demo_msgs/msg
[0.983s] -- Up-to-date: /home/xrcdevelopment/ros/ros2_unity_ws1/install/unity_robotics_demo_msgs/include/unity_robotics_demo_msgs/unity_robotics_demo_msgs/msg/unity_color.hpp
[0.983s] -- Up-to-date: /home/xrcdevelopment/ros/ros2_unity_ws1/install/unity_robotics_demo_msgs/include/unity_robotics_demo_msgs/unity_robotics_demo_msgs/msg/detail
[0.984s] -- Up-to-date: /home/xrcdevelopment/ros/ros2_unity_ws1/install/unity_robotics_demo_msgs/include/unity_robotics_demo_msgs/unity_robotics_demo_msgs/msg/detail/unity_color__struct.hpp
[0.984s] -- Up-to-date: /home/xrcdevelopment/ros/ros2_unity_ws1/install/unity_robotics_demo_msgs/include/unity_robotics_demo_msgs/unity_robotics_demo_msgs/msg/detail/unity_color__builder.hpp
[0.984s] -- Up-to-date: /home/xrcdevelopment/ros/ros2_unity_ws1/install/unity_robotics_demo_msgs/include/unity_robotics_demo_msgs/unity_robotics_demo_msgs/msg/detail/pos_rot__traits.hpp
[0.984s] -- Up-to-date: /home/xrcdevelopment/ros/ros2_unity_ws1/install/unity_robotics_demo_msgs/include/unity_robotics_demo_msgs/unity_robotics_demo_msgs/msg/detail/pos_rot__builder.hpp
[0.984s] -- Up-to-date: /home/xrcdevelopment/ros/ros2_unity_ws1/install/unity_robotics_demo_msgs/include/unity_robotics_demo_msgs/unity_robotics_demo_msgs/msg/detail/unity_color__traits.hpp
[0.984s] -- Up-to-date: /home/xrcdevelopment/ros/ros2_unity_ws1/install/unity_robotics_demo_msgs/include/unity_robotics_demo_msgs/unity_robotics_demo_msgs/msg/detail/pos_rot__struct.hpp
[0.984s] -- Up-to-date: /home/xrcdevelopment/ros/ros2_unity_ws1/install/unity_robotics_demo_msgs/include/unity_robotics_demo_msgs/unity_robotics_demo_msgs/msg/pos_rot.hpp
[0.984s] -- Up-to-date: /home/xrcdevelopment/ros/ros2_unity_ws1/install/unity_robotics_demo_msgs/include/unity_robotics_demo_msgs/unity_robotics_demo_msgs/srv
[0.984s] -- Up-to-date: /home/xrcdevelopment/ros/ros2_unity_ws1/install/unity_robotics_demo_msgs/include/unity_robotics_demo_msgs/unity_robotics_demo_msgs/srv/detail
[0.984s] -- Up-to-date: /home/xrcdevelopment/ros/ros2_unity_ws1/install/unity_robotics_demo_msgs/include/unity_robotics_demo_msgs/unity_robotics_demo_msgs/srv/detail/position_service__builder.hpp
[0.985s] -- Up-to-date: /home/xrcdevelopment/ros/ros2_unity_ws1/install/unity_robotics_demo_msgs/include/unity_robotics_demo_msgs/unity_robotics_demo_msgs/srv/detail/position_service__struct.hpp
[0.985s] -- Up-to-date: /home/xrcdevelopment/ros/ros2_unity_ws1/install/unity_robotics_demo_msgs/include/unity_robotics_demo_msgs/unity_robotics_demo_msgs/srv/detail/position_service__traits.hpp
[0.985s] -- Up-to-date: /home/xrcdevelopment/ros/ros2_unity_ws1/install/unity_robotics_demo_msgs/include/unity_robotics_demo_msgs/unity_robotics_demo_msgs/srv/detail/object_pose_service__struct.hpp
[0.985s] -- Up-to-date: /home/xrcdevelopment/ros/ros2_unity_ws1/install/unity_robotics_demo_msgs/include/unity_robotics_demo_msgs/unity_robotics_demo_msgs/srv/detail/object_pose_service__traits.hpp
[0.985s] -- Up-to-date: /home/xrcdevelopment/ros/ros2_unity_ws1/install/unity_robotics_demo_msgs/include/unity_robotics_demo_msgs/unity_robotics_demo_msgs/srv/detail/object_pose_service__builder.hpp
[0.985s] -- Up-to-date: /home/xrcdevelopment/ros/ros2_unity_ws1/install/unity_robotics_demo_msgs/include/unity_robotics_demo_msgs/unity_robotics_demo_msgs/srv/position_service.hpp
[0.985s] -- Up-to-date: /home/xrcdevelopment/ros/ros2_unity_ws1/install/unity_robotics_demo_msgs/include/unity_robotics_demo_msgs/unity_robotics_demo_msgs/srv/object_pose_service.hpp
[0.985s] -- Up-to-date: /home/xrcdevelopment/ros/ros2_unity_ws1/install/unity_robotics_demo_msgs/include/unity_robotics_demo_msgs/unity_robotics_demo_msgs
[0.986s] -- Up-to-date: /home/xrcdevelopment/ros/ros2_unity_ws1/install/unity_robotics_demo_msgs/include/unity_robotics_demo_msgs/unity_robotics_demo_msgs/msg
[0.986s] -- Up-to-date: /home/xrcdevelopment/ros/ros2_unity_ws1/install/unity_robotics_demo_msgs/include/unity_robotics_demo_msgs/unity_robotics_demo_msgs/msg/detail
[0.986s] -- Up-to-date: /home/xrcdevelopment/ros/ros2_unity_ws1/install/unity_robotics_demo_msgs/include/unity_robotics_demo_msgs/unity_robotics_demo_msgs/msg/detail/dds_fastrtps
[0.986s] -- Up-to-date: /home/xrcdevelopment/ros/ros2_unity_ws1/install/unity_robotics_demo_msgs/include/unity_robotics_demo_msgs/unity_robotics_demo_msgs/msg/detail/pos_rot__rosidl_typesupport_fastrtps_cpp.hpp
[0.986s] -- Up-to-date: /home/xrcdevelopment/ros/ros2_unity_ws1/install/unity_robotics_demo_msgs/include/unity_robotics_demo_msgs/unity_robotics_demo_msgs/msg/detail/unity_color__rosidl_typesupport_fastrtps_cpp.hpp
[0.986s] -- Up-to-date: /home/xrcdevelopment/ros/ros2_unity_ws1/install/unity_robotics_demo_msgs/include/unity_robotics_demo_msgs/unity_robotics_demo_msgs/msg/rosidl_typesupport_fastrtps_cpp__visibility_control.h
[0.986s] -- Up-to-date: /home/xrcdevelopment/ros/ros2_unity_ws1/install/unity_robotics_demo_msgs/include/unity_robotics_demo_msgs/unity_robotics_demo_msgs/srv
[0.986s] -- Up-to-date: /home/xrcdevelopment/ros/ros2_unity_ws1/install/unity_robotics_demo_msgs/include/unity_robotics_demo_msgs/unity_robotics_demo_msgs/srv/detail
[0.986s] -- Up-to-date: /home/xrcdevelopment/ros/ros2_unity_ws1/install/unity_robotics_demo_msgs/include/unity_robotics_demo_msgs/unity_robotics_demo_msgs/srv/detail/dds_fastrtps
[0.986s] -- Up-to-date: /home/xrcdevelopment/ros/ros2_unity_ws1/install/unity_robotics_demo_msgs/include/unity_robotics_demo_msgs/unity_robotics_demo_msgs/srv/detail/object_pose_service__rosidl_typesupport_fastrtps_cpp.hpp
[0.987s] -- Up-to-date: /home/xrcdevelopment/ros/ros2_unity_ws1/install/unity_robotics_demo_msgs/include/unity_robotics_demo_msgs/unity_robotics_demo_msgs/srv/detail/position_service__rosidl_typesupport_fastrtps_cpp.hpp
[0.987s] -- Up-to-date: /home/xrcdevelopment/ros/ros2_unity_ws1/install/unity_robotics_demo_msgs/lib/libunity_robotics_demo_msgs__rosidl_typesupport_fastrtps_cpp.so
[0.987s] -- Up-to-date: /home/xrcdevelopment/ros/ros2_unity_ws1/install/unity_robotics_demo_msgs/include/unity_robotics_demo_msgs/unity_robotics_demo_msgs
[0.987s] -- Up-to-date: /home/xrcdevelopment/ros/ros2_unity_ws1/install/unity_robotics_demo_msgs/include/unity_robotics_demo_msgs/unity_robotics_demo_msgs/msg
[0.987s] -- Up-to-date: /home/xrcdevelopment/ros/ros2_unity_ws1/install/unity_robotics_demo_msgs/include/unity_robotics_demo_msgs/unity_robotics_demo_msgs/msg/detail
[0.987s] -- Up-to-date: /home/xrcdevelopment/ros/ros2_unity_ws1/install/unity_robotics_demo_msgs/include/unity_robotics_demo_msgs/unity_robotics_demo_msgs/msg/detail/unity_color__type_support.cpp
[0.987s] -- Up-to-date: /home/xrcdevelopment/ros/ros2_unity_ws1/install/unity_robotics_demo_msgs/include/unity_robotics_demo_msgs/unity_robotics_demo_msgs/msg/detail/unity_color__rosidl_typesupport_introspection_cpp.hpp
[0.987s] -- Up-to-date: /home/xrcdevelopment/ros/ros2_unity_ws1/install/unity_robotics_demo_msgs/include/unity_robotics_demo_msgs/unity_robotics_demo_msgs/msg/detail/pos_rot__type_support.cpp
[0.988s] -- Up-to-date: /home/xrcdevelopment/ros/ros2_unity_ws1/install/unity_robotics_demo_msgs/include/unity_robotics_demo_msgs/unity_robotics_demo_msgs/msg/detail/pos_rot__rosidl_typesupport_introspection_cpp.hpp
[0.988s] -- Up-to-date: /home/xrcdevelopment/ros/ros2_unity_ws1/install/unity_robotics_demo_msgs/include/unity_robotics_demo_msgs/unity_robotics_demo_msgs/srv
[0.988s] -- Up-to-date: /home/xrcdevelopment/ros/ros2_unity_ws1/install/unity_robotics_demo_msgs/include/unity_robotics_demo_msgs/unity_robotics_demo_msgs/srv/detail
[0.988s] -- Up-to-date: /home/xrcdevelopment/ros/ros2_unity_ws1/install/unity_robotics_demo_msgs/include/unity_robotics_demo_msgs/unity_robotics_demo_msgs/srv/detail/object_pose_service__type_support.cpp
[0.988s] -- Up-to-date: /home/xrcdevelopment/ros/ros2_unity_ws1/install/unity_robotics_demo_msgs/include/unity_robotics_demo_msgs/unity_robotics_demo_msgs/srv/detail/object_pose_service__rosidl_typesupport_introspection_cpp.hpp
[0.988s] -- Up-to-date: /home/xrcdevelopment/ros/ros2_unity_ws1/install/unity_robotics_demo_msgs/include/unity_robotics_demo_msgs/unity_robotics_demo_msgs/srv/detail/position_service__type_support.cpp
[0.988s] -- Up-to-date: /home/xrcdevelopment/ros/ros2_unity_ws1/install/unity_robotics_demo_msgs/include/unity_robotics_demo_msgs/unity_robotics_demo_msgs/srv/detail/position_service__rosidl_typesupport_introspection_cpp.hpp
[0.988s] -- Up-to-date: /home/xrcdevelopment/ros/ros2_unity_ws1/install/unity_robotics_demo_msgs/lib/libunity_robotics_demo_msgs__rosidl_typesupport_introspection_cpp.so
[0.988s] -- Up-to-date: /home/xrcdevelopment/ros/ros2_unity_ws1/install/unity_robotics_demo_msgs/lib/libunity_robotics_demo_msgs__rosidl_typesupport_cpp.so
[0.988s] -- Up-to-date: /home/xrcdevelopment/ros/ros2_unity_ws1/install/unity_robotics_demo_msgs/share/unity_robotics_demo_msgs/environment/pythonpath.sh
[0.989s] -- Up-to-date: /home/xrcdevelopment/ros/ros2_unity_ws1/install/unity_robotics_demo_msgs/share/unity_robotics_demo_msgs/environment/pythonpath.dsv
[0.989s] -- Up-to-date: /home/xrcdevelopment/ros/ros2_unity_ws1/install/unity_robotics_demo_msgs/local/lib/python3.10/dist-packages/unity_robotics_demo_msgs-0.0.1-py3.10.egg-info
[0.989s] -- Installing: /home/xrcdevelopment/ros/ros2_unity_ws1/install/unity_robotics_demo_msgs/local/lib/python3.10/dist-packages/unity_robotics_demo_msgs-0.0.1-py3.10.egg-info/SOURCES.txt
[0.989s] -- Installing: /home/xrcdevelopment/ros/ros2_unity_ws1/install/unity_robotics_demo_msgs/local/lib/python3.10/dist-packages/unity_robotics_demo_msgs-0.0.1-py3.10.egg-info/top_level.txt
[0.989s] -- Installing: /home/xrcdevelopment/ros/ros2_unity_ws1/install/unity_robotics_demo_msgs/local/lib/python3.10/dist-packages/unity_robotics_demo_msgs-0.0.1-py3.10.egg-info/PKG-INFO
[0.989s] -- Installing: /home/xrcdevelopment/ros/ros2_unity_ws1/install/unity_robotics_demo_msgs/local/lib/python3.10/dist-packages/unity_robotics_demo_msgs-0.0.1-py3.10.egg-info/dependency_links.txt
[0.989s] -- Up-to-date: /home/xrcdevelopment/ros/ros2_unity_ws1/install/unity_robotics_demo_msgs/local/lib/python3.10/dist-packages/unity_robotics_demo_msgs
[0.989s] -- Up-to-date: /home/xrcdevelopment/ros/ros2_unity_ws1/install/unity_robotics_demo_msgs/local/lib/python3.10/dist-packages/unity_robotics_demo_msgs/msg
[0.990s] -- Up-to-date: /home/xrcdevelopment/ros/ros2_unity_ws1/install/unity_robotics_demo_msgs/local/lib/python3.10/dist-packages/unity_robotics_demo_msgs/msg/_pos_rot_s.c
[0.990s] -- Up-to-date: /home/xrcdevelopment/ros/ros2_unity_ws1/install/unity_robotics_demo_msgs/local/lib/python3.10/dist-packages/unity_robotics_demo_msgs/msg/_unity_color.py
[0.990s] -- Up-to-date: /home/xrcdevelopment/ros/ros2_unity_ws1/install/unity_robotics_demo_msgs/local/lib/python3.10/dist-packages/unity_robotics_demo_msgs/msg/_pos_rot.py
[0.990s] -- Up-to-date: /home/xrcdevelopment/ros/ros2_unity_ws1/install/unity_robotics_demo_msgs/local/lib/python3.10/dist-packages/unity_robotics_demo_msgs/msg/__init__.py
[0.990s] -- Up-to-date: /home/xrcdevelopment/ros/ros2_unity_ws1/install/unity_robotics_demo_msgs/local/lib/python3.10/dist-packages/unity_robotics_demo_msgs/msg/_unity_color_s.c
[0.990s] -- Up-to-date: /home/xrcdevelopment/ros/ros2_unity_ws1/install/unity_robotics_demo_msgs/local/lib/python3.10/dist-packages/unity_robotics_demo_msgs/_unity_robotics_demo_msgs_s.ep.rosidl_typesupport_introspection_c.c
[0.990s] -- Up-to-date: /home/xrcdevelopment/ros/ros2_unity_ws1/install/unity_robotics_demo_msgs/local/lib/python3.10/dist-packages/unity_robotics_demo_msgs/libunity_robotics_demo_msgs__rosidl_generator_py.so
[0.990s] -- Up-to-date: /home/xrcdevelopment/ros/ros2_unity_ws1/install/unity_robotics_demo_msgs/local/lib/python3.10/dist-packages/unity_robotics_demo_msgs/_unity_robotics_demo_msgs_s.ep.rosidl_typesupport_fastrtps_c.c
[0.990s] -- Up-to-date: /home/xrcdevelopment/ros/ros2_unity_ws1/install/unity_robotics_demo_msgs/local/lib/python3.10/dist-packages/unity_robotics_demo_msgs/__init__.py
[0.991s] -- Up-to-date: /home/xrcdevelopment/ros/ros2_unity_ws1/install/unity_robotics_demo_msgs/local/lib/python3.10/dist-packages/unity_robotics_demo_msgs/unity_robotics_demo_msgs_s__rosidl_typesupport_introspection_c.cpython-310-x86_64-linux-gnu.so
[0.991s] -- Up-to-date: /home/xrcdevelopment/ros/ros2_unity_ws1/install/unity_robotics_demo_msgs/local/lib/python3.10/dist-packages/unity_robotics_demo_msgs/unity_robotics_demo_msgs_s__rosidl_typesupport_fastrtps_c.cpython-310-x86_64-linux-gnu.so
[0.991s] -- Up-to-date: /home/xrcdevelopment/ros/ros2_unity_ws1/install/unity_robotics_demo_msgs/local/lib/python3.10/dist-packages/unity_robotics_demo_msgs/srv
[0.991s] -- Up-to-date: /home/xrcdevelopment/ros/ros2_unity_ws1/install/unity_robotics_demo_msgs/local/lib/python3.10/dist-packages/unity_robotics_demo_msgs/srv/_object_pose_service.py
[0.991s] -- Up-to-date: /home/xrcdevelopment/ros/ros2_unity_ws1/install/unity_robotics_demo_msgs/local/lib/python3.10/dist-packages/unity_robotics_demo_msgs/srv/_object_pose_service_s.c
[0.991s] -- Up-to-date: /home/xrcdevelopment/ros/ros2_unity_ws1/install/unity_robotics_demo_msgs/local/lib/python3.10/dist-packages/unity_robotics_demo_msgs/srv/_position_service.py
[0.991s] -- Up-to-date: /home/xrcdevelopment/ros/ros2_unity_ws1/install/unity_robotics_demo_msgs/local/lib/python3.10/dist-packages/unity_robotics_demo_msgs/srv/_position_service_s.c
[0.991s] -- Up-to-date: /home/xrcdevelopment/ros/ros2_unity_ws1/install/unity_robotics_demo_msgs/local/lib/python3.10/dist-packages/unity_robotics_demo_msgs/srv/__init__.py
[0.991s] -- Up-to-date: /home/xrcdevelopment/ros/ros2_unity_ws1/install/unity_robotics_demo_msgs/local/lib/python3.10/dist-packages/unity_robotics_demo_msgs/_unity_robotics_demo_msgs_s.ep.rosidl_typesupport_c.c
[0.992s] -- Up-to-date: /home/xrcdevelopment/ros/ros2_unity_ws1/install/unity_robotics_demo_msgs/local/lib/python3.10/dist-packages/unity_robotics_demo_msgs/unity_robotics_demo_msgs_s__rosidl_typesupport_c.cpython-310-x86_64-linux-gnu.so
[1.011s] Listing '/home/xrcdevelopment/ros/ros2_unity_ws1/install/unity_robotics_demo_msgs/local/lib/python3.10/dist-packages/unity_robotics_demo_msgs'...
[1.011s] Listing '/home/xrcdevelopment/ros/ros2_unity_ws1/install/unity_robotics_demo_msgs/local/lib/python3.10/dist-packages/unity_robotics_demo_msgs/msg'...
[1.012s] Listing '/home/xrcdevelopment/ros/ros2_unity_ws1/install/unity_robotics_demo_msgs/local/lib/python3.10/dist-packages/unity_robotics_demo_msgs/srv'...
[1.015s] -- Up-to-date: /home/xrcdevelopment/ros/ros2_unity_ws1/install/unity_robotics_demo_msgs/local/lib/python3.10/dist-packages/unity_robotics_demo_msgs/unity_robotics_demo_msgs_s__rosidl_typesupport_fastrtps_c.cpython-310-x86_64-linux-gnu.so
[1.016s] -- Up-to-date: /home/xrcdevelopment/ros/ros2_unity_ws1/install/unity_robotics_demo_msgs/local/lib/python3.10/dist-packages/unity_robotics_demo_msgs/unity_robotics_demo_msgs_s__rosidl_typesupport_introspection_c.cpython-310-x86_64-linux-gnu.so
[1.016s] -- Up-to-date: /home/xrcdevelopment/ros/ros2_unity_ws1/install/unity_robotics_demo_msgs/local/lib/python3.10/dist-packages/unity_robotics_demo_msgs/unity_robotics_demo_msgs_s__rosidl_typesupport_c.cpython-310-x86_64-linux-gnu.so
[1.017s] -- Up-to-date: /home/xrcdevelopment/ros/ros2_unity_ws1/install/unity_robotics_demo_msgs/lib/libunity_robotics_demo_msgs__rosidl_generator_py.so
[1.017s] -- Up-to-date: /home/xrcdevelopment/ros/ros2_unity_ws1/install/unity_robotics_demo_msgs/share/unity_robotics_demo_msgs/msg/PosRot.idl
[1.017s] -- Up-to-date: /home/xrcdevelopment/ros/ros2_unity_ws1/install/unity_robotics_demo_msgs/share/unity_robotics_demo_msgs/msg/UnityColor.idl
[1.018s] -- Up-to-date: /home/xrcdevelopment/ros/ros2_unity_ws1/install/unity_robotics_demo_msgs/share/unity_robotics_demo_msgs/srv/PositionService.idl
[1.018s] -- Up-to-date: /home/xrcdevelopment/ros/ros2_unity_ws1/install/unity_robotics_demo_msgs/share/unity_robotics_demo_msgs/srv/ObjectPoseService.idl
[1.018s] -- Up-to-date: /home/xrcdevelopment/ros/ros2_unity_ws1/install/unity_robotics_demo_msgs/share/unity_robotics_demo_msgs/msg/PosRot.msg
[1.018s] -- Up-to-date: /home/xrcdevelopment/ros/ros2_unity_ws1/install/unity_robotics_demo_msgs/share/unity_robotics_demo_msgs/msg/UnityColor.msg
[1.018s] -- Up-to-date: /home/xrcdevelopment/ros/ros2_unity_ws1/install/unity_robotics_demo_msgs/share/unity_robotics_demo_msgs/srv/PositionService.srv
[1.018s] -- Up-to-date: /home/xrcdevelopment/ros/ros2_unity_ws1/install/unity_robotics_demo_msgs/share/unity_robotics_demo_msgs/srv/PositionService_Request.msg
[1.018s] -- Up-to-date: /home/xrcdevelopment/ros/ros2_unity_ws1/install/unity_robotics_demo_msgs/share/unity_robotics_demo_msgs/srv/PositionService_Response.msg
[1.019s] -- Up-to-date: /home/xrcdevelopment/ros/ros2_unity_ws1/install/unity_robotics_demo_msgs/share/unity_robotics_demo_msgs/srv/ObjectPoseService.srv
[1.019s] -- Up-to-date: /home/xrcdevelopment/ros/ros2_unity_ws1/install/unity_robotics_demo_msgs/share/unity_robotics_demo_msgs/srv/ObjectPoseService_Request.msg
[1.019s] -- Up-to-date: /home/xrcdevelopment/ros/ros2_unity_ws1/install/unity_robotics_demo_msgs/share/unity_robotics_demo_msgs/srv/ObjectPoseService_Response.msg
[1.019s] -- Up-to-date: /home/xrcdevelopment/ros/ros2_unity_ws1/install/unity_robotics_demo_msgs/share/ament_index/resource_index/package_run_dependencies/unity_robotics_demo_msgs
[1.019s] -- Up-to-date: /home/xrcdevelopment/ros/ros2_unity_ws1/install/unity_robotics_demo_msgs/share/ament_index/resource_index/parent_prefix_path/unity_robotics_demo_msgs
[1.019s] -- Up-to-date: /home/xrcdevelopment/ros/ros2_unity_ws1/install/unity_robotics_demo_msgs/share/unity_robotics_demo_msgs/environment/ament_prefix_path.sh
[1.019s] -- Up-to-date: /home/xrcdevelopment/ros/ros2_unity_ws1/install/unity_robotics_demo_msgs/share/unity_robotics_demo_msgs/environment/ament_prefix_path.dsv
[1.019s] -- Up-to-date: /home/xrcdevelopment/ros/ros2_unity_ws1/install/unity_robotics_demo_msgs/share/unity_robotics_demo_msgs/environment/path.sh
[1.020s] -- Up-to-date: /home/xrcdevelopment/ros/ros2_unity_ws1/install/unity_robotics_demo_msgs/share/unity_robotics_demo_msgs/environment/path.dsv
[1.020s] -- Up-to-date: /home/xrcdevelopment/ros/ros2_unity_ws1/install/unity_robotics_demo_msgs/share/unity_robotics_demo_msgs/local_setup.bash
[1.020s] -- Up-to-date: /home/xrcdevelopment/ros/ros2_unity_ws1/install/unity_robotics_demo_msgs/share/unity_robotics_demo_msgs/local_setup.sh
[1.020s] -- Up-to-date: /home/xrcdevelopment/ros/ros2_unity_ws1/install/unity_robotics_demo_msgs/share/unity_robotics_demo_msgs/local_setup.zsh
[1.020s] -- Up-to-date: /home/xrcdevelopment/ros/ros2_unity_ws1/install/unity_robotics_demo_msgs/share/unity_robotics_demo_msgs/local_setup.dsv
[1.020s] -- Installing: /home/xrcdevelopment/ros/ros2_unity_ws1/install/unity_robotics_demo_msgs/share/unity_robotics_demo_msgs/package.dsv
[1.020s] -- Up-to-date: /home/xrcdevelopment/ros/ros2_unity_ws1/install/unity_robotics_demo_msgs/share/ament_index/resource_index/packages/unity_robotics_demo_msgs
[1.021s] -- Up-to-date: /home/xrcdevelopment/ros/ros2_unity_ws1/install/unity_robotics_demo_msgs/share/unity_robotics_demo_msgs/cmake/export_unity_robotics_demo_msgs__rosidl_generator_cExport.cmake
[1.021s] -- Up-to-date: /home/xrcdevelopment/ros/ros2_unity_ws1/install/unity_robotics_demo_msgs/share/unity_robotics_demo_msgs/cmake/export_unity_robotics_demo_msgs__rosidl_generator_cExport-noconfig.cmake
[1.021s] -- Up-to-date: /home/xrcdevelopment/ros/ros2_unity_ws1/install/unity_robotics_demo_msgs/share/unity_robotics_demo_msgs/cmake/export_unity_robotics_demo_msgs__rosidl_typesupport_fastrtps_cExport.cmake
[1.021s] -- Up-to-date: /home/xrcdevelopment/ros/ros2_unity_ws1/install/unity_robotics_demo_msgs/share/unity_robotics_demo_msgs/cmake/export_unity_robotics_demo_msgs__rosidl_typesupport_fastrtps_cExport-noconfig.cmake
[1.021s] -- Up-to-date: /home/xrcdevelopment/ros/ros2_unity_ws1/install/unity_robotics_demo_msgs/share/unity_robotics_demo_msgs/cmake/unity_robotics_demo_msgs__rosidl_typesupport_introspection_cExport.cmake
[1.021s] -- Up-to-date: /home/xrcdevelopment/ros/ros2_unity_ws1/install/unity_robotics_demo_msgs/share/unity_robotics_demo_msgs/cmake/unity_robotics_demo_msgs__rosidl_typesupport_introspection_cExport-noconfig.cmake
[1.021s] -- Up-to-date: /home/xrcdevelopment/ros/ros2_unity_ws1/install/unity_robotics_demo_msgs/share/unity_robotics_demo_msgs/cmake/unity_robotics_demo_msgs__rosidl_typesupport_cExport.cmake
[1.021s] -- Up-to-date: /home/xrcdevelopment/ros/ros2_unity_ws1/install/unity_robotics_demo_msgs/share/unity_robotics_demo_msgs/cmake/unity_robotics_demo_msgs__rosidl_typesupport_cExport-noconfig.cmake
[1.021s] -- Up-to-date: /home/xrcdevelopment/ros/ros2_unity_ws1/install/unity_robotics_demo_msgs/share/unity_robotics_demo_msgs/cmake/export_unity_robotics_demo_msgs__rosidl_generator_cppExport.cmake
[1.022s] -- Up-to-date: /home/xrcdevelopment/ros/ros2_unity_ws1/install/unity_robotics_demo_msgs/share/unity_robotics_demo_msgs/cmake/export_unity_robotics_demo_msgs__rosidl_typesupport_fastrtps_cppExport.cmake
[1.022s] -- Up-to-date: /home/xrcdevelopment/ros/ros2_unity_ws1/install/unity_robotics_demo_msgs/share/unity_robotics_demo_msgs/cmake/export_unity_robotics_demo_msgs__rosidl_typesupport_fastrtps_cppExport-noconfig.cmake
[1.022s] -- Up-to-date: /home/xrcdevelopment/ros/ros2_unity_ws1/install/unity_robotics_demo_msgs/share/unity_robotics_demo_msgs/cmake/unity_robotics_demo_msgs__rosidl_typesupport_introspection_cppExport.cmake
[1.022s] -- Up-to-date: /home/xrcdevelopment/ros/ros2_unity_ws1/install/unity_robotics_demo_msgs/share/unity_robotics_demo_msgs/cmake/unity_robotics_demo_msgs__rosidl_typesupport_introspection_cppExport-noconfig.cmake
[1.022s] -- Up-to-date: /home/xrcdevelopment/ros/ros2_unity_ws1/install/unity_robotics_demo_msgs/share/unity_robotics_demo_msgs/cmake/unity_robotics_demo_msgs__rosidl_typesupport_cppExport.cmake
[1.022s] -- Up-to-date: /home/xrcdevelopment/ros/ros2_unity_ws1/install/unity_robotics_demo_msgs/share/unity_robotics_demo_msgs/cmake/unity_robotics_demo_msgs__rosidl_typesupport_cppExport-noconfig.cmake
[1.022s] -- Up-to-date: /home/xrcdevelopment/ros/ros2_unity_ws1/install/unity_robotics_demo_msgs/share/unity_robotics_demo_msgs/cmake/export_unity_robotics_demo_msgs__rosidl_generator_pyExport.cmake
[1.022s] -- Up-to-date: /home/xrcdevelopment/ros/ros2_unity_ws1/install/unity_robotics_demo_msgs/share/unity_robotics_demo_msgs/cmake/export_unity_robotics_demo_msgs__rosidl_generator_pyExport-noconfig.cmake
[1.022s] -- Up-to-date: /home/xrcdevelopment/ros/ros2_unity_ws1/install/unity_robotics_demo_msgs/share/unity_robotics_demo_msgs/cmake/rosidl_cmake-extras.cmake
[1.023s] -- Up-to-date: /home/xrcdevelopment/ros/ros2_unity_ws1/install/unity_robotics_demo_msgs/share/unity_robotics_demo_msgs/cmake/ament_cmake_export_dependencies-extras.cmake
[1.023s] -- Up-to-date: /home/xrcdevelopment/ros/ros2_unity_ws1/install/unity_robotics_demo_msgs/share/unity_robotics_demo_msgs/cmake/ament_cmake_export_include_directories-extras.cmake
[1.023s] -- Up-to-date: /home/xrcdevelopment/ros/ros2_unity_ws1/install/unity_robotics_demo_msgs/share/unity_robotics_demo_msgs/cmake/ament_cmake_export_libraries-extras.cmake
[1.024s] -- Up-to-date: /home/xrcdevelopment/ros/ros2_unity_ws1/install/unity_robotics_demo_msgs/share/unity_robotics_demo_msgs/cmake/ament_cmake_export_targets-extras.cmake
[1.024s] -- Up-to-date: /home/xrcdevelopment/ros/ros2_unity_ws1/install/unity_robotics_demo_msgs/share/unity_robotics_demo_msgs/cmake/rosidl_cmake_export_typesupport_targets-extras.cmake
[1.024s] -- Up-to-date: /home/xrcdevelopment/ros/ros2_unity_ws1/install/unity_robotics_demo_msgs/share/unity_robotics_demo_msgs/cmake/rosidl_cmake_export_typesupport_libraries-extras.cmake
[1.025s] -- Up-to-date: /home/xrcdevelopment/ros/ros2_unity_ws1/install/unity_robotics_demo_msgs/share/unity_robotics_demo_msgs/cmake/unity_robotics_demo_msgsConfig.cmake
[1.025s] -- Up-to-date: /home/xrcdevelopment/ros/ros2_unity_ws1/install/unity_robotics_demo_msgs/share/unity_robotics_demo_msgs/cmake/unity_robotics_demo_msgsConfig-version.cmake
[1.026s] -- Up-to-date: /home/xrcdevelopment/ros/ros2_unity_ws1/install/unity_robotics_demo_msgs/share/unity_robotics_demo_msgs/package.xml
[1.026s] Invoked command in '/home/xrcdevelopment/ros/ros2_unity_ws1/build/unity_robotics_demo_msgs' returned '0': CMAKE_PREFIX_PATH=${CMAKE_PREFIX_PATH}:/home/xrcdevelopment/ros/ros2_unity_ws1/install/unity_robotics_demo:/home/xrcdevelopment/ros/ros2_unity_ws1/install/ros_tcp_endpoint:/opt/ros/humble /usr/bin/cmake --install /home/xrcdevelopment/ros/ros2_unity_ws1/build/unity_robotics_demo_msgs
