[0.806s] Invoking command in '/home/xrcdevelopment/ros/ros2_unity_ws1/src/unity_robotics_demo': PYTHONPATH=/home/xrcdevelopment/ros/ros2_unity_ws1/build/unity_robotics_demo/prefix_override:/home/xrcdevelopment/ros/ros2_unity_ws1/install/unity_robotics_demo/lib/python3.10/site-packages:${PYTHONPATH} /usr/bin/python3 setup.py egg_info --egg-base ../../build/unity_robotics_demo build --build-base /home/xrcdevelopment/ros/ros2_unity_ws1/build/unity_robotics_demo/build install --record /home/xrcdevelopment/ros/ros2_unity_ws1/build/unity_robotics_demo/install.log --install-scripts $base/lib/unity_robotics_demo --single-version-externally-managed
[1.047s] /usr/lib/python3/dist-packages/setuptools/dist.py:723: UserWarning: Usage of dash-separated 'script-dir' will not be supported in future versions. Please use the underscore name 'script_dir' instead
[1.047s]   warnings.warn(
[1.056s] running egg_info
[1.056s] writing ../../build/unity_robotics_demo/unity_robotics_demo.egg-info/PKG-INFO
[1.057s] writing dependency_links to ../../build/unity_robotics_demo/unity_robotics_demo.egg-info/dependency_links.txt
[1.057s] writing entry points to ../../build/unity_robotics_demo/unity_robotics_demo.egg-info/entry_points.txt
[1.057s] writing requirements to ../../build/unity_robotics_demo/unity_robotics_demo.egg-info/requires.txt
[1.057s] writing top-level names to ../../build/unity_robotics_demo/unity_robotics_demo.egg-info/top_level.txt
[1.059s] reading manifest file '../../build/unity_robotics_demo/unity_robotics_demo.egg-info/SOURCES.txt'
[1.061s] writing manifest file '../../build/unity_robotics_demo/unity_robotics_demo.egg-info/SOURCES.txt'
[1.061s] running build
[1.061s] running build_py
[1.062s] copying unity_robotics_demo/object_change.py -> /home/xrcdevelopment/ros/ros2_unity_ws1/build/unity_robotics_demo/build/lib/unity_robotics_demo
[1.062s] running install
[1.062s] /usr/lib/python3/dist-packages/setuptools/command/install.py:34: SetuptoolsDeprecationWarning: setup.py install is deprecated. Use build and pip and other standards-based tools.
[1.062s]   warnings.warn(
[1.062s] running install_lib
[1.063s] copying /home/xrcdevelopment/ros/ros2_unity_ws1/build/unity_robotics_demo/build/lib/unity_robotics_demo/object_change.py -> /home/xrcdevelopment/ros/ros2_unity_ws1/install/unity_robotics_demo/lib/python3.10/site-packages/unity_robotics_demo
[1.064s] byte-compiling /home/xrcdevelopment/ros/ros2_unity_ws1/install/unity_robotics_demo/lib/python3.10/site-packages/unity_robotics_demo/object_change.py to object_change.cpython-310.pyc
[1.065s] running install_data
[1.066s] running install_egg_info
[1.067s] removing '/home/xrcdevelopment/ros/ros2_unity_ws1/install/unity_robotics_demo/lib/python3.10/site-packages/unity_robotics_demo-0.0.1-py3.10.egg-info' (and everything under it)
[1.067s] Copying ../../build/unity_robotics_demo/unity_robotics_demo.egg-info to /home/xrcdevelopment/ros/ros2_unity_ws1/install/unity_robotics_demo/lib/python3.10/site-packages/unity_robotics_demo-0.0.1-py3.10.egg-info
[1.068s] running install_scripts
[1.088s] Installing color_publisher script to /home/xrcdevelopment/ros/ros2_unity_ws1/install/unity_robotics_demo/lib/unity_robotics_demo
[1.089s] Installing object_change script to /home/xrcdevelopment/ros/ros2_unity_ws1/install/unity_robotics_demo/lib/unity_robotics_demo
[1.089s] Installing position_service script to /home/xrcdevelopment/ros/ros2_unity_ws1/install/unity_robotics_demo/lib/unity_robotics_demo
[1.089s] writing list of installed files to '/home/xrcdevelopment/ros/ros2_unity_ws1/build/unity_robotics_demo/install.log'
[1.120s] Invoked command in '/home/xrcdevelopment/ros/ros2_unity_ws1/src/unity_robotics_demo' returned '0': PYTHONPATH=/home/xrcdevelopment/ros/ros2_unity_ws1/build/unity_robotics_demo/prefix_override:/home/xrcdevelopment/ros/ros2_unity_ws1/install/unity_robotics_demo/lib/python3.10/site-packages:${PYTHONPATH} /usr/bin/python3 setup.py egg_info --egg-base ../../build/unity_robotics_demo build --build-base /home/xrcdevelopment/ros/ros2_unity_ws1/build/unity_robotics_demo/build install --record /home/xrcdevelopment/ros/ros2_unity_ws1/build/unity_robotics_demo/install.log --install-scripts $base/lib/unity_robotics_demo --single-version-externally-managed
