[0.275s] DEBUG:colcon:Command line arguments: ['/usr/bin/colcon', 'build']
[0.275s] DEBUG:colcon:Parsed command line arguments: Namespace(log_base=None, log_level=None, verb_name='build', build_base='build', install_base='install', merge_install=False, symlink_install=False, test_result_base=None, continue_on_error=False, executor='parallel', parallel_workers=8, event_handlers=None, ignore_user_meta=False, metas=['./colcon.meta'], base_paths=['.'], packages_ignore=None, packages_ignore_regex=None, paths=None, packages_up_to=None, packages_up_to_regex=None, packages_above=None, packages_above_and_dependencies=None, packages_above_depth=None, packages_select_by_dep=None, packages_skip_by_dep=None, packages_skip_up_to=None, packages_select_build_failed=False, packages_skip_build_finished=False, packages_select_test_failures=False, packages_skip_test_passed=False, packages_select=None, packages_skip=None, packages_select_regex=None, packages_skip_regex=None, packages_start=None, packages_end=None, allow_overriding=[], cmake_args=None, cmake_target=None, cmake_target_skip_unavailable=False, cmake_clean_cache=False, cmake_clean_first=False, cmake_force_configure=False, ament_cmake_args=None, catkin_cmake_args=None, catkin_skip_building_tests=False, verb_parser=<colcon_defaults.argument_parser.defaults.DefaultArgumentsDecorator object at 0x7f3597ac6dd0>, verb_extension=<colcon_core.verb.build.BuildVerb object at 0x7f3598329c30>, main=<bound method BuildVerb.main of <colcon_core.verb.build.BuildVerb object at 0x7f3598329c30>>)
[0.303s] Level 1:colcon.colcon_core.package_discovery:discover_packages(colcon_meta) check parameters
[0.303s] Level 1:colcon.colcon_core.package_discovery:discover_packages(recursive) check parameters
[0.303s] Level 1:colcon.colcon_core.package_discovery:discover_packages(ignore) check parameters
[0.303s] Level 1:colcon.colcon_core.package_discovery:discover_packages(path) check parameters
[0.303s] Level 1:colcon.colcon_core.package_discovery:discover_packages(colcon_meta) discover
[0.303s] Level 1:colcon.colcon_core.package_discovery:discover_packages(recursive) discover
[0.303s] INFO:colcon.colcon_core.package_discovery:Crawling recursively for packages in '/home/xrcdevelopment/IXR_ROS_Files/ros2_robotis_ws'
[0.304s] Level 1:colcon.colcon_core.package_identification:_identify(.) by extensions ['ignore', 'ignore_ament_install']
[0.304s] Level 1:colcon.colcon_core.package_identification:_identify(.) by extension 'ignore'
[0.304s] Level 1:colcon.colcon_core.package_identification:_identify(.) by extension 'ignore_ament_install'
[0.304s] Level 1:colcon.colcon_core.package_identification:_identify(.) by extensions ['colcon_pkg']
[0.304s] Level 1:colcon.colcon_core.package_identification:_identify(.) by extension 'colcon_pkg'
[0.304s] Level 1:colcon.colcon_core.package_identification:_identify(.) by extensions ['colcon_meta']
[0.304s] Level 1:colcon.colcon_core.package_identification:_identify(.) by extension 'colcon_meta'
[0.304s] Level 1:colcon.colcon_core.package_identification:_identify(.) by extensions ['ros']
[0.304s] Level 1:colcon.colcon_core.package_identification:_identify(.) by extension 'ros'
[0.314s] Level 1:colcon.colcon_core.package_identification:_identify(.) by extensions ['cmake', 'python']
[0.315s] Level 1:colcon.colcon_core.package_identification:_identify(.) by extension 'cmake'
[0.315s] Level 1:colcon.colcon_core.package_identification:_identify(.) by extension 'python'
[0.315s] Level 1:colcon.colcon_core.package_identification:_identify(.) by extensions ['python_setup_py']
[0.315s] Level 1:colcon.colcon_core.package_identification:_identify(.) by extension 'python_setup_py'
[0.315s] Level 1:colcon.colcon_core.package_identification:_identify(build) by extensions ['ignore', 'ignore_ament_install']
[0.315s] Level 1:colcon.colcon_core.package_identification:_identify(build) by extension 'ignore'
[0.315s] Level 1:colcon.colcon_core.package_identification:_identify(build) ignored
[0.315s] Level 1:colcon.colcon_core.package_identification:_identify(install) by extensions ['ignore', 'ignore_ament_install']
[0.315s] Level 1:colcon.colcon_core.package_identification:_identify(install) by extension 'ignore'
[0.315s] Level 1:colcon.colcon_core.package_identification:_identify(install) ignored
[0.316s] Level 1:colcon.colcon_core.package_identification:_identify(log) by extensions ['ignore', 'ignore_ament_install']
[0.316s] Level 1:colcon.colcon_core.package_identification:_identify(log) by extension 'ignore'
[0.316s] Level 1:colcon.colcon_core.package_identification:_identify(log) ignored
[0.316s] Level 1:colcon.colcon_core.package_identification:_identify(src) by extensions ['ignore', 'ignore_ament_install']
[0.316s] Level 1:colcon.colcon_core.package_identification:_identify(src) by extension 'ignore'
[0.316s] Level 1:colcon.colcon_core.package_identification:_identify(src) by extension 'ignore_ament_install'
[0.316s] Level 1:colcon.colcon_core.package_identification:_identify(src) by extensions ['colcon_pkg']
[0.316s] Level 1:colcon.colcon_core.package_identification:_identify(src) by extension 'colcon_pkg'
[0.316s] Level 1:colcon.colcon_core.package_identification:_identify(src) by extensions ['colcon_meta']
[0.316s] Level 1:colcon.colcon_core.package_identification:_identify(src) by extension 'colcon_meta'
[0.316s] Level 1:colcon.colcon_core.package_identification:_identify(src) by extensions ['ros']
[0.316s] Level 1:colcon.colcon_core.package_identification:_identify(src) by extension 'ros'
[0.316s] Level 1:colcon.colcon_core.package_identification:_identify(src) by extensions ['cmake', 'python']
[0.316s] Level 1:colcon.colcon_core.package_identification:_identify(src) by extension 'cmake'
[0.317s] Level 1:colcon.colcon_core.package_identification:_identify(src) by extension 'python'
[0.317s] Level 1:colcon.colcon_core.package_identification:_identify(src) by extensions ['python_setup_py']
[0.317s] Level 1:colcon.colcon_core.package_identification:_identify(src) by extension 'python_setup_py'
[0.317s] Level 1:colcon.colcon_core.package_identification:_identify(src/DynamixelSDK) by extensions ['ignore', 'ignore_ament_install']
[0.317s] Level 1:colcon.colcon_core.package_identification:_identify(src/DynamixelSDK) by extension 'ignore'
[0.317s] Level 1:colcon.colcon_core.package_identification:_identify(src/DynamixelSDK) by extension 'ignore_ament_install'
[0.317s] Level 1:colcon.colcon_core.package_identification:_identify(src/DynamixelSDK) by extensions ['colcon_pkg']
[0.317s] Level 1:colcon.colcon_core.package_identification:_identify(src/DynamixelSDK) by extension 'colcon_pkg'
[0.317s] Level 1:colcon.colcon_core.package_identification:_identify(src/DynamixelSDK) by extensions ['colcon_meta']
[0.317s] Level 1:colcon.colcon_core.package_identification:_identify(src/DynamixelSDK) by extension 'colcon_meta'
[0.317s] Level 1:colcon.colcon_core.package_identification:_identify(src/DynamixelSDK) by extensions ['ros']
[0.317s] Level 1:colcon.colcon_core.package_identification:_identify(src/DynamixelSDK) by extension 'ros'
[0.317s] Level 1:colcon.colcon_core.package_identification:_identify(src/DynamixelSDK) by extensions ['cmake', 'python']
[0.317s] Level 1:colcon.colcon_core.package_identification:_identify(src/DynamixelSDK) by extension 'cmake'
[0.318s] Level 1:colcon.colcon_core.package_identification:_identify(src/DynamixelSDK) by extension 'python'
[0.318s] Level 1:colcon.colcon_core.package_identification:_identify(src/DynamixelSDK) by extensions ['python_setup_py']
[0.318s] Level 1:colcon.colcon_core.package_identification:_identify(src/DynamixelSDK) by extension 'python_setup_py'
[0.318s] Level 1:colcon.colcon_core.package_identification:_identify(src/DynamixelSDK/dynamixel_sdk) by extensions ['ignore', 'ignore_ament_install']
[0.318s] Level 1:colcon.colcon_core.package_identification:_identify(src/DynamixelSDK/dynamixel_sdk) by extension 'ignore'
[0.318s] Level 1:colcon.colcon_core.package_identification:_identify(src/DynamixelSDK/dynamixel_sdk) by extension 'ignore_ament_install'
[0.318s] Level 1:colcon.colcon_core.package_identification:_identify(src/DynamixelSDK/dynamixel_sdk) by extensions ['colcon_pkg']
[0.318s] Level 1:colcon.colcon_core.package_identification:_identify(src/DynamixelSDK/dynamixel_sdk) by extension 'colcon_pkg'
[0.318s] Level 1:colcon.colcon_core.package_identification:_identify(src/DynamixelSDK/dynamixel_sdk) by extensions ['colcon_meta']
[0.318s] Level 1:colcon.colcon_core.package_identification:_identify(src/DynamixelSDK/dynamixel_sdk) by extension 'colcon_meta'
[0.318s] Level 1:colcon.colcon_core.package_identification:_identify(src/DynamixelSDK/dynamixel_sdk) by extensions ['ros']
[0.318s] Level 1:colcon.colcon_core.package_identification:_identify(src/DynamixelSDK/dynamixel_sdk) by extension 'ros'
[0.320s] DEBUG:colcon.colcon_core.package_identification:Package 'src/DynamixelSDK/dynamixel_sdk' with type 'ros.ament_cmake' and name 'dynamixel_sdk'
[0.321s] Level 1:colcon.colcon_core.package_identification:_identify(src/DynamixelSDK/dynamixel_sdk_custom_interfaces) by extensions ['ignore', 'ignore_ament_install']
[0.321s] Level 1:colcon.colcon_core.package_identification:_identify(src/DynamixelSDK/dynamixel_sdk_custom_interfaces) by extension 'ignore'
[0.321s] Level 1:colcon.colcon_core.package_identification:_identify(src/DynamixelSDK/dynamixel_sdk_custom_interfaces) by extension 'ignore_ament_install'
[0.321s] Level 1:colcon.colcon_core.package_identification:_identify(src/DynamixelSDK/dynamixel_sdk_custom_interfaces) by extensions ['colcon_pkg']
[0.321s] Level 1:colcon.colcon_core.package_identification:_identify(src/DynamixelSDK/dynamixel_sdk_custom_interfaces) by extension 'colcon_pkg'
[0.321s] Level 1:colcon.colcon_core.package_identification:_identify(src/DynamixelSDK/dynamixel_sdk_custom_interfaces) by extensions ['colcon_meta']
[0.321s] Level 1:colcon.colcon_core.package_identification:_identify(src/DynamixelSDK/dynamixel_sdk_custom_interfaces) by extension 'colcon_meta'
[0.321s] Level 1:colcon.colcon_core.package_identification:_identify(src/DynamixelSDK/dynamixel_sdk_custom_interfaces) by extensions ['ros']
[0.321s] Level 1:colcon.colcon_core.package_identification:_identify(src/DynamixelSDK/dynamixel_sdk_custom_interfaces) by extension 'ros'
[0.322s] DEBUG:colcon.colcon_core.package_identification:Package 'src/DynamixelSDK/dynamixel_sdk_custom_interfaces' with type 'ros.ament_cmake' and name 'dynamixel_sdk_custom_interfaces'
[0.322s] Level 1:colcon.colcon_core.package_identification:_identify(src/DynamixelSDK/dynamixel_sdk_examples) by extensions ['ignore', 'ignore_ament_install']
[0.322s] Level 1:colcon.colcon_core.package_identification:_identify(src/DynamixelSDK/dynamixel_sdk_examples) by extension 'ignore'
[0.322s] Level 1:colcon.colcon_core.package_identification:_identify(src/DynamixelSDK/dynamixel_sdk_examples) by extension 'ignore_ament_install'
[0.322s] Level 1:colcon.colcon_core.package_identification:_identify(src/DynamixelSDK/dynamixel_sdk_examples) by extensions ['colcon_pkg']
[0.322s] Level 1:colcon.colcon_core.package_identification:_identify(src/DynamixelSDK/dynamixel_sdk_examples) by extension 'colcon_pkg'
[0.322s] Level 1:colcon.colcon_core.package_identification:_identify(src/DynamixelSDK/dynamixel_sdk_examples) by extensions ['colcon_meta']
[0.322s] Level 1:colcon.colcon_core.package_identification:_identify(src/DynamixelSDK/dynamixel_sdk_examples) by extension 'colcon_meta'
[0.322s] Level 1:colcon.colcon_core.package_identification:_identify(src/DynamixelSDK/dynamixel_sdk_examples) by extensions ['ros']
[0.322s] Level 1:colcon.colcon_core.package_identification:_identify(src/DynamixelSDK/dynamixel_sdk_examples) by extension 'ros'
[0.323s] DEBUG:colcon.colcon_core.package_identification:Package 'src/DynamixelSDK/dynamixel_sdk_examples' with type 'ros.ament_cmake' and name 'dynamixel_sdk_examples'
[0.323s] Level 1:colcon.colcon_core.package_discovery:discover_packages(recursive) using defaults
[0.323s] Level 1:colcon.colcon_core.package_discovery:discover_packages(ignore) discover
[0.323s] Level 1:colcon.colcon_core.package_discovery:discover_packages(ignore) using defaults
[0.323s] Level 1:colcon.colcon_core.package_discovery:discover_packages(path) discover
[0.323s] Level 1:colcon.colcon_core.package_discovery:discover_packages(path) using defaults
[0.344s] Level 1:colcon.colcon_core.package_discovery:discover_packages(prefix_path) check parameters
[0.344s] Level 1:colcon.colcon_core.package_discovery:discover_packages(prefix_path) discover
[0.346s] DEBUG:colcon.colcon_installed_package_information.package_discovery:Found 3 installed packages in /home/xrcdevelopment/IXR_ROS_Files/ros2_robotis_ws/install
[0.347s] DEBUG:colcon.colcon_installed_package_information.package_discovery:Found 3 installed packages in /home/xrcdevelopment/ros/ros2_unity_ws1/install
[0.349s] DEBUG:colcon.colcon_installed_package_information.package_discovery:Found 271 installed packages in /opt/ros/humble
[0.351s] Level 1:colcon.colcon_core.package_discovery:discover_packages(prefix_path) using defaults
[0.405s] Level 5:colcon.colcon_core.verb:set package 'dynamixel_sdk' build argument 'cmake_args' from command line to 'None'
[0.405s] Level 5:colcon.colcon_core.verb:set package 'dynamixel_sdk' build argument 'cmake_target' from command line to 'None'
[0.405s] Level 5:colcon.colcon_core.verb:set package 'dynamixel_sdk' build argument 'cmake_target_skip_unavailable' from command line to 'False'
[0.405s] Level 5:colcon.colcon_core.verb:set package 'dynamixel_sdk' build argument 'cmake_clean_cache' from command line to 'False'
[0.405s] Level 5:colcon.colcon_core.verb:set package 'dynamixel_sdk' build argument 'cmake_clean_first' from command line to 'False'
[0.405s] Level 5:colcon.colcon_core.verb:set package 'dynamixel_sdk' build argument 'cmake_force_configure' from command line to 'False'
[0.405s] Level 5:colcon.colcon_core.verb:set package 'dynamixel_sdk' build argument 'ament_cmake_args' from command line to 'None'
[0.405s] Level 5:colcon.colcon_core.verb:set package 'dynamixel_sdk' build argument 'catkin_cmake_args' from command line to 'None'
[0.405s] Level 5:colcon.colcon_core.verb:set package 'dynamixel_sdk' build argument 'catkin_skip_building_tests' from command line to 'False'
[0.405s] DEBUG:colcon.colcon_core.verb:Building package 'dynamixel_sdk' with the following arguments: {'ament_cmake_args': None, 'build_base': '/home/xrcdevelopment/IXR_ROS_Files/ros2_robotis_ws/build/dynamixel_sdk', 'catkin_cmake_args': None, 'catkin_skip_building_tests': False, 'cmake_args': None, 'cmake_clean_cache': False, 'cmake_clean_first': False, 'cmake_force_configure': False, 'cmake_target': None, 'cmake_target_skip_unavailable': False, 'install_base': '/home/xrcdevelopment/IXR_ROS_Files/ros2_robotis_ws/install/dynamixel_sdk', 'merge_install': False, 'path': '/home/xrcdevelopment/IXR_ROS_Files/ros2_robotis_ws/src/DynamixelSDK/dynamixel_sdk', 'symlink_install': False, 'test_result_base': None}
[0.406s] Level 5:colcon.colcon_core.verb:set package 'dynamixel_sdk_custom_interfaces' build argument 'cmake_args' from command line to 'None'
[0.406s] Level 5:colcon.colcon_core.verb:set package 'dynamixel_sdk_custom_interfaces' build argument 'cmake_target' from command line to 'None'
[0.406s] Level 5:colcon.colcon_core.verb:set package 'dynamixel_sdk_custom_interfaces' build argument 'cmake_target_skip_unavailable' from command line to 'False'
[0.406s] Level 5:colcon.colcon_core.verb:set package 'dynamixel_sdk_custom_interfaces' build argument 'cmake_clean_cache' from command line to 'False'
[0.406s] Level 5:colcon.colcon_core.verb:set package 'dynamixel_sdk_custom_interfaces' build argument 'cmake_clean_first' from command line to 'False'
[0.406s] Level 5:colcon.colcon_core.verb:set package 'dynamixel_sdk_custom_interfaces' build argument 'cmake_force_configure' from command line to 'False'
[0.407s] Level 5:colcon.colcon_core.verb:set package 'dynamixel_sdk_custom_interfaces' build argument 'ament_cmake_args' from command line to 'None'
[0.407s] Level 5:colcon.colcon_core.verb:set package 'dynamixel_sdk_custom_interfaces' build argument 'catkin_cmake_args' from command line to 'None'
[0.407s] Level 5:colcon.colcon_core.verb:set package 'dynamixel_sdk_custom_interfaces' build argument 'catkin_skip_building_tests' from command line to 'False'
[0.407s] DEBUG:colcon.colcon_core.verb:Building package 'dynamixel_sdk_custom_interfaces' with the following arguments: {'ament_cmake_args': None, 'build_base': '/home/xrcdevelopment/IXR_ROS_Files/ros2_robotis_ws/build/dynamixel_sdk_custom_interfaces', 'catkin_cmake_args': None, 'catkin_skip_building_tests': False, 'cmake_args': None, 'cmake_clean_cache': False, 'cmake_clean_first': False, 'cmake_force_configure': False, 'cmake_target': None, 'cmake_target_skip_unavailable': False, 'install_base': '/home/xrcdevelopment/IXR_ROS_Files/ros2_robotis_ws/install/dynamixel_sdk_custom_interfaces', 'merge_install': False, 'path': '/home/xrcdevelopment/IXR_ROS_Files/ros2_robotis_ws/src/DynamixelSDK/dynamixel_sdk_custom_interfaces', 'symlink_install': False, 'test_result_base': None}
[0.407s] Level 5:colcon.colcon_core.verb:set package 'dynamixel_sdk_examples' build argument 'cmake_args' from command line to 'None'
[0.407s] Level 5:colcon.colcon_core.verb:set package 'dynamixel_sdk_examples' build argument 'cmake_target' from command line to 'None'
[0.407s] Level 5:colcon.colcon_core.verb:set package 'dynamixel_sdk_examples' build argument 'cmake_target_skip_unavailable' from command line to 'False'
[0.407s] Level 5:colcon.colcon_core.verb:set package 'dynamixel_sdk_examples' build argument 'cmake_clean_cache' from command line to 'False'
[0.407s] Level 5:colcon.colcon_core.verb:set package 'dynamixel_sdk_examples' build argument 'cmake_clean_first' from command line to 'False'
[0.408s] Level 5:colcon.colcon_core.verb:set package 'dynamixel_sdk_examples' build argument 'cmake_force_configure' from command line to 'False'
[0.408s] Level 5:colcon.colcon_core.verb:set package 'dynamixel_sdk_examples' build argument 'ament_cmake_args' from command line to 'None'
[0.408s] Level 5:colcon.colcon_core.verb:set package 'dynamixel_sdk_examples' build argument 'catkin_cmake_args' from command line to 'None'
[0.408s] Level 5:colcon.colcon_core.verb:set package 'dynamixel_sdk_examples' build argument 'catkin_skip_building_tests' from command line to 'False'
[0.408s] DEBUG:colcon.colcon_core.verb:Building package 'dynamixel_sdk_examples' with the following arguments: {'ament_cmake_args': None, 'build_base': '/home/xrcdevelopment/IXR_ROS_Files/ros2_robotis_ws/build/dynamixel_sdk_examples', 'catkin_cmake_args': None, 'catkin_skip_building_tests': False, 'cmake_args': None, 'cmake_clean_cache': False, 'cmake_clean_first': False, 'cmake_force_configure': False, 'cmake_target': None, 'cmake_target_skip_unavailable': False, 'install_base': '/home/xrcdevelopment/IXR_ROS_Files/ros2_robotis_ws/install/dynamixel_sdk_examples', 'merge_install': False, 'path': '/home/xrcdevelopment/IXR_ROS_Files/ros2_robotis_ws/src/DynamixelSDK/dynamixel_sdk_examples', 'symlink_install': False, 'test_result_base': None}
[0.408s] INFO:colcon.colcon_core.executor:Executing jobs using 'parallel' executor
[0.411s] DEBUG:colcon.colcon_parallel_executor.executor.parallel:run_until_complete
[0.411s] INFO:colcon.colcon_ros.task.ament_cmake.build:Building ROS package in '/home/xrcdevelopment/IXR_ROS_Files/ros2_robotis_ws/src/DynamixelSDK/dynamixel_sdk' with build type 'ament_cmake'
[0.411s] INFO:colcon.colcon_cmake.task.cmake.build:Building CMake package in '/home/xrcdevelopment/IXR_ROS_Files/ros2_robotis_ws/src/DynamixelSDK/dynamixel_sdk'
[0.415s] INFO:colcon.colcon_core.plugin_system:Skipping extension 'colcon_core.shell.bat': Not used on non-Windows systems
[0.415s] INFO:colcon.colcon_core.shell:Skip shell extension 'powershell' for command environment: Not usable outside of PowerShell
[0.415s] DEBUG:colcon.colcon_core.shell:Skip shell extension 'dsv' for command environment
[0.420s] INFO:colcon.colcon_ros.task.ament_cmake.build:Building ROS package in '/home/xrcdevelopment/IXR_ROS_Files/ros2_robotis_ws/src/DynamixelSDK/dynamixel_sdk_custom_interfaces' with build type 'ament_cmake'
[0.420s] INFO:colcon.colcon_cmake.task.cmake.build:Building CMake package in '/home/xrcdevelopment/IXR_ROS_Files/ros2_robotis_ws/src/DynamixelSDK/dynamixel_sdk_custom_interfaces'
[0.421s] INFO:colcon.colcon_core.shell:Skip shell extension 'powershell' for command environment: Not usable outside of PowerShell
[0.421s] DEBUG:colcon.colcon_core.shell:Skip shell extension 'dsv' for command environment
[0.429s] DEBUG:colcon.colcon_core.event_handler.log_command:Invoking command in '/home/xrcdevelopment/IXR_ROS_Files/ros2_robotis_ws/build/dynamixel_sdk': CMAKE_PREFIX_PATH=${CMAKE_PREFIX_PATH}:/home/xrcdevelopment/ros/ros2_unity_ws1/install/unity_robotics_demo_msgs:/home/xrcdevelopment/ros/ros2_unity_ws1/install/unity_robotics_demo:/home/xrcdevelopment/ros/ros2_unity_ws1/install/ros_tcp_endpoint:/opt/ros/humble /usr/bin/cmake --build /home/xrcdevelopment/IXR_ROS_Files/ros2_robotis_ws/build/dynamixel_sdk -- -j8 -l8
[0.434s] DEBUG:colcon.colcon_core.event_handler.log_command:Invoking command in '/home/xrcdevelopment/IXR_ROS_Files/ros2_robotis_ws/build/dynamixel_sdk_custom_interfaces': CMAKE_PREFIX_PATH=${CMAKE_PREFIX_PATH}:/home/xrcdevelopment/ros/ros2_unity_ws1/install/unity_robotics_demo_msgs:/home/xrcdevelopment/ros/ros2_unity_ws1/install/unity_robotics_demo:/home/xrcdevelopment/ros/ros2_unity_ws1/install/ros_tcp_endpoint:/opt/ros/humble /usr/bin/cmake --build /home/xrcdevelopment/IXR_ROS_Files/ros2_robotis_ws/build/dynamixel_sdk_custom_interfaces -- -j8 -l8
[0.507s] DEBUG:colcon.colcon_core.event_handler.log_command:Invoked command in '/home/xrcdevelopment/IXR_ROS_Files/ros2_robotis_ws/build/dynamixel_sdk' returned '0': CMAKE_PREFIX_PATH=${CMAKE_PREFIX_PATH}:/home/xrcdevelopment/ros/ros2_unity_ws1/install/unity_robotics_demo_msgs:/home/xrcdevelopment/ros/ros2_unity_ws1/install/unity_robotics_demo:/home/xrcdevelopment/ros/ros2_unity_ws1/install/ros_tcp_endpoint:/opt/ros/humble /usr/bin/cmake --build /home/xrcdevelopment/IXR_ROS_Files/ros2_robotis_ws/build/dynamixel_sdk -- -j8 -l8
[0.565s] DEBUG:colcon.colcon_core.event_handler.log_command:Invoking command in '/home/xrcdevelopment/IXR_ROS_Files/ros2_robotis_ws/build/dynamixel_sdk': CMAKE_PREFIX_PATH=${CMAKE_PREFIX_PATH}:/home/xrcdevelopment/ros/ros2_unity_ws1/install/unity_robotics_demo_msgs:/home/xrcdevelopment/ros/ros2_unity_ws1/install/unity_robotics_demo:/home/xrcdevelopment/ros/ros2_unity_ws1/install/ros_tcp_endpoint:/opt/ros/humble /usr/bin/cmake --install /home/xrcdevelopment/IXR_ROS_Files/ros2_robotis_ws/build/dynamixel_sdk
[0.577s] Level 1:colcon.colcon_core.environment:create_environment_scripts_only(dynamixel_sdk)
[0.578s] DEBUG:colcon.colcon_core.event_handler.log_command:Invoked command in '/home/xrcdevelopment/IXR_ROS_Files/ros2_robotis_ws/build/dynamixel_sdk' returned '0': CMAKE_PREFIX_PATH=${CMAKE_PREFIX_PATH}:/home/xrcdevelopment/ros/ros2_unity_ws1/install/unity_robotics_demo_msgs:/home/xrcdevelopment/ros/ros2_unity_ws1/install/unity_robotics_demo:/home/xrcdevelopment/ros/ros2_unity_ws1/install/ros_tcp_endpoint:/opt/ros/humble /usr/bin/cmake --install /home/xrcdevelopment/IXR_ROS_Files/ros2_robotis_ws/build/dynamixel_sdk
[0.583s] Level 1:colcon.colcon_core.environment:checking '/home/xrcdevelopment/IXR_ROS_Files/ros2_robotis_ws/install/dynamixel_sdk' for CMake module files
[0.584s] Level 1:colcon.colcon_core.environment:checking '/home/xrcdevelopment/IXR_ROS_Files/ros2_robotis_ws/install/dynamixel_sdk' for CMake config files
[0.584s] Level 1:colcon.colcon_core.shell:create_environment_hook('dynamixel_sdk', 'cmake_prefix_path')
[0.586s] INFO:colcon.colcon_core.shell:Creating environment hook '/home/xrcdevelopment/IXR_ROS_Files/ros2_robotis_ws/install/dynamixel_sdk/share/dynamixel_sdk/hook/cmake_prefix_path.ps1'
[0.587s] INFO:colcon.colcon_core.shell:Creating environment descriptor '/home/xrcdevelopment/IXR_ROS_Files/ros2_robotis_ws/install/dynamixel_sdk/share/dynamixel_sdk/hook/cmake_prefix_path.dsv'
[0.588s] INFO:colcon.colcon_core.shell:Creating environment hook '/home/xrcdevelopment/IXR_ROS_Files/ros2_robotis_ws/install/dynamixel_sdk/share/dynamixel_sdk/hook/cmake_prefix_path.sh'
[0.589s] Level 1:colcon.colcon_core.environment:checking '/home/xrcdevelopment/IXR_ROS_Files/ros2_robotis_ws/install/dynamixel_sdk/lib'
[0.589s] Level 1:colcon.colcon_core.shell:create_environment_hook('dynamixel_sdk', 'ld_library_path_lib')
[0.591s] INFO:colcon.colcon_core.shell:Creating environment hook '/home/xrcdevelopment/IXR_ROS_Files/ros2_robotis_ws/install/dynamixel_sdk/share/dynamixel_sdk/hook/ld_library_path_lib.ps1'
[0.591s] INFO:colcon.colcon_core.shell:Creating environment descriptor '/home/xrcdevelopment/IXR_ROS_Files/ros2_robotis_ws/install/dynamixel_sdk/share/dynamixel_sdk/hook/ld_library_path_lib.dsv'
[0.591s] INFO:colcon.colcon_core.shell:Creating environment hook '/home/xrcdevelopment/IXR_ROS_Files/ros2_robotis_ws/install/dynamixel_sdk/share/dynamixel_sdk/hook/ld_library_path_lib.sh'
[0.592s] Level 1:colcon.colcon_core.environment:checking '/home/xrcdevelopment/IXR_ROS_Files/ros2_robotis_ws/install/dynamixel_sdk/bin'
[0.592s] Level 1:colcon.colcon_core.environment:checking '/home/xrcdevelopment/IXR_ROS_Files/ros2_robotis_ws/install/dynamixel_sdk/lib/pkgconfig/dynamixel_sdk.pc'
[0.592s] Level 1:colcon.colcon_core.environment:checking '/home/xrcdevelopment/IXR_ROS_Files/ros2_robotis_ws/install/dynamixel_sdk/lib/python3.10/site-packages'
[0.593s] Level 1:colcon.colcon_core.environment:checking '/home/xrcdevelopment/IXR_ROS_Files/ros2_robotis_ws/install/dynamixel_sdk/bin'
[0.595s] INFO:colcon.colcon_core.shell:Creating package script '/home/xrcdevelopment/IXR_ROS_Files/ros2_robotis_ws/install/dynamixel_sdk/share/dynamixel_sdk/package.ps1'
[0.596s] INFO:colcon.colcon_core.shell:Creating package descriptor '/home/xrcdevelopment/IXR_ROS_Files/ros2_robotis_ws/install/dynamixel_sdk/share/dynamixel_sdk/package.dsv'
[0.597s] INFO:colcon.colcon_core.shell:Creating package script '/home/xrcdevelopment/IXR_ROS_Files/ros2_robotis_ws/install/dynamixel_sdk/share/dynamixel_sdk/package.sh'
[0.598s] INFO:colcon.colcon_core.shell:Creating package script '/home/xrcdevelopment/IXR_ROS_Files/ros2_robotis_ws/install/dynamixel_sdk/share/dynamixel_sdk/package.bash'
[0.598s] INFO:colcon.colcon_core.shell:Creating package script '/home/xrcdevelopment/IXR_ROS_Files/ros2_robotis_ws/install/dynamixel_sdk/share/dynamixel_sdk/package.zsh'
[0.599s] Level 1:colcon.colcon_core.environment:create_file_with_runtime_dependencies(/home/xrcdevelopment/IXR_ROS_Files/ros2_robotis_ws/install/dynamixel_sdk/share/colcon-core/packages/dynamixel_sdk)
[0.651s] Level 1:colcon.colcon_core.environment:create_environment_scripts_only(dynamixel_sdk)
[0.652s] Level 1:colcon.colcon_core.environment:checking '/home/xrcdevelopment/IXR_ROS_Files/ros2_robotis_ws/install/dynamixel_sdk' for CMake module files
[0.653s] Level 1:colcon.colcon_core.environment:checking '/home/xrcdevelopment/IXR_ROS_Files/ros2_robotis_ws/install/dynamixel_sdk' for CMake config files
[0.653s] Level 1:colcon.colcon_core.shell:create_environment_hook('dynamixel_sdk', 'cmake_prefix_path')
[0.654s] INFO:colcon.colcon_core.shell:Creating environment hook '/home/xrcdevelopment/IXR_ROS_Files/ros2_robotis_ws/install/dynamixel_sdk/share/dynamixel_sdk/hook/cmake_prefix_path.ps1'
[0.654s] INFO:colcon.colcon_core.shell:Creating environment descriptor '/home/xrcdevelopment/IXR_ROS_Files/ros2_robotis_ws/install/dynamixel_sdk/share/dynamixel_sdk/hook/cmake_prefix_path.dsv'
[0.655s] INFO:colcon.colcon_core.shell:Creating environment hook '/home/xrcdevelopment/IXR_ROS_Files/ros2_robotis_ws/install/dynamixel_sdk/share/dynamixel_sdk/hook/cmake_prefix_path.sh'
[0.655s] Level 1:colcon.colcon_core.environment:checking '/home/xrcdevelopment/IXR_ROS_Files/ros2_robotis_ws/install/dynamixel_sdk/lib'
[0.655s] Level 1:colcon.colcon_core.shell:create_environment_hook('dynamixel_sdk', 'ld_library_path_lib')
[0.656s] INFO:colcon.colcon_core.shell:Creating environment hook '/home/xrcdevelopment/IXR_ROS_Files/ros2_robotis_ws/install/dynamixel_sdk/share/dynamixel_sdk/hook/ld_library_path_lib.ps1'
[0.656s] INFO:colcon.colcon_core.shell:Creating environment descriptor '/home/xrcdevelopment/IXR_ROS_Files/ros2_robotis_ws/install/dynamixel_sdk/share/dynamixel_sdk/hook/ld_library_path_lib.dsv'
[0.657s] INFO:colcon.colcon_core.shell:Creating environment hook '/home/xrcdevelopment/IXR_ROS_Files/ros2_robotis_ws/install/dynamixel_sdk/share/dynamixel_sdk/hook/ld_library_path_lib.sh'
[0.657s] Level 1:colcon.colcon_core.environment:checking '/home/xrcdevelopment/IXR_ROS_Files/ros2_robotis_ws/install/dynamixel_sdk/bin'
[0.657s] Level 1:colcon.colcon_core.environment:checking '/home/xrcdevelopment/IXR_ROS_Files/ros2_robotis_ws/install/dynamixel_sdk/lib/pkgconfig/dynamixel_sdk.pc'
[0.657s] Level 1:colcon.colcon_core.environment:checking '/home/xrcdevelopment/IXR_ROS_Files/ros2_robotis_ws/install/dynamixel_sdk/lib/python3.10/site-packages'
[0.657s] Level 1:colcon.colcon_core.environment:checking '/home/xrcdevelopment/IXR_ROS_Files/ros2_robotis_ws/install/dynamixel_sdk/bin'
[0.659s] INFO:colcon.colcon_core.shell:Creating package script '/home/xrcdevelopment/IXR_ROS_Files/ros2_robotis_ws/install/dynamixel_sdk/share/dynamixel_sdk/package.ps1'
[0.659s] INFO:colcon.colcon_core.shell:Creating package descriptor '/home/xrcdevelopment/IXR_ROS_Files/ros2_robotis_ws/install/dynamixel_sdk/share/dynamixel_sdk/package.dsv'
[0.660s] INFO:colcon.colcon_core.shell:Creating package script '/home/xrcdevelopment/IXR_ROS_Files/ros2_robotis_ws/install/dynamixel_sdk/share/dynamixel_sdk/package.sh'
[0.660s] INFO:colcon.colcon_core.shell:Creating package script '/home/xrcdevelopment/IXR_ROS_Files/ros2_robotis_ws/install/dynamixel_sdk/share/dynamixel_sdk/package.bash'
[0.660s] INFO:colcon.colcon_core.shell:Creating package script '/home/xrcdevelopment/IXR_ROS_Files/ros2_robotis_ws/install/dynamixel_sdk/share/dynamixel_sdk/package.zsh'
[0.661s] Level 1:colcon.colcon_core.environment:create_file_with_runtime_dependencies(/home/xrcdevelopment/IXR_ROS_Files/ros2_robotis_ws/install/dynamixel_sdk/share/colcon-core/packages/dynamixel_sdk)
[0.787s] DEBUG:colcon.colcon_core.event_handler.log_command:Invoked command in '/home/xrcdevelopment/IXR_ROS_Files/ros2_robotis_ws/build/dynamixel_sdk_custom_interfaces' returned '0': CMAKE_PREFIX_PATH=${CMAKE_PREFIX_PATH}:/home/xrcdevelopment/ros/ros2_unity_ws1/install/unity_robotics_demo_msgs:/home/xrcdevelopment/ros/ros2_unity_ws1/install/unity_robotics_demo:/home/xrcdevelopment/ros/ros2_unity_ws1/install/ros_tcp_endpoint:/opt/ros/humble /usr/bin/cmake --build /home/xrcdevelopment/IXR_ROS_Files/ros2_robotis_ws/build/dynamixel_sdk_custom_interfaces -- -j8 -l8
[0.868s] DEBUG:colcon.colcon_core.event_handler.log_command:Invoking command in '/home/xrcdevelopment/IXR_ROS_Files/ros2_robotis_ws/build/dynamixel_sdk_custom_interfaces': CMAKE_PREFIX_PATH=${CMAKE_PREFIX_PATH}:/home/xrcdevelopment/ros/ros2_unity_ws1/install/unity_robotics_demo_msgs:/home/xrcdevelopment/ros/ros2_unity_ws1/install/unity_robotics_demo:/home/xrcdevelopment/ros/ros2_unity_ws1/install/ros_tcp_endpoint:/opt/ros/humble /usr/bin/cmake --install /home/xrcdevelopment/IXR_ROS_Files/ros2_robotis_ws/build/dynamixel_sdk_custom_interfaces
[0.920s] Level 1:colcon.colcon_core.environment:create_environment_scripts_only(dynamixel_sdk_custom_interfaces)
[0.921s] DEBUG:colcon.colcon_core.event_handler.log_command:Invoked command in '/home/xrcdevelopment/IXR_ROS_Files/ros2_robotis_ws/build/dynamixel_sdk_custom_interfaces' returned '0': CMAKE_PREFIX_PATH=${CMAKE_PREFIX_PATH}:/home/xrcdevelopment/ros/ros2_unity_ws1/install/unity_robotics_demo_msgs:/home/xrcdevelopment/ros/ros2_unity_ws1/install/unity_robotics_demo:/home/xrcdevelopment/ros/ros2_unity_ws1/install/ros_tcp_endpoint:/opt/ros/humble /usr/bin/cmake --install /home/xrcdevelopment/IXR_ROS_Files/ros2_robotis_ws/build/dynamixel_sdk_custom_interfaces
[0.922s] Level 1:colcon.colcon_core.environment:checking '/home/xrcdevelopment/IXR_ROS_Files/ros2_robotis_ws/install/dynamixel_sdk_custom_interfaces' for CMake module files
[0.923s] Level 1:colcon.colcon_core.environment:checking '/home/xrcdevelopment/IXR_ROS_Files/ros2_robotis_ws/install/dynamixel_sdk_custom_interfaces' for CMake config files
[0.923s] Level 1:colcon.colcon_core.shell:create_environment_hook('dynamixel_sdk_custom_interfaces', 'cmake_prefix_path')
[0.924s] INFO:colcon.colcon_core.shell:Creating environment hook '/home/xrcdevelopment/IXR_ROS_Files/ros2_robotis_ws/install/dynamixel_sdk_custom_interfaces/share/dynamixel_sdk_custom_interfaces/hook/cmake_prefix_path.ps1'
[0.925s] INFO:colcon.colcon_core.shell:Creating environment descriptor '/home/xrcdevelopment/IXR_ROS_Files/ros2_robotis_ws/install/dynamixel_sdk_custom_interfaces/share/dynamixel_sdk_custom_interfaces/hook/cmake_prefix_path.dsv'
[0.925s] INFO:colcon.colcon_core.shell:Creating environment hook '/home/xrcdevelopment/IXR_ROS_Files/ros2_robotis_ws/install/dynamixel_sdk_custom_interfaces/share/dynamixel_sdk_custom_interfaces/hook/cmake_prefix_path.sh'
[0.925s] Level 1:colcon.colcon_core.environment:checking '/home/xrcdevelopment/IXR_ROS_Files/ros2_robotis_ws/install/dynamixel_sdk_custom_interfaces/lib'
[0.926s] Level 1:colcon.colcon_core.shell:create_environment_hook('dynamixel_sdk_custom_interfaces', 'ld_library_path_lib')
[0.926s] INFO:colcon.colcon_core.shell:Creating environment hook '/home/xrcdevelopment/IXR_ROS_Files/ros2_robotis_ws/install/dynamixel_sdk_custom_interfaces/share/dynamixel_sdk_custom_interfaces/hook/ld_library_path_lib.ps1'
[0.927s] INFO:colcon.colcon_core.shell:Creating environment descriptor '/home/xrcdevelopment/IXR_ROS_Files/ros2_robotis_ws/install/dynamixel_sdk_custom_interfaces/share/dynamixel_sdk_custom_interfaces/hook/ld_library_path_lib.dsv'
[0.927s] INFO:colcon.colcon_core.shell:Creating environment hook '/home/xrcdevelopment/IXR_ROS_Files/ros2_robotis_ws/install/dynamixel_sdk_custom_interfaces/share/dynamixel_sdk_custom_interfaces/hook/ld_library_path_lib.sh'
[0.927s] Level 1:colcon.colcon_core.environment:checking '/home/xrcdevelopment/IXR_ROS_Files/ros2_robotis_ws/install/dynamixel_sdk_custom_interfaces/bin'
[0.927s] Level 1:colcon.colcon_core.environment:checking '/home/xrcdevelopment/IXR_ROS_Files/ros2_robotis_ws/install/dynamixel_sdk_custom_interfaces/lib/pkgconfig/dynamixel_sdk_custom_interfaces.pc'
[0.928s] Level 1:colcon.colcon_core.environment:checking '/home/xrcdevelopment/IXR_ROS_Files/ros2_robotis_ws/install/dynamixel_sdk_custom_interfaces/lib/python3.10/site-packages'
[0.928s] Level 1:colcon.colcon_core.environment:checking '/home/xrcdevelopment/IXR_ROS_Files/ros2_robotis_ws/install/dynamixel_sdk_custom_interfaces/bin'
[0.929s] INFO:colcon.colcon_core.shell:Creating package script '/home/xrcdevelopment/IXR_ROS_Files/ros2_robotis_ws/install/dynamixel_sdk_custom_interfaces/share/dynamixel_sdk_custom_interfaces/package.ps1'
[0.929s] INFO:colcon.colcon_core.shell:Creating package descriptor '/home/xrcdevelopment/IXR_ROS_Files/ros2_robotis_ws/install/dynamixel_sdk_custom_interfaces/share/dynamixel_sdk_custom_interfaces/package.dsv'
[0.930s] INFO:colcon.colcon_core.shell:Creating package script '/home/xrcdevelopment/IXR_ROS_Files/ros2_robotis_ws/install/dynamixel_sdk_custom_interfaces/share/dynamixel_sdk_custom_interfaces/package.sh'
[0.930s] INFO:colcon.colcon_core.shell:Creating package script '/home/xrcdevelopment/IXR_ROS_Files/ros2_robotis_ws/install/dynamixel_sdk_custom_interfaces/share/dynamixel_sdk_custom_interfaces/package.bash'
[0.930s] INFO:colcon.colcon_core.shell:Creating package script '/home/xrcdevelopment/IXR_ROS_Files/ros2_robotis_ws/install/dynamixel_sdk_custom_interfaces/share/dynamixel_sdk_custom_interfaces/package.zsh'
[0.930s] Level 1:colcon.colcon_core.environment:create_file_with_runtime_dependencies(/home/xrcdevelopment/IXR_ROS_Files/ros2_robotis_ws/install/dynamixel_sdk_custom_interfaces/share/colcon-core/packages/dynamixel_sdk_custom_interfaces)
[1.010s] Level 1:colcon.colcon_core.environment:create_environment_scripts_only(dynamixel_sdk_custom_interfaces)
[1.011s] Level 1:colcon.colcon_core.environment:checking '/home/xrcdevelopment/IXR_ROS_Files/ros2_robotis_ws/install/dynamixel_sdk_custom_interfaces' for CMake module files
[1.012s] Level 1:colcon.colcon_core.environment:checking '/home/xrcdevelopment/IXR_ROS_Files/ros2_robotis_ws/install/dynamixel_sdk_custom_interfaces' for CMake config files
[1.013s] Level 1:colcon.colcon_core.shell:create_environment_hook('dynamixel_sdk_custom_interfaces', 'cmake_prefix_path')
[1.014s] INFO:colcon.colcon_core.shell:Creating environment hook '/home/xrcdevelopment/IXR_ROS_Files/ros2_robotis_ws/install/dynamixel_sdk_custom_interfaces/share/dynamixel_sdk_custom_interfaces/hook/cmake_prefix_path.ps1'
[1.014s] INFO:colcon.colcon_core.shell:Creating environment descriptor '/home/xrcdevelopment/IXR_ROS_Files/ros2_robotis_ws/install/dynamixel_sdk_custom_interfaces/share/dynamixel_sdk_custom_interfaces/hook/cmake_prefix_path.dsv'
[1.014s] INFO:colcon.colcon_core.shell:Creating environment hook '/home/xrcdevelopment/IXR_ROS_Files/ros2_robotis_ws/install/dynamixel_sdk_custom_interfaces/share/dynamixel_sdk_custom_interfaces/hook/cmake_prefix_path.sh'
[1.015s] Level 1:colcon.colcon_core.environment:checking '/home/xrcdevelopment/IXR_ROS_Files/ros2_robotis_ws/install/dynamixel_sdk_custom_interfaces/lib'
[1.015s] Level 1:colcon.colcon_core.shell:create_environment_hook('dynamixel_sdk_custom_interfaces', 'ld_library_path_lib')
[1.016s] INFO:colcon.colcon_core.shell:Creating environment hook '/home/xrcdevelopment/IXR_ROS_Files/ros2_robotis_ws/install/dynamixel_sdk_custom_interfaces/share/dynamixel_sdk_custom_interfaces/hook/ld_library_path_lib.ps1'
[1.016s] INFO:colcon.colcon_core.shell:Creating environment descriptor '/home/xrcdevelopment/IXR_ROS_Files/ros2_robotis_ws/install/dynamixel_sdk_custom_interfaces/share/dynamixel_sdk_custom_interfaces/hook/ld_library_path_lib.dsv'
[1.016s] INFO:colcon.colcon_core.shell:Creating environment hook '/home/xrcdevelopment/IXR_ROS_Files/ros2_robotis_ws/install/dynamixel_sdk_custom_interfaces/share/dynamixel_sdk_custom_interfaces/hook/ld_library_path_lib.sh'
[1.017s] Level 1:colcon.colcon_core.environment:checking '/home/xrcdevelopment/IXR_ROS_Files/ros2_robotis_ws/install/dynamixel_sdk_custom_interfaces/bin'
[1.017s] Level 1:colcon.colcon_core.environment:checking '/home/xrcdevelopment/IXR_ROS_Files/ros2_robotis_ws/install/dynamixel_sdk_custom_interfaces/lib/pkgconfig/dynamixel_sdk_custom_interfaces.pc'
[1.017s] Level 1:colcon.colcon_core.environment:checking '/home/xrcdevelopment/IXR_ROS_Files/ros2_robotis_ws/install/dynamixel_sdk_custom_interfaces/lib/python3.10/site-packages'
[1.017s] Level 1:colcon.colcon_core.environment:checking '/home/xrcdevelopment/IXR_ROS_Files/ros2_robotis_ws/install/dynamixel_sdk_custom_interfaces/bin'
[1.018s] INFO:colcon.colcon_core.shell:Creating package script '/home/xrcdevelopment/IXR_ROS_Files/ros2_robotis_ws/install/dynamixel_sdk_custom_interfaces/share/dynamixel_sdk_custom_interfaces/package.ps1'
[1.019s] INFO:colcon.colcon_core.shell:Creating package descriptor '/home/xrcdevelopment/IXR_ROS_Files/ros2_robotis_ws/install/dynamixel_sdk_custom_interfaces/share/dynamixel_sdk_custom_interfaces/package.dsv'
[1.019s] INFO:colcon.colcon_core.shell:Creating package script '/home/xrcdevelopment/IXR_ROS_Files/ros2_robotis_ws/install/dynamixel_sdk_custom_interfaces/share/dynamixel_sdk_custom_interfaces/package.sh'
[1.020s] INFO:colcon.colcon_core.shell:Creating package script '/home/xrcdevelopment/IXR_ROS_Files/ros2_robotis_ws/install/dynamixel_sdk_custom_interfaces/share/dynamixel_sdk_custom_interfaces/package.bash'
[1.020s] INFO:colcon.colcon_core.shell:Creating package script '/home/xrcdevelopment/IXR_ROS_Files/ros2_robotis_ws/install/dynamixel_sdk_custom_interfaces/share/dynamixel_sdk_custom_interfaces/package.zsh'
[1.020s] Level 1:colcon.colcon_core.environment:create_file_with_runtime_dependencies(/home/xrcdevelopment/IXR_ROS_Files/ros2_robotis_ws/install/dynamixel_sdk_custom_interfaces/share/colcon-core/packages/dynamixel_sdk_custom_interfaces)
[1.020s] INFO:colcon.colcon_ros.task.ament_cmake.build:Building ROS package in '/home/xrcdevelopment/IXR_ROS_Files/ros2_robotis_ws/src/DynamixelSDK/dynamixel_sdk_examples' with build type 'ament_cmake'
[1.021s] INFO:colcon.colcon_cmake.task.cmake.build:Building CMake package in '/home/xrcdevelopment/IXR_ROS_Files/ros2_robotis_ws/src/DynamixelSDK/dynamixel_sdk_examples'
[1.022s] INFO:colcon.colcon_core.shell:Skip shell extension 'powershell' for command environment: Not usable outside of PowerShell
[1.022s] DEBUG:colcon.colcon_core.shell:Skip shell extension 'dsv' for command environment
[1.034s] DEBUG:colcon.colcon_core.event_handler.log_command:Invoking command in '/home/xrcdevelopment/IXR_ROS_Files/ros2_robotis_ws/build/dynamixel_sdk_examples': CMAKE_PREFIX_PATH=/home/xrcdevelopment/IXR_ROS_Files/ros2_robotis_ws/install/dynamixel_sdk_custom_interfaces:/home/xrcdevelopment/IXR_ROS_Files/ros2_robotis_ws/install/dynamixel_sdk:/home/xrcdevelopment/IXR_ROS_Files/ros2_robotis_ws/install/dynamixel_sdk_examples:/home/xrcdevelopment/ros/ros2_unity_ws1/install/unity_robotics_demo_msgs:/home/xrcdevelopment/ros/ros2_unity_ws1/install/unity_robotics_demo:/home/xrcdevelopment/ros/ros2_unity_ws1/install/ros_tcp_endpoint:/opt/ros/humble /usr/bin/cmake --build /home/xrcdevelopment/IXR_ROS_Files/ros2_robotis_ws/build/dynamixel_sdk_examples -- -j8 -l8
[9.319s] DEBUG:colcon.colcon_core.event_handler.log_command:Invoked command in '/home/xrcdevelopment/IXR_ROS_Files/ros2_robotis_ws/build/dynamixel_sdk_examples' returned '0': CMAKE_PREFIX_PATH=/home/xrcdevelopment/IXR_ROS_Files/ros2_robotis_ws/install/dynamixel_sdk_custom_interfaces:/home/xrcdevelopment/IXR_ROS_Files/ros2_robotis_ws/install/dynamixel_sdk:/home/xrcdevelopment/IXR_ROS_Files/ros2_robotis_ws/install/dynamixel_sdk_examples:/home/xrcdevelopment/ros/ros2_unity_ws1/install/unity_robotics_demo_msgs:/home/xrcdevelopment/ros/ros2_unity_ws1/install/unity_robotics_demo:/home/xrcdevelopment/ros/ros2_unity_ws1/install/ros_tcp_endpoint:/opt/ros/humble /usr/bin/cmake --build /home/xrcdevelopment/IXR_ROS_Files/ros2_robotis_ws/build/dynamixel_sdk_examples -- -j8 -l8
[9.346s] DEBUG:colcon.colcon_core.event_handler.log_command:Invoking command in '/home/xrcdevelopment/IXR_ROS_Files/ros2_robotis_ws/build/dynamixel_sdk_examples': CMAKE_PREFIX_PATH=/home/xrcdevelopment/IXR_ROS_Files/ros2_robotis_ws/install/dynamixel_sdk_custom_interfaces:/home/xrcdevelopment/IXR_ROS_Files/ros2_robotis_ws/install/dynamixel_sdk:/home/xrcdevelopment/IXR_ROS_Files/ros2_robotis_ws/install/dynamixel_sdk_examples:/home/xrcdevelopment/ros/ros2_unity_ws1/install/unity_robotics_demo_msgs:/home/xrcdevelopment/ros/ros2_unity_ws1/install/unity_robotics_demo:/home/xrcdevelopment/ros/ros2_unity_ws1/install/ros_tcp_endpoint:/opt/ros/humble /usr/bin/cmake --install /home/xrcdevelopment/IXR_ROS_Files/ros2_robotis_ws/build/dynamixel_sdk_examples
[9.360s] Level 1:colcon.colcon_core.environment:create_environment_scripts_only(dynamixel_sdk_examples)
[9.363s] Level 1:colcon.colcon_core.environment:checking '/home/xrcdevelopment/IXR_ROS_Files/ros2_robotis_ws/install/dynamixel_sdk_examples' for CMake module files
[9.364s] DEBUG:colcon.colcon_core.event_handler.log_command:Invoked command in '/home/xrcdevelopment/IXR_ROS_Files/ros2_robotis_ws/build/dynamixel_sdk_examples' returned '0': CMAKE_PREFIX_PATH=/home/xrcdevelopment/IXR_ROS_Files/ros2_robotis_ws/install/dynamixel_sdk_custom_interfaces:/home/xrcdevelopment/IXR_ROS_Files/ros2_robotis_ws/install/dynamixel_sdk:/home/xrcdevelopment/IXR_ROS_Files/ros2_robotis_ws/install/dynamixel_sdk_examples:/home/xrcdevelopment/ros/ros2_unity_ws1/install/unity_robotics_demo_msgs:/home/xrcdevelopment/ros/ros2_unity_ws1/install/unity_robotics_demo:/home/xrcdevelopment/ros/ros2_unity_ws1/install/ros_tcp_endpoint:/opt/ros/humble /usr/bin/cmake --install /home/xrcdevelopment/IXR_ROS_Files/ros2_robotis_ws/build/dynamixel_sdk_examples
[9.364s] Level 1:colcon.colcon_core.environment:checking '/home/xrcdevelopment/IXR_ROS_Files/ros2_robotis_ws/install/dynamixel_sdk_examples' for CMake config files
[9.364s] Level 1:colcon.colcon_core.shell:create_environment_hook('dynamixel_sdk_examples', 'cmake_prefix_path')
[9.366s] INFO:colcon.colcon_core.shell:Creating environment hook '/home/xrcdevelopment/IXR_ROS_Files/ros2_robotis_ws/install/dynamixel_sdk_examples/share/dynamixel_sdk_examples/hook/cmake_prefix_path.ps1'
[9.367s] INFO:colcon.colcon_core.shell:Creating environment descriptor '/home/xrcdevelopment/IXR_ROS_Files/ros2_robotis_ws/install/dynamixel_sdk_examples/share/dynamixel_sdk_examples/hook/cmake_prefix_path.dsv'
[9.367s] INFO:colcon.colcon_core.shell:Creating environment hook '/home/xrcdevelopment/IXR_ROS_Files/ros2_robotis_ws/install/dynamixel_sdk_examples/share/dynamixel_sdk_examples/hook/cmake_prefix_path.sh'
[9.367s] Level 1:colcon.colcon_core.environment:checking '/home/xrcdevelopment/IXR_ROS_Files/ros2_robotis_ws/install/dynamixel_sdk_examples/lib'
[9.367s] Level 1:colcon.colcon_core.environment:checking '/home/xrcdevelopment/IXR_ROS_Files/ros2_robotis_ws/install/dynamixel_sdk_examples/bin'
[9.367s] Level 1:colcon.colcon_core.environment:checking '/home/xrcdevelopment/IXR_ROS_Files/ros2_robotis_ws/install/dynamixel_sdk_examples/lib/pkgconfig/dynamixel_sdk_examples.pc'
[9.368s] Level 1:colcon.colcon_core.environment:checking '/home/xrcdevelopment/IXR_ROS_Files/ros2_robotis_ws/install/dynamixel_sdk_examples/lib/python3.10/site-packages'
[9.368s] Level 1:colcon.colcon_core.environment:checking '/home/xrcdevelopment/IXR_ROS_Files/ros2_robotis_ws/install/dynamixel_sdk_examples/bin'
[9.369s] INFO:colcon.colcon_core.shell:Creating package script '/home/xrcdevelopment/IXR_ROS_Files/ros2_robotis_ws/install/dynamixel_sdk_examples/share/dynamixel_sdk_examples/package.ps1'
[9.369s] INFO:colcon.colcon_core.shell:Creating package descriptor '/home/xrcdevelopment/IXR_ROS_Files/ros2_robotis_ws/install/dynamixel_sdk_examples/share/dynamixel_sdk_examples/package.dsv'
[9.370s] INFO:colcon.colcon_core.shell:Creating package script '/home/xrcdevelopment/IXR_ROS_Files/ros2_robotis_ws/install/dynamixel_sdk_examples/share/dynamixel_sdk_examples/package.sh'
[9.370s] INFO:colcon.colcon_core.shell:Creating package script '/home/xrcdevelopment/IXR_ROS_Files/ros2_robotis_ws/install/dynamixel_sdk_examples/share/dynamixel_sdk_examples/package.bash'
[9.370s] INFO:colcon.colcon_core.shell:Creating package script '/home/xrcdevelopment/IXR_ROS_Files/ros2_robotis_ws/install/dynamixel_sdk_examples/share/dynamixel_sdk_examples/package.zsh'
[9.371s] Level 1:colcon.colcon_core.environment:create_file_with_runtime_dependencies(/home/xrcdevelopment/IXR_ROS_Files/ros2_robotis_ws/install/dynamixel_sdk_examples/share/colcon-core/packages/dynamixel_sdk_examples)
[9.397s] Level 1:colcon.colcon_core.environment:create_environment_scripts_only(dynamixel_sdk_examples)
[9.398s] Level 1:colcon.colcon_core.environment:checking '/home/xrcdevelopment/IXR_ROS_Files/ros2_robotis_ws/install/dynamixel_sdk_examples' for CMake module files
[9.399s] Level 1:colcon.colcon_core.environment:checking '/home/xrcdevelopment/IXR_ROS_Files/ros2_robotis_ws/install/dynamixel_sdk_examples' for CMake config files
[9.399s] Level 1:colcon.colcon_core.shell:create_environment_hook('dynamixel_sdk_examples', 'cmake_prefix_path')
[9.400s] INFO:colcon.colcon_core.shell:Creating environment hook '/home/xrcdevelopment/IXR_ROS_Files/ros2_robotis_ws/install/dynamixel_sdk_examples/share/dynamixel_sdk_examples/hook/cmake_prefix_path.ps1'
[9.400s] INFO:colcon.colcon_core.shell:Creating environment descriptor '/home/xrcdevelopment/IXR_ROS_Files/ros2_robotis_ws/install/dynamixel_sdk_examples/share/dynamixel_sdk_examples/hook/cmake_prefix_path.dsv'
[9.401s] INFO:colcon.colcon_core.shell:Creating environment hook '/home/xrcdevelopment/IXR_ROS_Files/ros2_robotis_ws/install/dynamixel_sdk_examples/share/dynamixel_sdk_examples/hook/cmake_prefix_path.sh'
[9.401s] Level 1:colcon.colcon_core.environment:checking '/home/xrcdevelopment/IXR_ROS_Files/ros2_robotis_ws/install/dynamixel_sdk_examples/lib'
[9.401s] Level 1:colcon.colcon_core.environment:checking '/home/xrcdevelopment/IXR_ROS_Files/ros2_robotis_ws/install/dynamixel_sdk_examples/bin'
[9.401s] Level 1:colcon.colcon_core.environment:checking '/home/xrcdevelopment/IXR_ROS_Files/ros2_robotis_ws/install/dynamixel_sdk_examples/lib/pkgconfig/dynamixel_sdk_examples.pc'
[9.401s] Level 1:colcon.colcon_core.environment:checking '/home/xrcdevelopment/IXR_ROS_Files/ros2_robotis_ws/install/dynamixel_sdk_examples/lib/python3.10/site-packages'
[9.402s] Level 1:colcon.colcon_core.environment:checking '/home/xrcdevelopment/IXR_ROS_Files/ros2_robotis_ws/install/dynamixel_sdk_examples/bin'
[9.403s] INFO:colcon.colcon_core.shell:Creating package script '/home/xrcdevelopment/IXR_ROS_Files/ros2_robotis_ws/install/dynamixel_sdk_examples/share/dynamixel_sdk_examples/package.ps1'
[9.403s] INFO:colcon.colcon_core.shell:Creating package descriptor '/home/xrcdevelopment/IXR_ROS_Files/ros2_robotis_ws/install/dynamixel_sdk_examples/share/dynamixel_sdk_examples/package.dsv'
[9.403s] INFO:colcon.colcon_core.shell:Creating package script '/home/xrcdevelopment/IXR_ROS_Files/ros2_robotis_ws/install/dynamixel_sdk_examples/share/dynamixel_sdk_examples/package.sh'
[9.404s] INFO:colcon.colcon_core.shell:Creating package script '/home/xrcdevelopment/IXR_ROS_Files/ros2_robotis_ws/install/dynamixel_sdk_examples/share/dynamixel_sdk_examples/package.bash'
[9.404s] INFO:colcon.colcon_core.shell:Creating package script '/home/xrcdevelopment/IXR_ROS_Files/ros2_robotis_ws/install/dynamixel_sdk_examples/share/dynamixel_sdk_examples/package.zsh'
[9.404s] Level 1:colcon.colcon_core.environment:create_file_with_runtime_dependencies(/home/xrcdevelopment/IXR_ROS_Files/ros2_robotis_ws/install/dynamixel_sdk_examples/share/colcon-core/packages/dynamixel_sdk_examples)
[9.404s] DEBUG:colcon.colcon_parallel_executor.executor.parallel:closing loop
[9.405s] DEBUG:colcon.colcon_parallel_executor.executor.parallel:loop closed
[9.405s] DEBUG:colcon.colcon_parallel_executor.executor.parallel:run_until_complete finished with '0'
[9.405s] DEBUG:colcon.colcon_core.event_reactor:joining thread
[9.411s] INFO:colcon.colcon_core.plugin_system:Skipping extension 'colcon_notification.desktop_notification.terminal_notifier': Not used on non-Darwin systems
[9.411s] INFO:colcon.colcon_core.plugin_system:Skipping extension 'colcon_notification.desktop_notification.win32': Not used on non-Windows systems
[9.411s] INFO:colcon.colcon_notification.desktop_notification:Sending desktop notification using 'notify2'
[9.421s] DEBUG:colcon.colcon_core.event_reactor:joined thread
[9.424s] INFO:colcon.colcon_core.shell:Creating prefix script '/home/xrcdevelopment/IXR_ROS_Files/ros2_robotis_ws/install/local_setup.ps1'
[9.424s] INFO:colcon.colcon_core.shell:Creating prefix util module '/home/xrcdevelopment/IXR_ROS_Files/ros2_robotis_ws/install/_local_setup_util_ps1.py'
[9.426s] INFO:colcon.colcon_core.shell:Creating prefix chain script '/home/xrcdevelopment/IXR_ROS_Files/ros2_robotis_ws/install/setup.ps1'
[9.428s] INFO:colcon.colcon_core.shell:Creating prefix script '/home/xrcdevelopment/IXR_ROS_Files/ros2_robotis_ws/install/local_setup.sh'
[9.429s] INFO:colcon.colcon_core.shell:Creating prefix util module '/home/xrcdevelopment/IXR_ROS_Files/ros2_robotis_ws/install/_local_setup_util_sh.py'
[9.429s] INFO:colcon.colcon_core.shell:Creating prefix chain script '/home/xrcdevelopment/IXR_ROS_Files/ros2_robotis_ws/install/setup.sh'
[9.431s] INFO:colcon.colcon_core.shell:Creating prefix script '/home/xrcdevelopment/IXR_ROS_Files/ros2_robotis_ws/install/local_setup.bash'
[9.431s] INFO:colcon.colcon_core.shell:Creating prefix chain script '/home/xrcdevelopment/IXR_ROS_Files/ros2_robotis_ws/install/setup.bash'
[9.432s] INFO:colcon.colcon_core.shell:Creating prefix script '/home/xrcdevelopment/IXR_ROS_Files/ros2_robotis_ws/install/local_setup.zsh'
[9.433s] INFO:colcon.colcon_core.shell:Creating prefix chain script '/home/xrcdevelopment/IXR_ROS_Files/ros2_robotis_ws/install/setup.zsh'
