[0.589s] Invoking command in '/home/xrcdevelopment/IXR_ROS_Files/ros2_unity_ws1/build/unity_robotics_demo_msgs': CMAKE_PREFIX_PATH=${CMAKE_PREFIX_PATH}:/home/xrcdevelopment/IXR_ROS_Files/ros2_unity_ws1/install/unity_robotics_demo:/home/xrcdevelopment/IXR_ROS_Files/ros2_unity_ws1/install/ros_tcp_endpoint:/home/xrcdevelopment/ros/ros2_unity_ws1/install/unity_robotics_demo_msgs:/home/xrcdevelopment/ros/ros2_unity_ws1/install/unity_robotics_demo:/home/xrcdevelopment/ros/ros2_unity_ws1/install/ros_tcp_endpoint:/opt/ros/humble /usr/bin/cmake --build /home/xrcdevelopment/IXR_ROS_Files/ros2_unity_ws1/build/unity_robotics_demo_msgs -- -j8 -l8
[0.661s] [  1%] Built target unity_robotics_demo_msgs__cpp
[0.665s] [ 12%] Built target unity_robotics_demo_msgs__rosidl_generator_c
[0.724s] [ 12%] Built target ament_cmake_python_copy_unity_robotics_demo_msgs
[0.725s] [ 34%] Built target unity_robotics_demo_msgs__rosidl_typesupport_fastrtps_cpp
[0.726s] [ 23%] Built target unity_robotics_demo_msgs__rosidl_typesupport_cpp
[0.732s] [ 45%] Built target unity_robotics_demo_msgs__rosidl_typesupport_introspection_cpp
[0.745s] [ 56%] Built target unity_robotics_demo_msgs__rosidl_typesupport_fastrtps_c
[0.745s] [ 67%] Built target unity_robotics_demo_msgs__rosidl_typesupport_c
[0.763s] [ 78%] Built target unity_robotics_demo_msgs__rosidl_typesupport_introspection_c
[0.840s] [ 78%] Built target unity_robotics_demo_msgs
[0.870s] [ 80%] Built target unity_robotics_demo_msgs__py
[0.926s] [ 89%] Built target unity_robotics_demo_msgs__rosidl_generator_py
[0.961s] [ 92%] Built target unity_robotics_demo_msgs__rosidl_typesupport_c__pyext
[0.966s] [ 96%] Built target unity_robotics_demo_msgs__rosidl_typesupport_introspection_c__pyext
[0.976s] [100%] Built target unity_robotics_demo_msgs__rosidl_typesupport_fastrtps_c__pyext
[1.167s] running egg_info
[1.167s] writing unity_robotics_demo_msgs.egg-info/PKG-INFO
[1.167s] writing dependency_links to unity_robotics_demo_msgs.egg-info/dependency_links.txt
[1.167s] writing top-level names to unity_robotics_demo_msgs.egg-info/top_level.txt
[1.170s] reading manifest file 'unity_robotics_demo_msgs.egg-info/SOURCES.txt'
[1.171s] writing manifest file 'unity_robotics_demo_msgs.egg-info/SOURCES.txt'
[1.231s] [100%] Built target ament_cmake_python_build_unity_robotics_demo_msgs_egg
[1.247s] Invoked command in '/home/xrcdevelopment/IXR_ROS_Files/ros2_unity_ws1/build/unity_robotics_demo_msgs' returned '0': CMAKE_PREFIX_PATH=${CMAKE_PREFIX_PATH}:/home/xrcdevelopment/IXR_ROS_Files/ros2_unity_ws1/install/unity_robotics_demo:/home/xrcdevelopment/IXR_ROS_Files/ros2_unity_ws1/install/ros_tcp_endpoint:/home/xrcdevelopment/ros/ros2_unity_ws1/install/unity_robotics_demo_msgs:/home/xrcdevelopment/ros/ros2_unity_ws1/install/unity_robotics_demo:/home/xrcdevelopment/ros/ros2_unity_ws1/install/ros_tcp_endpoint:/opt/ros/humble /usr/bin/cmake --build /home/xrcdevelopment/IXR_ROS_Files/ros2_unity_ws1/build/unity_robotics_demo_msgs -- -j8 -l8
[1.385s] Invoking command in '/home/xrcdevelopment/IXR_ROS_Files/ros2_unity_ws1/build/unity_robotics_demo_msgs': CMAKE_PREFIX_PATH=${CMAKE_PREFIX_PATH}:/home/xrcdevelopment/IXR_ROS_Files/ros2_unity_ws1/install/unity_robotics_demo:/home/xrcdevelopment/IXR_ROS_Files/ros2_unity_ws1/install/ros_tcp_endpoint:/home/xrcdevelopment/ros/ros2_unity_ws1/install/unity_robotics_demo_msgs:/home/xrcdevelopment/ros/ros2_unity_ws1/install/unity_robotics_demo:/home/xrcdevelopment/ros/ros2_unity_ws1/install/ros_tcp_endpoint:/opt/ros/humble /usr/bin/cmake --install /home/xrcdevelopment/IXR_ROS_Files/ros2_unity_ws1/build/unity_robotics_demo_msgs
[1.398s] -- Install configuration: ""
[1.399s] -- Up-to-date: /home/xrcdevelopment/IXR_ROS_Files/ros2_unity_ws1/install/unity_robotics_demo_msgs/share/ament_index/resource_index/rosidl_interfaces/unity_robotics_demo_msgs
[1.399s] -- Up-to-date: /home/xrcdevelopment/IXR_ROS_Files/ros2_unity_ws1/install/unity_robotics_demo_msgs/include/unity_robotics_demo_msgs/unity_robotics_demo_msgs
[1.399s] -- Up-to-date: /home/xrcdevelopment/IXR_ROS_Files/ros2_unity_ws1/install/unity_robotics_demo_msgs/include/unity_robotics_demo_msgs/unity_robotics_demo_msgs/msg
[1.399s] -- Up-to-date: /home/xrcdevelopment/IXR_ROS_Files/ros2_unity_ws1/install/unity_robotics_demo_msgs/include/unity_robotics_demo_msgs/unity_robotics_demo_msgs/msg/unity_color.h
[1.399s] -- Up-to-date: /home/xrcdevelopment/IXR_ROS_Files/ros2_unity_ws1/install/unity_robotics_demo_msgs/include/unity_robotics_demo_msgs/unity_robotics_demo_msgs/msg/rosidl_generator_c__visibility_control.h
[1.399s] -- Up-to-date: /home/xrcdevelopment/IXR_ROS_Files/ros2_unity_ws1/install/unity_robotics_demo_msgs/include/unity_robotics_demo_msgs/unity_robotics_demo_msgs/msg/pos_rot.h
[1.400s] -- Up-to-date: /home/xrcdevelopment/IXR_ROS_Files/ros2_unity_ws1/install/unity_robotics_demo_msgs/include/unity_robotics_demo_msgs/unity_robotics_demo_msgs/msg/detail
[1.400s] -- Up-to-date: /home/xrcdevelopment/IXR_ROS_Files/ros2_unity_ws1/install/unity_robotics_demo_msgs/include/unity_robotics_demo_msgs/unity_robotics_demo_msgs/msg/detail/unity_color__functions.c
[1.400s] -- Up-to-date: /home/xrcdevelopment/IXR_ROS_Files/ros2_unity_ws1/install/unity_robotics_demo_msgs/include/unity_robotics_demo_msgs/unity_robotics_demo_msgs/msg/detail/pos_rot__struct.h
[1.400s] -- Up-to-date: /home/xrcdevelopment/IXR_ROS_Files/ros2_unity_ws1/install/unity_robotics_demo_msgs/include/unity_robotics_demo_msgs/unity_robotics_demo_msgs/msg/detail/pos_rot__type_support.h
[1.400s] -- Up-to-date: /home/xrcdevelopment/IXR_ROS_Files/ros2_unity_ws1/install/unity_robotics_demo_msgs/include/unity_robotics_demo_msgs/unity_robotics_demo_msgs/msg/detail/unity_color__functions.h
[1.400s] -- Up-to-date: /home/xrcdevelopment/IXR_ROS_Files/ros2_unity_ws1/install/unity_robotics_demo_msgs/include/unity_robotics_demo_msgs/unity_robotics_demo_msgs/msg/detail/unity_color__type_support.h
[1.400s] -- Up-to-date: /home/xrcdevelopment/IXR_ROS_Files/ros2_unity_ws1/install/unity_robotics_demo_msgs/include/unity_robotics_demo_msgs/unity_robotics_demo_msgs/msg/detail/unity_color__struct.h
[1.401s] -- Up-to-date: /home/xrcdevelopment/IXR_ROS_Files/ros2_unity_ws1/install/unity_robotics_demo_msgs/include/unity_robotics_demo_msgs/unity_robotics_demo_msgs/msg/detail/pos_rot__functions.h
[1.401s] -- Up-to-date: /home/xrcdevelopment/IXR_ROS_Files/ros2_unity_ws1/install/unity_robotics_demo_msgs/include/unity_robotics_demo_msgs/unity_robotics_demo_msgs/msg/detail/pos_rot__functions.c
[1.401s] -- Up-to-date: /home/xrcdevelopment/IXR_ROS_Files/ros2_unity_ws1/install/unity_robotics_demo_msgs/include/unity_robotics_demo_msgs/unity_robotics_demo_msgs/srv
[1.401s] -- Up-to-date: /home/xrcdevelopment/IXR_ROS_Files/ros2_unity_ws1/install/unity_robotics_demo_msgs/include/unity_robotics_demo_msgs/unity_robotics_demo_msgs/srv/position_service.h
[1.401s] -- Up-to-date: /home/xrcdevelopment/IXR_ROS_Files/ros2_unity_ws1/install/unity_robotics_demo_msgs/include/unity_robotics_demo_msgs/unity_robotics_demo_msgs/srv/object_pose_service.h
[1.401s] -- Up-to-date: /home/xrcdevelopment/IXR_ROS_Files/ros2_unity_ws1/install/unity_robotics_demo_msgs/include/unity_robotics_demo_msgs/unity_robotics_demo_msgs/srv/detail
[1.401s] -- Up-to-date: /home/xrcdevelopment/IXR_ROS_Files/ros2_unity_ws1/install/unity_robotics_demo_msgs/include/unity_robotics_demo_msgs/unity_robotics_demo_msgs/srv/detail/position_service__functions.h
[1.402s] -- Up-to-date: /home/xrcdevelopment/IXR_ROS_Files/ros2_unity_ws1/install/unity_robotics_demo_msgs/include/unity_robotics_demo_msgs/unity_robotics_demo_msgs/srv/detail/object_pose_service__struct.h
[1.402s] -- Up-to-date: /home/xrcdevelopment/IXR_ROS_Files/ros2_unity_ws1/install/unity_robotics_demo_msgs/include/unity_robotics_demo_msgs/unity_robotics_demo_msgs/srv/detail/object_pose_service__functions.h
[1.402s] -- Up-to-date: /home/xrcdevelopment/IXR_ROS_Files/ros2_unity_ws1/install/unity_robotics_demo_msgs/include/unity_robotics_demo_msgs/unity_robotics_demo_msgs/srv/detail/object_pose_service__functions.c
[1.402s] -- Up-to-date: /home/xrcdevelopment/IXR_ROS_Files/ros2_unity_ws1/install/unity_robotics_demo_msgs/include/unity_robotics_demo_msgs/unity_robotics_demo_msgs/srv/detail/position_service__type_support.h
[1.402s] -- Up-to-date: /home/xrcdevelopment/IXR_ROS_Files/ros2_unity_ws1/install/unity_robotics_demo_msgs/include/unity_robotics_demo_msgs/unity_robotics_demo_msgs/srv/detail/position_service__struct.h
[1.402s] -- Up-to-date: /home/xrcdevelopment/IXR_ROS_Files/ros2_unity_ws1/install/unity_robotics_demo_msgs/include/unity_robotics_demo_msgs/unity_robotics_demo_msgs/srv/detail/object_pose_service__type_support.h
[1.403s] -- Up-to-date: /home/xrcdevelopment/IXR_ROS_Files/ros2_unity_ws1/install/unity_robotics_demo_msgs/include/unity_robotics_demo_msgs/unity_robotics_demo_msgs/srv/detail/position_service__functions.c
[1.403s] -- Up-to-date: /home/xrcdevelopment/IXR_ROS_Files/ros2_unity_ws1/install/unity_robotics_demo_msgs/share/unity_robotics_demo_msgs/environment/library_path.sh
[1.403s] -- Up-to-date: /home/xrcdevelopment/IXR_ROS_Files/ros2_unity_ws1/install/unity_robotics_demo_msgs/share/unity_robotics_demo_msgs/environment/library_path.dsv
[1.403s] -- Up-to-date: /home/xrcdevelopment/IXR_ROS_Files/ros2_unity_ws1/install/unity_robotics_demo_msgs/lib/libunity_robotics_demo_msgs__rosidl_generator_c.so
[1.403s] -- Up-to-date: /home/xrcdevelopment/IXR_ROS_Files/ros2_unity_ws1/install/unity_robotics_demo_msgs/include/unity_robotics_demo_msgs/unity_robotics_demo_msgs
[1.403s] -- Up-to-date: /home/xrcdevelopment/IXR_ROS_Files/ros2_unity_ws1/install/unity_robotics_demo_msgs/include/unity_robotics_demo_msgs/unity_robotics_demo_msgs/msg
[1.403s] -- Up-to-date: /home/xrcdevelopment/IXR_ROS_Files/ros2_unity_ws1/install/unity_robotics_demo_msgs/include/unity_robotics_demo_msgs/unity_robotics_demo_msgs/msg/detail
[1.404s] -- Up-to-date: /home/xrcdevelopment/IXR_ROS_Files/ros2_unity_ws1/install/unity_robotics_demo_msgs/include/unity_robotics_demo_msgs/unity_robotics_demo_msgs/msg/detail/unity_color__rosidl_typesupport_fastrtps_c.h
[1.404s] -- Up-to-date: /home/xrcdevelopment/IXR_ROS_Files/ros2_unity_ws1/install/unity_robotics_demo_msgs/include/unity_robotics_demo_msgs/unity_robotics_demo_msgs/msg/detail/pos_rot__rosidl_typesupport_fastrtps_c.h
[1.404s] -- Up-to-date: /home/xrcdevelopment/IXR_ROS_Files/ros2_unity_ws1/install/unity_robotics_demo_msgs/include/unity_robotics_demo_msgs/unity_robotics_demo_msgs/msg/rosidl_typesupport_fastrtps_c__visibility_control.h
[1.404s] -- Up-to-date: /home/xrcdevelopment/IXR_ROS_Files/ros2_unity_ws1/install/unity_robotics_demo_msgs/include/unity_robotics_demo_msgs/unity_robotics_demo_msgs/srv
[1.404s] -- Up-to-date: /home/xrcdevelopment/IXR_ROS_Files/ros2_unity_ws1/install/unity_robotics_demo_msgs/include/unity_robotics_demo_msgs/unity_robotics_demo_msgs/srv/detail
[1.404s] -- Up-to-date: /home/xrcdevelopment/IXR_ROS_Files/ros2_unity_ws1/install/unity_robotics_demo_msgs/include/unity_robotics_demo_msgs/unity_robotics_demo_msgs/srv/detail/object_pose_service__rosidl_typesupport_fastrtps_c.h
[1.404s] -- Up-to-date: /home/xrcdevelopment/IXR_ROS_Files/ros2_unity_ws1/install/unity_robotics_demo_msgs/include/unity_robotics_demo_msgs/unity_robotics_demo_msgs/srv/detail/position_service__rosidl_typesupport_fastrtps_c.h
[1.405s] -- Up-to-date: /home/xrcdevelopment/IXR_ROS_Files/ros2_unity_ws1/install/unity_robotics_demo_msgs/lib/libunity_robotics_demo_msgs__rosidl_typesupport_fastrtps_c.so
[1.405s] -- Up-to-date: /home/xrcdevelopment/IXR_ROS_Files/ros2_unity_ws1/install/unity_robotics_demo_msgs/include/unity_robotics_demo_msgs/unity_robotics_demo_msgs
[1.405s] -- Up-to-date: /home/xrcdevelopment/IXR_ROS_Files/ros2_unity_ws1/install/unity_robotics_demo_msgs/include/unity_robotics_demo_msgs/unity_robotics_demo_msgs/msg
[1.406s] -- Up-to-date: /home/xrcdevelopment/IXR_ROS_Files/ros2_unity_ws1/install/unity_robotics_demo_msgs/include/unity_robotics_demo_msgs/unity_robotics_demo_msgs/msg/detail
[1.406s] -- Up-to-date: /home/xrcdevelopment/IXR_ROS_Files/ros2_unity_ws1/install/unity_robotics_demo_msgs/include/unity_robotics_demo_msgs/unity_robotics_demo_msgs/msg/detail/unity_color__rosidl_typesupport_introspection_c.h
[1.406s] -- Up-to-date: /home/xrcdevelopment/IXR_ROS_Files/ros2_unity_ws1/install/unity_robotics_demo_msgs/include/unity_robotics_demo_msgs/unity_robotics_demo_msgs/msg/detail/pos_rot__type_support.c
[1.407s] -- Up-to-date: /home/xrcdevelopment/IXR_ROS_Files/ros2_unity_ws1/install/unity_robotics_demo_msgs/include/unity_robotics_demo_msgs/unity_robotics_demo_msgs/msg/detail/unity_color__type_support.c
[1.407s] -- Up-to-date: /home/xrcdevelopment/IXR_ROS_Files/ros2_unity_ws1/install/unity_robotics_demo_msgs/include/unity_robotics_demo_msgs/unity_robotics_demo_msgs/msg/detail/pos_rot__rosidl_typesupport_introspection_c.h
[1.407s] -- Up-to-date: /home/xrcdevelopment/IXR_ROS_Files/ros2_unity_ws1/install/unity_robotics_demo_msgs/include/unity_robotics_demo_msgs/unity_robotics_demo_msgs/msg/rosidl_typesupport_introspection_c__visibility_control.h
[1.407s] -- Up-to-date: /home/xrcdevelopment/IXR_ROS_Files/ros2_unity_ws1/install/unity_robotics_demo_msgs/include/unity_robotics_demo_msgs/unity_robotics_demo_msgs/srv
[1.407s] -- Up-to-date: /home/xrcdevelopment/IXR_ROS_Files/ros2_unity_ws1/install/unity_robotics_demo_msgs/include/unity_robotics_demo_msgs/unity_robotics_demo_msgs/srv/detail
[1.407s] -- Up-to-date: /home/xrcdevelopment/IXR_ROS_Files/ros2_unity_ws1/install/unity_robotics_demo_msgs/include/unity_robotics_demo_msgs/unity_robotics_demo_msgs/srv/detail/position_service__rosidl_typesupport_introspection_c.h
[1.408s] -- Up-to-date: /home/xrcdevelopment/IXR_ROS_Files/ros2_unity_ws1/install/unity_robotics_demo_msgs/include/unity_robotics_demo_msgs/unity_robotics_demo_msgs/srv/detail/position_service__type_support.c
[1.408s] -- Up-to-date: /home/xrcdevelopment/IXR_ROS_Files/ros2_unity_ws1/install/unity_robotics_demo_msgs/include/unity_robotics_demo_msgs/unity_robotics_demo_msgs/srv/detail/object_pose_service__rosidl_typesupport_introspection_c.h
[1.408s] -- Up-to-date: /home/xrcdevelopment/IXR_ROS_Files/ros2_unity_ws1/install/unity_robotics_demo_msgs/include/unity_robotics_demo_msgs/unity_robotics_demo_msgs/srv/detail/object_pose_service__type_support.c
[1.408s] -- Up-to-date: /home/xrcdevelopment/IXR_ROS_Files/ros2_unity_ws1/install/unity_robotics_demo_msgs/lib/libunity_robotics_demo_msgs__rosidl_typesupport_introspection_c.so
[1.408s] -- Up-to-date: /home/xrcdevelopment/IXR_ROS_Files/ros2_unity_ws1/install/unity_robotics_demo_msgs/lib/libunity_robotics_demo_msgs__rosidl_typesupport_c.so
[1.408s] -- Up-to-date: /home/xrcdevelopment/IXR_ROS_Files/ros2_unity_ws1/install/unity_robotics_demo_msgs/include/unity_robotics_demo_msgs/unity_robotics_demo_msgs
[1.408s] -- Up-to-date: /home/xrcdevelopment/IXR_ROS_Files/ros2_unity_ws1/install/unity_robotics_demo_msgs/include/unity_robotics_demo_msgs/unity_robotics_demo_msgs/msg
[1.409s] -- Up-to-date: /home/xrcdevelopment/IXR_ROS_Files/ros2_unity_ws1/install/unity_robotics_demo_msgs/include/unity_robotics_demo_msgs/unity_robotics_demo_msgs/msg/unity_color.hpp
[1.409s] -- Up-to-date: /home/xrcdevelopment/IXR_ROS_Files/ros2_unity_ws1/install/unity_robotics_demo_msgs/include/unity_robotics_demo_msgs/unity_robotics_demo_msgs/msg/detail
[1.409s] -- Up-to-date: /home/xrcdevelopment/IXR_ROS_Files/ros2_unity_ws1/install/unity_robotics_demo_msgs/include/unity_robotics_demo_msgs/unity_robotics_demo_msgs/msg/detail/unity_color__struct.hpp
[1.409s] -- Up-to-date: /home/xrcdevelopment/IXR_ROS_Files/ros2_unity_ws1/install/unity_robotics_demo_msgs/include/unity_robotics_demo_msgs/unity_robotics_demo_msgs/msg/detail/unity_color__builder.hpp
[1.409s] -- Up-to-date: /home/xrcdevelopment/IXR_ROS_Files/ros2_unity_ws1/install/unity_robotics_demo_msgs/include/unity_robotics_demo_msgs/unity_robotics_demo_msgs/msg/detail/pos_rot__traits.hpp
[1.409s] -- Up-to-date: /home/xrcdevelopment/IXR_ROS_Files/ros2_unity_ws1/install/unity_robotics_demo_msgs/include/unity_robotics_demo_msgs/unity_robotics_demo_msgs/msg/detail/pos_rot__builder.hpp
[1.409s] -- Up-to-date: /home/xrcdevelopment/IXR_ROS_Files/ros2_unity_ws1/install/unity_robotics_demo_msgs/include/unity_robotics_demo_msgs/unity_robotics_demo_msgs/msg/detail/unity_color__traits.hpp
[1.410s] -- Up-to-date: /home/xrcdevelopment/IXR_ROS_Files/ros2_unity_ws1/install/unity_robotics_demo_msgs/include/unity_robotics_demo_msgs/unity_robotics_demo_msgs/msg/detail/pos_rot__struct.hpp
[1.410s] -- Up-to-date: /home/xrcdevelopment/IXR_ROS_Files/ros2_unity_ws1/install/unity_robotics_demo_msgs/include/unity_robotics_demo_msgs/unity_robotics_demo_msgs/msg/pos_rot.hpp
[1.410s] -- Up-to-date: /home/xrcdevelopment/IXR_ROS_Files/ros2_unity_ws1/install/unity_robotics_demo_msgs/include/unity_robotics_demo_msgs/unity_robotics_demo_msgs/srv
[1.410s] -- Up-to-date: /home/xrcdevelopment/IXR_ROS_Files/ros2_unity_ws1/install/unity_robotics_demo_msgs/include/unity_robotics_demo_msgs/unity_robotics_demo_msgs/srv/detail
[1.410s] -- Up-to-date: /home/xrcdevelopment/IXR_ROS_Files/ros2_unity_ws1/install/unity_robotics_demo_msgs/include/unity_robotics_demo_msgs/unity_robotics_demo_msgs/srv/detail/position_service__builder.hpp
[1.410s] -- Up-to-date: /home/xrcdevelopment/IXR_ROS_Files/ros2_unity_ws1/install/unity_robotics_demo_msgs/include/unity_robotics_demo_msgs/unity_robotics_demo_msgs/srv/detail/position_service__struct.hpp
[1.410s] -- Up-to-date: /home/xrcdevelopment/IXR_ROS_Files/ros2_unity_ws1/install/unity_robotics_demo_msgs/include/unity_robotics_demo_msgs/unity_robotics_demo_msgs/srv/detail/position_service__traits.hpp
[1.410s] -- Up-to-date: /home/xrcdevelopment/IXR_ROS_Files/ros2_unity_ws1/install/unity_robotics_demo_msgs/include/unity_robotics_demo_msgs/unity_robotics_demo_msgs/srv/detail/object_pose_service__struct.hpp
[1.410s] -- Up-to-date: /home/xrcdevelopment/IXR_ROS_Files/ros2_unity_ws1/install/unity_robotics_demo_msgs/include/unity_robotics_demo_msgs/unity_robotics_demo_msgs/srv/detail/object_pose_service__traits.hpp
[1.411s] -- Up-to-date: /home/xrcdevelopment/IXR_ROS_Files/ros2_unity_ws1/install/unity_robotics_demo_msgs/include/unity_robotics_demo_msgs/unity_robotics_demo_msgs/srv/detail/object_pose_service__builder.hpp
[1.411s] -- Up-to-date: /home/xrcdevelopment/IXR_ROS_Files/ros2_unity_ws1/install/unity_robotics_demo_msgs/include/unity_robotics_demo_msgs/unity_robotics_demo_msgs/srv/position_service.hpp
[1.411s] -- Up-to-date: /home/xrcdevelopment/IXR_ROS_Files/ros2_unity_ws1/install/unity_robotics_demo_msgs/include/unity_robotics_demo_msgs/unity_robotics_demo_msgs/srv/object_pose_service.hpp
[1.411s] -- Up-to-date: /home/xrcdevelopment/IXR_ROS_Files/ros2_unity_ws1/install/unity_robotics_demo_msgs/include/unity_robotics_demo_msgs/unity_robotics_demo_msgs
[1.411s] -- Up-to-date: /home/xrcdevelopment/IXR_ROS_Files/ros2_unity_ws1/install/unity_robotics_demo_msgs/include/unity_robotics_demo_msgs/unity_robotics_demo_msgs/msg
[1.411s] -- Up-to-date: /home/xrcdevelopment/IXR_ROS_Files/ros2_unity_ws1/install/unity_robotics_demo_msgs/include/unity_robotics_demo_msgs/unity_robotics_demo_msgs/msg/detail
[1.411s] -- Up-to-date: /home/xrcdevelopment/IXR_ROS_Files/ros2_unity_ws1/install/unity_robotics_demo_msgs/include/unity_robotics_demo_msgs/unity_robotics_demo_msgs/msg/detail/dds_fastrtps
[1.411s] -- Up-to-date: /home/xrcdevelopment/IXR_ROS_Files/ros2_unity_ws1/install/unity_robotics_demo_msgs/include/unity_robotics_demo_msgs/unity_robotics_demo_msgs/msg/detail/pos_rot__rosidl_typesupport_fastrtps_cpp.hpp
[1.412s] -- Up-to-date: /home/xrcdevelopment/IXR_ROS_Files/ros2_unity_ws1/install/unity_robotics_demo_msgs/include/unity_robotics_demo_msgs/unity_robotics_demo_msgs/msg/detail/unity_color__rosidl_typesupport_fastrtps_cpp.hpp
[1.412s] -- Up-to-date: /home/xrcdevelopment/IXR_ROS_Files/ros2_unity_ws1/install/unity_robotics_demo_msgs/include/unity_robotics_demo_msgs/unity_robotics_demo_msgs/msg/rosidl_typesupport_fastrtps_cpp__visibility_control.h
[1.412s] -- Up-to-date: /home/xrcdevelopment/IXR_ROS_Files/ros2_unity_ws1/install/unity_robotics_demo_msgs/include/unity_robotics_demo_msgs/unity_robotics_demo_msgs/srv
[1.412s] -- Up-to-date: /home/xrcdevelopment/IXR_ROS_Files/ros2_unity_ws1/install/unity_robotics_demo_msgs/include/unity_robotics_demo_msgs/unity_robotics_demo_msgs/srv/detail
[1.412s] -- Up-to-date: /home/xrcdevelopment/IXR_ROS_Files/ros2_unity_ws1/install/unity_robotics_demo_msgs/include/unity_robotics_demo_msgs/unity_robotics_demo_msgs/srv/detail/dds_fastrtps
[1.412s] -- Up-to-date: /home/xrcdevelopment/IXR_ROS_Files/ros2_unity_ws1/install/unity_robotics_demo_msgs/include/unity_robotics_demo_msgs/unity_robotics_demo_msgs/srv/detail/object_pose_service__rosidl_typesupport_fastrtps_cpp.hpp
[1.412s] -- Up-to-date: /home/xrcdevelopment/IXR_ROS_Files/ros2_unity_ws1/install/unity_robotics_demo_msgs/include/unity_robotics_demo_msgs/unity_robotics_demo_msgs/srv/detail/position_service__rosidl_typesupport_fastrtps_cpp.hpp
[1.412s] -- Up-to-date: /home/xrcdevelopment/IXR_ROS_Files/ros2_unity_ws1/install/unity_robotics_demo_msgs/lib/libunity_robotics_demo_msgs__rosidl_typesupport_fastrtps_cpp.so
[1.413s] -- Up-to-date: /home/xrcdevelopment/IXR_ROS_Files/ros2_unity_ws1/install/unity_robotics_demo_msgs/include/unity_robotics_demo_msgs/unity_robotics_demo_msgs
[1.413s] -- Up-to-date: /home/xrcdevelopment/IXR_ROS_Files/ros2_unity_ws1/install/unity_robotics_demo_msgs/include/unity_robotics_demo_msgs/unity_robotics_demo_msgs/msg
[1.413s] -- Up-to-date: /home/xrcdevelopment/IXR_ROS_Files/ros2_unity_ws1/install/unity_robotics_demo_msgs/include/unity_robotics_demo_msgs/unity_robotics_demo_msgs/msg/detail
[1.413s] -- Up-to-date: /home/xrcdevelopment/IXR_ROS_Files/ros2_unity_ws1/install/unity_robotics_demo_msgs/include/unity_robotics_demo_msgs/unity_robotics_demo_msgs/msg/detail/unity_color__type_support.cpp
[1.413s] -- Up-to-date: /home/xrcdevelopment/IXR_ROS_Files/ros2_unity_ws1/install/unity_robotics_demo_msgs/include/unity_robotics_demo_msgs/unity_robotics_demo_msgs/msg/detail/unity_color__rosidl_typesupport_introspection_cpp.hpp
[1.413s] -- Up-to-date: /home/xrcdevelopment/IXR_ROS_Files/ros2_unity_ws1/install/unity_robotics_demo_msgs/include/unity_robotics_demo_msgs/unity_robotics_demo_msgs/msg/detail/pos_rot__type_support.cpp
[1.413s] -- Up-to-date: /home/xrcdevelopment/IXR_ROS_Files/ros2_unity_ws1/install/unity_robotics_demo_msgs/include/unity_robotics_demo_msgs/unity_robotics_demo_msgs/msg/detail/pos_rot__rosidl_typesupport_introspection_cpp.hpp
[1.413s] -- Up-to-date: /home/xrcdevelopment/IXR_ROS_Files/ros2_unity_ws1/install/unity_robotics_demo_msgs/include/unity_robotics_demo_msgs/unity_robotics_demo_msgs/srv
[1.414s] -- Up-to-date: /home/xrcdevelopment/IXR_ROS_Files/ros2_unity_ws1/install/unity_robotics_demo_msgs/include/unity_robotics_demo_msgs/unity_robotics_demo_msgs/srv/detail
[1.414s] -- Up-to-date: /home/xrcdevelopment/IXR_ROS_Files/ros2_unity_ws1/install/unity_robotics_demo_msgs/include/unity_robotics_demo_msgs/unity_robotics_demo_msgs/srv/detail/object_pose_service__type_support.cpp
[1.414s] -- Up-to-date: /home/xrcdevelopment/IXR_ROS_Files/ros2_unity_ws1/install/unity_robotics_demo_msgs/include/unity_robotics_demo_msgs/unity_robotics_demo_msgs/srv/detail/object_pose_service__rosidl_typesupport_introspection_cpp.hpp
[1.414s] -- Up-to-date: /home/xrcdevelopment/IXR_ROS_Files/ros2_unity_ws1/install/unity_robotics_demo_msgs/include/unity_robotics_demo_msgs/unity_robotics_demo_msgs/srv/detail/position_service__type_support.cpp
[1.414s] -- Up-to-date: /home/xrcdevelopment/IXR_ROS_Files/ros2_unity_ws1/install/unity_robotics_demo_msgs/include/unity_robotics_demo_msgs/unity_robotics_demo_msgs/srv/detail/position_service__rosidl_typesupport_introspection_cpp.hpp
[1.414s] -- Up-to-date: /home/xrcdevelopment/IXR_ROS_Files/ros2_unity_ws1/install/unity_robotics_demo_msgs/lib/libunity_robotics_demo_msgs__rosidl_typesupport_introspection_cpp.so
[1.414s] -- Up-to-date: /home/xrcdevelopment/IXR_ROS_Files/ros2_unity_ws1/install/unity_robotics_demo_msgs/lib/libunity_robotics_demo_msgs__rosidl_typesupport_cpp.so
[1.416s] -- Up-to-date: /home/xrcdevelopment/IXR_ROS_Files/ros2_unity_ws1/install/unity_robotics_demo_msgs/share/unity_robotics_demo_msgs/environment/pythonpath.sh
[1.416s] -- Up-to-date: /home/xrcdevelopment/IXR_ROS_Files/ros2_unity_ws1/install/unity_robotics_demo_msgs/share/unity_robotics_demo_msgs/environment/pythonpath.dsv
[1.416s] -- Up-to-date: /home/xrcdevelopment/IXR_ROS_Files/ros2_unity_ws1/install/unity_robotics_demo_msgs/local/lib/python3.10/dist-packages/unity_robotics_demo_msgs-0.0.1-py3.10.egg-info
[1.416s] -- Installing: /home/xrcdevelopment/IXR_ROS_Files/ros2_unity_ws1/install/unity_robotics_demo_msgs/local/lib/python3.10/dist-packages/unity_robotics_demo_msgs-0.0.1-py3.10.egg-info/SOURCES.txt
[1.416s] -- Installing: /home/xrcdevelopment/IXR_ROS_Files/ros2_unity_ws1/install/unity_robotics_demo_msgs/local/lib/python3.10/dist-packages/unity_robotics_demo_msgs-0.0.1-py3.10.egg-info/top_level.txt
[1.416s] -- Installing: /home/xrcdevelopment/IXR_ROS_Files/ros2_unity_ws1/install/unity_robotics_demo_msgs/local/lib/python3.10/dist-packages/unity_robotics_demo_msgs-0.0.1-py3.10.egg-info/PKG-INFO
[1.417s] -- Installing: /home/xrcdevelopment/IXR_ROS_Files/ros2_unity_ws1/install/unity_robotics_demo_msgs/local/lib/python3.10/dist-packages/unity_robotics_demo_msgs-0.0.1-py3.10.egg-info/dependency_links.txt
[1.417s] -- Up-to-date: /home/xrcdevelopment/IXR_ROS_Files/ros2_unity_ws1/install/unity_robotics_demo_msgs/local/lib/python3.10/dist-packages/unity_robotics_demo_msgs
[1.417s] -- Up-to-date: /home/xrcdevelopment/IXR_ROS_Files/ros2_unity_ws1/install/unity_robotics_demo_msgs/local/lib/python3.10/dist-packages/unity_robotics_demo_msgs/msg
[1.417s] -- Up-to-date: /home/xrcdevelopment/IXR_ROS_Files/ros2_unity_ws1/install/unity_robotics_demo_msgs/local/lib/python3.10/dist-packages/unity_robotics_demo_msgs/msg/_pos_rot_s.c
[1.417s] -- Up-to-date: /home/xrcdevelopment/IXR_ROS_Files/ros2_unity_ws1/install/unity_robotics_demo_msgs/local/lib/python3.10/dist-packages/unity_robotics_demo_msgs/msg/_unity_color.py
[1.417s] -- Up-to-date: /home/xrcdevelopment/IXR_ROS_Files/ros2_unity_ws1/install/unity_robotics_demo_msgs/local/lib/python3.10/dist-packages/unity_robotics_demo_msgs/msg/_pos_rot.py
[1.418s] -- Up-to-date: /home/xrcdevelopment/IXR_ROS_Files/ros2_unity_ws1/install/unity_robotics_demo_msgs/local/lib/python3.10/dist-packages/unity_robotics_demo_msgs/msg/__init__.py
[1.418s] -- Up-to-date: /home/xrcdevelopment/IXR_ROS_Files/ros2_unity_ws1/install/unity_robotics_demo_msgs/local/lib/python3.10/dist-packages/unity_robotics_demo_msgs/msg/_unity_color_s.c
[1.418s] -- Up-to-date: /home/xrcdevelopment/IXR_ROS_Files/ros2_unity_ws1/install/unity_robotics_demo_msgs/local/lib/python3.10/dist-packages/unity_robotics_demo_msgs/_unity_robotics_demo_msgs_s.ep.rosidl_typesupport_introspection_c.c
[1.418s] -- Up-to-date: /home/xrcdevelopment/IXR_ROS_Files/ros2_unity_ws1/install/unity_robotics_demo_msgs/local/lib/python3.10/dist-packages/unity_robotics_demo_msgs/libunity_robotics_demo_msgs__rosidl_generator_py.so
[1.418s] -- Up-to-date: /home/xrcdevelopment/IXR_ROS_Files/ros2_unity_ws1/install/unity_robotics_demo_msgs/local/lib/python3.10/dist-packages/unity_robotics_demo_msgs/_unity_robotics_demo_msgs_s.ep.rosidl_typesupport_fastrtps_c.c
[1.418s] -- Up-to-date: /home/xrcdevelopment/IXR_ROS_Files/ros2_unity_ws1/install/unity_robotics_demo_msgs/local/lib/python3.10/dist-packages/unity_robotics_demo_msgs/__init__.py
[1.418s] -- Up-to-date: /home/xrcdevelopment/IXR_ROS_Files/ros2_unity_ws1/install/unity_robotics_demo_msgs/local/lib/python3.10/dist-packages/unity_robotics_demo_msgs/unity_robotics_demo_msgs_s__rosidl_typesupport_introspection_c.cpython-310-x86_64-linux-gnu.so
[1.418s] -- Up-to-date: /home/xrcdevelopment/IXR_ROS_Files/ros2_unity_ws1/install/unity_robotics_demo_msgs/local/lib/python3.10/dist-packages/unity_robotics_demo_msgs/unity_robotics_demo_msgs_s__rosidl_typesupport_fastrtps_c.cpython-310-x86_64-linux-gnu.so
[1.419s] -- Up-to-date: /home/xrcdevelopment/IXR_ROS_Files/ros2_unity_ws1/install/unity_robotics_demo_msgs/local/lib/python3.10/dist-packages/unity_robotics_demo_msgs/srv
[1.419s] -- Up-to-date: /home/xrcdevelopment/IXR_ROS_Files/ros2_unity_ws1/install/unity_robotics_demo_msgs/local/lib/python3.10/dist-packages/unity_robotics_demo_msgs/srv/_object_pose_service.py
[1.419s] -- Up-to-date: /home/xrcdevelopment/IXR_ROS_Files/ros2_unity_ws1/install/unity_robotics_demo_msgs/local/lib/python3.10/dist-packages/unity_robotics_demo_msgs/srv/_object_pose_service_s.c
[1.419s] -- Up-to-date: /home/xrcdevelopment/IXR_ROS_Files/ros2_unity_ws1/install/unity_robotics_demo_msgs/local/lib/python3.10/dist-packages/unity_robotics_demo_msgs/srv/_position_service.py
[1.419s] -- Up-to-date: /home/xrcdevelopment/IXR_ROS_Files/ros2_unity_ws1/install/unity_robotics_demo_msgs/local/lib/python3.10/dist-packages/unity_robotics_demo_msgs/srv/_position_service_s.c
[1.419s] -- Up-to-date: /home/xrcdevelopment/IXR_ROS_Files/ros2_unity_ws1/install/unity_robotics_demo_msgs/local/lib/python3.10/dist-packages/unity_robotics_demo_msgs/srv/__init__.py
[1.419s] -- Up-to-date: /home/xrcdevelopment/IXR_ROS_Files/ros2_unity_ws1/install/unity_robotics_demo_msgs/local/lib/python3.10/dist-packages/unity_robotics_demo_msgs/_unity_robotics_demo_msgs_s.ep.rosidl_typesupport_c.c
[1.419s] -- Up-to-date: /home/xrcdevelopment/IXR_ROS_Files/ros2_unity_ws1/install/unity_robotics_demo_msgs/local/lib/python3.10/dist-packages/unity_robotics_demo_msgs/unity_robotics_demo_msgs_s__rosidl_typesupport_c.cpython-310-x86_64-linux-gnu.so
[1.447s] Listing '/home/xrcdevelopment/IXR_ROS_Files/ros2_unity_ws1/install/unity_robotics_demo_msgs/local/lib/python3.10/dist-packages/unity_robotics_demo_msgs'...
[1.447s] Listing '/home/xrcdevelopment/IXR_ROS_Files/ros2_unity_ws1/install/unity_robotics_demo_msgs/local/lib/python3.10/dist-packages/unity_robotics_demo_msgs/msg'...
[1.448s] Listing '/home/xrcdevelopment/IXR_ROS_Files/ros2_unity_ws1/install/unity_robotics_demo_msgs/local/lib/python3.10/dist-packages/unity_robotics_demo_msgs/srv'...
[1.456s] -- Up-to-date: /home/xrcdevelopment/IXR_ROS_Files/ros2_unity_ws1/install/unity_robotics_demo_msgs/local/lib/python3.10/dist-packages/unity_robotics_demo_msgs/unity_robotics_demo_msgs_s__rosidl_typesupport_fastrtps_c.cpython-310-x86_64-linux-gnu.so
[1.457s] -- Up-to-date: /home/xrcdevelopment/IXR_ROS_Files/ros2_unity_ws1/install/unity_robotics_demo_msgs/local/lib/python3.10/dist-packages/unity_robotics_demo_msgs/unity_robotics_demo_msgs_s__rosidl_typesupport_introspection_c.cpython-310-x86_64-linux-gnu.so
[1.458s] -- Up-to-date: /home/xrcdevelopment/IXR_ROS_Files/ros2_unity_ws1/install/unity_robotics_demo_msgs/local/lib/python3.10/dist-packages/unity_robotics_demo_msgs/unity_robotics_demo_msgs_s__rosidl_typesupport_c.cpython-310-x86_64-linux-gnu.so
[1.459s] -- Up-to-date: /home/xrcdevelopment/IXR_ROS_Files/ros2_unity_ws1/install/unity_robotics_demo_msgs/lib/libunity_robotics_demo_msgs__rosidl_generator_py.so
[1.460s] -- Up-to-date: /home/xrcdevelopment/IXR_ROS_Files/ros2_unity_ws1/install/unity_robotics_demo_msgs/share/unity_robotics_demo_msgs/msg/PosRot.idl
[1.460s] -- Up-to-date: /home/xrcdevelopment/IXR_ROS_Files/ros2_unity_ws1/install/unity_robotics_demo_msgs/share/unity_robotics_demo_msgs/msg/UnityColor.idl
[1.460s] -- Up-to-date: /home/xrcdevelopment/IXR_ROS_Files/ros2_unity_ws1/install/unity_robotics_demo_msgs/share/unity_robotics_demo_msgs/srv/PositionService.idl
[1.460s] -- Up-to-date: /home/xrcdevelopment/IXR_ROS_Files/ros2_unity_ws1/install/unity_robotics_demo_msgs/share/unity_robotics_demo_msgs/srv/ObjectPoseService.idl
[1.460s] -- Up-to-date: /home/xrcdevelopment/IXR_ROS_Files/ros2_unity_ws1/install/unity_robotics_demo_msgs/share/unity_robotics_demo_msgs/msg/PosRot.msg
[1.461s] -- Up-to-date: /home/xrcdevelopment/IXR_ROS_Files/ros2_unity_ws1/install/unity_robotics_demo_msgs/share/unity_robotics_demo_msgs/msg/UnityColor.msg
[1.461s] -- Up-to-date: /home/xrcdevelopment/IXR_ROS_Files/ros2_unity_ws1/install/unity_robotics_demo_msgs/share/unity_robotics_demo_msgs/srv/PositionService.srv
[1.461s] -- Up-to-date: /home/xrcdevelopment/IXR_ROS_Files/ros2_unity_ws1/install/unity_robotics_demo_msgs/share/unity_robotics_demo_msgs/srv/PositionService_Request.msg
[1.462s] -- Up-to-date: /home/xrcdevelopment/IXR_ROS_Files/ros2_unity_ws1/install/unity_robotics_demo_msgs/share/unity_robotics_demo_msgs/srv/PositionService_Response.msg
[1.462s] -- Up-to-date: /home/xrcdevelopment/IXR_ROS_Files/ros2_unity_ws1/install/unity_robotics_demo_msgs/share/unity_robotics_demo_msgs/srv/ObjectPoseService.srv
[1.462s] -- Up-to-date: /home/xrcdevelopment/IXR_ROS_Files/ros2_unity_ws1/install/unity_robotics_demo_msgs/share/unity_robotics_demo_msgs/srv/ObjectPoseService_Request.msg
[1.462s] -- Up-to-date: /home/xrcdevelopment/IXR_ROS_Files/ros2_unity_ws1/install/unity_robotics_demo_msgs/share/unity_robotics_demo_msgs/srv/ObjectPoseService_Response.msg
[1.462s] -- Up-to-date: /home/xrcdevelopment/IXR_ROS_Files/ros2_unity_ws1/install/unity_robotics_demo_msgs/share/ament_index/resource_index/package_run_dependencies/unity_robotics_demo_msgs
[1.462s] -- Up-to-date: /home/xrcdevelopment/IXR_ROS_Files/ros2_unity_ws1/install/unity_robotics_demo_msgs/share/ament_index/resource_index/parent_prefix_path/unity_robotics_demo_msgs
[1.463s] -- Up-to-date: /home/xrcdevelopment/IXR_ROS_Files/ros2_unity_ws1/install/unity_robotics_demo_msgs/share/unity_robotics_demo_msgs/environment/ament_prefix_path.sh
[1.463s] -- Up-to-date: /home/xrcdevelopment/IXR_ROS_Files/ros2_unity_ws1/install/unity_robotics_demo_msgs/share/unity_robotics_demo_msgs/environment/ament_prefix_path.dsv
[1.463s] -- Up-to-date: /home/xrcdevelopment/IXR_ROS_Files/ros2_unity_ws1/install/unity_robotics_demo_msgs/share/unity_robotics_demo_msgs/environment/path.sh
[1.463s] -- Up-to-date: /home/xrcdevelopment/IXR_ROS_Files/ros2_unity_ws1/install/unity_robotics_demo_msgs/share/unity_robotics_demo_msgs/environment/path.dsv
[1.463s] -- Up-to-date: /home/xrcdevelopment/IXR_ROS_Files/ros2_unity_ws1/install/unity_robotics_demo_msgs/share/unity_robotics_demo_msgs/local_setup.bash
[1.463s] -- Up-to-date: /home/xrcdevelopment/IXR_ROS_Files/ros2_unity_ws1/install/unity_robotics_demo_msgs/share/unity_robotics_demo_msgs/local_setup.sh
[1.464s] -- Up-to-date: /home/xrcdevelopment/IXR_ROS_Files/ros2_unity_ws1/install/unity_robotics_demo_msgs/share/unity_robotics_demo_msgs/local_setup.zsh
[1.464s] -- Up-to-date: /home/xrcdevelopment/IXR_ROS_Files/ros2_unity_ws1/install/unity_robotics_demo_msgs/share/unity_robotics_demo_msgs/local_setup.dsv
[1.464s] -- Installing: /home/xrcdevelopment/IXR_ROS_Files/ros2_unity_ws1/install/unity_robotics_demo_msgs/share/unity_robotics_demo_msgs/package.dsv
[1.464s] -- Up-to-date: /home/xrcdevelopment/IXR_ROS_Files/ros2_unity_ws1/install/unity_robotics_demo_msgs/share/ament_index/resource_index/packages/unity_robotics_demo_msgs
[1.465s] -- Up-to-date: /home/xrcdevelopment/IXR_ROS_Files/ros2_unity_ws1/install/unity_robotics_demo_msgs/share/unity_robotics_demo_msgs/cmake/export_unity_robotics_demo_msgs__rosidl_generator_cExport.cmake
[1.465s] -- Up-to-date: /home/xrcdevelopment/IXR_ROS_Files/ros2_unity_ws1/install/unity_robotics_demo_msgs/share/unity_robotics_demo_msgs/cmake/export_unity_robotics_demo_msgs__rosidl_generator_cExport-noconfig.cmake
[1.465s] -- Up-to-date: /home/xrcdevelopment/IXR_ROS_Files/ros2_unity_ws1/install/unity_robotics_demo_msgs/share/unity_robotics_demo_msgs/cmake/export_unity_robotics_demo_msgs__rosidl_typesupport_fastrtps_cExport.cmake
[1.465s] -- Up-to-date: /home/xrcdevelopment/IXR_ROS_Files/ros2_unity_ws1/install/unity_robotics_demo_msgs/share/unity_robotics_demo_msgs/cmake/export_unity_robotics_demo_msgs__rosidl_typesupport_fastrtps_cExport-noconfig.cmake
[1.465s] -- Up-to-date: /home/xrcdevelopment/IXR_ROS_Files/ros2_unity_ws1/install/unity_robotics_demo_msgs/share/unity_robotics_demo_msgs/cmake/unity_robotics_demo_msgs__rosidl_typesupport_introspection_cExport.cmake
[1.465s] -- Up-to-date: /home/xrcdevelopment/IXR_ROS_Files/ros2_unity_ws1/install/unity_robotics_demo_msgs/share/unity_robotics_demo_msgs/cmake/unity_robotics_demo_msgs__rosidl_typesupport_introspection_cExport-noconfig.cmake
[1.465s] -- Up-to-date: /home/xrcdevelopment/IXR_ROS_Files/ros2_unity_ws1/install/unity_robotics_demo_msgs/share/unity_robotics_demo_msgs/cmake/unity_robotics_demo_msgs__rosidl_typesupport_cExport.cmake
[1.466s] -- Up-to-date: /home/xrcdevelopment/IXR_ROS_Files/ros2_unity_ws1/install/unity_robotics_demo_msgs/share/unity_robotics_demo_msgs/cmake/unity_robotics_demo_msgs__rosidl_typesupport_cExport-noconfig.cmake
[1.466s] -- Up-to-date: /home/xrcdevelopment/IXR_ROS_Files/ros2_unity_ws1/install/unity_robotics_demo_msgs/share/unity_robotics_demo_msgs/cmake/export_unity_robotics_demo_msgs__rosidl_generator_cppExport.cmake
[1.466s] -- Up-to-date: /home/xrcdevelopment/IXR_ROS_Files/ros2_unity_ws1/install/unity_robotics_demo_msgs/share/unity_robotics_demo_msgs/cmake/export_unity_robotics_demo_msgs__rosidl_typesupport_fastrtps_cppExport.cmake
[1.466s] -- Up-to-date: /home/xrcdevelopment/IXR_ROS_Files/ros2_unity_ws1/install/unity_robotics_demo_msgs/share/unity_robotics_demo_msgs/cmake/export_unity_robotics_demo_msgs__rosidl_typesupport_fastrtps_cppExport-noconfig.cmake
[1.466s] -- Up-to-date: /home/xrcdevelopment/IXR_ROS_Files/ros2_unity_ws1/install/unity_robotics_demo_msgs/share/unity_robotics_demo_msgs/cmake/unity_robotics_demo_msgs__rosidl_typesupport_introspection_cppExport.cmake
[1.466s] -- Up-to-date: /home/xrcdevelopment/IXR_ROS_Files/ros2_unity_ws1/install/unity_robotics_demo_msgs/share/unity_robotics_demo_msgs/cmake/unity_robotics_demo_msgs__rosidl_typesupport_introspection_cppExport-noconfig.cmake
[1.466s] -- Up-to-date: /home/xrcdevelopment/IXR_ROS_Files/ros2_unity_ws1/install/unity_robotics_demo_msgs/share/unity_robotics_demo_msgs/cmake/unity_robotics_demo_msgs__rosidl_typesupport_cppExport.cmake
[1.466s] -- Up-to-date: /home/xrcdevelopment/IXR_ROS_Files/ros2_unity_ws1/install/unity_robotics_demo_msgs/share/unity_robotics_demo_msgs/cmake/unity_robotics_demo_msgs__rosidl_typesupport_cppExport-noconfig.cmake
[1.467s] -- Up-to-date: /home/xrcdevelopment/IXR_ROS_Files/ros2_unity_ws1/install/unity_robotics_demo_msgs/share/unity_robotics_demo_msgs/cmake/export_unity_robotics_demo_msgs__rosidl_generator_pyExport.cmake
[1.467s] -- Up-to-date: /home/xrcdevelopment/IXR_ROS_Files/ros2_unity_ws1/install/unity_robotics_demo_msgs/share/unity_robotics_demo_msgs/cmake/export_unity_robotics_demo_msgs__rosidl_generator_pyExport-noconfig.cmake
[1.467s] -- Up-to-date: /home/xrcdevelopment/IXR_ROS_Files/ros2_unity_ws1/install/unity_robotics_demo_msgs/share/unity_robotics_demo_msgs/cmake/rosidl_cmake-extras.cmake
[1.467s] -- Up-to-date: /home/xrcdevelopment/IXR_ROS_Files/ros2_unity_ws1/install/unity_robotics_demo_msgs/share/unity_robotics_demo_msgs/cmake/ament_cmake_export_dependencies-extras.cmake
[1.467s] -- Up-to-date: /home/xrcdevelopment/IXR_ROS_Files/ros2_unity_ws1/install/unity_robotics_demo_msgs/share/unity_robotics_demo_msgs/cmake/ament_cmake_export_include_directories-extras.cmake
[1.467s] -- Up-to-date: /home/xrcdevelopment/IXR_ROS_Files/ros2_unity_ws1/install/unity_robotics_demo_msgs/share/unity_robotics_demo_msgs/cmake/ament_cmake_export_libraries-extras.cmake
[1.468s] -- Up-to-date: /home/xrcdevelopment/IXR_ROS_Files/ros2_unity_ws1/install/unity_robotics_demo_msgs/share/unity_robotics_demo_msgs/cmake/ament_cmake_export_targets-extras.cmake
[1.472s] -- Up-to-date: /home/xrcdevelopment/IXR_ROS_Files/ros2_unity_ws1/install/unity_robotics_demo_msgs/share/unity_robotics_demo_msgs/cmake/rosidl_cmake_export_typesupport_targets-extras.cmake
[1.472s] -- Up-to-date: /home/xrcdevelopment/IXR_ROS_Files/ros2_unity_ws1/install/unity_robotics_demo_msgs/share/unity_robotics_demo_msgs/cmake/rosidl_cmake_export_typesupport_libraries-extras.cmake
[1.472s] -- Up-to-date: /home/xrcdevelopment/IXR_ROS_Files/ros2_unity_ws1/install/unity_robotics_demo_msgs/share/unity_robotics_demo_msgs/cmake/unity_robotics_demo_msgsConfig.cmake
[1.472s] -- Up-to-date: /home/xrcdevelopment/IXR_ROS_Files/ros2_unity_ws1/install/unity_robotics_demo_msgs/share/unity_robotics_demo_msgs/cmake/unity_robotics_demo_msgsConfig-version.cmake
[1.473s] -- Up-to-date: /home/xrcdevelopment/IXR_ROS_Files/ros2_unity_ws1/install/unity_robotics_demo_msgs/share/unity_robotics_demo_msgs/package.xml
[1.473s] Invoked command in '/home/xrcdevelopment/IXR_ROS_Files/ros2_unity_ws1/build/unity_robotics_demo_msgs' returned '0': CMAKE_PREFIX_PATH=${CMAKE_PREFIX_PATH}:/home/xrcdevelopment/IXR_ROS_Files/ros2_unity_ws1/install/unity_robotics_demo:/home/xrcdevelopment/IXR_ROS_Files/ros2_unity_ws1/install/ros_tcp_endpoint:/home/xrcdevelopment/ros/ros2_unity_ws1/install/unity_robotics_demo_msgs:/home/xrcdevelopment/ros/ros2_unity_ws1/install/unity_robotics_demo:/home/xrcdevelopment/ros/ros2_unity_ws1/install/ros_tcp_endpoint:/opt/ros/humble /usr/bin/cmake --install /home/xrcdevelopment/IXR_ROS_Files/ros2_unity_ws1/build/unity_robotics_demo_msgs
