[0.012s] Invoking command in '/home/xrcdevelopment/IXR_ROS_Files/ros2_robotis_ws/build/dynamixel_sdk_examples': CMAKE_PREFIX_PATH=/home/xrcdevelopment/IXR_ROS_Files/ros2_robotis_ws/install/dynamixel_sdk_custom_interfaces:/home/xrcdevelopment/IXR_ROS_Files/ros2_robotis_ws/install/dynamixel_sdk:/home/xrcdevelopment/IXR_ROS_Files/ros2_robotis_ws/install/dynamixel_sdk_examples:/home/xrcdevelopment/ros/ros2_unity_ws1/install/unity_robotics_demo_msgs:/home/xrcdevelopment/ros/ros2_unity_ws1/install/unity_robotics_demo:/home/xrcdevelopment/ros/ros2_unity_ws1/install/ros_tcp_endpoint:/opt/ros/humble /usr/bin/cmake --build /home/xrcdevelopment/IXR_ROS_Files/ros2_robotis_ws/build/dynamixel_sdk_examples -- -j8 -l8
[0.048s] [35m[1mConsolidate compiler generated dependencies of target read_write_node[0m
[0.067s] [ 50%] [32mBuilding CXX object CMakeFiles/read_write_node.dir/src/read_write_node.cpp.o[0m
[7.890s] [100%] [32m[1mLinking CXX executable read_write_node[0m
[8.286s] [100%] Built target read_write_node
[8.297s] Invoked command in '/home/xrcdevelopment/IXR_ROS_Files/ros2_robotis_ws/build/dynamixel_sdk_examples' returned '0': CMAKE_PREFIX_PATH=/home/xrcdevelopment/IXR_ROS_Files/ros2_robotis_ws/install/dynamixel_sdk_custom_interfaces:/home/xrcdevelopment/IXR_ROS_Files/ros2_robotis_ws/install/dynamixel_sdk:/home/xrcdevelopment/IXR_ROS_Files/ros2_robotis_ws/install/dynamixel_sdk_examples:/home/xrcdevelopment/ros/ros2_unity_ws1/install/unity_robotics_demo_msgs:/home/xrcdevelopment/ros/ros2_unity_ws1/install/unity_robotics_demo:/home/xrcdevelopment/ros/ros2_unity_ws1/install/ros_tcp_endpoint:/opt/ros/humble /usr/bin/cmake --build /home/xrcdevelopment/IXR_ROS_Files/ros2_robotis_ws/build/dynamixel_sdk_examples -- -j8 -l8
[8.324s] Invoking command in '/home/xrcdevelopment/IXR_ROS_Files/ros2_robotis_ws/build/dynamixel_sdk_examples': CMAKE_PREFIX_PATH=/home/xrcdevelopment/IXR_ROS_Files/ros2_robotis_ws/install/dynamixel_sdk_custom_interfaces:/home/xrcdevelopment/IXR_ROS_Files/ros2_robotis_ws/install/dynamixel_sdk:/home/xrcdevelopment/IXR_ROS_Files/ros2_robotis_ws/install/dynamixel_sdk_examples:/home/xrcdevelopment/ros/ros2_unity_ws1/install/unity_robotics_demo_msgs:/home/xrcdevelopment/ros/ros2_unity_ws1/install/unity_robotics_demo:/home/xrcdevelopment/ros/ros2_unity_ws1/install/ros_tcp_endpoint:/opt/ros/humble /usr/bin/cmake --install /home/xrcdevelopment/IXR_ROS_Files/ros2_robotis_ws/build/dynamixel_sdk_examples
[8.330s] -- Install configuration: ""
[8.330s] -- Installing: /home/xrcdevelopment/IXR_ROS_Files/ros2_robotis_ws/install/dynamixel_sdk_examples/lib/dynamixel_sdk_examples/read_write_node
[8.335s] -- Set runtime path of "/home/xrcdevelopment/IXR_ROS_Files/ros2_robotis_ws/install/dynamixel_sdk_examples/lib/dynamixel_sdk_examples/read_write_node" to ""
[8.336s] -- Up-to-date: /home/xrcdevelopment/IXR_ROS_Files/ros2_robotis_ws/install/dynamixel_sdk_examples/share/ament_index/resource_index/package_run_dependencies/dynamixel_sdk_examples
[8.336s] -- Up-to-date: /home/xrcdevelopment/IXR_ROS_Files/ros2_robotis_ws/install/dynamixel_sdk_examples/share/ament_index/resource_index/parent_prefix_path/dynamixel_sdk_examples
[8.336s] -- Up-to-date: /home/xrcdevelopment/IXR_ROS_Files/ros2_robotis_ws/install/dynamixel_sdk_examples/share/dynamixel_sdk_examples/environment/ament_prefix_path.sh
[8.336s] -- Up-to-date: /home/xrcdevelopment/IXR_ROS_Files/ros2_robotis_ws/install/dynamixel_sdk_examples/share/dynamixel_sdk_examples/environment/ament_prefix_path.dsv
[8.336s] -- Up-to-date: /home/xrcdevelopment/IXR_ROS_Files/ros2_robotis_ws/install/dynamixel_sdk_examples/share/dynamixel_sdk_examples/environment/path.sh
[8.336s] -- Up-to-date: /home/xrcdevelopment/IXR_ROS_Files/ros2_robotis_ws/install/dynamixel_sdk_examples/share/dynamixel_sdk_examples/environment/path.dsv
[8.336s] -- Up-to-date: /home/xrcdevelopment/IXR_ROS_Files/ros2_robotis_ws/install/dynamixel_sdk_examples/share/dynamixel_sdk_examples/local_setup.bash
[8.336s] -- Up-to-date: /home/xrcdevelopment/IXR_ROS_Files/ros2_robotis_ws/install/dynamixel_sdk_examples/share/dynamixel_sdk_examples/local_setup.sh
[8.336s] -- Up-to-date: /home/xrcdevelopment/IXR_ROS_Files/ros2_robotis_ws/install/dynamixel_sdk_examples/share/dynamixel_sdk_examples/local_setup.zsh
[8.337s] -- Up-to-date: /home/xrcdevelopment/IXR_ROS_Files/ros2_robotis_ws/install/dynamixel_sdk_examples/share/dynamixel_sdk_examples/local_setup.dsv
[8.337s] -- Installing: /home/xrcdevelopment/IXR_ROS_Files/ros2_robotis_ws/install/dynamixel_sdk_examples/share/dynamixel_sdk_examples/package.dsv
[8.337s] -- Up-to-date: /home/xrcdevelopment/IXR_ROS_Files/ros2_robotis_ws/install/dynamixel_sdk_examples/share/ament_index/resource_index/packages/dynamixel_sdk_examples
[8.337s] -- Up-to-date: /home/xrcdevelopment/IXR_ROS_Files/ros2_robotis_ws/install/dynamixel_sdk_examples/share/dynamixel_sdk_examples/cmake/dynamixel_sdk_examplesConfig.cmake
[8.337s] -- Up-to-date: /home/xrcdevelopment/IXR_ROS_Files/ros2_robotis_ws/install/dynamixel_sdk_examples/share/dynamixel_sdk_examples/cmake/dynamixel_sdk_examplesConfig-version.cmake
[8.337s] -- Up-to-date: /home/xrcdevelopment/IXR_ROS_Files/ros2_robotis_ws/install/dynamixel_sdk_examples/share/dynamixel_sdk_examples/package.xml
[8.341s] Invoked command in '/home/xrcdevelopment/IXR_ROS_Files/ros2_robotis_ws/build/dynamixel_sdk_examples' returned '0': CMAKE_PREFIX_PATH=/home/xrcdevelopment/IXR_ROS_Files/ros2_robotis_ws/install/dynamixel_sdk_custom_interfaces:/home/xrcdevelopment/IXR_ROS_Files/ros2_robotis_ws/install/dynamixel_sdk:/home/xrcdevelopment/IXR_ROS_Files/ros2_robotis_ws/install/dynamixel_sdk_examples:/home/xrcdevelopment/ros/ros2_unity_ws1/install/unity_robotics_demo_msgs:/home/xrcdevelopment/ros/ros2_unity_ws1/install/unity_robotics_demo:/home/xrcdevelopment/ros/ros2_unity_ws1/install/ros_tcp_endpoint:/opt/ros/humble /usr/bin/cmake --install /home/xrcdevelopment/IXR_ROS_Files/ros2_robotis_ws/build/dynamixel_sdk_examples
