[0.011s] Invoking command in '/home/xrcdevelopment/IXR_ROS_Files/ros2_robotis_ws/build/dynamixel_sdk_examples': AMENT_PREFIX_PATH=/home/xrcdevelopment/IXR_ROS_Files/ros2_robotis_ws/install/dynamixel_sdk_custom_interfaces:/home/xrcdevelopment/IXR_ROS_Files/ros2_robotis_ws/install/dynamixel_sdk:${AMENT_PREFIX_PATH} CMAKE_PREFIX_PATH=/home/xrcdevelopment/IXR_ROS_Files/ros2_robotis_ws/install/dynamixel_sdk_custom_interfaces:/home/xrcdevelopment/IXR_ROS_Files/ros2_robotis_ws/install/dynamixel_sdk:/home/xrcdevelopment/ros/ros2_unity_ws1/install/unity_robotics_demo_msgs:/home/xrcdevelopment/ros/ros2_unity_ws1/install/unity_robotics_demo:/home/xrcdevelopment/ros/ros2_unity_ws1/install/ros_tcp_endpoint:/opt/ros/humble LD_LIBRARY_PATH=/home/xrcdevelopment/IXR_ROS_Files/ros2_robotis_ws/install/dynamixel_sdk_custom_interfaces/lib:/home/xrcdevelopment/IXR_ROS_Files/ros2_robotis_ws/install/dynamixel_sdk/lib:${LD_LIBRARY_PATH} PYTHONPATH=/home/xrcdevelopment/IXR_ROS_Files/ros2_robotis_ws/install/dynamixel_sdk_custom_interfaces/local/lib/python3.10/dist-packages:${PYTHONPATH} /usr/bin/cmake /home/xrcdevelopment/IXR_ROS_Files/ros2_robotis_ws/src/DynamixelSDK/dynamixel_sdk_examples -DCMAKE_INSTALL_PREFIX=/home/xrcdevelopment/IXR_ROS_Files/ros2_robotis_ws/install/dynamixel_sdk_examples
[0.061s] -- The C compiler identification is GNU 11.3.0
[0.114s] -- The CXX compiler identification is GNU 11.3.0
[0.120s] -- Detecting C compiler ABI info
[0.183s] -- Detecting C compiler ABI info - done
[0.190s] -- Check for working C compiler: /usr/bin/cc - skipped
[0.190s] -- Detecting C compile features
[0.190s] -- Detecting C compile features - done
[0.193s] -- Detecting CXX compiler ABI info
[0.266s] -- Detecting CXX compiler ABI info - done
[0.273s] -- Check for working CXX compiler: /usr/bin/c++ - skipped
[0.274s] -- Detecting CXX compile features
[0.274s] -- Detecting CXX compile features - done
[0.277s] -- Found ament_cmake: 1.3.3 (/opt/ros/humble/share/ament_cmake/cmake)
[0.438s] -- Found Python3: /usr/bin/python3.10 (found version "3.10.6") found components: Interpreter 
[0.522s] -- Found dynamixel_sdk: 3.7.60 (/home/xrcdevelopment/IXR_ROS_Files/ros2_robotis_ws/install/dynamixel_sdk/share/dynamixel_sdk/cmake)
[0.523s] -- Found dynamixel_sdk_custom_interfaces: 3.7.60 (/home/xrcdevelopment/IXR_ROS_Files/ros2_robotis_ws/install/dynamixel_sdk_custom_interfaces/share/dynamixel_sdk_custom_interfaces/cmake)
[0.558s] -- Found rosidl_generator_c: 3.1.4 (/opt/ros/humble/share/rosidl_generator_c/cmake)
[0.564s] -- Found rosidl_adapter: 3.1.4 (/opt/ros/humble/share/rosidl_adapter/cmake)
[0.572s] -- Found rosidl_generator_cpp: 3.1.4 (/opt/ros/humble/share/rosidl_generator_cpp/cmake)
[0.586s] -- Using all available rosidl_typesupport_c: rosidl_typesupport_fastrtps_c;rosidl_typesupport_introspection_c
[0.605s] -- Using all available rosidl_typesupport_cpp: rosidl_typesupport_fastrtps_cpp;rosidl_typesupport_introspection_cpp
[0.665s] -- Found rclcpp: 16.0.3 (/opt/ros/humble/share/rclcpp/cmake)
[0.737s] -- Found rmw_implementation_cmake: 6.1.1 (/opt/ros/humble/share/rmw_implementation_cmake/cmake)
[0.741s] -- Found rmw_fastrtps_cpp: 6.2.2 (/opt/ros/humble/share/rmw_fastrtps_cpp/cmake)
[0.843s] -- Found OpenSSL: /usr/lib/x86_64-linux-gnu/libcrypto.so (found version "3.0.2")  
[0.868s] -- Found FastRTPS: /opt/ros/humble/include  
[0.911s] -- Using RMW implementation 'rmw_fastrtps_cpp' as default
[0.924s] -- Looking for pthread.h
[0.991s] -- Looking for pthread.h - found
[0.991s] -- Performing Test CMAKE_HAVE_LIBC_PTHREAD
[1.060s] -- Performing Test CMAKE_HAVE_LIBC_PTHREAD - Success
[1.061s] -- Found Threads: TRUE  
[1.230s] -- Found ament_lint_auto: 0.12.5 (/opt/ros/humble/share/ament_lint_auto/cmake)
[1.307s] -- Added test 'copyright' to check source files copyright and LICENSE
[1.308s] -- Added test 'cppcheck' to perform static code analysis on C / C++ code
[1.308s] -- Configured cppcheck include dirs: /home/xrcdevelopment/IXR_ROS_Files/ros2_robotis_ws/src/DynamixelSDK/dynamixel_sdk_examples/include
[1.308s] -- Configured cppcheck exclude dirs and/or files: 
[1.309s] -- Added test 'cpplint' to check C / C++ code against the Google style
[1.309s] -- Configured cpplint exclude dirs and/or files: 
[1.310s] -- Added test 'lint_cmake' to check CMake code style
[1.311s] -- Added test 'uncrustify' to check C / C++ code style
[1.311s] -- Configured uncrustify additional arguments: 
[1.312s] -- Added test 'xmllint' to check XML markup files
[1.313s] -- Configuring done
[1.323s] -- Generating done
[1.324s] -- Build files have been written to: /home/xrcdevelopment/IXR_ROS_Files/ros2_robotis_ws/build/dynamixel_sdk_examples
[1.333s] Invoked command in '/home/xrcdevelopment/IXR_ROS_Files/ros2_robotis_ws/build/dynamixel_sdk_examples' returned '0': AMENT_PREFIX_PATH=/home/xrcdevelopment/IXR_ROS_Files/ros2_robotis_ws/install/dynamixel_sdk_custom_interfaces:/home/xrcdevelopment/IXR_ROS_Files/ros2_robotis_ws/install/dynamixel_sdk:${AMENT_PREFIX_PATH} CMAKE_PREFIX_PATH=/home/xrcdevelopment/IXR_ROS_Files/ros2_robotis_ws/install/dynamixel_sdk_custom_interfaces:/home/xrcdevelopment/IXR_ROS_Files/ros2_robotis_ws/install/dynamixel_sdk:/home/xrcdevelopment/ros/ros2_unity_ws1/install/unity_robotics_demo_msgs:/home/xrcdevelopment/ros/ros2_unity_ws1/install/unity_robotics_demo:/home/xrcdevelopment/ros/ros2_unity_ws1/install/ros_tcp_endpoint:/opt/ros/humble LD_LIBRARY_PATH=/home/xrcdevelopment/IXR_ROS_Files/ros2_robotis_ws/install/dynamixel_sdk_custom_interfaces/lib:/home/xrcdevelopment/IXR_ROS_Files/ros2_robotis_ws/install/dynamixel_sdk/lib:${LD_LIBRARY_PATH} PYTHONPATH=/home/xrcdevelopment/IXR_ROS_Files/ros2_robotis_ws/install/dynamixel_sdk_custom_interfaces/local/lib/python3.10/dist-packages:${PYTHONPATH} /usr/bin/cmake /home/xrcdevelopment/IXR_ROS_Files/ros2_robotis_ws/src/DynamixelSDK/dynamixel_sdk_examples -DCMAKE_INSTALL_PREFIX=/home/xrcdevelopment/IXR_ROS_Files/ros2_robotis_ws/install/dynamixel_sdk_examples
[1.334s] Invoking command in '/home/xrcdevelopment/IXR_ROS_Files/ros2_robotis_ws/build/dynamixel_sdk_examples': AMENT_PREFIX_PATH=/home/xrcdevelopment/IXR_ROS_Files/ros2_robotis_ws/install/dynamixel_sdk_custom_interfaces:/home/xrcdevelopment/IXR_ROS_Files/ros2_robotis_ws/install/dynamixel_sdk:${AMENT_PREFIX_PATH} CMAKE_PREFIX_PATH=/home/xrcdevelopment/IXR_ROS_Files/ros2_robotis_ws/install/dynamixel_sdk_custom_interfaces:/home/xrcdevelopment/IXR_ROS_Files/ros2_robotis_ws/install/dynamixel_sdk:/home/xrcdevelopment/ros/ros2_unity_ws1/install/unity_robotics_demo_msgs:/home/xrcdevelopment/ros/ros2_unity_ws1/install/unity_robotics_demo:/home/xrcdevelopment/ros/ros2_unity_ws1/install/ros_tcp_endpoint:/opt/ros/humble LD_LIBRARY_PATH=/home/xrcdevelopment/IXR_ROS_Files/ros2_robotis_ws/install/dynamixel_sdk_custom_interfaces/lib:/home/xrcdevelopment/IXR_ROS_Files/ros2_robotis_ws/install/dynamixel_sdk/lib:${LD_LIBRARY_PATH} PYTHONPATH=/home/xrcdevelopment/IXR_ROS_Files/ros2_robotis_ws/install/dynamixel_sdk_custom_interfaces/local/lib/python3.10/dist-packages:${PYTHONPATH} /usr/bin/cmake --build /home/xrcdevelopment/IXR_ROS_Files/ros2_robotis_ws/build/dynamixel_sdk_examples -- -j8 -l8
[1.380s] [ 50%] [32mBuilding CXX object CMakeFiles/read_write_node.dir/src/read_write_node.cpp.o[0m
[9.248s] [100%] [32m[1mLinking CXX executable read_write_node[0m
[9.646s] [100%] Built target read_write_node
[9.657s] Invoked command in '/home/xrcdevelopment/IXR_ROS_Files/ros2_robotis_ws/build/dynamixel_sdk_examples' returned '0': AMENT_PREFIX_PATH=/home/xrcdevelopment/IXR_ROS_Files/ros2_robotis_ws/install/dynamixel_sdk_custom_interfaces:/home/xrcdevelopment/IXR_ROS_Files/ros2_robotis_ws/install/dynamixel_sdk:${AMENT_PREFIX_PATH} CMAKE_PREFIX_PATH=/home/xrcdevelopment/IXR_ROS_Files/ros2_robotis_ws/install/dynamixel_sdk_custom_interfaces:/home/xrcdevelopment/IXR_ROS_Files/ros2_robotis_ws/install/dynamixel_sdk:/home/xrcdevelopment/ros/ros2_unity_ws1/install/unity_robotics_demo_msgs:/home/xrcdevelopment/ros/ros2_unity_ws1/install/unity_robotics_demo:/home/xrcdevelopment/ros/ros2_unity_ws1/install/ros_tcp_endpoint:/opt/ros/humble LD_LIBRARY_PATH=/home/xrcdevelopment/IXR_ROS_Files/ros2_robotis_ws/install/dynamixel_sdk_custom_interfaces/lib:/home/xrcdevelopment/IXR_ROS_Files/ros2_robotis_ws/install/dynamixel_sdk/lib:${LD_LIBRARY_PATH} PYTHONPATH=/home/xrcdevelopment/IXR_ROS_Files/ros2_robotis_ws/install/dynamixel_sdk_custom_interfaces/local/lib/python3.10/dist-packages:${PYTHONPATH} /usr/bin/cmake --build /home/xrcdevelopment/IXR_ROS_Files/ros2_robotis_ws/build/dynamixel_sdk_examples -- -j8 -l8
[9.682s] Invoking command in '/home/xrcdevelopment/IXR_ROS_Files/ros2_robotis_ws/build/dynamixel_sdk_examples': AMENT_PREFIX_PATH=/home/xrcdevelopment/IXR_ROS_Files/ros2_robotis_ws/install/dynamixel_sdk_custom_interfaces:/home/xrcdevelopment/IXR_ROS_Files/ros2_robotis_ws/install/dynamixel_sdk:${AMENT_PREFIX_PATH} CMAKE_PREFIX_PATH=/home/xrcdevelopment/IXR_ROS_Files/ros2_robotis_ws/install/dynamixel_sdk_custom_interfaces:/home/xrcdevelopment/IXR_ROS_Files/ros2_robotis_ws/install/dynamixel_sdk:/home/xrcdevelopment/ros/ros2_unity_ws1/install/unity_robotics_demo_msgs:/home/xrcdevelopment/ros/ros2_unity_ws1/install/unity_robotics_demo:/home/xrcdevelopment/ros/ros2_unity_ws1/install/ros_tcp_endpoint:/opt/ros/humble LD_LIBRARY_PATH=/home/xrcdevelopment/IXR_ROS_Files/ros2_robotis_ws/install/dynamixel_sdk_custom_interfaces/lib:/home/xrcdevelopment/IXR_ROS_Files/ros2_robotis_ws/install/dynamixel_sdk/lib:${LD_LIBRARY_PATH} PYTHONPATH=/home/xrcdevelopment/IXR_ROS_Files/ros2_robotis_ws/install/dynamixel_sdk_custom_interfaces/local/lib/python3.10/dist-packages:${PYTHONPATH} /usr/bin/cmake --install /home/xrcdevelopment/IXR_ROS_Files/ros2_robotis_ws/build/dynamixel_sdk_examples
[9.689s] -- Install configuration: ""
[9.689s] -- Installing: /home/xrcdevelopment/IXR_ROS_Files/ros2_robotis_ws/install/dynamixel_sdk_examples/lib/dynamixel_sdk_examples/read_write_node
[9.693s] -- Set runtime path of "/home/xrcdevelopment/IXR_ROS_Files/ros2_robotis_ws/install/dynamixel_sdk_examples/lib/dynamixel_sdk_examples/read_write_node" to ""
[9.694s] -- Installing: /home/xrcdevelopment/IXR_ROS_Files/ros2_robotis_ws/install/dynamixel_sdk_examples/share/ament_index/resource_index/package_run_dependencies/dynamixel_sdk_examples
[9.694s] -- Installing: /home/xrcdevelopment/IXR_ROS_Files/ros2_robotis_ws/install/dynamixel_sdk_examples/share/ament_index/resource_index/parent_prefix_path/dynamixel_sdk_examples
[9.694s] -- Installing: /home/xrcdevelopment/IXR_ROS_Files/ros2_robotis_ws/install/dynamixel_sdk_examples/share/dynamixel_sdk_examples/environment/ament_prefix_path.sh
[9.694s] -- Installing: /home/xrcdevelopment/IXR_ROS_Files/ros2_robotis_ws/install/dynamixel_sdk_examples/share/dynamixel_sdk_examples/environment/ament_prefix_path.dsv
[9.694s] -- Installing: /home/xrcdevelopment/IXR_ROS_Files/ros2_robotis_ws/install/dynamixel_sdk_examples/share/dynamixel_sdk_examples/environment/path.sh
[9.694s] -- Installing: /home/xrcdevelopment/IXR_ROS_Files/ros2_robotis_ws/install/dynamixel_sdk_examples/share/dynamixel_sdk_examples/environment/path.dsv
[9.694s] -- Installing: /home/xrcdevelopment/IXR_ROS_Files/ros2_robotis_ws/install/dynamixel_sdk_examples/share/dynamixel_sdk_examples/local_setup.bash
[9.694s] -- Installing: /home/xrcdevelopment/IXR_ROS_Files/ros2_robotis_ws/install/dynamixel_sdk_examples/share/dynamixel_sdk_examples/local_setup.sh
[9.695s] -- Installing: /home/xrcdevelopment/IXR_ROS_Files/ros2_robotis_ws/install/dynamixel_sdk_examples/share/dynamixel_sdk_examples/local_setup.zsh
[9.695s] -- Installing: /home/xrcdevelopment/IXR_ROS_Files/ros2_robotis_ws/install/dynamixel_sdk_examples/share/dynamixel_sdk_examples/local_setup.dsv
[9.695s] -- Installing: /home/xrcdevelopment/IXR_ROS_Files/ros2_robotis_ws/install/dynamixel_sdk_examples/share/dynamixel_sdk_examples/package.dsv
[9.695s] -- Installing: /home/xrcdevelopment/IXR_ROS_Files/ros2_robotis_ws/install/dynamixel_sdk_examples/share/ament_index/resource_index/packages/dynamixel_sdk_examples
[9.695s] -- Installing: /home/xrcdevelopment/IXR_ROS_Files/ros2_robotis_ws/install/dynamixel_sdk_examples/share/dynamixel_sdk_examples/cmake/dynamixel_sdk_examplesConfig.cmake
[9.695s] -- Installing: /home/xrcdevelopment/IXR_ROS_Files/ros2_robotis_ws/install/dynamixel_sdk_examples/share/dynamixel_sdk_examples/cmake/dynamixel_sdk_examplesConfig-version.cmake
[9.696s] -- Installing: /home/xrcdevelopment/IXR_ROS_Files/ros2_robotis_ws/install/dynamixel_sdk_examples/share/dynamixel_sdk_examples/package.xml
[9.701s] Invoked command in '/home/xrcdevelopment/IXR_ROS_Files/ros2_robotis_ws/build/dynamixel_sdk_examples' returned '0': AMENT_PREFIX_PATH=/home/xrcdevelopment/IXR_ROS_Files/ros2_robotis_ws/install/dynamixel_sdk_custom_interfaces:/home/xrcdevelopment/IXR_ROS_Files/ros2_robotis_ws/install/dynamixel_sdk:${AMENT_PREFIX_PATH} CMAKE_PREFIX_PATH=/home/xrcdevelopment/IXR_ROS_Files/ros2_robotis_ws/install/dynamixel_sdk_custom_interfaces:/home/xrcdevelopment/IXR_ROS_Files/ros2_robotis_ws/install/dynamixel_sdk:/home/xrcdevelopment/ros/ros2_unity_ws1/install/unity_robotics_demo_msgs:/home/xrcdevelopment/ros/ros2_unity_ws1/install/unity_robotics_demo:/home/xrcdevelopment/ros/ros2_unity_ws1/install/ros_tcp_endpoint:/opt/ros/humble LD_LIBRARY_PATH=/home/xrcdevelopment/IXR_ROS_Files/ros2_robotis_ws/install/dynamixel_sdk_custom_interfaces/lib:/home/xrcdevelopment/IXR_ROS_Files/ros2_robotis_ws/install/dynamixel_sdk/lib:${LD_LIBRARY_PATH} PYTHONPATH=/home/xrcdevelopment/IXR_ROS_Files/ros2_robotis_ws/install/dynamixel_sdk_custom_interfaces/local/lib/python3.10/dist-packages:${PYTHONPATH} /usr/bin/cmake --install /home/xrcdevelopment/IXR_ROS_Files/ros2_robotis_ws/build/dynamixel_sdk_examples
