[0.015s] Invoking command in '/home/xrcdevelopment/IXR_ROS_Files/ros2_robotis_ws/build/dynamixel_sdk': CMAKE_PREFIX_PATH=/home/xrcdevelopment/ros/ros2_unity_ws1/install/unity_robotics_demo_msgs:/home/xrcdevelopment/ros/ros2_unity_ws1/install/unity_robotics_demo:/home/xrcdevelopment/ros/ros2_unity_ws1/install/ros_tcp_endpoint:/opt/ros/humble /usr/bin/cmake /home/xrcdevelopment/IXR_ROS_Files/ros2_robotis_ws/src/DynamixelSDK/dynamixel_sdk -DCMAKE_INSTALL_PREFIX=/home/xrcdevelopment/IXR_ROS_Files/ros2_robotis_ws/install/dynamixel_sdk
[0.066s] -- The C compiler identification is GNU 11.3.0
[0.120s] -- The CXX compiler identification is GNU 11.3.0
[0.128s] -- Detecting C compiler ABI info
[0.190s] -- Detecting C compiler ABI info - done
[0.197s] -- Check for working C compiler: /usr/bin/cc - skipped
[0.197s] -- Detecting C compile features
[0.198s] -- Detecting C compile features - done
[0.200s] -- Detecting CXX compiler ABI info
[0.273s] -- Detecting CXX compiler ABI info - done
[0.281s] -- Check for working CXX compiler: /usr/bin/c++ - skipped
[0.281s] -- Detecting CXX compile features
[0.281s] -- Detecting CXX compile features - done
[0.284s] -- Found ament_cmake: 1.3.3 (/opt/ros/humble/share/ament_cmake/cmake)
[0.447s] -- Found Python3: /usr/bin/python3.10 (found version "3.10.6") found components: Interpreter 
[0.594s] -- Configuring done
[0.599s] -- Generating done
[0.600s] -- Build files have been written to: /home/xrcdevelopment/IXR_ROS_Files/ros2_robotis_ws/build/dynamixel_sdk
[0.604s] Invoked command in '/home/xrcdevelopment/IXR_ROS_Files/ros2_robotis_ws/build/dynamixel_sdk' returned '0': CMAKE_PREFIX_PATH=/home/xrcdevelopment/ros/ros2_unity_ws1/install/unity_robotics_demo_msgs:/home/xrcdevelopment/ros/ros2_unity_ws1/install/unity_robotics_demo:/home/xrcdevelopment/ros/ros2_unity_ws1/install/ros_tcp_endpoint:/opt/ros/humble /usr/bin/cmake /home/xrcdevelopment/IXR_ROS_Files/ros2_robotis_ws/src/DynamixelSDK/dynamixel_sdk -DCMAKE_INSTALL_PREFIX=/home/xrcdevelopment/IXR_ROS_Files/ros2_robotis_ws/install/dynamixel_sdk
[0.605s] Invoking command in '/home/xrcdevelopment/IXR_ROS_Files/ros2_robotis_ws/build/dynamixel_sdk': CMAKE_PREFIX_PATH=/home/xrcdevelopment/ros/ros2_unity_ws1/install/unity_robotics_demo_msgs:/home/xrcdevelopment/ros/ros2_unity_ws1/install/unity_robotics_demo:/home/xrcdevelopment/ros/ros2_unity_ws1/install/ros_tcp_endpoint:/opt/ros/humble /usr/bin/cmake --build /home/xrcdevelopment/IXR_ROS_Files/ros2_robotis_ws/build/dynamixel_sdk -- -j8 -l8
[0.651s] [ 20%] [32mBuilding CXX object CMakeFiles/dynamixel_sdk.dir/src/dynamixel_sdk/packet_handler.cpp.o[0m
[0.651s] [ 30%] [32mBuilding CXX object CMakeFiles/dynamixel_sdk.dir/src/dynamixel_sdk/protocol2_packet_handler.cpp.o[0m
[0.651s] [ 40%] [32mBuilding CXX object CMakeFiles/dynamixel_sdk.dir/src/dynamixel_sdk/group_sync_read.cpp.o[0m
[0.652s] [ 50%] [32mBuilding CXX object CMakeFiles/dynamixel_sdk.dir/src/dynamixel_sdk/group_sync_write.cpp.o[0m
[0.652s] [ 60%] [32mBuilding CXX object CMakeFiles/dynamixel_sdk.dir/src/dynamixel_sdk/group_bulk_read.cpp.o[0m
[0.653s] [ 60%] [32mBuilding CXX object CMakeFiles/dynamixel_sdk.dir/src/dynamixel_sdk/protocol1_packet_handler.cpp.o[0m
[0.653s] [ 70%] [32mBuilding CXX object CMakeFiles/dynamixel_sdk.dir/src/dynamixel_sdk/port_handler.cpp.o[0m
[0.662s] [ 80%] [32mBuilding CXX object CMakeFiles/dynamixel_sdk.dir/src/dynamixel_sdk/group_bulk_write.cpp.o[0m
[0.761s] [ 90%] [32mBuilding CXX object CMakeFiles/dynamixel_sdk.dir/src/dynamixel_sdk/port_handler_linux.cpp.o[0m
[1.270s] [100%] [32m[1mLinking CXX shared library libdynamixel_sdk.so[0m
[1.358s] [100%] Built target dynamixel_sdk
[1.369s] Invoked command in '/home/xrcdevelopment/IXR_ROS_Files/ros2_robotis_ws/build/dynamixel_sdk' returned '0': CMAKE_PREFIX_PATH=/home/xrcdevelopment/ros/ros2_unity_ws1/install/unity_robotics_demo_msgs:/home/xrcdevelopment/ros/ros2_unity_ws1/install/unity_robotics_demo:/home/xrcdevelopment/ros/ros2_unity_ws1/install/ros_tcp_endpoint:/opt/ros/humble /usr/bin/cmake --build /home/xrcdevelopment/IXR_ROS_Files/ros2_robotis_ws/build/dynamixel_sdk -- -j8 -l8
[1.418s] Invoking command in '/home/xrcdevelopment/IXR_ROS_Files/ros2_robotis_ws/build/dynamixel_sdk': CMAKE_PREFIX_PATH=/home/xrcdevelopment/ros/ros2_unity_ws1/install/unity_robotics_demo_msgs:/home/xrcdevelopment/ros/ros2_unity_ws1/install/unity_robotics_demo:/home/xrcdevelopment/ros/ros2_unity_ws1/install/ros_tcp_endpoint:/opt/ros/humble /usr/bin/cmake --install /home/xrcdevelopment/IXR_ROS_Files/ros2_robotis_ws/build/dynamixel_sdk
[1.426s] -- Install configuration: ""
[1.426s] -- Installing: /home/xrcdevelopment/IXR_ROS_Files/ros2_robotis_ws/install/dynamixel_sdk/include/
[1.426s] -- Installing: /home/xrcdevelopment/IXR_ROS_Files/ros2_robotis_ws/install/dynamixel_sdk/include//dynamixel_sdk
[1.426s] -- Installing: /home/xrcdevelopment/IXR_ROS_Files/ros2_robotis_ws/install/dynamixel_sdk/include//dynamixel_sdk/port_handler_windows.h
[1.426s] -- Installing: /home/xrcdevelopment/IXR_ROS_Files/ros2_robotis_ws/install/dynamixel_sdk/include//dynamixel_sdk/port_handler_arduino.h
[1.426s] -- Installing: /home/xrcdevelopment/IXR_ROS_Files/ros2_robotis_ws/install/dynamixel_sdk/include//dynamixel_sdk/group_sync_write.h
[1.427s] -- Installing: /home/xrcdevelopment/IXR_ROS_Files/ros2_robotis_ws/install/dynamixel_sdk/include//dynamixel_sdk/protocol2_packet_handler.h
[1.427s] -- Installing: /home/xrcdevelopment/IXR_ROS_Files/ros2_robotis_ws/install/dynamixel_sdk/include//dynamixel_sdk/group_bulk_read.h
[1.427s] -- Installing: /home/xrcdevelopment/IXR_ROS_Files/ros2_robotis_ws/install/dynamixel_sdk/include//dynamixel_sdk/group_bulk_write.h
[1.427s] -- Installing: /home/xrcdevelopment/IXR_ROS_Files/ros2_robotis_ws/install/dynamixel_sdk/include//dynamixel_sdk/protocol1_packet_handler.h
[1.427s] -- Installing: /home/xrcdevelopment/IXR_ROS_Files/ros2_robotis_ws/install/dynamixel_sdk/include//dynamixel_sdk/group_sync_read.h
[1.427s] -- Installing: /home/xrcdevelopment/IXR_ROS_Files/ros2_robotis_ws/install/dynamixel_sdk/include//dynamixel_sdk/dynamixel_sdk.h
[1.428s] -- Installing: /home/xrcdevelopment/IXR_ROS_Files/ros2_robotis_ws/install/dynamixel_sdk/include//dynamixel_sdk/port_handler_linux.h
[1.428s] -- Installing: /home/xrcdevelopment/IXR_ROS_Files/ros2_robotis_ws/install/dynamixel_sdk/include//dynamixel_sdk/packet_handler.h
[1.428s] -- Installing: /home/xrcdevelopment/IXR_ROS_Files/ros2_robotis_ws/install/dynamixel_sdk/include//dynamixel_sdk/port_handler.h
[1.428s] -- Installing: /home/xrcdevelopment/IXR_ROS_Files/ros2_robotis_ws/install/dynamixel_sdk/include//dynamixel_sdk/port_handler_mac.h
[1.428s] -- Installing: /home/xrcdevelopment/IXR_ROS_Files/ros2_robotis_ws/install/dynamixel_sdk/lib/libdynamixel_sdk.so
[1.429s] -- Installing: /home/xrcdevelopment/IXR_ROS_Files/ros2_robotis_ws/install/dynamixel_sdk/share/dynamixel_sdk/environment/library_path.sh
[1.429s] -- Installing: /home/xrcdevelopment/IXR_ROS_Files/ros2_robotis_ws/install/dynamixel_sdk/share/dynamixel_sdk/environment/library_path.dsv
[1.429s] -- Installing: /home/xrcdevelopment/IXR_ROS_Files/ros2_robotis_ws/install/dynamixel_sdk/share/ament_index/resource_index/package_run_dependencies/dynamixel_sdk
[1.430s] -- Installing: /home/xrcdevelopment/IXR_ROS_Files/ros2_robotis_ws/install/dynamixel_sdk/share/ament_index/resource_index/parent_prefix_path/dynamixel_sdk
[1.430s] -- Installing: /home/xrcdevelopment/IXR_ROS_Files/ros2_robotis_ws/install/dynamixel_sdk/share/dynamixel_sdk/environment/ament_prefix_path.sh
[1.430s] -- Installing: /home/xrcdevelopment/IXR_ROS_Files/ros2_robotis_ws/install/dynamixel_sdk/share/dynamixel_sdk/environment/ament_prefix_path.dsv
[1.430s] -- Installing: /home/xrcdevelopment/IXR_ROS_Files/ros2_robotis_ws/install/dynamixel_sdk/share/dynamixel_sdk/environment/path.sh
[1.430s] -- Installing: /home/xrcdevelopment/IXR_ROS_Files/ros2_robotis_ws/install/dynamixel_sdk/share/dynamixel_sdk/environment/path.dsv
[1.431s] -- Installing: /home/xrcdevelopment/IXR_ROS_Files/ros2_robotis_ws/install/dynamixel_sdk/share/dynamixel_sdk/local_setup.bash
[1.431s] -- Installing: /home/xrcdevelopment/IXR_ROS_Files/ros2_robotis_ws/install/dynamixel_sdk/share/dynamixel_sdk/local_setup.sh
[1.431s] -- Installing: /home/xrcdevelopment/IXR_ROS_Files/ros2_robotis_ws/install/dynamixel_sdk/share/dynamixel_sdk/local_setup.zsh
[1.431s] -- Installing: /home/xrcdevelopment/IXR_ROS_Files/ros2_robotis_ws/install/dynamixel_sdk/share/dynamixel_sdk/local_setup.dsv
[1.431s] -- Installing: /home/xrcdevelopment/IXR_ROS_Files/ros2_robotis_ws/install/dynamixel_sdk/share/dynamixel_sdk/package.dsv
[1.432s] -- Installing: /home/xrcdevelopment/IXR_ROS_Files/ros2_robotis_ws/install/dynamixel_sdk/share/ament_index/resource_index/packages/dynamixel_sdk
[1.432s] -- Installing: /home/xrcdevelopment/IXR_ROS_Files/ros2_robotis_ws/install/dynamixel_sdk/share/dynamixel_sdk/cmake/ament_cmake_export_include_directories-extras.cmake
[1.432s] -- Installing: /home/xrcdevelopment/IXR_ROS_Files/ros2_robotis_ws/install/dynamixel_sdk/share/dynamixel_sdk/cmake/ament_cmake_export_libraries-extras.cmake
[1.432s] -- Installing: /home/xrcdevelopment/IXR_ROS_Files/ros2_robotis_ws/install/dynamixel_sdk/share/dynamixel_sdk/cmake/dynamixel_sdkConfig.cmake
[1.432s] -- Installing: /home/xrcdevelopment/IXR_ROS_Files/ros2_robotis_ws/install/dynamixel_sdk/share/dynamixel_sdk/cmake/dynamixel_sdkConfig-version.cmake
[1.432s] -- Installing: /home/xrcdevelopment/IXR_ROS_Files/ros2_robotis_ws/install/dynamixel_sdk/share/dynamixel_sdk/package.xml
[1.434s] Invoked command in '/home/xrcdevelopment/IXR_ROS_Files/ros2_robotis_ws/build/dynamixel_sdk' returned '0': CMAKE_PREFIX_PATH=/home/xrcdevelopment/ros/ros2_unity_ws1/install/unity_robotics_demo_msgs:/home/xrcdevelopment/ros/ros2_unity_ws1/install/unity_robotics_demo:/home/xrcdevelopment/ros/ros2_unity_ws1/install/ros_tcp_endpoint:/opt/ros/humble /usr/bin/cmake --install /home/xrcdevelopment/IXR_ROS_Files/ros2_robotis_ws/build/dynamixel_sdk
