[0.487s] Invoking command in '/home/xrcdevelopment/ros/ros2_unity_ws1/src/ROS-TCP-Endpoint-main-ros2': PYTHONPATH=/home/xrcdevelopment/ros/ros2_unity_ws1/build/ros_tcp_endpoint/prefix_override:/home/xrcdevelopment/ros/ros2_unity_ws1/install/ros_tcp_endpoint/lib/python3.10/site-packages:${PYTHONPATH} /usr/bin/python3 setup.py egg_info --egg-base ../../build/ros_tcp_endpoint build --build-base /home/xrcdevelopment/ros/ros2_unity_ws1/build/ros_tcp_endpoint/build install --record /home/xrcdevelopment/ros/ros2_unity_ws1/build/ros_tcp_endpoint/install.log --install-scripts $base/lib/ros_tcp_endpoint --single-version-externally-managed
[0.675s] /usr/lib/python3/dist-packages/setuptools/dist.py:723: UserWarning: Usage of dash-separated 'script-dir' will not be supported in future versions. Please use the underscore name 'script_dir' instead
[0.675s]   warnings.warn(
[0.681s] running egg_info
[0.682s] creating ../../build/ros_tcp_endpoint/ros_tcp_endpoint.egg-info
[0.682s] writing ../../build/ros_tcp_endpoint/ros_tcp_endpoint.egg-info/PKG-INFO
[0.682s] writing dependency_links to ../../build/ros_tcp_endpoint/ros_tcp_endpoint.egg-info/dependency_links.txt
[0.682s] writing entry points to ../../build/ros_tcp_endpoint/ros_tcp_endpoint.egg-info/entry_points.txt
[0.682s] writing requirements to ../../build/ros_tcp_endpoint/ros_tcp_endpoint.egg-info/requires.txt
[0.683s] writing top-level names to ../../build/ros_tcp_endpoint/ros_tcp_endpoint.egg-info/top_level.txt
[0.683s] writing manifest file '../../build/ros_tcp_endpoint/ros_tcp_endpoint.egg-info/SOURCES.txt'
[0.684s] reading manifest file '../../build/ros_tcp_endpoint/ros_tcp_endpoint.egg-info/SOURCES.txt'
[0.685s] adding license file 'LICENSE'
[0.685s] writing manifest file '../../build/ros_tcp_endpoint/ros_tcp_endpoint.egg-info/SOURCES.txt'
[0.685s] running build
[0.686s] running build_py
[0.686s] creating /home/xrcdevelopment/ros/ros2_unity_ws1/build/ros_tcp_endpoint/build
[0.686s] creating /home/xrcdevelopment/ros/ros2_unity_ws1/build/ros_tcp_endpoint/build/lib
[0.686s] creating /home/xrcdevelopment/ros/ros2_unity_ws1/build/ros_tcp_endpoint/build/lib/ros_tcp_endpoint
[0.686s] copying ros_tcp_endpoint/exceptions.py -> /home/xrcdevelopment/ros/ros2_unity_ws1/build/ros_tcp_endpoint/build/lib/ros_tcp_endpoint
[0.686s] copying ros_tcp_endpoint/publisher.py -> /home/xrcdevelopment/ros/ros2_unity_ws1/build/ros_tcp_endpoint/build/lib/ros_tcp_endpoint
[0.687s] copying ros_tcp_endpoint/communication.py -> /home/xrcdevelopment/ros/ros2_unity_ws1/build/ros_tcp_endpoint/build/lib/ros_tcp_endpoint
[0.687s] copying ros_tcp_endpoint/thread_pauser.py -> /home/xrcdevelopment/ros/ros2_unity_ws1/build/ros_tcp_endpoint/build/lib/ros_tcp_endpoint
[0.687s] copying ros_tcp_endpoint/__init__.py -> /home/xrcdevelopment/ros/ros2_unity_ws1/build/ros_tcp_endpoint/build/lib/ros_tcp_endpoint
[0.687s] copying ros_tcp_endpoint/default_server_endpoint.py -> /home/xrcdevelopment/ros/ros2_unity_ws1/build/ros_tcp_endpoint/build/lib/ros_tcp_endpoint
[0.687s] copying ros_tcp_endpoint/unity_service.py -> /home/xrcdevelopment/ros/ros2_unity_ws1/build/ros_tcp_endpoint/build/lib/ros_tcp_endpoint
[0.687s] copying ros_tcp_endpoint/subscriber.py -> /home/xrcdevelopment/ros/ros2_unity_ws1/build/ros_tcp_endpoint/build/lib/ros_tcp_endpoint
[0.687s] copying ros_tcp_endpoint/tcp_sender.py -> /home/xrcdevelopment/ros/ros2_unity_ws1/build/ros_tcp_endpoint/build/lib/ros_tcp_endpoint
[0.687s] copying ros_tcp_endpoint/service.py -> /home/xrcdevelopment/ros/ros2_unity_ws1/build/ros_tcp_endpoint/build/lib/ros_tcp_endpoint
[0.688s] copying ros_tcp_endpoint/client.py -> /home/xrcdevelopment/ros/ros2_unity_ws1/build/ros_tcp_endpoint/build/lib/ros_tcp_endpoint
[0.688s] copying ros_tcp_endpoint/server.py -> /home/xrcdevelopment/ros/ros2_unity_ws1/build/ros_tcp_endpoint/build/lib/ros_tcp_endpoint
[0.688s] running install
[0.688s] /usr/lib/python3/dist-packages/setuptools/command/install.py:34: SetuptoolsDeprecationWarning: setup.py install is deprecated. Use build and pip and other standards-based tools.
[0.688s]   warnings.warn(
[0.688s] running install_lib
[0.689s] creating /home/xrcdevelopment/ros/ros2_unity_ws1/install/ros_tcp_endpoint/lib/python3.10/site-packages/ros_tcp_endpoint
[0.689s] copying /home/xrcdevelopment/ros/ros2_unity_ws1/build/ros_tcp_endpoint/build/lib/ros_tcp_endpoint/exceptions.py -> /home/xrcdevelopment/ros/ros2_unity_ws1/install/ros_tcp_endpoint/lib/python3.10/site-packages/ros_tcp_endpoint
[0.689s] copying /home/xrcdevelopment/ros/ros2_unity_ws1/build/ros_tcp_endpoint/build/lib/ros_tcp_endpoint/publisher.py -> /home/xrcdevelopment/ros/ros2_unity_ws1/install/ros_tcp_endpoint/lib/python3.10/site-packages/ros_tcp_endpoint
[0.690s] copying /home/xrcdevelopment/ros/ros2_unity_ws1/build/ros_tcp_endpoint/build/lib/ros_tcp_endpoint/communication.py -> /home/xrcdevelopment/ros/ros2_unity_ws1/install/ros_tcp_endpoint/lib/python3.10/site-packages/ros_tcp_endpoint
[0.690s] copying /home/xrcdevelopment/ros/ros2_unity_ws1/build/ros_tcp_endpoint/build/lib/ros_tcp_endpoint/thread_pauser.py -> /home/xrcdevelopment/ros/ros2_unity_ws1/install/ros_tcp_endpoint/lib/python3.10/site-packages/ros_tcp_endpoint
[0.690s] copying /home/xrcdevelopment/ros/ros2_unity_ws1/build/ros_tcp_endpoint/build/lib/ros_tcp_endpoint/__init__.py -> /home/xrcdevelopment/ros/ros2_unity_ws1/install/ros_tcp_endpoint/lib/python3.10/site-packages/ros_tcp_endpoint
[0.690s] copying /home/xrcdevelopment/ros/ros2_unity_ws1/build/ros_tcp_endpoint/build/lib/ros_tcp_endpoint/default_server_endpoint.py -> /home/xrcdevelopment/ros/ros2_unity_ws1/install/ros_tcp_endpoint/lib/python3.10/site-packages/ros_tcp_endpoint
[0.690s] copying /home/xrcdevelopment/ros/ros2_unity_ws1/build/ros_tcp_endpoint/build/lib/ros_tcp_endpoint/unity_service.py -> /home/xrcdevelopment/ros/ros2_unity_ws1/install/ros_tcp_endpoint/lib/python3.10/site-packages/ros_tcp_endpoint
[0.690s] copying /home/xrcdevelopment/ros/ros2_unity_ws1/build/ros_tcp_endpoint/build/lib/ros_tcp_endpoint/subscriber.py -> /home/xrcdevelopment/ros/ros2_unity_ws1/install/ros_tcp_endpoint/lib/python3.10/site-packages/ros_tcp_endpoint
[0.690s] copying /home/xrcdevelopment/ros/ros2_unity_ws1/build/ros_tcp_endpoint/build/lib/ros_tcp_endpoint/tcp_sender.py -> /home/xrcdevelopment/ros/ros2_unity_ws1/install/ros_tcp_endpoint/lib/python3.10/site-packages/ros_tcp_endpoint
[0.691s] copying /home/xrcdevelopment/ros/ros2_unity_ws1/build/ros_tcp_endpoint/build/lib/ros_tcp_endpoint/service.py -> /home/xrcdevelopment/ros/ros2_unity_ws1/install/ros_tcp_endpoint/lib/python3.10/site-packages/ros_tcp_endpoint
[0.691s] copying /home/xrcdevelopment/ros/ros2_unity_ws1/build/ros_tcp_endpoint/build/lib/ros_tcp_endpoint/client.py -> /home/xrcdevelopment/ros/ros2_unity_ws1/install/ros_tcp_endpoint/lib/python3.10/site-packages/ros_tcp_endpoint
[0.691s] copying /home/xrcdevelopment/ros/ros2_unity_ws1/build/ros_tcp_endpoint/build/lib/ros_tcp_endpoint/server.py -> /home/xrcdevelopment/ros/ros2_unity_ws1/install/ros_tcp_endpoint/lib/python3.10/site-packages/ros_tcp_endpoint
[0.691s] byte-compiling /home/xrcdevelopment/ros/ros2_unity_ws1/install/ros_tcp_endpoint/lib/python3.10/site-packages/ros_tcp_endpoint/exceptions.py to exceptions.cpython-310.pyc
[0.691s] byte-compiling /home/xrcdevelopment/ros/ros2_unity_ws1/install/ros_tcp_endpoint/lib/python3.10/site-packages/ros_tcp_endpoint/publisher.py to publisher.cpython-310.pyc
[0.692s] byte-compiling /home/xrcdevelopment/ros/ros2_unity_ws1/install/ros_tcp_endpoint/lib/python3.10/site-packages/ros_tcp_endpoint/communication.py to communication.cpython-310.pyc
[0.692s] byte-compiling /home/xrcdevelopment/ros/ros2_unity_ws1/install/ros_tcp_endpoint/lib/python3.10/site-packages/ros_tcp_endpoint/thread_pauser.py to thread_pauser.cpython-310.pyc
[0.692s] byte-compiling /home/xrcdevelopment/ros/ros2_unity_ws1/install/ros_tcp_endpoint/lib/python3.10/site-packages/ros_tcp_endpoint/__init__.py to __init__.cpython-310.pyc
[0.693s] byte-compiling /home/xrcdevelopment/ros/ros2_unity_ws1/install/ros_tcp_endpoint/lib/python3.10/site-packages/ros_tcp_endpoint/default_server_endpoint.py to default_server_endpoint.cpython-310.pyc
[0.693s] byte-compiling /home/xrcdevelopment/ros/ros2_unity_ws1/install/ros_tcp_endpoint/lib/python3.10/site-packages/ros_tcp_endpoint/unity_service.py to unity_service.cpython-310.pyc
[0.693s] byte-compiling /home/xrcdevelopment/ros/ros2_unity_ws1/install/ros_tcp_endpoint/lib/python3.10/site-packages/ros_tcp_endpoint/subscriber.py to subscriber.cpython-310.pyc
[0.694s] byte-compiling /home/xrcdevelopment/ros/ros2_unity_ws1/install/ros_tcp_endpoint/lib/python3.10/site-packages/ros_tcp_endpoint/tcp_sender.py to tcp_sender.cpython-310.pyc
[0.695s] byte-compiling /home/xrcdevelopment/ros/ros2_unity_ws1/install/ros_tcp_endpoint/lib/python3.10/site-packages/ros_tcp_endpoint/service.py to service.cpython-310.pyc
[0.696s] byte-compiling /home/xrcdevelopment/ros/ros2_unity_ws1/install/ros_tcp_endpoint/lib/python3.10/site-packages/ros_tcp_endpoint/client.py to client.cpython-310.pyc
[0.697s] byte-compiling /home/xrcdevelopment/ros/ros2_unity_ws1/install/ros_tcp_endpoint/lib/python3.10/site-packages/ros_tcp_endpoint/server.py to server.cpython-310.pyc
[0.699s] running install_data
[0.699s] creating /home/xrcdevelopment/ros/ros2_unity_ws1/install/ros_tcp_endpoint/share/ament_index
[0.700s] creating /home/xrcdevelopment/ros/ros2_unity_ws1/install/ros_tcp_endpoint/share/ament_index/resource_index
[0.700s] creating /home/xrcdevelopment/ros/ros2_unity_ws1/install/ros_tcp_endpoint/share/ament_index/resource_index/packages
[0.700s] copying resource/ros_tcp_endpoint -> /home/xrcdevelopment/ros/ros2_unity_ws1/install/ros_tcp_endpoint/share/ament_index/resource_index/packages
[0.700s] copying package.xml -> /home/xrcdevelopment/ros/ros2_unity_ws1/install/ros_tcp_endpoint/share/ros_tcp_endpoint
[0.700s] creating /home/xrcdevelopment/ros/ros2_unity_ws1/install/ros_tcp_endpoint/share/ros_tcp_endpoint/launch
[0.700s] copying launch/endpoint.py -> /home/xrcdevelopment/ros/ros2_unity_ws1/install/ros_tcp_endpoint/share/ros_tcp_endpoint/launch
[0.700s] running install_egg_info
[0.701s] Copying ../../build/ros_tcp_endpoint/ros_tcp_endpoint.egg-info to /home/xrcdevelopment/ros/ros2_unity_ws1/install/ros_tcp_endpoint/lib/python3.10/site-packages/ros_tcp_endpoint-0.0.1-py3.10.egg-info
[0.702s] running install_scripts
[0.720s] Installing default_server_endpoint script to /home/xrcdevelopment/ros/ros2_unity_ws1/install/ros_tcp_endpoint/lib/ros_tcp_endpoint
[0.720s] writing list of installed files to '/home/xrcdevelopment/ros/ros2_unity_ws1/build/ros_tcp_endpoint/install.log'
[0.740s] Invoked command in '/home/xrcdevelopment/ros/ros2_unity_ws1/src/ROS-TCP-Endpoint-main-ros2' returned '0': PYTHONPATH=/home/xrcdevelopment/ros/ros2_unity_ws1/build/ros_tcp_endpoint/prefix_override:/home/xrcdevelopment/ros/ros2_unity_ws1/install/ros_tcp_endpoint/lib/python3.10/site-packages:${PYTHONPATH} /usr/bin/python3 setup.py egg_info --egg-base ../../build/ros_tcp_endpoint build --build-base /home/xrcdevelopment/ros/ros2_unity_ws1/build/ros_tcp_endpoint/build install --record /home/xrcdevelopment/ros/ros2_unity_ws1/build/ros_tcp_endpoint/install.log --install-scripts $base/lib/ros_tcp_endpoint --single-version-externally-managed
