[0.368s] DEBUG:colcon:Command line arguments: ['/usr/bin/colcon', 'build']
[0.369s] DEBUG:colcon:Parsed command line arguments: Namespace(log_base=None, log_level=None, verb_name='build', build_base='build', install_base='install', merge_install=False, symlink_install=False, test_result_base=None, continue_on_error=False, executor='parallel', parallel_workers=8, event_handlers=None, ignore_user_meta=False, metas=['./colcon.meta'], base_paths=['.'], packages_ignore=None, packages_ignore_regex=None, paths=None, packages_up_to=None, packages_up_to_regex=None, packages_above=None, packages_above_and_dependencies=None, packages_above_depth=None, packages_select_by_dep=None, packages_skip_by_dep=None, packages_skip_up_to=None, packages_select_build_failed=False, packages_skip_build_finished=False, packages_select_test_failures=False, packages_skip_test_passed=False, packages_select=None, packages_skip=None, packages_select_regex=None, packages_skip_regex=None, packages_start=None, packages_end=None, allow_overriding=[], cmake_args=None, cmake_target=None, cmake_target_skip_unavailable=False, cmake_clean_cache=False, cmake_clean_first=False, cmake_force_configure=False, ament_cmake_args=None, catkin_cmake_args=None, catkin_skip_building_tests=False, verb_parser=<colcon_defaults.argument_parser.defaults.DefaultArgumentsDecorator object at 0x7fc118cbb550>, verb_extension=<colcon_core.verb.build.BuildVerb object at 0x7fc11954d2a0>, main=<bound method BuildVerb.main of <colcon_core.verb.build.BuildVerb object at 0x7fc11954d2a0>>)
[0.407s] Level 1:colcon.colcon_core.package_discovery:discover_packages(colcon_meta) check parameters
[0.407s] Level 1:colcon.colcon_core.package_discovery:discover_packages(recursive) check parameters
[0.407s] Level 1:colcon.colcon_core.package_discovery:discover_packages(ignore) check parameters
[0.407s] Level 1:colcon.colcon_core.package_discovery:discover_packages(path) check parameters
[0.407s] Level 1:colcon.colcon_core.package_discovery:discover_packages(colcon_meta) discover
[0.407s] Level 1:colcon.colcon_core.package_discovery:discover_packages(recursive) discover
[0.407s] INFO:colcon.colcon_core.package_discovery:Crawling recursively for packages in '/home/xrcdevelopment/IXR_ROS_Files/ros2_unity_ws1'
[0.407s] Level 1:colcon.colcon_core.package_identification:_identify(.) by extensions ['ignore', 'ignore_ament_install']
[0.407s] Level 1:colcon.colcon_core.package_identification:_identify(.) by extension 'ignore'
[0.407s] Level 1:colcon.colcon_core.package_identification:_identify(.) by extension 'ignore_ament_install'
[0.407s] Level 1:colcon.colcon_core.package_identification:_identify(.) by extensions ['colcon_pkg']
[0.408s] Level 1:colcon.colcon_core.package_identification:_identify(.) by extension 'colcon_pkg'
[0.408s] Level 1:colcon.colcon_core.package_identification:_identify(.) by extensions ['colcon_meta']
[0.408s] Level 1:colcon.colcon_core.package_identification:_identify(.) by extension 'colcon_meta'
[0.408s] Level 1:colcon.colcon_core.package_identification:_identify(.) by extensions ['ros']
[0.408s] Level 1:colcon.colcon_core.package_identification:_identify(.) by extension 'ros'
[0.421s] Level 1:colcon.colcon_core.package_identification:_identify(.) by extensions ['cmake', 'python']
[0.421s] Level 1:colcon.colcon_core.package_identification:_identify(.) by extension 'cmake'
[0.421s] Level 1:colcon.colcon_core.package_identification:_identify(.) by extension 'python'
[0.422s] Level 1:colcon.colcon_core.package_identification:_identify(.) by extensions ['python_setup_py']
[0.422s] Level 1:colcon.colcon_core.package_identification:_identify(.) by extension 'python_setup_py'
[0.422s] Level 1:colcon.colcon_core.package_identification:_identify(build) by extensions ['ignore', 'ignore_ament_install']
[0.422s] Level 1:colcon.colcon_core.package_identification:_identify(build) by extension 'ignore'
[0.422s] Level 1:colcon.colcon_core.package_identification:_identify(build) ignored
[0.422s] Level 1:colcon.colcon_core.package_identification:_identify(install) by extensions ['ignore', 'ignore_ament_install']
[0.422s] Level 1:colcon.colcon_core.package_identification:_identify(install) by extension 'ignore'
[0.422s] Level 1:colcon.colcon_core.package_identification:_identify(install) ignored
[0.422s] Level 1:colcon.colcon_core.package_identification:_identify(log) by extensions ['ignore', 'ignore_ament_install']
[0.422s] Level 1:colcon.colcon_core.package_identification:_identify(log) by extension 'ignore'
[0.423s] Level 1:colcon.colcon_core.package_identification:_identify(log) ignored
[0.423s] Level 1:colcon.colcon_core.package_identification:_identify(src) by extensions ['ignore', 'ignore_ament_install']
[0.423s] Level 1:colcon.colcon_core.package_identification:_identify(src) by extension 'ignore'
[0.423s] Level 1:colcon.colcon_core.package_identification:_identify(src) by extension 'ignore_ament_install'
[0.423s] Level 1:colcon.colcon_core.package_identification:_identify(src) by extensions ['colcon_pkg']
[0.423s] Level 1:colcon.colcon_core.package_identification:_identify(src) by extension 'colcon_pkg'
[0.423s] Level 1:colcon.colcon_core.package_identification:_identify(src) by extensions ['colcon_meta']
[0.423s] Level 1:colcon.colcon_core.package_identification:_identify(src) by extension 'colcon_meta'
[0.423s] Level 1:colcon.colcon_core.package_identification:_identify(src) by extensions ['ros']
[0.423s] Level 1:colcon.colcon_core.package_identification:_identify(src) by extension 'ros'
[0.423s] Level 1:colcon.colcon_core.package_identification:_identify(src) by extensions ['cmake', 'python']
[0.423s] Level 1:colcon.colcon_core.package_identification:_identify(src) by extension 'cmake'
[0.423s] Level 1:colcon.colcon_core.package_identification:_identify(src) by extension 'python'
[0.423s] Level 1:colcon.colcon_core.package_identification:_identify(src) by extensions ['python_setup_py']
[0.423s] Level 1:colcon.colcon_core.package_identification:_identify(src) by extension 'python_setup_py'
[0.423s] Level 1:colcon.colcon_core.package_identification:_identify(src/DynamixelSDK) by extensions ['ignore', 'ignore_ament_install']
[0.424s] Level 1:colcon.colcon_core.package_identification:_identify(src/DynamixelSDK) by extension 'ignore'
[0.424s] Level 1:colcon.colcon_core.package_identification:_identify(src/DynamixelSDK) by extension 'ignore_ament_install'
[0.424s] Level 1:colcon.colcon_core.package_identification:_identify(src/DynamixelSDK) by extensions ['colcon_pkg']
[0.424s] Level 1:colcon.colcon_core.package_identification:_identify(src/DynamixelSDK) by extension 'colcon_pkg'
[0.424s] Level 1:colcon.colcon_core.package_identification:_identify(src/DynamixelSDK) by extensions ['colcon_meta']
[0.424s] Level 1:colcon.colcon_core.package_identification:_identify(src/DynamixelSDK) by extension 'colcon_meta'
[0.424s] Level 1:colcon.colcon_core.package_identification:_identify(src/DynamixelSDK) by extensions ['ros']
[0.424s] Level 1:colcon.colcon_core.package_identification:_identify(src/DynamixelSDK) by extension 'ros'
[0.424s] Level 1:colcon.colcon_core.package_identification:_identify(src/DynamixelSDK) by extensions ['cmake', 'python']
[0.424s] Level 1:colcon.colcon_core.package_identification:_identify(src/DynamixelSDK) by extension 'cmake'
[0.424s] Level 1:colcon.colcon_core.package_identification:_identify(src/DynamixelSDK) by extension 'python'
[0.424s] Level 1:colcon.colcon_core.package_identification:_identify(src/DynamixelSDK) by extensions ['python_setup_py']
[0.424s] Level 1:colcon.colcon_core.package_identification:_identify(src/DynamixelSDK) by extension 'python_setup_py'
[0.424s] Level 1:colcon.colcon_core.package_identification:_identify(src/DynamixelSDK/dynamixel_sdk) by extensions ['ignore', 'ignore_ament_install']
[0.424s] Level 1:colcon.colcon_core.package_identification:_identify(src/DynamixelSDK/dynamixel_sdk) by extension 'ignore'
[0.424s] Level 1:colcon.colcon_core.package_identification:_identify(src/DynamixelSDK/dynamixel_sdk) by extension 'ignore_ament_install'
[0.425s] Level 1:colcon.colcon_core.package_identification:_identify(src/DynamixelSDK/dynamixel_sdk) by extensions ['colcon_pkg']
[0.425s] Level 1:colcon.colcon_core.package_identification:_identify(src/DynamixelSDK/dynamixel_sdk) by extension 'colcon_pkg'
[0.425s] Level 1:colcon.colcon_core.package_identification:_identify(src/DynamixelSDK/dynamixel_sdk) by extensions ['colcon_meta']
[0.425s] Level 1:colcon.colcon_core.package_identification:_identify(src/DynamixelSDK/dynamixel_sdk) by extension 'colcon_meta'
[0.425s] Level 1:colcon.colcon_core.package_identification:_identify(src/DynamixelSDK/dynamixel_sdk) by extensions ['ros']
[0.425s] Level 1:colcon.colcon_core.package_identification:_identify(src/DynamixelSDK/dynamixel_sdk) by extension 'ros'
[0.428s] DEBUG:colcon.colcon_core.package_identification:Package 'src/DynamixelSDK/dynamixel_sdk' with type 'ros.ament_cmake' and name 'dynamixel_sdk'
[0.429s] Level 1:colcon.colcon_core.package_identification:_identify(src/DynamixelSDK/dynamixel_sdk_custom_interfaces) by extensions ['ignore', 'ignore_ament_install']
[0.429s] Level 1:colcon.colcon_core.package_identification:_identify(src/DynamixelSDK/dynamixel_sdk_custom_interfaces) by extension 'ignore'
[0.429s] Level 1:colcon.colcon_core.package_identification:_identify(src/DynamixelSDK/dynamixel_sdk_custom_interfaces) by extension 'ignore_ament_install'
[0.429s] Level 1:colcon.colcon_core.package_identification:_identify(src/DynamixelSDK/dynamixel_sdk_custom_interfaces) by extensions ['colcon_pkg']
[0.429s] Level 1:colcon.colcon_core.package_identification:_identify(src/DynamixelSDK/dynamixel_sdk_custom_interfaces) by extension 'colcon_pkg'
[0.429s] Level 1:colcon.colcon_core.package_identification:_identify(src/DynamixelSDK/dynamixel_sdk_custom_interfaces) by extensions ['colcon_meta']
[0.429s] Level 1:colcon.colcon_core.package_identification:_identify(src/DynamixelSDK/dynamixel_sdk_custom_interfaces) by extension 'colcon_meta'
[0.429s] Level 1:colcon.colcon_core.package_identification:_identify(src/DynamixelSDK/dynamixel_sdk_custom_interfaces) by extensions ['ros']
[0.429s] Level 1:colcon.colcon_core.package_identification:_identify(src/DynamixelSDK/dynamixel_sdk_custom_interfaces) by extension 'ros'
[0.430s] DEBUG:colcon.colcon_core.package_identification:Package 'src/DynamixelSDK/dynamixel_sdk_custom_interfaces' with type 'ros.ament_cmake' and name 'dynamixel_sdk_custom_interfaces'
[0.430s] Level 1:colcon.colcon_core.package_identification:_identify(src/DynamixelSDK/dynamixel_sdk_examples) by extensions ['ignore', 'ignore_ament_install']
[0.430s] Level 1:colcon.colcon_core.package_identification:_identify(src/DynamixelSDK/dynamixel_sdk_examples) by extension 'ignore'
[0.430s] Level 1:colcon.colcon_core.package_identification:_identify(src/DynamixelSDK/dynamixel_sdk_examples) by extension 'ignore_ament_install'
[0.430s] Level 1:colcon.colcon_core.package_identification:_identify(src/DynamixelSDK/dynamixel_sdk_examples) by extensions ['colcon_pkg']
[0.430s] Level 1:colcon.colcon_core.package_identification:_identify(src/DynamixelSDK/dynamixel_sdk_examples) by extension 'colcon_pkg'
[0.430s] Level 1:colcon.colcon_core.package_identification:_identify(src/DynamixelSDK/dynamixel_sdk_examples) by extensions ['colcon_meta']
[0.431s] Level 1:colcon.colcon_core.package_identification:_identify(src/DynamixelSDK/dynamixel_sdk_examples) by extension 'colcon_meta'
[0.431s] Level 1:colcon.colcon_core.package_identification:_identify(src/DynamixelSDK/dynamixel_sdk_examples) by extensions ['ros']
[0.431s] Level 1:colcon.colcon_core.package_identification:_identify(src/DynamixelSDK/dynamixel_sdk_examples) by extension 'ros'
[0.431s] DEBUG:colcon.colcon_core.package_identification:Package 'src/DynamixelSDK/dynamixel_sdk_examples' with type 'ros.ament_cmake' and name 'dynamixel_sdk_examples'
[0.432s] Level 1:colcon.colcon_core.package_identification:_identify(src/ROS-TCP-Endpoint-main-ros2) by extensions ['ignore', 'ignore_ament_install']
[0.432s] Level 1:colcon.colcon_core.package_identification:_identify(src/ROS-TCP-Endpoint-main-ros2) by extension 'ignore'
[0.432s] Level 1:colcon.colcon_core.package_identification:_identify(src/ROS-TCP-Endpoint-main-ros2) by extension 'ignore_ament_install'
[0.432s] Level 1:colcon.colcon_core.package_identification:_identify(src/ROS-TCP-Endpoint-main-ros2) by extensions ['colcon_pkg']
[0.432s] Level 1:colcon.colcon_core.package_identification:_identify(src/ROS-TCP-Endpoint-main-ros2) by extension 'colcon_pkg'
[0.432s] Level 1:colcon.colcon_core.package_identification:_identify(src/ROS-TCP-Endpoint-main-ros2) by extensions ['colcon_meta']
[0.432s] Level 1:colcon.colcon_core.package_identification:_identify(src/ROS-TCP-Endpoint-main-ros2) by extension 'colcon_meta'
[0.432s] Level 1:colcon.colcon_core.package_identification:_identify(src/ROS-TCP-Endpoint-main-ros2) by extensions ['ros']
[0.432s] Level 1:colcon.colcon_core.package_identification:_identify(src/ROS-TCP-Endpoint-main-ros2) by extension 'ros'
[0.433s] DEBUG:colcon.colcon_core.package_identification:Package 'src/ROS-TCP-Endpoint-main-ros2' with type 'ros.ament_python' and name 'ros_tcp_endpoint'
[0.433s] Level 1:colcon.colcon_core.package_identification:_identify(src/unity_robotics_demo) by extensions ['ignore', 'ignore_ament_install']
[0.433s] Level 1:colcon.colcon_core.package_identification:_identify(src/unity_robotics_demo) by extension 'ignore'
[0.433s] Level 1:colcon.colcon_core.package_identification:_identify(src/unity_robotics_demo) by extension 'ignore_ament_install'
[0.433s] Level 1:colcon.colcon_core.package_identification:_identify(src/unity_robotics_demo) by extensions ['colcon_pkg']
[0.433s] Level 1:colcon.colcon_core.package_identification:_identify(src/unity_robotics_demo) by extension 'colcon_pkg'
[0.433s] Level 1:colcon.colcon_core.package_identification:_identify(src/unity_robotics_demo) by extensions ['colcon_meta']
[0.433s] Level 1:colcon.colcon_core.package_identification:_identify(src/unity_robotics_demo) by extension 'colcon_meta'
[0.433s] Level 1:colcon.colcon_core.package_identification:_identify(src/unity_robotics_demo) by extensions ['ros']
[0.433s] Level 1:colcon.colcon_core.package_identification:_identify(src/unity_robotics_demo) by extension 'ros'
[0.434s] DEBUG:colcon.colcon_core.package_identification:Package 'src/unity_robotics_demo' with type 'ros.ament_python' and name 'unity_robotics_demo'
[0.434s] Level 1:colcon.colcon_core.package_identification:_identify(src/unity_robotics_demo_msgs) by extensions ['ignore', 'ignore_ament_install']
[0.434s] Level 1:colcon.colcon_core.package_identification:_identify(src/unity_robotics_demo_msgs) by extension 'ignore'
[0.434s] Level 1:colcon.colcon_core.package_identification:_identify(src/unity_robotics_demo_msgs) by extension 'ignore_ament_install'
[0.434s] Level 1:colcon.colcon_core.package_identification:_identify(src/unity_robotics_demo_msgs) by extensions ['colcon_pkg']
[0.434s] Level 1:colcon.colcon_core.package_identification:_identify(src/unity_robotics_demo_msgs) by extension 'colcon_pkg'
[0.434s] Level 1:colcon.colcon_core.package_identification:_identify(src/unity_robotics_demo_msgs) by extensions ['colcon_meta']
[0.434s] Level 1:colcon.colcon_core.package_identification:_identify(src/unity_robotics_demo_msgs) by extension 'colcon_meta'
[0.434s] Level 1:colcon.colcon_core.package_identification:_identify(src/unity_robotics_demo_msgs) by extensions ['ros']
[0.434s] Level 1:colcon.colcon_core.package_identification:_identify(src/unity_robotics_demo_msgs) by extension 'ros'
[0.435s] DEBUG:colcon.colcon_core.package_identification:Package 'src/unity_robotics_demo_msgs' with type 'ros.ament_cmake' and name 'unity_robotics_demo_msgs'
[0.435s] Level 1:colcon.colcon_core.package_discovery:discover_packages(recursive) using defaults
[0.435s] Level 1:colcon.colcon_core.package_discovery:discover_packages(ignore) discover
[0.435s] Level 1:colcon.colcon_core.package_discovery:discover_packages(ignore) using defaults
[0.435s] Level 1:colcon.colcon_core.package_discovery:discover_packages(path) discover
[0.435s] Level 1:colcon.colcon_core.package_discovery:discover_packages(path) using defaults
[0.466s] Level 1:colcon.colcon_core.package_discovery:discover_packages(prefix_path) check parameters
[0.466s] Level 1:colcon.colcon_core.package_discovery:discover_packages(prefix_path) discover
[0.470s] DEBUG:colcon.colcon_installed_package_information.package_discovery:Found 6 installed packages in /home/xrcdevelopment/IXR_ROS_Files/ros2_unity_ws1/install
[0.471s] DEBUG:colcon.colcon_installed_package_information.package_discovery:Found 3 installed packages in /home/xrcdevelopment/ros/ros2_unity_ws1/install
[0.473s] DEBUG:colcon.colcon_installed_package_information.package_discovery:Found 271 installed packages in /opt/ros/humble
[0.475s] Level 1:colcon.colcon_core.package_discovery:discover_packages(prefix_path) using defaults
[0.538s] Level 5:colcon.colcon_core.verb:set package 'dynamixel_sdk' build argument 'cmake_args' from command line to 'None'
[0.538s] Level 5:colcon.colcon_core.verb:set package 'dynamixel_sdk' build argument 'cmake_target' from command line to 'None'
[0.538s] Level 5:colcon.colcon_core.verb:set package 'dynamixel_sdk' build argument 'cmake_target_skip_unavailable' from command line to 'False'
[0.538s] Level 5:colcon.colcon_core.verb:set package 'dynamixel_sdk' build argument 'cmake_clean_cache' from command line to 'False'
[0.538s] Level 5:colcon.colcon_core.verb:set package 'dynamixel_sdk' build argument 'cmake_clean_first' from command line to 'False'
[0.538s] Level 5:colcon.colcon_core.verb:set package 'dynamixel_sdk' build argument 'cmake_force_configure' from command line to 'False'
[0.538s] Level 5:colcon.colcon_core.verb:set package 'dynamixel_sdk' build argument 'ament_cmake_args' from command line to 'None'
[0.538s] Level 5:colcon.colcon_core.verb:set package 'dynamixel_sdk' build argument 'catkin_cmake_args' from command line to 'None'
[0.539s] Level 5:colcon.colcon_core.verb:set package 'dynamixel_sdk' build argument 'catkin_skip_building_tests' from command line to 'False'
[0.539s] DEBUG:colcon.colcon_core.verb:Building package 'dynamixel_sdk' with the following arguments: {'ament_cmake_args': None, 'build_base': '/home/xrcdevelopment/IXR_ROS_Files/ros2_unity_ws1/build/dynamixel_sdk', 'catkin_cmake_args': None, 'catkin_skip_building_tests': False, 'cmake_args': None, 'cmake_clean_cache': False, 'cmake_clean_first': False, 'cmake_force_configure': False, 'cmake_target': None, 'cmake_target_skip_unavailable': False, 'install_base': '/home/xrcdevelopment/IXR_ROS_Files/ros2_unity_ws1/install/dynamixel_sdk', 'merge_install': False, 'path': '/home/xrcdevelopment/IXR_ROS_Files/ros2_unity_ws1/src/DynamixelSDK/dynamixel_sdk', 'symlink_install': False, 'test_result_base': None}
[0.540s] Level 5:colcon.colcon_core.verb:set package 'dynamixel_sdk_custom_interfaces' build argument 'cmake_args' from command line to 'None'
[0.540s] Level 5:colcon.colcon_core.verb:set package 'dynamixel_sdk_custom_interfaces' build argument 'cmake_target' from command line to 'None'
[0.540s] Level 5:colcon.colcon_core.verb:set package 'dynamixel_sdk_custom_interfaces' build argument 'cmake_target_skip_unavailable' from command line to 'False'
[0.540s] Level 5:colcon.colcon_core.verb:set package 'dynamixel_sdk_custom_interfaces' build argument 'cmake_clean_cache' from command line to 'False'
[0.540s] Level 5:colcon.colcon_core.verb:set package 'dynamixel_sdk_custom_interfaces' build argument 'cmake_clean_first' from command line to 'False'
[0.540s] Level 5:colcon.colcon_core.verb:set package 'dynamixel_sdk_custom_interfaces' build argument 'cmake_force_configure' from command line to 'False'
[0.540s] Level 5:colcon.colcon_core.verb:set package 'dynamixel_sdk_custom_interfaces' build argument 'ament_cmake_args' from command line to 'None'
[0.540s] Level 5:colcon.colcon_core.verb:set package 'dynamixel_sdk_custom_interfaces' build argument 'catkin_cmake_args' from command line to 'None'
[0.540s] Level 5:colcon.colcon_core.verb:set package 'dynamixel_sdk_custom_interfaces' build argument 'catkin_skip_building_tests' from command line to 'False'
[0.540s] DEBUG:colcon.colcon_core.verb:Building package 'dynamixel_sdk_custom_interfaces' with the following arguments: {'ament_cmake_args': None, 'build_base': '/home/xrcdevelopment/IXR_ROS_Files/ros2_unity_ws1/build/dynamixel_sdk_custom_interfaces', 'catkin_cmake_args': None, 'catkin_skip_building_tests': False, 'cmake_args': None, 'cmake_clean_cache': False, 'cmake_clean_first': False, 'cmake_force_configure': False, 'cmake_target': None, 'cmake_target_skip_unavailable': False, 'install_base': '/home/xrcdevelopment/IXR_ROS_Files/ros2_unity_ws1/install/dynamixel_sdk_custom_interfaces', 'merge_install': False, 'path': '/home/xrcdevelopment/IXR_ROS_Files/ros2_unity_ws1/src/DynamixelSDK/dynamixel_sdk_custom_interfaces', 'symlink_install': False, 'test_result_base': None}
[0.541s] Level 5:colcon.colcon_core.verb:set package 'ros_tcp_endpoint' build argument 'cmake_args' from command line to 'None'
[0.541s] Level 5:colcon.colcon_core.verb:set package 'ros_tcp_endpoint' build argument 'cmake_target' from command line to 'None'
[0.541s] Level 5:colcon.colcon_core.verb:set package 'ros_tcp_endpoint' build argument 'cmake_target_skip_unavailable' from command line to 'False'
[0.541s] Level 5:colcon.colcon_core.verb:set package 'ros_tcp_endpoint' build argument 'cmake_clean_cache' from command line to 'False'
[0.541s] Level 5:colcon.colcon_core.verb:set package 'ros_tcp_endpoint' build argument 'cmake_clean_first' from command line to 'False'
[0.541s] Level 5:colcon.colcon_core.verb:set package 'ros_tcp_endpoint' build argument 'cmake_force_configure' from command line to 'False'
[0.541s] Level 5:colcon.colcon_core.verb:set package 'ros_tcp_endpoint' build argument 'ament_cmake_args' from command line to 'None'
[0.542s] Level 5:colcon.colcon_core.verb:set package 'ros_tcp_endpoint' build argument 'catkin_cmake_args' from command line to 'None'
[0.542s] Level 5:colcon.colcon_core.verb:set package 'ros_tcp_endpoint' build argument 'catkin_skip_building_tests' from command line to 'False'
[0.542s] DEBUG:colcon.colcon_core.verb:Building package 'ros_tcp_endpoint' with the following arguments: {'ament_cmake_args': None, 'build_base': '/home/xrcdevelopment/IXR_ROS_Files/ros2_unity_ws1/build/ros_tcp_endpoint', 'catkin_cmake_args': None, 'catkin_skip_building_tests': False, 'cmake_args': None, 'cmake_clean_cache': False, 'cmake_clean_first': False, 'cmake_force_configure': False, 'cmake_target': None, 'cmake_target_skip_unavailable': False, 'install_base': '/home/xrcdevelopment/IXR_ROS_Files/ros2_unity_ws1/install/ros_tcp_endpoint', 'merge_install': False, 'path': '/home/xrcdevelopment/IXR_ROS_Files/ros2_unity_ws1/src/ROS-TCP-Endpoint-main-ros2', 'symlink_install': False, 'test_result_base': None}
[0.543s] Level 5:colcon.colcon_core.verb:set package 'unity_robotics_demo' build argument 'cmake_args' from command line to 'None'
[0.543s] Level 5:colcon.colcon_core.verb:set package 'unity_robotics_demo' build argument 'cmake_target' from command line to 'None'
[0.543s] Level 5:colcon.colcon_core.verb:set package 'unity_robotics_demo' build argument 'cmake_target_skip_unavailable' from command line to 'False'
[0.543s] Level 5:colcon.colcon_core.verb:set package 'unity_robotics_demo' build argument 'cmake_clean_cache' from command line to 'False'
[0.543s] Level 5:colcon.colcon_core.verb:set package 'unity_robotics_demo' build argument 'cmake_clean_first' from command line to 'False'
[0.543s] Level 5:colcon.colcon_core.verb:set package 'unity_robotics_demo' build argument 'cmake_force_configure' from command line to 'False'
[0.543s] Level 5:colcon.colcon_core.verb:set package 'unity_robotics_demo' build argument 'ament_cmake_args' from command line to 'None'
[0.543s] Level 5:colcon.colcon_core.verb:set package 'unity_robotics_demo' build argument 'catkin_cmake_args' from command line to 'None'
[0.543s] Level 5:colcon.colcon_core.verb:set package 'unity_robotics_demo' build argument 'catkin_skip_building_tests' from command line to 'False'
[0.543s] DEBUG:colcon.colcon_core.verb:Building package 'unity_robotics_demo' with the following arguments: {'ament_cmake_args': None, 'build_base': '/home/xrcdevelopment/IXR_ROS_Files/ros2_unity_ws1/build/unity_robotics_demo', 'catkin_cmake_args': None, 'catkin_skip_building_tests': False, 'cmake_args': None, 'cmake_clean_cache': False, 'cmake_clean_first': False, 'cmake_force_configure': False, 'cmake_target': None, 'cmake_target_skip_unavailable': False, 'install_base': '/home/xrcdevelopment/IXR_ROS_Files/ros2_unity_ws1/install/unity_robotics_demo', 'merge_install': False, 'path': '/home/xrcdevelopment/IXR_ROS_Files/ros2_unity_ws1/src/unity_robotics_demo', 'symlink_install': False, 'test_result_base': None}
[0.544s] Level 5:colcon.colcon_core.verb:set package 'unity_robotics_demo_msgs' build argument 'cmake_args' from command line to 'None'
[0.544s] Level 5:colcon.colcon_core.verb:set package 'unity_robotics_demo_msgs' build argument 'cmake_target' from command line to 'None'
[0.544s] Level 5:colcon.colcon_core.verb:set package 'unity_robotics_demo_msgs' build argument 'cmake_target_skip_unavailable' from command line to 'False'
[0.544s] Level 5:colcon.colcon_core.verb:set package 'unity_robotics_demo_msgs' build argument 'cmake_clean_cache' from command line to 'False'
[0.544s] Level 5:colcon.colcon_core.verb:set package 'unity_robotics_demo_msgs' build argument 'cmake_clean_first' from command line to 'False'
[0.544s] Level 5:colcon.colcon_core.verb:set package 'unity_robotics_demo_msgs' build argument 'cmake_force_configure' from command line to 'False'
[0.544s] Level 5:colcon.colcon_core.verb:set package 'unity_robotics_demo_msgs' build argument 'ament_cmake_args' from command line to 'None'
[0.545s] Level 5:colcon.colcon_core.verb:set package 'unity_robotics_demo_msgs' build argument 'catkin_cmake_args' from command line to 'None'
[0.545s] Level 5:colcon.colcon_core.verb:set package 'unity_robotics_demo_msgs' build argument 'catkin_skip_building_tests' from command line to 'False'
[0.545s] DEBUG:colcon.colcon_core.verb:Building package 'unity_robotics_demo_msgs' with the following arguments: {'ament_cmake_args': None, 'build_base': '/home/xrcdevelopment/IXR_ROS_Files/ros2_unity_ws1/build/unity_robotics_demo_msgs', 'catkin_cmake_args': None, 'catkin_skip_building_tests': False, 'cmake_args': None, 'cmake_clean_cache': False, 'cmake_clean_first': False, 'cmake_force_configure': False, 'cmake_target': None, 'cmake_target_skip_unavailable': False, 'install_base': '/home/xrcdevelopment/IXR_ROS_Files/ros2_unity_ws1/install/unity_robotics_demo_msgs', 'merge_install': False, 'path': '/home/xrcdevelopment/IXR_ROS_Files/ros2_unity_ws1/src/unity_robotics_demo_msgs', 'symlink_install': False, 'test_result_base': None}
[0.546s] Level 5:colcon.colcon_core.verb:set package 'dynamixel_sdk_examples' build argument 'cmake_args' from command line to 'None'
[0.546s] Level 5:colcon.colcon_core.verb:set package 'dynamixel_sdk_examples' build argument 'cmake_target' from command line to 'None'
[0.546s] Level 5:colcon.colcon_core.verb:set package 'dynamixel_sdk_examples' build argument 'cmake_target_skip_unavailable' from command line to 'False'
[0.546s] Level 5:colcon.colcon_core.verb:set package 'dynamixel_sdk_examples' build argument 'cmake_clean_cache' from command line to 'False'
[0.546s] Level 5:colcon.colcon_core.verb:set package 'dynamixel_sdk_examples' build argument 'cmake_clean_first' from command line to 'False'
[0.546s] Level 5:colcon.colcon_core.verb:set package 'dynamixel_sdk_examples' build argument 'cmake_force_configure' from command line to 'False'
[0.546s] Level 5:colcon.colcon_core.verb:set package 'dynamixel_sdk_examples' build argument 'ament_cmake_args' from command line to 'None'
[0.546s] Level 5:colcon.colcon_core.verb:set package 'dynamixel_sdk_examples' build argument 'catkin_cmake_args' from command line to 'None'
[0.546s] Level 5:colcon.colcon_core.verb:set package 'dynamixel_sdk_examples' build argument 'catkin_skip_building_tests' from command line to 'False'
[0.546s] DEBUG:colcon.colcon_core.verb:Building package 'dynamixel_sdk_examples' with the following arguments: {'ament_cmake_args': None, 'build_base': '/home/xrcdevelopment/IXR_ROS_Files/ros2_unity_ws1/build/dynamixel_sdk_examples', 'catkin_cmake_args': None, 'catkin_skip_building_tests': False, 'cmake_args': None, 'cmake_clean_cache': False, 'cmake_clean_first': False, 'cmake_force_configure': False, 'cmake_target': None, 'cmake_target_skip_unavailable': False, 'install_base': '/home/xrcdevelopment/IXR_ROS_Files/ros2_unity_ws1/install/dynamixel_sdk_examples', 'merge_install': False, 'path': '/home/xrcdevelopment/IXR_ROS_Files/ros2_unity_ws1/src/DynamixelSDK/dynamixel_sdk_examples', 'symlink_install': False, 'test_result_base': None}
[0.547s] INFO:colcon.colcon_core.executor:Executing jobs using 'parallel' executor
[0.550s] DEBUG:colcon.colcon_parallel_executor.executor.parallel:run_until_complete
[0.550s] INFO:colcon.colcon_ros.task.ament_cmake.build:Building ROS package in '/home/xrcdevelopment/IXR_ROS_Files/ros2_unity_ws1/src/DynamixelSDK/dynamixel_sdk' with build type 'ament_cmake'
[0.550s] INFO:colcon.colcon_cmake.task.cmake.build:Building CMake package in '/home/xrcdevelopment/IXR_ROS_Files/ros2_unity_ws1/src/DynamixelSDK/dynamixel_sdk'
[0.555s] INFO:colcon.colcon_core.plugin_system:Skipping extension 'colcon_core.shell.bat': Not used on non-Windows systems
[0.555s] INFO:colcon.colcon_core.shell:Skip shell extension 'powershell' for command environment: Not usable outside of PowerShell
[0.555s] DEBUG:colcon.colcon_core.shell:Skip shell extension 'dsv' for command environment
[0.562s] INFO:colcon.colcon_ros.task.ament_cmake.build:Building ROS package in '/home/xrcdevelopment/IXR_ROS_Files/ros2_unity_ws1/src/DynamixelSDK/dynamixel_sdk_custom_interfaces' with build type 'ament_cmake'
[0.562s] INFO:colcon.colcon_cmake.task.cmake.build:Building CMake package in '/home/xrcdevelopment/IXR_ROS_Files/ros2_unity_ws1/src/DynamixelSDK/dynamixel_sdk_custom_interfaces'
[0.564s] INFO:colcon.colcon_core.shell:Skip shell extension 'powershell' for command environment: Not usable outside of PowerShell
[0.564s] DEBUG:colcon.colcon_core.shell:Skip shell extension 'dsv' for command environment
[0.572s] INFO:colcon.colcon_ros.task.ament_python.build:Building ROS package in '/home/xrcdevelopment/IXR_ROS_Files/ros2_unity_ws1/src/ROS-TCP-Endpoint-main-ros2' with build type 'ament_python'
[0.573s] Level 1:colcon.colcon_core.shell:create_environment_hook('ros_tcp_endpoint', 'ament_prefix_path')
[0.574s] INFO:colcon.colcon_core.shell:Creating environment hook '/home/xrcdevelopment/IXR_ROS_Files/ros2_unity_ws1/install/ros_tcp_endpoint/share/ros_tcp_endpoint/hook/ament_prefix_path.ps1'
[0.575s] INFO:colcon.colcon_core.shell:Creating environment descriptor '/home/xrcdevelopment/IXR_ROS_Files/ros2_unity_ws1/install/ros_tcp_endpoint/share/ros_tcp_endpoint/hook/ament_prefix_path.dsv'
[0.576s] INFO:colcon.colcon_core.shell:Creating environment hook '/home/xrcdevelopment/IXR_ROS_Files/ros2_unity_ws1/install/ros_tcp_endpoint/share/ros_tcp_endpoint/hook/ament_prefix_path.sh'
[0.578s] INFO:colcon.colcon_core.shell:Skip shell extension 'powershell' for command environment: Not usable outside of PowerShell
[0.578s] DEBUG:colcon.colcon_core.shell:Skip shell extension 'dsv' for command environment
[0.584s] INFO:colcon.colcon_ros.task.ament_python.build:Building ROS package in '/home/xrcdevelopment/IXR_ROS_Files/ros2_unity_ws1/src/unity_robotics_demo' with build type 'ament_python'
[0.584s] Level 1:colcon.colcon_core.shell:create_environment_hook('unity_robotics_demo', 'ament_prefix_path')
[0.585s] INFO:colcon.colcon_core.shell:Creating environment hook '/home/xrcdevelopment/IXR_ROS_Files/ros2_unity_ws1/install/unity_robotics_demo/share/unity_robotics_demo/hook/ament_prefix_path.ps1'
[0.586s] INFO:colcon.colcon_core.shell:Creating environment descriptor '/home/xrcdevelopment/IXR_ROS_Files/ros2_unity_ws1/install/unity_robotics_demo/share/unity_robotics_demo/hook/ament_prefix_path.dsv'
[0.586s] INFO:colcon.colcon_core.shell:Creating environment hook '/home/xrcdevelopment/IXR_ROS_Files/ros2_unity_ws1/install/unity_robotics_demo/share/unity_robotics_demo/hook/ament_prefix_path.sh'
[0.588s] INFO:colcon.colcon_core.shell:Skip shell extension 'powershell' for command environment: Not usable outside of PowerShell
[0.588s] DEBUG:colcon.colcon_core.shell:Skip shell extension 'dsv' for command environment
[0.594s] INFO:colcon.colcon_ros.task.ament_cmake.build:Building ROS package in '/home/xrcdevelopment/IXR_ROS_Files/ros2_unity_ws1/src/unity_robotics_demo_msgs' with build type 'ament_cmake'
[0.594s] INFO:colcon.colcon_cmake.task.cmake.build:Building CMake package in '/home/xrcdevelopment/IXR_ROS_Files/ros2_unity_ws1/src/unity_robotics_demo_msgs'
[0.596s] INFO:colcon.colcon_core.shell:Skip shell extension 'powershell' for command environment: Not usable outside of PowerShell
[0.596s] DEBUG:colcon.colcon_core.shell:Skip shell extension 'dsv' for command environment
[0.608s] DEBUG:colcon.colcon_core.event_handler.log_command:Invoking command in '/home/xrcdevelopment/IXR_ROS_Files/ros2_unity_ws1/build/dynamixel_sdk': CMAKE_PREFIX_PATH=${CMAKE_PREFIX_PATH}:/home/xrcdevelopment/IXR_ROS_Files/ros2_unity_ws1/install/unity_robotics_demo:/home/xrcdevelopment/IXR_ROS_Files/ros2_unity_ws1/install/ros_tcp_endpoint:/home/xrcdevelopment/ros/ros2_unity_ws1/install/unity_robotics_demo_msgs:/home/xrcdevelopment/ros/ros2_unity_ws1/install/unity_robotics_demo:/home/xrcdevelopment/ros/ros2_unity_ws1/install/ros_tcp_endpoint:/opt/ros/humble /usr/bin/cmake --build /home/xrcdevelopment/IXR_ROS_Files/ros2_unity_ws1/build/dynamixel_sdk -- -j8 -l8
[0.615s] DEBUG:colcon.colcon_core.event_handler.log_command:Invoking command in '/home/xrcdevelopment/IXR_ROS_Files/ros2_unity_ws1/build/dynamixel_sdk_custom_interfaces': CMAKE_PREFIX_PATH=${CMAKE_PREFIX_PATH}:/home/xrcdevelopment/IXR_ROS_Files/ros2_unity_ws1/install/unity_robotics_demo:/home/xrcdevelopment/IXR_ROS_Files/ros2_unity_ws1/install/ros_tcp_endpoint:/home/xrcdevelopment/ros/ros2_unity_ws1/install/unity_robotics_demo_msgs:/home/xrcdevelopment/ros/ros2_unity_ws1/install/unity_robotics_demo:/home/xrcdevelopment/ros/ros2_unity_ws1/install/ros_tcp_endpoint:/opt/ros/humble /usr/bin/cmake --build /home/xrcdevelopment/IXR_ROS_Files/ros2_unity_ws1/build/dynamixel_sdk_custom_interfaces -- -j8 -l8
[0.975s] INFO:colcon.colcon_core.task.python.build:Building Python package in '/home/xrcdevelopment/IXR_ROS_Files/ros2_unity_ws1/src/ROS-TCP-Endpoint-main-ros2'
[0.980s] INFO:colcon.colcon_core.shell:Skip shell extension 'powershell' for command environment: Not usable outside of PowerShell
[0.980s] DEBUG:colcon.colcon_core.shell:Skip shell extension 'dsv' for command environment
[1.344s] INFO:colcon.colcon_core.task.python.build:Building Python package in '/home/xrcdevelopment/IXR_ROS_Files/ros2_unity_ws1/src/unity_robotics_demo'
[1.346s] INFO:colcon.colcon_core.shell:Skip shell extension 'powershell' for command environment: Not usable outside of PowerShell
[1.346s] DEBUG:colcon.colcon_core.shell:Skip shell extension 'dsv' for command environment
[1.361s] DEBUG:colcon.colcon_core.event_handler.log_command:Invoked command in '/home/xrcdevelopment/IXR_ROS_Files/ros2_unity_ws1/build/dynamixel_sdk' returned '0': CMAKE_PREFIX_PATH=${CMAKE_PREFIX_PATH}:/home/xrcdevelopment/IXR_ROS_Files/ros2_unity_ws1/install/unity_robotics_demo:/home/xrcdevelopment/IXR_ROS_Files/ros2_unity_ws1/install/ros_tcp_endpoint:/home/xrcdevelopment/ros/ros2_unity_ws1/install/unity_robotics_demo_msgs:/home/xrcdevelopment/ros/ros2_unity_ws1/install/unity_robotics_demo:/home/xrcdevelopment/ros/ros2_unity_ws1/install/ros_tcp_endpoint:/opt/ros/humble /usr/bin/cmake --build /home/xrcdevelopment/IXR_ROS_Files/ros2_unity_ws1/build/dynamixel_sdk -- -j8 -l8
[1.362s] DEBUG:colcon.colcon_core.event_handler.log_command:Invoked command in '/home/xrcdevelopment/IXR_ROS_Files/ros2_unity_ws1/build/dynamixel_sdk_custom_interfaces' returned '0': CMAKE_PREFIX_PATH=${CMAKE_PREFIX_PATH}:/home/xrcdevelopment/IXR_ROS_Files/ros2_unity_ws1/install/unity_robotics_demo:/home/xrcdevelopment/IXR_ROS_Files/ros2_unity_ws1/install/ros_tcp_endpoint:/home/xrcdevelopment/ros/ros2_unity_ws1/install/unity_robotics_demo_msgs:/home/xrcdevelopment/ros/ros2_unity_ws1/install/unity_robotics_demo:/home/xrcdevelopment/ros/ros2_unity_ws1/install/ros_tcp_endpoint:/opt/ros/humble /usr/bin/cmake --build /home/xrcdevelopment/IXR_ROS_Files/ros2_unity_ws1/build/dynamixel_sdk_custom_interfaces -- -j8 -l8
[1.365s] DEBUG:colcon.colcon_core.event_handler.log_command:Invoking command in '/home/xrcdevelopment/IXR_ROS_Files/ros2_unity_ws1/build/unity_robotics_demo_msgs': CMAKE_PREFIX_PATH=${CMAKE_PREFIX_PATH}:/home/xrcdevelopment/IXR_ROS_Files/ros2_unity_ws1/install/unity_robotics_demo:/home/xrcdevelopment/IXR_ROS_Files/ros2_unity_ws1/install/ros_tcp_endpoint:/home/xrcdevelopment/ros/ros2_unity_ws1/install/unity_robotics_demo_msgs:/home/xrcdevelopment/ros/ros2_unity_ws1/install/unity_robotics_demo:/home/xrcdevelopment/ros/ros2_unity_ws1/install/ros_tcp_endpoint:/opt/ros/humble /usr/bin/cmake --build /home/xrcdevelopment/IXR_ROS_Files/ros2_unity_ws1/build/unity_robotics_demo_msgs -- -j8 -l8
[1.436s] DEBUG:colcon.colcon_core.event_handler.log_command:Invoking command in '/home/xrcdevelopment/IXR_ROS_Files/ros2_unity_ws1/build/dynamixel_sdk': CMAKE_PREFIX_PATH=${CMAKE_PREFIX_PATH}:/home/xrcdevelopment/IXR_ROS_Files/ros2_unity_ws1/install/unity_robotics_demo:/home/xrcdevelopment/IXR_ROS_Files/ros2_unity_ws1/install/ros_tcp_endpoint:/home/xrcdevelopment/ros/ros2_unity_ws1/install/unity_robotics_demo_msgs:/home/xrcdevelopment/ros/ros2_unity_ws1/install/unity_robotics_demo:/home/xrcdevelopment/ros/ros2_unity_ws1/install/ros_tcp_endpoint:/opt/ros/humble /usr/bin/cmake --install /home/xrcdevelopment/IXR_ROS_Files/ros2_unity_ws1/build/dynamixel_sdk
[1.465s] Level 1:colcon.colcon_core.environment:create_environment_scripts_only(dynamixel_sdk)
[1.473s] Level 1:colcon.colcon_core.environment:checking '/home/xrcdevelopment/IXR_ROS_Files/ros2_unity_ws1/install/dynamixel_sdk' for CMake module files
[1.473s] Level 1:colcon.colcon_core.environment:checking '/home/xrcdevelopment/IXR_ROS_Files/ros2_unity_ws1/install/dynamixel_sdk' for CMake config files
[1.474s] Level 1:colcon.colcon_core.shell:create_environment_hook('dynamixel_sdk', 'cmake_prefix_path')
[1.476s] INFO:colcon.colcon_core.shell:Creating environment hook '/home/xrcdevelopment/IXR_ROS_Files/ros2_unity_ws1/install/dynamixel_sdk/share/dynamixel_sdk/hook/cmake_prefix_path.ps1'
[1.477s] DEBUG:colcon.colcon_core.event_handler.log_command:Invoked command in '/home/xrcdevelopment/IXR_ROS_Files/ros2_unity_ws1/build/dynamixel_sdk' returned '0': CMAKE_PREFIX_PATH=${CMAKE_PREFIX_PATH}:/home/xrcdevelopment/IXR_ROS_Files/ros2_unity_ws1/install/unity_robotics_demo:/home/xrcdevelopment/IXR_ROS_Files/ros2_unity_ws1/install/ros_tcp_endpoint:/home/xrcdevelopment/ros/ros2_unity_ws1/install/unity_robotics_demo_msgs:/home/xrcdevelopment/ros/ros2_unity_ws1/install/unity_robotics_demo:/home/xrcdevelopment/ros/ros2_unity_ws1/install/ros_tcp_endpoint:/opt/ros/humble /usr/bin/cmake --install /home/xrcdevelopment/IXR_ROS_Files/ros2_unity_ws1/build/dynamixel_sdk
[1.479s] INFO:colcon.colcon_core.shell:Creating environment descriptor '/home/xrcdevelopment/IXR_ROS_Files/ros2_unity_ws1/install/dynamixel_sdk/share/dynamixel_sdk/hook/cmake_prefix_path.dsv'
[1.480s] INFO:colcon.colcon_core.shell:Creating environment hook '/home/xrcdevelopment/IXR_ROS_Files/ros2_unity_ws1/install/dynamixel_sdk/share/dynamixel_sdk/hook/cmake_prefix_path.sh'
[1.481s] Level 1:colcon.colcon_core.environment:checking '/home/xrcdevelopment/IXR_ROS_Files/ros2_unity_ws1/install/dynamixel_sdk/lib'
[1.481s] Level 1:colcon.colcon_core.shell:create_environment_hook('dynamixel_sdk', 'ld_library_path_lib')
[1.485s] INFO:colcon.colcon_core.shell:Creating environment hook '/home/xrcdevelopment/IXR_ROS_Files/ros2_unity_ws1/install/dynamixel_sdk/share/dynamixel_sdk/hook/ld_library_path_lib.ps1'
[1.486s] INFO:colcon.colcon_core.shell:Creating environment descriptor '/home/xrcdevelopment/IXR_ROS_Files/ros2_unity_ws1/install/dynamixel_sdk/share/dynamixel_sdk/hook/ld_library_path_lib.dsv'
[1.487s] INFO:colcon.colcon_core.shell:Creating environment hook '/home/xrcdevelopment/IXR_ROS_Files/ros2_unity_ws1/install/dynamixel_sdk/share/dynamixel_sdk/hook/ld_library_path_lib.sh'
[1.488s] Level 1:colcon.colcon_core.environment:checking '/home/xrcdevelopment/IXR_ROS_Files/ros2_unity_ws1/install/dynamixel_sdk/bin'
[1.488s] Level 1:colcon.colcon_core.environment:checking '/home/xrcdevelopment/IXR_ROS_Files/ros2_unity_ws1/install/dynamixel_sdk/lib/pkgconfig/dynamixel_sdk.pc'
[1.488s] Level 1:colcon.colcon_core.environment:checking '/home/xrcdevelopment/IXR_ROS_Files/ros2_unity_ws1/install/dynamixel_sdk/lib/python3.10/site-packages'
[1.489s] Level 1:colcon.colcon_core.environment:checking '/home/xrcdevelopment/IXR_ROS_Files/ros2_unity_ws1/install/dynamixel_sdk/bin'
[1.491s] INFO:colcon.colcon_core.shell:Creating package script '/home/xrcdevelopment/IXR_ROS_Files/ros2_unity_ws1/install/dynamixel_sdk/share/dynamixel_sdk/package.ps1'
[1.492s] INFO:colcon.colcon_core.shell:Creating package descriptor '/home/xrcdevelopment/IXR_ROS_Files/ros2_unity_ws1/install/dynamixel_sdk/share/dynamixel_sdk/package.dsv'
[1.493s] INFO:colcon.colcon_core.shell:Creating package script '/home/xrcdevelopment/IXR_ROS_Files/ros2_unity_ws1/install/dynamixel_sdk/share/dynamixel_sdk/package.sh'
[1.494s] INFO:colcon.colcon_core.shell:Creating package script '/home/xrcdevelopment/IXR_ROS_Files/ros2_unity_ws1/install/dynamixel_sdk/share/dynamixel_sdk/package.bash'
[1.495s] INFO:colcon.colcon_core.shell:Creating package script '/home/xrcdevelopment/IXR_ROS_Files/ros2_unity_ws1/install/dynamixel_sdk/share/dynamixel_sdk/package.zsh'
[1.496s] Level 1:colcon.colcon_core.environment:create_file_with_runtime_dependencies(/home/xrcdevelopment/IXR_ROS_Files/ros2_unity_ws1/install/dynamixel_sdk/share/colcon-core/packages/dynamixel_sdk)
[1.505s] DEBUG:colcon.colcon_core.event_handler.log_command:Invoking command in '/home/xrcdevelopment/IXR_ROS_Files/ros2_unity_ws1/build/dynamixel_sdk_custom_interfaces': CMAKE_PREFIX_PATH=${CMAKE_PREFIX_PATH}:/home/xrcdevelopment/IXR_ROS_Files/ros2_unity_ws1/install/unity_robotics_demo:/home/xrcdevelopment/IXR_ROS_Files/ros2_unity_ws1/install/ros_tcp_endpoint:/home/xrcdevelopment/ros/ros2_unity_ws1/install/unity_robotics_demo_msgs:/home/xrcdevelopment/ros/ros2_unity_ws1/install/unity_robotics_demo:/home/xrcdevelopment/ros/ros2_unity_ws1/install/ros_tcp_endpoint:/opt/ros/humble /usr/bin/cmake --install /home/xrcdevelopment/IXR_ROS_Files/ros2_unity_ws1/build/dynamixel_sdk_custom_interfaces
[1.604s] Level 1:colcon.colcon_core.environment:create_environment_scripts_only(dynamixel_sdk_custom_interfaces)
[1.608s] Level 1:colcon.colcon_core.environment:checking '/home/xrcdevelopment/IXR_ROS_Files/ros2_unity_ws1/install/dynamixel_sdk_custom_interfaces' for CMake module files
[1.609s] DEBUG:colcon.colcon_core.event_handler.log_command:Invoked command in '/home/xrcdevelopment/IXR_ROS_Files/ros2_unity_ws1/build/dynamixel_sdk_custom_interfaces' returned '0': CMAKE_PREFIX_PATH=${CMAKE_PREFIX_PATH}:/home/xrcdevelopment/IXR_ROS_Files/ros2_unity_ws1/install/unity_robotics_demo:/home/xrcdevelopment/IXR_ROS_Files/ros2_unity_ws1/install/ros_tcp_endpoint:/home/xrcdevelopment/ros/ros2_unity_ws1/install/unity_robotics_demo_msgs:/home/xrcdevelopment/ros/ros2_unity_ws1/install/unity_robotics_demo:/home/xrcdevelopment/ros/ros2_unity_ws1/install/ros_tcp_endpoint:/opt/ros/humble /usr/bin/cmake --install /home/xrcdevelopment/IXR_ROS_Files/ros2_unity_ws1/build/dynamixel_sdk_custom_interfaces
[1.610s] Level 1:colcon.colcon_core.environment:checking '/home/xrcdevelopment/IXR_ROS_Files/ros2_unity_ws1/install/dynamixel_sdk_custom_interfaces' for CMake config files
[1.611s] Level 1:colcon.colcon_core.shell:create_environment_hook('dynamixel_sdk_custom_interfaces', 'cmake_prefix_path')
[1.614s] INFO:colcon.colcon_core.shell:Creating environment hook '/home/xrcdevelopment/IXR_ROS_Files/ros2_unity_ws1/install/dynamixel_sdk_custom_interfaces/share/dynamixel_sdk_custom_interfaces/hook/cmake_prefix_path.ps1'
[1.615s] INFO:colcon.colcon_core.shell:Creating environment descriptor '/home/xrcdevelopment/IXR_ROS_Files/ros2_unity_ws1/install/dynamixel_sdk_custom_interfaces/share/dynamixel_sdk_custom_interfaces/hook/cmake_prefix_path.dsv'
[1.615s] INFO:colcon.colcon_core.shell:Creating environment hook '/home/xrcdevelopment/IXR_ROS_Files/ros2_unity_ws1/install/dynamixel_sdk_custom_interfaces/share/dynamixel_sdk_custom_interfaces/hook/cmake_prefix_path.sh'
[1.616s] Level 1:colcon.colcon_core.environment:checking '/home/xrcdevelopment/IXR_ROS_Files/ros2_unity_ws1/install/dynamixel_sdk_custom_interfaces/lib'
[1.616s] Level 1:colcon.colcon_core.shell:create_environment_hook('dynamixel_sdk_custom_interfaces', 'ld_library_path_lib')
[1.619s] INFO:colcon.colcon_core.shell:Creating environment hook '/home/xrcdevelopment/IXR_ROS_Files/ros2_unity_ws1/install/dynamixel_sdk_custom_interfaces/share/dynamixel_sdk_custom_interfaces/hook/ld_library_path_lib.ps1'
[1.620s] INFO:colcon.colcon_core.shell:Creating environment descriptor '/home/xrcdevelopment/IXR_ROS_Files/ros2_unity_ws1/install/dynamixel_sdk_custom_interfaces/share/dynamixel_sdk_custom_interfaces/hook/ld_library_path_lib.dsv'
[1.620s] INFO:colcon.colcon_core.shell:Creating environment hook '/home/xrcdevelopment/IXR_ROS_Files/ros2_unity_ws1/install/dynamixel_sdk_custom_interfaces/share/dynamixel_sdk_custom_interfaces/hook/ld_library_path_lib.sh'
[1.621s] Level 1:colcon.colcon_core.environment:checking '/home/xrcdevelopment/IXR_ROS_Files/ros2_unity_ws1/install/dynamixel_sdk_custom_interfaces/bin'
[1.621s] Level 1:colcon.colcon_core.environment:checking '/home/xrcdevelopment/IXR_ROS_Files/ros2_unity_ws1/install/dynamixel_sdk_custom_interfaces/lib/pkgconfig/dynamixel_sdk_custom_interfaces.pc'
[1.621s] Level 1:colcon.colcon_core.environment:checking '/home/xrcdevelopment/IXR_ROS_Files/ros2_unity_ws1/install/dynamixel_sdk_custom_interfaces/lib/python3.10/site-packages'
[1.622s] Level 1:colcon.colcon_core.environment:checking '/home/xrcdevelopment/IXR_ROS_Files/ros2_unity_ws1/install/dynamixel_sdk_custom_interfaces/bin'
[1.624s] INFO:colcon.colcon_core.shell:Creating package script '/home/xrcdevelopment/IXR_ROS_Files/ros2_unity_ws1/install/dynamixel_sdk_custom_interfaces/share/dynamixel_sdk_custom_interfaces/package.ps1'
[1.625s] INFO:colcon.colcon_core.shell:Creating package descriptor '/home/xrcdevelopment/IXR_ROS_Files/ros2_unity_ws1/install/dynamixel_sdk_custom_interfaces/share/dynamixel_sdk_custom_interfaces/package.dsv'
[1.626s] INFO:colcon.colcon_core.shell:Creating package script '/home/xrcdevelopment/IXR_ROS_Files/ros2_unity_ws1/install/dynamixel_sdk_custom_interfaces/share/dynamixel_sdk_custom_interfaces/package.sh'
[1.626s] INFO:colcon.colcon_core.shell:Creating package script '/home/xrcdevelopment/IXR_ROS_Files/ros2_unity_ws1/install/dynamixel_sdk_custom_interfaces/share/dynamixel_sdk_custom_interfaces/package.bash'
[1.627s] INFO:colcon.colcon_core.shell:Creating package script '/home/xrcdevelopment/IXR_ROS_Files/ros2_unity_ws1/install/dynamixel_sdk_custom_interfaces/share/dynamixel_sdk_custom_interfaces/package.zsh'
[1.627s] Level 1:colcon.colcon_core.environment:create_file_with_runtime_dependencies(/home/xrcdevelopment/IXR_ROS_Files/ros2_unity_ws1/install/dynamixel_sdk_custom_interfaces/share/colcon-core/packages/dynamixel_sdk_custom_interfaces)
[1.663s] Level 1:colcon.colcon_core.environment:create_environment_scripts_only(dynamixel_sdk)
[1.667s] Level 1:colcon.colcon_core.environment:checking '/home/xrcdevelopment/IXR_ROS_Files/ros2_unity_ws1/install/dynamixel_sdk' for CMake module files
[1.667s] Level 1:colcon.colcon_core.environment:checking '/home/xrcdevelopment/IXR_ROS_Files/ros2_unity_ws1/install/dynamixel_sdk' for CMake config files
[1.668s] Level 1:colcon.colcon_core.shell:create_environment_hook('dynamixel_sdk', 'cmake_prefix_path')
[1.670s] INFO:colcon.colcon_core.shell:Creating environment hook '/home/xrcdevelopment/IXR_ROS_Files/ros2_unity_ws1/install/dynamixel_sdk/share/dynamixel_sdk/hook/cmake_prefix_path.ps1'
[1.670s] INFO:colcon.colcon_core.shell:Creating environment descriptor '/home/xrcdevelopment/IXR_ROS_Files/ros2_unity_ws1/install/dynamixel_sdk/share/dynamixel_sdk/hook/cmake_prefix_path.dsv'
[1.671s] INFO:colcon.colcon_core.shell:Creating environment hook '/home/xrcdevelopment/IXR_ROS_Files/ros2_unity_ws1/install/dynamixel_sdk/share/dynamixel_sdk/hook/cmake_prefix_path.sh'
[1.671s] Level 1:colcon.colcon_core.environment:checking '/home/xrcdevelopment/IXR_ROS_Files/ros2_unity_ws1/install/dynamixel_sdk/lib'
[1.672s] Level 1:colcon.colcon_core.shell:create_environment_hook('dynamixel_sdk', 'ld_library_path_lib')
[1.679s] INFO:colcon.colcon_core.shell:Creating environment hook '/home/xrcdevelopment/IXR_ROS_Files/ros2_unity_ws1/install/dynamixel_sdk/share/dynamixel_sdk/hook/ld_library_path_lib.ps1'
[1.684s] INFO:colcon.colcon_core.shell:Creating environment descriptor '/home/xrcdevelopment/IXR_ROS_Files/ros2_unity_ws1/install/dynamixel_sdk/share/dynamixel_sdk/hook/ld_library_path_lib.dsv'
[1.685s] INFO:colcon.colcon_core.shell:Creating environment hook '/home/xrcdevelopment/IXR_ROS_Files/ros2_unity_ws1/install/dynamixel_sdk/share/dynamixel_sdk/hook/ld_library_path_lib.sh'
[1.686s] Level 1:colcon.colcon_core.environment:checking '/home/xrcdevelopment/IXR_ROS_Files/ros2_unity_ws1/install/dynamixel_sdk/bin'
[1.686s] Level 1:colcon.colcon_core.environment:checking '/home/xrcdevelopment/IXR_ROS_Files/ros2_unity_ws1/install/dynamixel_sdk/lib/pkgconfig/dynamixel_sdk.pc'
[1.687s] Level 1:colcon.colcon_core.environment:checking '/home/xrcdevelopment/IXR_ROS_Files/ros2_unity_ws1/install/dynamixel_sdk/lib/python3.10/site-packages'
[1.687s] Level 1:colcon.colcon_core.environment:checking '/home/xrcdevelopment/IXR_ROS_Files/ros2_unity_ws1/install/dynamixel_sdk/bin'
[1.690s] INFO:colcon.colcon_core.shell:Creating package script '/home/xrcdevelopment/IXR_ROS_Files/ros2_unity_ws1/install/dynamixel_sdk/share/dynamixel_sdk/package.ps1'
[1.690s] INFO:colcon.colcon_core.shell:Creating package descriptor '/home/xrcdevelopment/IXR_ROS_Files/ros2_unity_ws1/install/dynamixel_sdk/share/dynamixel_sdk/package.dsv'
[1.691s] INFO:colcon.colcon_core.shell:Creating package script '/home/xrcdevelopment/IXR_ROS_Files/ros2_unity_ws1/install/dynamixel_sdk/share/dynamixel_sdk/package.sh'
[1.692s] INFO:colcon.colcon_core.shell:Creating package script '/home/xrcdevelopment/IXR_ROS_Files/ros2_unity_ws1/install/dynamixel_sdk/share/dynamixel_sdk/package.bash'
[1.692s] INFO:colcon.colcon_core.shell:Creating package script '/home/xrcdevelopment/IXR_ROS_Files/ros2_unity_ws1/install/dynamixel_sdk/share/dynamixel_sdk/package.zsh'
[1.693s] Level 1:colcon.colcon_core.environment:create_file_with_runtime_dependencies(/home/xrcdevelopment/IXR_ROS_Files/ros2_unity_ws1/install/dynamixel_sdk/share/colcon-core/packages/dynamixel_sdk)
[1.842s] Level 1:colcon.colcon_core.environment:create_environment_scripts_only(dynamixel_sdk_custom_interfaces)
[1.845s] Level 1:colcon.colcon_core.environment:checking '/home/xrcdevelopment/IXR_ROS_Files/ros2_unity_ws1/install/dynamixel_sdk_custom_interfaces' for CMake module files
[1.846s] Level 1:colcon.colcon_core.environment:checking '/home/xrcdevelopment/IXR_ROS_Files/ros2_unity_ws1/install/dynamixel_sdk_custom_interfaces' for CMake config files
[1.848s] Level 1:colcon.colcon_core.shell:create_environment_hook('dynamixel_sdk_custom_interfaces', 'cmake_prefix_path')
[1.850s] INFO:colcon.colcon_core.shell:Creating environment hook '/home/xrcdevelopment/IXR_ROS_Files/ros2_unity_ws1/install/dynamixel_sdk_custom_interfaces/share/dynamixel_sdk_custom_interfaces/hook/cmake_prefix_path.ps1'
[1.851s] INFO:colcon.colcon_core.shell:Creating environment descriptor '/home/xrcdevelopment/IXR_ROS_Files/ros2_unity_ws1/install/dynamixel_sdk_custom_interfaces/share/dynamixel_sdk_custom_interfaces/hook/cmake_prefix_path.dsv'
[1.851s] INFO:colcon.colcon_core.shell:Creating environment hook '/home/xrcdevelopment/IXR_ROS_Files/ros2_unity_ws1/install/dynamixel_sdk_custom_interfaces/share/dynamixel_sdk_custom_interfaces/hook/cmake_prefix_path.sh'
[1.852s] Level 1:colcon.colcon_core.environment:checking '/home/xrcdevelopment/IXR_ROS_Files/ros2_unity_ws1/install/dynamixel_sdk_custom_interfaces/lib'
[1.852s] Level 1:colcon.colcon_core.shell:create_environment_hook('dynamixel_sdk_custom_interfaces', 'ld_library_path_lib')
[1.854s] INFO:colcon.colcon_core.shell:Creating environment hook '/home/xrcdevelopment/IXR_ROS_Files/ros2_unity_ws1/install/dynamixel_sdk_custom_interfaces/share/dynamixel_sdk_custom_interfaces/hook/ld_library_path_lib.ps1'
[1.855s] INFO:colcon.colcon_core.shell:Creating environment descriptor '/home/xrcdevelopment/IXR_ROS_Files/ros2_unity_ws1/install/dynamixel_sdk_custom_interfaces/share/dynamixel_sdk_custom_interfaces/hook/ld_library_path_lib.dsv'
[1.855s] INFO:colcon.colcon_core.shell:Creating environment hook '/home/xrcdevelopment/IXR_ROS_Files/ros2_unity_ws1/install/dynamixel_sdk_custom_interfaces/share/dynamixel_sdk_custom_interfaces/hook/ld_library_path_lib.sh'
[1.856s] Level 1:colcon.colcon_core.environment:checking '/home/xrcdevelopment/IXR_ROS_Files/ros2_unity_ws1/install/dynamixel_sdk_custom_interfaces/bin'
[1.856s] Level 1:colcon.colcon_core.environment:checking '/home/xrcdevelopment/IXR_ROS_Files/ros2_unity_ws1/install/dynamixel_sdk_custom_interfaces/lib/pkgconfig/dynamixel_sdk_custom_interfaces.pc'
[1.856s] Level 1:colcon.colcon_core.environment:checking '/home/xrcdevelopment/IXR_ROS_Files/ros2_unity_ws1/install/dynamixel_sdk_custom_interfaces/lib/python3.10/site-packages'
[1.857s] Level 1:colcon.colcon_core.environment:checking '/home/xrcdevelopment/IXR_ROS_Files/ros2_unity_ws1/install/dynamixel_sdk_custom_interfaces/bin'
[1.859s] INFO:colcon.colcon_core.shell:Creating package script '/home/xrcdevelopment/IXR_ROS_Files/ros2_unity_ws1/install/dynamixel_sdk_custom_interfaces/share/dynamixel_sdk_custom_interfaces/package.ps1'
[1.860s] INFO:colcon.colcon_core.shell:Creating package descriptor '/home/xrcdevelopment/IXR_ROS_Files/ros2_unity_ws1/install/dynamixel_sdk_custom_interfaces/share/dynamixel_sdk_custom_interfaces/package.dsv'
[1.861s] INFO:colcon.colcon_core.shell:Creating package script '/home/xrcdevelopment/IXR_ROS_Files/ros2_unity_ws1/install/dynamixel_sdk_custom_interfaces/share/dynamixel_sdk_custom_interfaces/package.sh'
[1.862s] INFO:colcon.colcon_core.shell:Creating package script '/home/xrcdevelopment/IXR_ROS_Files/ros2_unity_ws1/install/dynamixel_sdk_custom_interfaces/share/dynamixel_sdk_custom_interfaces/package.bash'
[1.862s] INFO:colcon.colcon_core.shell:Creating package script '/home/xrcdevelopment/IXR_ROS_Files/ros2_unity_ws1/install/dynamixel_sdk_custom_interfaces/share/dynamixel_sdk_custom_interfaces/package.zsh'
[1.863s] Level 1:colcon.colcon_core.environment:create_file_with_runtime_dependencies(/home/xrcdevelopment/IXR_ROS_Files/ros2_unity_ws1/install/dynamixel_sdk_custom_interfaces/share/colcon-core/packages/dynamixel_sdk_custom_interfaces)
[1.865s] INFO:colcon.colcon_ros.task.ament_cmake.build:Building ROS package in '/home/xrcdevelopment/IXR_ROS_Files/ros2_unity_ws1/src/DynamixelSDK/dynamixel_sdk_examples' with build type 'ament_cmake'
[1.865s] INFO:colcon.colcon_cmake.task.cmake.build:Building CMake package in '/home/xrcdevelopment/IXR_ROS_Files/ros2_unity_ws1/src/DynamixelSDK/dynamixel_sdk_examples'
[1.869s] INFO:colcon.colcon_core.shell:Skip shell extension 'powershell' for command environment: Not usable outside of PowerShell
[1.869s] DEBUG:colcon.colcon_core.shell:Skip shell extension 'dsv' for command environment
[1.902s] DEBUG:colcon.colcon_core.event_handler.log_command:Invoking command in '/home/xrcdevelopment/IXR_ROS_Files/ros2_unity_ws1/build/dynamixel_sdk_examples': CMAKE_PREFIX_PATH=/home/xrcdevelopment/IXR_ROS_Files/ros2_unity_ws1/install/dynamixel_sdk_custom_interfaces:/home/xrcdevelopment/IXR_ROS_Files/ros2_unity_ws1/install/dynamixel_sdk:/home/xrcdevelopment/IXR_ROS_Files/ros2_unity_ws1/install/unity_robotics_demo_msgs:/home/xrcdevelopment/IXR_ROS_Files/ros2_unity_ws1/install/dynamixel_sdk_examples:/home/xrcdevelopment/IXR_ROS_Files/ros2_unity_ws1/install/unity_robotics_demo:/home/xrcdevelopment/IXR_ROS_Files/ros2_unity_ws1/install/ros_tcp_endpoint:/home/xrcdevelopment/ros/ros2_unity_ws1/install/unity_robotics_demo_msgs:/home/xrcdevelopment/ros/ros2_unity_ws1/install/unity_robotics_demo:/home/xrcdevelopment/ros/ros2_unity_ws1/install/ros_tcp_endpoint:/opt/ros/humble LD_LIBRARY_PATH=/home/xrcdevelopment/IXR_ROS_Files/ros2_unity_ws1/install/dynamixel_sdk_custom_interfaces/lib:/home/xrcdevelopment/IXR_ROS_Files/ros2_unity_ws1/install/dynamixel_sdk/lib:/home/xrcdevelopment/IXR_ROS_Files/ros2_unity_ws1/install/unity_robotics_demo_msgs/lib:/home/xrcdevelopment/ros/ros2_unity_ws1/install/unity_robotics_demo_msgs/lib:/opt/ros/humble/opt/rviz_ogre_vendor/lib:/opt/ros/humble/lib/x86_64-linux-gnu:/opt/ros/humble/lib /usr/bin/cmake --build /home/xrcdevelopment/IXR_ROS_Files/ros2_unity_ws1/build/dynamixel_sdk_examples -- -j8 -l8
[1.924s] DEBUG:colcon.colcon_core.event_handler.log_command:Invoking command in '/home/xrcdevelopment/IXR_ROS_Files/ros2_unity_ws1/src/ROS-TCP-Endpoint-main-ros2': PYTHONPATH=/home/xrcdevelopment/IXR_ROS_Files/ros2_unity_ws1/build/ros_tcp_endpoint/prefix_override:/home/xrcdevelopment/IXR_ROS_Files/ros2_unity_ws1/install/ros_tcp_endpoint/lib/python3.10/site-packages:${PYTHONPATH} /usr/bin/python3 setup.py egg_info --egg-base ../../build/ros_tcp_endpoint build --build-base /home/xrcdevelopment/IXR_ROS_Files/ros2_unity_ws1/build/ros_tcp_endpoint/build install --record /home/xrcdevelopment/IXR_ROS_Files/ros2_unity_ws1/build/ros_tcp_endpoint/install.log --install-scripts $base/lib/ros_tcp_endpoint --single-version-externally-managed
[1.983s] DEBUG:colcon.colcon_core.event_handler.log_command:Invoking command in '/home/xrcdevelopment/IXR_ROS_Files/ros2_unity_ws1/src/unity_robotics_demo': PYTHONPATH=/home/xrcdevelopment/IXR_ROS_Files/ros2_unity_ws1/build/unity_robotics_demo/prefix_override:/home/xrcdevelopment/IXR_ROS_Files/ros2_unity_ws1/install/unity_robotics_demo/lib/python3.10/site-packages:${PYTHONPATH} /usr/bin/python3 setup.py egg_info --egg-base ../../build/unity_robotics_demo build --build-base /home/xrcdevelopment/IXR_ROS_Files/ros2_unity_ws1/build/unity_robotics_demo/build install --record /home/xrcdevelopment/IXR_ROS_Files/ros2_unity_ws1/build/unity_robotics_demo/install.log --install-scripts $base/lib/unity_robotics_demo --single-version-externally-managed
[2.061s] DEBUG:colcon.colcon_core.event_handler.log_command:Invoked command in '/home/xrcdevelopment/IXR_ROS_Files/ros2_unity_ws1/build/unity_robotics_demo_msgs' returned '0': CMAKE_PREFIX_PATH=${CMAKE_PREFIX_PATH}:/home/xrcdevelopment/IXR_ROS_Files/ros2_unity_ws1/install/unity_robotics_demo:/home/xrcdevelopment/IXR_ROS_Files/ros2_unity_ws1/install/ros_tcp_endpoint:/home/xrcdevelopment/ros/ros2_unity_ws1/install/unity_robotics_demo_msgs:/home/xrcdevelopment/ros/ros2_unity_ws1/install/unity_robotics_demo:/home/xrcdevelopment/ros/ros2_unity_ws1/install/ros_tcp_endpoint:/opt/ros/humble /usr/bin/cmake --build /home/xrcdevelopment/IXR_ROS_Files/ros2_unity_ws1/build/unity_robotics_demo_msgs -- -j8 -l8
[2.217s] DEBUG:colcon.colcon_core.event_handler.log_command:Invoking command in '/home/xrcdevelopment/IXR_ROS_Files/ros2_unity_ws1/build/unity_robotics_demo_msgs': CMAKE_PREFIX_PATH=${CMAKE_PREFIX_PATH}:/home/xrcdevelopment/IXR_ROS_Files/ros2_unity_ws1/install/unity_robotics_demo:/home/xrcdevelopment/IXR_ROS_Files/ros2_unity_ws1/install/ros_tcp_endpoint:/home/xrcdevelopment/ros/ros2_unity_ws1/install/unity_robotics_demo_msgs:/home/xrcdevelopment/ros/ros2_unity_ws1/install/unity_robotics_demo:/home/xrcdevelopment/ros/ros2_unity_ws1/install/ros_tcp_endpoint:/opt/ros/humble /usr/bin/cmake --install /home/xrcdevelopment/IXR_ROS_Files/ros2_unity_ws1/build/unity_robotics_demo_msgs
[2.308s] Level 1:colcon.colcon_core.environment:create_environment_scripts_only(unity_robotics_demo_msgs)
[2.312s] Level 1:colcon.colcon_core.environment:checking '/home/xrcdevelopment/IXR_ROS_Files/ros2_unity_ws1/install/unity_robotics_demo_msgs' for CMake module files
[2.313s] Level 1:colcon.colcon_core.environment:checking '/home/xrcdevelopment/IXR_ROS_Files/ros2_unity_ws1/install/unity_robotics_demo_msgs' for CMake config files
[2.314s] DEBUG:colcon.colcon_core.event_handler.log_command:Invoked command in '/home/xrcdevelopment/IXR_ROS_Files/ros2_unity_ws1/build/unity_robotics_demo_msgs' returned '0': CMAKE_PREFIX_PATH=${CMAKE_PREFIX_PATH}:/home/xrcdevelopment/IXR_ROS_Files/ros2_unity_ws1/install/unity_robotics_demo:/home/xrcdevelopment/IXR_ROS_Files/ros2_unity_ws1/install/ros_tcp_endpoint:/home/xrcdevelopment/ros/ros2_unity_ws1/install/unity_robotics_demo_msgs:/home/xrcdevelopment/ros/ros2_unity_ws1/install/unity_robotics_demo:/home/xrcdevelopment/ros/ros2_unity_ws1/install/ros_tcp_endpoint:/opt/ros/humble /usr/bin/cmake --install /home/xrcdevelopment/IXR_ROS_Files/ros2_unity_ws1/build/unity_robotics_demo_msgs
[2.316s] Level 1:colcon.colcon_core.shell:create_environment_hook('unity_robotics_demo_msgs', 'cmake_prefix_path')
[2.318s] INFO:colcon.colcon_core.shell:Creating environment hook '/home/xrcdevelopment/IXR_ROS_Files/ros2_unity_ws1/install/unity_robotics_demo_msgs/share/unity_robotics_demo_msgs/hook/cmake_prefix_path.ps1'
[2.319s] INFO:colcon.colcon_core.shell:Creating environment descriptor '/home/xrcdevelopment/IXR_ROS_Files/ros2_unity_ws1/install/unity_robotics_demo_msgs/share/unity_robotics_demo_msgs/hook/cmake_prefix_path.dsv'
[2.320s] INFO:colcon.colcon_core.shell:Creating environment hook '/home/xrcdevelopment/IXR_ROS_Files/ros2_unity_ws1/install/unity_robotics_demo_msgs/share/unity_robotics_demo_msgs/hook/cmake_prefix_path.sh'
[2.321s] Level 1:colcon.colcon_core.environment:checking '/home/xrcdevelopment/IXR_ROS_Files/ros2_unity_ws1/install/unity_robotics_demo_msgs/lib'
[2.321s] Level 1:colcon.colcon_core.shell:create_environment_hook('unity_robotics_demo_msgs', 'ld_library_path_lib')
[2.323s] INFO:colcon.colcon_core.shell:Creating environment hook '/home/xrcdevelopment/IXR_ROS_Files/ros2_unity_ws1/install/unity_robotics_demo_msgs/share/unity_robotics_demo_msgs/hook/ld_library_path_lib.ps1'
[2.324s] INFO:colcon.colcon_core.shell:Creating environment descriptor '/home/xrcdevelopment/IXR_ROS_Files/ros2_unity_ws1/install/unity_robotics_demo_msgs/share/unity_robotics_demo_msgs/hook/ld_library_path_lib.dsv'
[2.324s] INFO:colcon.colcon_core.shell:Creating environment hook '/home/xrcdevelopment/IXR_ROS_Files/ros2_unity_ws1/install/unity_robotics_demo_msgs/share/unity_robotics_demo_msgs/hook/ld_library_path_lib.sh'
[2.324s] Level 1:colcon.colcon_core.environment:checking '/home/xrcdevelopment/IXR_ROS_Files/ros2_unity_ws1/install/unity_robotics_demo_msgs/bin'
[2.325s] Level 1:colcon.colcon_core.environment:checking '/home/xrcdevelopment/IXR_ROS_Files/ros2_unity_ws1/install/unity_robotics_demo_msgs/lib/pkgconfig/unity_robotics_demo_msgs.pc'
[2.325s] Level 1:colcon.colcon_core.environment:checking '/home/xrcdevelopment/IXR_ROS_Files/ros2_unity_ws1/install/unity_robotics_demo_msgs/lib/python3.10/site-packages'
[2.325s] Level 1:colcon.colcon_core.environment:checking '/home/xrcdevelopment/IXR_ROS_Files/ros2_unity_ws1/install/unity_robotics_demo_msgs/bin'
[2.327s] INFO:colcon.colcon_core.shell:Creating package script '/home/xrcdevelopment/IXR_ROS_Files/ros2_unity_ws1/install/unity_robotics_demo_msgs/share/unity_robotics_demo_msgs/package.ps1'
[2.328s] INFO:colcon.colcon_core.shell:Creating package descriptor '/home/xrcdevelopment/IXR_ROS_Files/ros2_unity_ws1/install/unity_robotics_demo_msgs/share/unity_robotics_demo_msgs/package.dsv'
[2.329s] INFO:colcon.colcon_core.shell:Creating package script '/home/xrcdevelopment/IXR_ROS_Files/ros2_unity_ws1/install/unity_robotics_demo_msgs/share/unity_robotics_demo_msgs/package.sh'
[2.329s] INFO:colcon.colcon_core.shell:Creating package script '/home/xrcdevelopment/IXR_ROS_Files/ros2_unity_ws1/install/unity_robotics_demo_msgs/share/unity_robotics_demo_msgs/package.bash'
[2.329s] INFO:colcon.colcon_core.shell:Creating package script '/home/xrcdevelopment/IXR_ROS_Files/ros2_unity_ws1/install/unity_robotics_demo_msgs/share/unity_robotics_demo_msgs/package.zsh'
[2.330s] Level 1:colcon.colcon_core.environment:create_file_with_runtime_dependencies(/home/xrcdevelopment/IXR_ROS_Files/ros2_unity_ws1/install/unity_robotics_demo_msgs/share/colcon-core/packages/unity_robotics_demo_msgs)
[2.355s] Level 1:colcon.colcon_core.environment:checking '/home/xrcdevelopment/IXR_ROS_Files/ros2_unity_ws1/install/ros_tcp_endpoint' for CMake module files
[2.356s] DEBUG:colcon.colcon_core.event_handler.log_command:Invoked command in '/home/xrcdevelopment/IXR_ROS_Files/ros2_unity_ws1/src/ROS-TCP-Endpoint-main-ros2' returned '0': PYTHONPATH=/home/xrcdevelopment/IXR_ROS_Files/ros2_unity_ws1/build/ros_tcp_endpoint/prefix_override:/home/xrcdevelopment/IXR_ROS_Files/ros2_unity_ws1/install/ros_tcp_endpoint/lib/python3.10/site-packages:${PYTHONPATH} /usr/bin/python3 setup.py egg_info --egg-base ../../build/ros_tcp_endpoint build --build-base /home/xrcdevelopment/IXR_ROS_Files/ros2_unity_ws1/build/ros_tcp_endpoint/build install --record /home/xrcdevelopment/IXR_ROS_Files/ros2_unity_ws1/build/ros_tcp_endpoint/install.log --install-scripts $base/lib/ros_tcp_endpoint --single-version-externally-managed
[2.356s] Level 1:colcon.colcon_core.environment:checking '/home/xrcdevelopment/IXR_ROS_Files/ros2_unity_ws1/install/ros_tcp_endpoint' for CMake config files
[2.357s] Level 1:colcon.colcon_core.environment:checking '/home/xrcdevelopment/IXR_ROS_Files/ros2_unity_ws1/install/ros_tcp_endpoint/lib'
[2.357s] Level 1:colcon.colcon_core.environment:checking '/home/xrcdevelopment/IXR_ROS_Files/ros2_unity_ws1/install/ros_tcp_endpoint/bin'
[2.357s] Level 1:colcon.colcon_core.environment:checking '/home/xrcdevelopment/IXR_ROS_Files/ros2_unity_ws1/install/ros_tcp_endpoint/lib/pkgconfig/ros_tcp_endpoint.pc'
[2.358s] Level 1:colcon.colcon_core.environment:checking '/home/xrcdevelopment/IXR_ROS_Files/ros2_unity_ws1/install/ros_tcp_endpoint/lib/python3.10/site-packages'
[2.358s] Level 1:colcon.colcon_core.shell:create_environment_hook('ros_tcp_endpoint', 'pythonpath')
[2.360s] INFO:colcon.colcon_core.shell:Creating environment hook '/home/xrcdevelopment/IXR_ROS_Files/ros2_unity_ws1/install/ros_tcp_endpoint/share/ros_tcp_endpoint/hook/pythonpath.ps1'
[2.360s] INFO:colcon.colcon_core.shell:Creating environment descriptor '/home/xrcdevelopment/IXR_ROS_Files/ros2_unity_ws1/install/ros_tcp_endpoint/share/ros_tcp_endpoint/hook/pythonpath.dsv'
[2.361s] INFO:colcon.colcon_core.shell:Creating environment hook '/home/xrcdevelopment/IXR_ROS_Files/ros2_unity_ws1/install/ros_tcp_endpoint/share/ros_tcp_endpoint/hook/pythonpath.sh'
[2.361s] Level 1:colcon.colcon_core.environment:checking '/home/xrcdevelopment/IXR_ROS_Files/ros2_unity_ws1/install/ros_tcp_endpoint/bin'
[2.362s] Level 1:colcon.colcon_core.environment:create_environment_scripts_only(ros_tcp_endpoint)
[2.364s] INFO:colcon.colcon_core.shell:Creating package script '/home/xrcdevelopment/IXR_ROS_Files/ros2_unity_ws1/install/ros_tcp_endpoint/share/ros_tcp_endpoint/package.ps1'
[2.364s] INFO:colcon.colcon_core.shell:Creating package descriptor '/home/xrcdevelopment/IXR_ROS_Files/ros2_unity_ws1/install/ros_tcp_endpoint/share/ros_tcp_endpoint/package.dsv'
[2.365s] INFO:colcon.colcon_core.shell:Creating package script '/home/xrcdevelopment/IXR_ROS_Files/ros2_unity_ws1/install/ros_tcp_endpoint/share/ros_tcp_endpoint/package.sh'
[2.365s] INFO:colcon.colcon_core.shell:Creating package script '/home/xrcdevelopment/IXR_ROS_Files/ros2_unity_ws1/install/ros_tcp_endpoint/share/ros_tcp_endpoint/package.bash'
[2.366s] INFO:colcon.colcon_core.shell:Creating package script '/home/xrcdevelopment/IXR_ROS_Files/ros2_unity_ws1/install/ros_tcp_endpoint/share/ros_tcp_endpoint/package.zsh'
[2.366s] Level 1:colcon.colcon_core.environment:create_file_with_runtime_dependencies(/home/xrcdevelopment/IXR_ROS_Files/ros2_unity_ws1/install/ros_tcp_endpoint/share/colcon-core/packages/ros_tcp_endpoint)
[2.390s] Level 1:colcon.colcon_core.environment:checking '/home/xrcdevelopment/IXR_ROS_Files/ros2_unity_ws1/install/unity_robotics_demo' for CMake module files
[2.391s] DEBUG:colcon.colcon_core.event_handler.log_command:Invoked command in '/home/xrcdevelopment/IXR_ROS_Files/ros2_unity_ws1/src/unity_robotics_demo' returned '0': PYTHONPATH=/home/xrcdevelopment/IXR_ROS_Files/ros2_unity_ws1/build/unity_robotics_demo/prefix_override:/home/xrcdevelopment/IXR_ROS_Files/ros2_unity_ws1/install/unity_robotics_demo/lib/python3.10/site-packages:${PYTHONPATH} /usr/bin/python3 setup.py egg_info --egg-base ../../build/unity_robotics_demo build --build-base /home/xrcdevelopment/IXR_ROS_Files/ros2_unity_ws1/build/unity_robotics_demo/build install --record /home/xrcdevelopment/IXR_ROS_Files/ros2_unity_ws1/build/unity_robotics_demo/install.log --install-scripts $base/lib/unity_robotics_demo --single-version-externally-managed
[2.391s] Level 1:colcon.colcon_core.environment:checking '/home/xrcdevelopment/IXR_ROS_Files/ros2_unity_ws1/install/unity_robotics_demo' for CMake config files
[2.392s] Level 1:colcon.colcon_core.environment:checking '/home/xrcdevelopment/IXR_ROS_Files/ros2_unity_ws1/install/unity_robotics_demo/lib'
[2.392s] Level 1:colcon.colcon_core.environment:checking '/home/xrcdevelopment/IXR_ROS_Files/ros2_unity_ws1/install/unity_robotics_demo/bin'
[2.392s] Level 1:colcon.colcon_core.environment:checking '/home/xrcdevelopment/IXR_ROS_Files/ros2_unity_ws1/install/unity_robotics_demo/lib/pkgconfig/unity_robotics_demo.pc'
[2.392s] Level 1:colcon.colcon_core.environment:checking '/home/xrcdevelopment/IXR_ROS_Files/ros2_unity_ws1/install/unity_robotics_demo/lib/python3.10/site-packages'
[2.392s] Level 1:colcon.colcon_core.shell:create_environment_hook('unity_robotics_demo', 'pythonpath')
[2.394s] INFO:colcon.colcon_core.shell:Creating environment hook '/home/xrcdevelopment/IXR_ROS_Files/ros2_unity_ws1/install/unity_robotics_demo/share/unity_robotics_demo/hook/pythonpath.ps1'
[2.395s] INFO:colcon.colcon_core.shell:Creating environment descriptor '/home/xrcdevelopment/IXR_ROS_Files/ros2_unity_ws1/install/unity_robotics_demo/share/unity_robotics_demo/hook/pythonpath.dsv'
[2.395s] INFO:colcon.colcon_core.shell:Creating environment hook '/home/xrcdevelopment/IXR_ROS_Files/ros2_unity_ws1/install/unity_robotics_demo/share/unity_robotics_demo/hook/pythonpath.sh'
[2.396s] Level 1:colcon.colcon_core.environment:checking '/home/xrcdevelopment/IXR_ROS_Files/ros2_unity_ws1/install/unity_robotics_demo/bin'
[2.396s] Level 1:colcon.colcon_core.environment:create_environment_scripts_only(unity_robotics_demo)
[2.398s] INFO:colcon.colcon_core.shell:Creating package script '/home/xrcdevelopment/IXR_ROS_Files/ros2_unity_ws1/install/unity_robotics_demo/share/unity_robotics_demo/package.ps1'
[2.399s] INFO:colcon.colcon_core.shell:Creating package descriptor '/home/xrcdevelopment/IXR_ROS_Files/ros2_unity_ws1/install/unity_robotics_demo/share/unity_robotics_demo/package.dsv'
[2.399s] INFO:colcon.colcon_core.shell:Creating package script '/home/xrcdevelopment/IXR_ROS_Files/ros2_unity_ws1/install/unity_robotics_demo/share/unity_robotics_demo/package.sh'
[2.399s] INFO:colcon.colcon_core.shell:Creating package script '/home/xrcdevelopment/IXR_ROS_Files/ros2_unity_ws1/install/unity_robotics_demo/share/unity_robotics_demo/package.bash'
[2.400s] INFO:colcon.colcon_core.shell:Creating package script '/home/xrcdevelopment/IXR_ROS_Files/ros2_unity_ws1/install/unity_robotics_demo/share/unity_robotics_demo/package.zsh'
[2.400s] Level 1:colcon.colcon_core.environment:create_file_with_runtime_dependencies(/home/xrcdevelopment/IXR_ROS_Files/ros2_unity_ws1/install/unity_robotics_demo/share/colcon-core/packages/unity_robotics_demo)
[2.482s] Level 1:colcon.colcon_core.environment:create_environment_scripts_only(unity_robotics_demo_msgs)
[2.484s] Level 1:colcon.colcon_core.environment:checking '/home/xrcdevelopment/IXR_ROS_Files/ros2_unity_ws1/install/unity_robotics_demo_msgs' for CMake module files
[2.485s] Level 1:colcon.colcon_core.environment:checking '/home/xrcdevelopment/IXR_ROS_Files/ros2_unity_ws1/install/unity_robotics_demo_msgs' for CMake config files
[2.486s] Level 1:colcon.colcon_core.shell:create_environment_hook('unity_robotics_demo_msgs', 'cmake_prefix_path')
[2.488s] INFO:colcon.colcon_core.shell:Creating environment hook '/home/xrcdevelopment/IXR_ROS_Files/ros2_unity_ws1/install/unity_robotics_demo_msgs/share/unity_robotics_demo_msgs/hook/cmake_prefix_path.ps1'
[2.489s] INFO:colcon.colcon_core.shell:Creating environment descriptor '/home/xrcdevelopment/IXR_ROS_Files/ros2_unity_ws1/install/unity_robotics_demo_msgs/share/unity_robotics_demo_msgs/hook/cmake_prefix_path.dsv'
[2.489s] INFO:colcon.colcon_core.shell:Creating environment hook '/home/xrcdevelopment/IXR_ROS_Files/ros2_unity_ws1/install/unity_robotics_demo_msgs/share/unity_robotics_demo_msgs/hook/cmake_prefix_path.sh'
[2.490s] Level 1:colcon.colcon_core.environment:checking '/home/xrcdevelopment/IXR_ROS_Files/ros2_unity_ws1/install/unity_robotics_demo_msgs/lib'
[2.490s] Level 1:colcon.colcon_core.shell:create_environment_hook('unity_robotics_demo_msgs', 'ld_library_path_lib')
[2.492s] INFO:colcon.colcon_core.shell:Creating environment hook '/home/xrcdevelopment/IXR_ROS_Files/ros2_unity_ws1/install/unity_robotics_demo_msgs/share/unity_robotics_demo_msgs/hook/ld_library_path_lib.ps1'
[2.493s] INFO:colcon.colcon_core.shell:Creating environment descriptor '/home/xrcdevelopment/IXR_ROS_Files/ros2_unity_ws1/install/unity_robotics_demo_msgs/share/unity_robotics_demo_msgs/hook/ld_library_path_lib.dsv'
[2.494s] INFO:colcon.colcon_core.shell:Creating environment hook '/home/xrcdevelopment/IXR_ROS_Files/ros2_unity_ws1/install/unity_robotics_demo_msgs/share/unity_robotics_demo_msgs/hook/ld_library_path_lib.sh'
[2.495s] Level 1:colcon.colcon_core.environment:checking '/home/xrcdevelopment/IXR_ROS_Files/ros2_unity_ws1/install/unity_robotics_demo_msgs/bin'
[2.495s] Level 1:colcon.colcon_core.environment:checking '/home/xrcdevelopment/IXR_ROS_Files/ros2_unity_ws1/install/unity_robotics_demo_msgs/lib/pkgconfig/unity_robotics_demo_msgs.pc'
[2.495s] Level 1:colcon.colcon_core.environment:checking '/home/xrcdevelopment/IXR_ROS_Files/ros2_unity_ws1/install/unity_robotics_demo_msgs/lib/python3.10/site-packages'
[2.495s] Level 1:colcon.colcon_core.environment:checking '/home/xrcdevelopment/IXR_ROS_Files/ros2_unity_ws1/install/unity_robotics_demo_msgs/bin'
[2.498s] INFO:colcon.colcon_core.shell:Creating package script '/home/xrcdevelopment/IXR_ROS_Files/ros2_unity_ws1/install/unity_robotics_demo_msgs/share/unity_robotics_demo_msgs/package.ps1'
[2.499s] INFO:colcon.colcon_core.shell:Creating package descriptor '/home/xrcdevelopment/IXR_ROS_Files/ros2_unity_ws1/install/unity_robotics_demo_msgs/share/unity_robotics_demo_msgs/package.dsv'
[2.499s] INFO:colcon.colcon_core.shell:Creating package script '/home/xrcdevelopment/IXR_ROS_Files/ros2_unity_ws1/install/unity_robotics_demo_msgs/share/unity_robotics_demo_msgs/package.sh'
[2.500s] INFO:colcon.colcon_core.shell:Creating package script '/home/xrcdevelopment/IXR_ROS_Files/ros2_unity_ws1/install/unity_robotics_demo_msgs/share/unity_robotics_demo_msgs/package.bash'
[2.500s] INFO:colcon.colcon_core.shell:Creating package script '/home/xrcdevelopment/IXR_ROS_Files/ros2_unity_ws1/install/unity_robotics_demo_msgs/share/unity_robotics_demo_msgs/package.zsh'
[2.501s] Level 1:colcon.colcon_core.environment:create_file_with_runtime_dependencies(/home/xrcdevelopment/IXR_ROS_Files/ros2_unity_ws1/install/unity_robotics_demo_msgs/share/colcon-core/packages/unity_robotics_demo_msgs)
[7.485s] DEBUG:colcon.colcon_core.event_handler.log_command:Invoked command in '/home/xrcdevelopment/IXR_ROS_Files/ros2_unity_ws1/build/dynamixel_sdk_examples' returned '2': CMAKE_PREFIX_PATH=/home/xrcdevelopment/IXR_ROS_Files/ros2_unity_ws1/install/dynamixel_sdk_custom_interfaces:/home/xrcdevelopment/IXR_ROS_Files/ros2_unity_ws1/install/dynamixel_sdk:/home/xrcdevelopment/IXR_ROS_Files/ros2_unity_ws1/install/unity_robotics_demo_msgs:/home/xrcdevelopment/IXR_ROS_Files/ros2_unity_ws1/install/dynamixel_sdk_examples:/home/xrcdevelopment/IXR_ROS_Files/ros2_unity_ws1/install/unity_robotics_demo:/home/xrcdevelopment/IXR_ROS_Files/ros2_unity_ws1/install/ros_tcp_endpoint:/home/xrcdevelopment/ros/ros2_unity_ws1/install/unity_robotics_demo_msgs:/home/xrcdevelopment/ros/ros2_unity_ws1/install/unity_robotics_demo:/home/xrcdevelopment/ros/ros2_unity_ws1/install/ros_tcp_endpoint:/opt/ros/humble LD_LIBRARY_PATH=/home/xrcdevelopment/IXR_ROS_Files/ros2_unity_ws1/install/dynamixel_sdk_custom_interfaces/lib:/home/xrcdevelopment/IXR_ROS_Files/ros2_unity_ws1/install/dynamixel_sdk/lib:/home/xrcdevelopment/IXR_ROS_Files/ros2_unity_ws1/install/unity_robotics_demo_msgs/lib:/home/xrcdevelopment/ros/ros2_unity_ws1/install/unity_robotics_demo_msgs/lib:/opt/ros/humble/opt/rviz_ogre_vendor/lib:/opt/ros/humble/lib/x86_64-linux-gnu:/opt/ros/humble/lib /usr/bin/cmake --build /home/xrcdevelopment/IXR_ROS_Files/ros2_unity_ws1/build/dynamixel_sdk_examples -- -j8 -l8
[7.521s] Level 1:colcon.colcon_core.environment:create_environment_scripts_only(dynamixel_sdk_examples)
[7.522s] Level 1:colcon.colcon_core.environment:checking '/home/xrcdevelopment/IXR_ROS_Files/ros2_unity_ws1/install/dynamixel_sdk_examples' for CMake module files
[7.523s] Level 1:colcon.colcon_core.environment:checking '/home/xrcdevelopment/IXR_ROS_Files/ros2_unity_ws1/install/dynamixel_sdk_examples' for CMake config files
[7.523s] Level 1:colcon.colcon_core.shell:create_environment_hook('dynamixel_sdk_examples', 'cmake_prefix_path')
[7.524s] INFO:colcon.colcon_core.shell:Creating environment hook '/home/xrcdevelopment/IXR_ROS_Files/ros2_unity_ws1/install/dynamixel_sdk_examples/share/dynamixel_sdk_examples/hook/cmake_prefix_path.ps1'
[7.524s] INFO:colcon.colcon_core.shell:Creating environment descriptor '/home/xrcdevelopment/IXR_ROS_Files/ros2_unity_ws1/install/dynamixel_sdk_examples/share/dynamixel_sdk_examples/hook/cmake_prefix_path.dsv'
[7.525s] INFO:colcon.colcon_core.shell:Creating environment hook '/home/xrcdevelopment/IXR_ROS_Files/ros2_unity_ws1/install/dynamixel_sdk_examples/share/dynamixel_sdk_examples/hook/cmake_prefix_path.sh'
[7.525s] Level 1:colcon.colcon_core.environment:checking '/home/xrcdevelopment/IXR_ROS_Files/ros2_unity_ws1/install/dynamixel_sdk_examples/lib'
[7.526s] Level 1:colcon.colcon_core.environment:checking '/home/xrcdevelopment/IXR_ROS_Files/ros2_unity_ws1/install/dynamixel_sdk_examples/bin'
[7.526s] Level 1:colcon.colcon_core.environment:checking '/home/xrcdevelopment/IXR_ROS_Files/ros2_unity_ws1/install/dynamixel_sdk_examples/lib/pkgconfig/dynamixel_sdk_examples.pc'
[7.526s] Level 1:colcon.colcon_core.environment:checking '/home/xrcdevelopment/IXR_ROS_Files/ros2_unity_ws1/install/dynamixel_sdk_examples/lib/python3.10/site-packages'
[7.526s] Level 1:colcon.colcon_core.environment:checking '/home/xrcdevelopment/IXR_ROS_Files/ros2_unity_ws1/install/dynamixel_sdk_examples/bin'
[7.528s] INFO:colcon.colcon_core.shell:Creating package script '/home/xrcdevelopment/IXR_ROS_Files/ros2_unity_ws1/install/dynamixel_sdk_examples/share/dynamixel_sdk_examples/package.ps1'
[7.528s] INFO:colcon.colcon_core.shell:Creating package descriptor '/home/xrcdevelopment/IXR_ROS_Files/ros2_unity_ws1/install/dynamixel_sdk_examples/share/dynamixel_sdk_examples/package.dsv'
[7.529s] INFO:colcon.colcon_core.shell:Creating package script '/home/xrcdevelopment/IXR_ROS_Files/ros2_unity_ws1/install/dynamixel_sdk_examples/share/dynamixel_sdk_examples/package.sh'
[7.530s] INFO:colcon.colcon_core.shell:Creating package script '/home/xrcdevelopment/IXR_ROS_Files/ros2_unity_ws1/install/dynamixel_sdk_examples/share/dynamixel_sdk_examples/package.bash'
[7.530s] INFO:colcon.colcon_core.shell:Creating package script '/home/xrcdevelopment/IXR_ROS_Files/ros2_unity_ws1/install/dynamixel_sdk_examples/share/dynamixel_sdk_examples/package.zsh'
[7.531s] Level 1:colcon.colcon_core.environment:create_file_with_runtime_dependencies(/home/xrcdevelopment/IXR_ROS_Files/ros2_unity_ws1/install/dynamixel_sdk_examples/share/colcon-core/packages/dynamixel_sdk_examples)
[7.541s] DEBUG:colcon.colcon_parallel_executor.executor.parallel:closing loop
[7.542s] DEBUG:colcon.colcon_parallel_executor.executor.parallel:loop closed
[7.542s] DEBUG:colcon.colcon_parallel_executor.executor.parallel:run_until_complete finished with '2'
[7.542s] DEBUG:colcon.colcon_core.event_reactor:joining thread
[7.548s] INFO:colcon.colcon_core.plugin_system:Skipping extension 'colcon_notification.desktop_notification.terminal_notifier': Not used on non-Darwin systems
[7.548s] INFO:colcon.colcon_core.plugin_system:Skipping extension 'colcon_notification.desktop_notification.win32': Not used on non-Windows systems
[7.548s] INFO:colcon.colcon_notification.desktop_notification:Sending desktop notification using 'notify2'
[7.561s] DEBUG:colcon.colcon_core.event_reactor:joined thread
[7.564s] INFO:colcon.colcon_core.shell:Creating prefix script '/home/xrcdevelopment/IXR_ROS_Files/ros2_unity_ws1/install/local_setup.ps1'
[7.565s] INFO:colcon.colcon_core.shell:Creating prefix util module '/home/xrcdevelopment/IXR_ROS_Files/ros2_unity_ws1/install/_local_setup_util_ps1.py'
[7.567s] INFO:colcon.colcon_core.shell:Creating prefix chain script '/home/xrcdevelopment/IXR_ROS_Files/ros2_unity_ws1/install/setup.ps1'
[7.568s] INFO:colcon.colcon_core.shell:Creating prefix script '/home/xrcdevelopment/IXR_ROS_Files/ros2_unity_ws1/install/local_setup.sh'
[7.569s] INFO:colcon.colcon_core.shell:Creating prefix util module '/home/xrcdevelopment/IXR_ROS_Files/ros2_unity_ws1/install/_local_setup_util_sh.py'
[7.569s] INFO:colcon.colcon_core.shell:Creating prefix chain script '/home/xrcdevelopment/IXR_ROS_Files/ros2_unity_ws1/install/setup.sh'
[7.571s] INFO:colcon.colcon_core.shell:Creating prefix script '/home/xrcdevelopment/IXR_ROS_Files/ros2_unity_ws1/install/local_setup.bash'
[7.572s] INFO:colcon.colcon_core.shell:Creating prefix chain script '/home/xrcdevelopment/IXR_ROS_Files/ros2_unity_ws1/install/setup.bash'
[7.574s] INFO:colcon.colcon_core.shell:Creating prefix script '/home/xrcdevelopment/IXR_ROS_Files/ros2_unity_ws1/install/local_setup.zsh'
[7.574s] INFO:colcon.colcon_core.shell:Creating prefix chain script '/home/xrcdevelopment/IXR_ROS_Files/ros2_unity_ws1/install/setup.zsh'
