[0.735s] Invoking command in '/home/xrcdevelopment/ros/ros2_unity_ws1/src/unity_robotics_demo': PYTHONPATH=/home/xrcdevelopment/ros/ros2_unity_ws1/build/unity_robotics_demo/prefix_override:/home/xrcdevelopment/ros/ros2_unity_ws1/install/unity_robotics_demo/lib/python3.10/site-packages:${PYTHONPATH} /usr/bin/python3 setup.py egg_info --egg-base ../../build/unity_robotics_demo build --build-base /home/xrcdevelopment/ros/ros2_unity_ws1/build/unity_robotics_demo/build install --record /home/xrcdevelopment/ros/ros2_unity_ws1/build/unity_robotics_demo/install.log --install-scripts $base/lib/unity_robotics_demo --single-version-externally-managed
[0.930s] /usr/lib/python3/dist-packages/setuptools/dist.py:723: UserWarning: Usage of dash-separated 'script-dir' will not be supported in future versions. Please use the underscore name 'script_dir' instead
[0.930s]   warnings.warn(
[0.936s] running egg_info
[0.937s] creating ../../build/unity_robotics_demo/unity_robotics_demo.egg-info
[0.937s] writing ../../build/unity_robotics_demo/unity_robotics_demo.egg-info/PKG-INFO
[0.937s] writing dependency_links to ../../build/unity_robotics_demo/unity_robotics_demo.egg-info/dependency_links.txt
[0.937s] writing entry points to ../../build/unity_robotics_demo/unity_robotics_demo.egg-info/entry_points.txt
[0.938s] writing requirements to ../../build/unity_robotics_demo/unity_robotics_demo.egg-info/requires.txt
[0.938s] writing top-level names to ../../build/unity_robotics_demo/unity_robotics_demo.egg-info/top_level.txt
[0.938s] writing manifest file '../../build/unity_robotics_demo/unity_robotics_demo.egg-info/SOURCES.txt'
[0.939s] reading manifest file '../../build/unity_robotics_demo/unity_robotics_demo.egg-info/SOURCES.txt'
[0.940s] writing manifest file '../../build/unity_robotics_demo/unity_robotics_demo.egg-info/SOURCES.txt'
[0.940s] running build
[0.940s] running build_py
[0.940s] creating /home/xrcdevelopment/ros/ros2_unity_ws1/build/unity_robotics_demo/build
[0.940s] creating /home/xrcdevelopment/ros/ros2_unity_ws1/build/unity_robotics_demo/build/lib
[0.940s] creating /home/xrcdevelopment/ros/ros2_unity_ws1/build/unity_robotics_demo/build/lib/unity_robotics_demo
[0.940s] copying unity_robotics_demo/color_publisher.py -> /home/xrcdevelopment/ros/ros2_unity_ws1/build/unity_robotics_demo/build/lib/unity_robotics_demo
[0.941s] copying unity_robotics_demo/position_service.py -> /home/xrcdevelopment/ros/ros2_unity_ws1/build/unity_robotics_demo/build/lib/unity_robotics_demo
[0.941s] copying unity_robotics_demo/__init__.py -> /home/xrcdevelopment/ros/ros2_unity_ws1/build/unity_robotics_demo/build/lib/unity_robotics_demo
[0.941s] running install
[0.941s] /usr/lib/python3/dist-packages/setuptools/command/install.py:34: SetuptoolsDeprecationWarning: setup.py install is deprecated. Use build and pip and other standards-based tools.
[0.941s]   warnings.warn(
[0.941s] running install_lib
[0.941s] creating /home/xrcdevelopment/ros/ros2_unity_ws1/install/unity_robotics_demo/lib/python3.10/site-packages/unity_robotics_demo
[0.942s] copying /home/xrcdevelopment/ros/ros2_unity_ws1/build/unity_robotics_demo/build/lib/unity_robotics_demo/color_publisher.py -> /home/xrcdevelopment/ros/ros2_unity_ws1/install/unity_robotics_demo/lib/python3.10/site-packages/unity_robotics_demo
[0.942s] copying /home/xrcdevelopment/ros/ros2_unity_ws1/build/unity_robotics_demo/build/lib/unity_robotics_demo/position_service.py -> /home/xrcdevelopment/ros/ros2_unity_ws1/install/unity_robotics_demo/lib/python3.10/site-packages/unity_robotics_demo
[0.942s] copying /home/xrcdevelopment/ros/ros2_unity_ws1/build/unity_robotics_demo/build/lib/unity_robotics_demo/__init__.py -> /home/xrcdevelopment/ros/ros2_unity_ws1/install/unity_robotics_demo/lib/python3.10/site-packages/unity_robotics_demo
[0.942s] byte-compiling /home/xrcdevelopment/ros/ros2_unity_ws1/install/unity_robotics_demo/lib/python3.10/site-packages/unity_robotics_demo/color_publisher.py to color_publisher.cpython-310.pyc
[0.942s] byte-compiling /home/xrcdevelopment/ros/ros2_unity_ws1/install/unity_robotics_demo/lib/python3.10/site-packages/unity_robotics_demo/position_service.py to position_service.cpython-310.pyc
[0.943s] byte-compiling /home/xrcdevelopment/ros/ros2_unity_ws1/install/unity_robotics_demo/lib/python3.10/site-packages/unity_robotics_demo/__init__.py to __init__.cpython-310.pyc
[0.943s] running install_data
[0.943s] creating /home/xrcdevelopment/ros/ros2_unity_ws1/install/unity_robotics_demo/share/ament_index
[0.943s] creating /home/xrcdevelopment/ros/ros2_unity_ws1/install/unity_robotics_demo/share/ament_index/resource_index
[0.943s] creating /home/xrcdevelopment/ros/ros2_unity_ws1/install/unity_robotics_demo/share/ament_index/resource_index/packages
[0.943s] copying resource/unity_robotics_demo -> /home/xrcdevelopment/ros/ros2_unity_ws1/install/unity_robotics_demo/share/ament_index/resource_index/packages
[0.944s] copying package.xml -> /home/xrcdevelopment/ros/ros2_unity_ws1/install/unity_robotics_demo/share/unity_robotics_demo
[0.944s] running install_egg_info
[0.945s] Copying ../../build/unity_robotics_demo/unity_robotics_demo.egg-info to /home/xrcdevelopment/ros/ros2_unity_ws1/install/unity_robotics_demo/lib/python3.10/site-packages/unity_robotics_demo-0.0.1-py3.10.egg-info
[0.945s] running install_scripts
[0.964s] Installing color_publisher script to /home/xrcdevelopment/ros/ros2_unity_ws1/install/unity_robotics_demo/lib/unity_robotics_demo
[0.964s] Installing position_service script to /home/xrcdevelopment/ros/ros2_unity_ws1/install/unity_robotics_demo/lib/unity_robotics_demo
[0.964s] writing list of installed files to '/home/xrcdevelopment/ros/ros2_unity_ws1/build/unity_robotics_demo/install.log'
[0.989s] Invoked command in '/home/xrcdevelopment/ros/ros2_unity_ws1/src/unity_robotics_demo' returned '0': PYTHONPATH=/home/xrcdevelopment/ros/ros2_unity_ws1/build/unity_robotics_demo/prefix_override:/home/xrcdevelopment/ros/ros2_unity_ws1/install/unity_robotics_demo/lib/python3.10/site-packages:${PYTHONPATH} /usr/bin/python3 setup.py egg_info --egg-base ../../build/unity_robotics_demo build --build-base /home/xrcdevelopment/ros/ros2_unity_ws1/build/unity_robotics_demo/build install --record /home/xrcdevelopment/ros/ros2_unity_ws1/build/unity_robotics_demo/install.log --install-scripts $base/lib/unity_robotics_demo --single-version-externally-managed
