[0.274s] DEBUG:colcon:Command line arguments: ['/usr/bin/colcon', 'build']
[0.274s] DEBUG:colcon:Parsed command line arguments: Namespace(log_base=None, log_level=None, verb_name='build', build_base='build', install_base='install', merge_install=False, symlink_install=False, test_result_base=None, continue_on_error=False, executor='parallel', parallel_workers=8, event_handlers=None, ignore_user_meta=False, metas=['./colcon.meta'], base_paths=['.'], packages_ignore=None, packages_ignore_regex=None, paths=None, packages_up_to=None, packages_up_to_regex=None, packages_above=None, packages_above_and_dependencies=None, packages_above_depth=None, packages_select_by_dep=None, packages_skip_by_dep=None, packages_skip_up_to=None, packages_select_build_failed=False, packages_skip_build_finished=False, packages_select_test_failures=False, packages_skip_test_passed=False, packages_select=None, packages_skip=None, packages_select_regex=None, packages_skip_regex=None, packages_start=None, packages_end=None, allow_overriding=[], cmake_args=None, cmake_target=None, cmake_target_skip_unavailable=False, cmake_clean_cache=False, cmake_clean_first=False, cmake_force_configure=False, ament_cmake_args=None, catkin_cmake_args=None, catkin_skip_building_tests=False, verb_parser=<colcon_defaults.argument_parser.defaults.DefaultArgumentsDecorator object at 0x7f5574b96b00>, verb_extension=<colcon_core.verb.build.BuildVerb object at 0x7f55753abc70>, main=<bound method BuildVerb.main of <colcon_core.verb.build.BuildVerb object at 0x7f55753abc70>>)
[0.302s] Level 1:colcon.colcon_core.package_discovery:discover_packages(colcon_meta) check parameters
[0.302s] Level 1:colcon.colcon_core.package_discovery:discover_packages(recursive) check parameters
[0.302s] Level 1:colcon.colcon_core.package_discovery:discover_packages(ignore) check parameters
[0.302s] Level 1:colcon.colcon_core.package_discovery:discover_packages(path) check parameters
[0.302s] Level 1:colcon.colcon_core.package_discovery:discover_packages(colcon_meta) discover
[0.302s] Level 1:colcon.colcon_core.package_discovery:discover_packages(recursive) discover
[0.302s] INFO:colcon.colcon_core.package_discovery:Crawling recursively for packages in '/home/xrcdevelopment/IXR_ROS_Files/ros2_unity_ws1'
[0.302s] Level 1:colcon.colcon_core.package_identification:_identify(.) by extensions ['ignore', 'ignore_ament_install']
[0.302s] Level 1:colcon.colcon_core.package_identification:_identify(.) by extension 'ignore'
[0.302s] Level 1:colcon.colcon_core.package_identification:_identify(.) by extension 'ignore_ament_install'
[0.302s] Level 1:colcon.colcon_core.package_identification:_identify(.) by extensions ['colcon_pkg']
[0.302s] Level 1:colcon.colcon_core.package_identification:_identify(.) by extension 'colcon_pkg'
[0.302s] Level 1:colcon.colcon_core.package_identification:_identify(.) by extensions ['colcon_meta']
[0.302s] Level 1:colcon.colcon_core.package_identification:_identify(.) by extension 'colcon_meta'
[0.302s] Level 1:colcon.colcon_core.package_identification:_identify(.) by extensions ['ros']
[0.303s] Level 1:colcon.colcon_core.package_identification:_identify(.) by extension 'ros'
[0.313s] Level 1:colcon.colcon_core.package_identification:_identify(.) by extensions ['cmake', 'python']
[0.313s] Level 1:colcon.colcon_core.package_identification:_identify(.) by extension 'cmake'
[0.313s] Level 1:colcon.colcon_core.package_identification:_identify(.) by extension 'python'
[0.313s] Level 1:colcon.colcon_core.package_identification:_identify(.) by extensions ['python_setup_py']
[0.313s] Level 1:colcon.colcon_core.package_identification:_identify(.) by extension 'python_setup_py'
[0.313s] Level 1:colcon.colcon_core.package_identification:_identify(build) by extensions ['ignore', 'ignore_ament_install']
[0.313s] Level 1:colcon.colcon_core.package_identification:_identify(build) by extension 'ignore'
[0.313s] Level 1:colcon.colcon_core.package_identification:_identify(build) ignored
[0.313s] Level 1:colcon.colcon_core.package_identification:_identify(install) by extensions ['ignore', 'ignore_ament_install']
[0.313s] Level 1:colcon.colcon_core.package_identification:_identify(install) by extension 'ignore'
[0.313s] Level 1:colcon.colcon_core.package_identification:_identify(install) ignored
[0.313s] Level 1:colcon.colcon_core.package_identification:_identify(log) by extensions ['ignore', 'ignore_ament_install']
[0.314s] Level 1:colcon.colcon_core.package_identification:_identify(log) by extension 'ignore'
[0.314s] Level 1:colcon.colcon_core.package_identification:_identify(log) ignored
[0.314s] Level 1:colcon.colcon_core.package_identification:_identify(src) by extensions ['ignore', 'ignore_ament_install']
[0.314s] Level 1:colcon.colcon_core.package_identification:_identify(src) by extension 'ignore'
[0.314s] Level 1:colcon.colcon_core.package_identification:_identify(src) by extension 'ignore_ament_install'
[0.314s] Level 1:colcon.colcon_core.package_identification:_identify(src) by extensions ['colcon_pkg']
[0.314s] Level 1:colcon.colcon_core.package_identification:_identify(src) by extension 'colcon_pkg'
[0.314s] Level 1:colcon.colcon_core.package_identification:_identify(src) by extensions ['colcon_meta']
[0.314s] Level 1:colcon.colcon_core.package_identification:_identify(src) by extension 'colcon_meta'
[0.314s] Level 1:colcon.colcon_core.package_identification:_identify(src) by extensions ['ros']
[0.314s] Level 1:colcon.colcon_core.package_identification:_identify(src) by extension 'ros'
[0.314s] Level 1:colcon.colcon_core.package_identification:_identify(src) by extensions ['cmake', 'python']
[0.314s] Level 1:colcon.colcon_core.package_identification:_identify(src) by extension 'cmake'
[0.314s] Level 1:colcon.colcon_core.package_identification:_identify(src) by extension 'python'
[0.314s] Level 1:colcon.colcon_core.package_identification:_identify(src) by extensions ['python_setup_py']
[0.314s] Level 1:colcon.colcon_core.package_identification:_identify(src) by extension 'python_setup_py'
[0.314s] Level 1:colcon.colcon_core.package_identification:_identify(src/ROS-TCP-Endpoint-main-ros2) by extensions ['ignore', 'ignore_ament_install']
[0.314s] Level 1:colcon.colcon_core.package_identification:_identify(src/ROS-TCP-Endpoint-main-ros2) by extension 'ignore'
[0.314s] Level 1:colcon.colcon_core.package_identification:_identify(src/ROS-TCP-Endpoint-main-ros2) by extension 'ignore_ament_install'
[0.315s] Level 1:colcon.colcon_core.package_identification:_identify(src/ROS-TCP-Endpoint-main-ros2) by extensions ['colcon_pkg']
[0.315s] Level 1:colcon.colcon_core.package_identification:_identify(src/ROS-TCP-Endpoint-main-ros2) by extension 'colcon_pkg'
[0.315s] Level 1:colcon.colcon_core.package_identification:_identify(src/ROS-TCP-Endpoint-main-ros2) by extensions ['colcon_meta']
[0.315s] Level 1:colcon.colcon_core.package_identification:_identify(src/ROS-TCP-Endpoint-main-ros2) by extension 'colcon_meta'
[0.315s] Level 1:colcon.colcon_core.package_identification:_identify(src/ROS-TCP-Endpoint-main-ros2) by extensions ['ros']
[0.315s] Level 1:colcon.colcon_core.package_identification:_identify(src/ROS-TCP-Endpoint-main-ros2) by extension 'ros'
[0.317s] DEBUG:colcon.colcon_core.package_identification:Package 'src/ROS-TCP-Endpoint-main-ros2' with type 'ros.ament_python' and name 'ros_tcp_endpoint'
[0.317s] Level 1:colcon.colcon_core.package_identification:_identify(src/unity_robotics_demo) by extensions ['ignore', 'ignore_ament_install']
[0.317s] Level 1:colcon.colcon_core.package_identification:_identify(src/unity_robotics_demo) by extension 'ignore'
[0.317s] Level 1:colcon.colcon_core.package_identification:_identify(src/unity_robotics_demo) by extension 'ignore_ament_install'
[0.317s] Level 1:colcon.colcon_core.package_identification:_identify(src/unity_robotics_demo) by extensions ['colcon_pkg']
[0.317s] Level 1:colcon.colcon_core.package_identification:_identify(src/unity_robotics_demo) by extension 'colcon_pkg'
[0.317s] Level 1:colcon.colcon_core.package_identification:_identify(src/unity_robotics_demo) by extensions ['colcon_meta']
[0.317s] Level 1:colcon.colcon_core.package_identification:_identify(src/unity_robotics_demo) by extension 'colcon_meta'
[0.317s] Level 1:colcon.colcon_core.package_identification:_identify(src/unity_robotics_demo) by extensions ['ros']
[0.317s] Level 1:colcon.colcon_core.package_identification:_identify(src/unity_robotics_demo) by extension 'ros'
[0.318s] DEBUG:colcon.colcon_core.package_identification:Package 'src/unity_robotics_demo' with type 'ros.ament_python' and name 'unity_robotics_demo'
[0.318s] Level 1:colcon.colcon_core.package_identification:_identify(src/unity_robotics_demo_msgs) by extensions ['ignore', 'ignore_ament_install']
[0.318s] Level 1:colcon.colcon_core.package_identification:_identify(src/unity_robotics_demo_msgs) by extension 'ignore'
[0.318s] Level 1:colcon.colcon_core.package_identification:_identify(src/unity_robotics_demo_msgs) by extension 'ignore_ament_install'
[0.318s] Level 1:colcon.colcon_core.package_identification:_identify(src/unity_robotics_demo_msgs) by extensions ['colcon_pkg']
[0.318s] Level 1:colcon.colcon_core.package_identification:_identify(src/unity_robotics_demo_msgs) by extension 'colcon_pkg'
[0.318s] Level 1:colcon.colcon_core.package_identification:_identify(src/unity_robotics_demo_msgs) by extensions ['colcon_meta']
[0.318s] Level 1:colcon.colcon_core.package_identification:_identify(src/unity_robotics_demo_msgs) by extension 'colcon_meta'
[0.318s] Level 1:colcon.colcon_core.package_identification:_identify(src/unity_robotics_demo_msgs) by extensions ['ros']
[0.318s] Level 1:colcon.colcon_core.package_identification:_identify(src/unity_robotics_demo_msgs) by extension 'ros'
[0.319s] DEBUG:colcon.colcon_core.package_identification:Package 'src/unity_robotics_demo_msgs' with type 'ros.ament_cmake' and name 'unity_robotics_demo_msgs'
[0.319s] Level 1:colcon.colcon_core.package_discovery:discover_packages(recursive) using defaults
[0.319s] Level 1:colcon.colcon_core.package_discovery:discover_packages(ignore) discover
[0.319s] Level 1:colcon.colcon_core.package_discovery:discover_packages(ignore) using defaults
[0.319s] Level 1:colcon.colcon_core.package_discovery:discover_packages(path) discover
[0.319s] Level 1:colcon.colcon_core.package_discovery:discover_packages(path) using defaults
[0.339s] Level 1:colcon.colcon_core.package_discovery:discover_packages(prefix_path) check parameters
[0.339s] Level 1:colcon.colcon_core.package_discovery:discover_packages(prefix_path) discover
[0.342s] DEBUG:colcon.colcon_installed_package_information.package_discovery:Found 3 installed packages in /home/xrcdevelopment/IXR_ROS_Files/ros2_unity_ws1/install
[0.342s] DEBUG:colcon.colcon_installed_package_information.package_discovery:Found 3 installed packages in /home/xrcdevelopment/ros/ros2_unity_ws1/install
[0.344s] DEBUG:colcon.colcon_installed_package_information.package_discovery:Found 270 installed packages in /opt/ros/humble
[0.346s] Level 1:colcon.colcon_core.package_discovery:discover_packages(prefix_path) using defaults
[0.402s] Level 5:colcon.colcon_core.verb:set package 'ros_tcp_endpoint' build argument 'cmake_args' from command line to 'None'
[0.402s] Level 5:colcon.colcon_core.verb:set package 'ros_tcp_endpoint' build argument 'cmake_target' from command line to 'None'
[0.402s] Level 5:colcon.colcon_core.verb:set package 'ros_tcp_endpoint' build argument 'cmake_target_skip_unavailable' from command line to 'False'
[0.402s] Level 5:colcon.colcon_core.verb:set package 'ros_tcp_endpoint' build argument 'cmake_clean_cache' from command line to 'False'
[0.402s] Level 5:colcon.colcon_core.verb:set package 'ros_tcp_endpoint' build argument 'cmake_clean_first' from command line to 'False'
[0.402s] Level 5:colcon.colcon_core.verb:set package 'ros_tcp_endpoint' build argument 'cmake_force_configure' from command line to 'False'
[0.402s] Level 5:colcon.colcon_core.verb:set package 'ros_tcp_endpoint' build argument 'ament_cmake_args' from command line to 'None'
[0.402s] Level 5:colcon.colcon_core.verb:set package 'ros_tcp_endpoint' build argument 'catkin_cmake_args' from command line to 'None'
[0.402s] Level 5:colcon.colcon_core.verb:set package 'ros_tcp_endpoint' build argument 'catkin_skip_building_tests' from command line to 'False'
[0.402s] DEBUG:colcon.colcon_core.verb:Building package 'ros_tcp_endpoint' with the following arguments: {'ament_cmake_args': None, 'build_base': '/home/xrcdevelopment/IXR_ROS_Files/ros2_unity_ws1/build/ros_tcp_endpoint', 'catkin_cmake_args': None, 'catkin_skip_building_tests': False, 'cmake_args': None, 'cmake_clean_cache': False, 'cmake_clean_first': False, 'cmake_force_configure': False, 'cmake_target': None, 'cmake_target_skip_unavailable': False, 'install_base': '/home/xrcdevelopment/IXR_ROS_Files/ros2_unity_ws1/install/ros_tcp_endpoint', 'merge_install': False, 'path': '/home/xrcdevelopment/IXR_ROS_Files/ros2_unity_ws1/src/ROS-TCP-Endpoint-main-ros2', 'symlink_install': False, 'test_result_base': None}
[0.403s] Level 5:colcon.colcon_core.verb:set package 'unity_robotics_demo' build argument 'cmake_args' from command line to 'None'
[0.403s] Level 5:colcon.colcon_core.verb:set package 'unity_robotics_demo' build argument 'cmake_target' from command line to 'None'
[0.403s] Level 5:colcon.colcon_core.verb:set package 'unity_robotics_demo' build argument 'cmake_target_skip_unavailable' from command line to 'False'
[0.403s] Level 5:colcon.colcon_core.verb:set package 'unity_robotics_demo' build argument 'cmake_clean_cache' from command line to 'False'
[0.403s] Level 5:colcon.colcon_core.verb:set package 'unity_robotics_demo' build argument 'cmake_clean_first' from command line to 'False'
[0.403s] Level 5:colcon.colcon_core.verb:set package 'unity_robotics_demo' build argument 'cmake_force_configure' from command line to 'False'
[0.403s] Level 5:colcon.colcon_core.verb:set package 'unity_robotics_demo' build argument 'ament_cmake_args' from command line to 'None'
[0.403s] Level 5:colcon.colcon_core.verb:set package 'unity_robotics_demo' build argument 'catkin_cmake_args' from command line to 'None'
[0.403s] Level 5:colcon.colcon_core.verb:set package 'unity_robotics_demo' build argument 'catkin_skip_building_tests' from command line to 'False'
[0.403s] DEBUG:colcon.colcon_core.verb:Building package 'unity_robotics_demo' with the following arguments: {'ament_cmake_args': None, 'build_base': '/home/xrcdevelopment/IXR_ROS_Files/ros2_unity_ws1/build/unity_robotics_demo', 'catkin_cmake_args': None, 'catkin_skip_building_tests': False, 'cmake_args': None, 'cmake_clean_cache': False, 'cmake_clean_first': False, 'cmake_force_configure': False, 'cmake_target': None, 'cmake_target_skip_unavailable': False, 'install_base': '/home/xrcdevelopment/IXR_ROS_Files/ros2_unity_ws1/install/unity_robotics_demo', 'merge_install': False, 'path': '/home/xrcdevelopment/IXR_ROS_Files/ros2_unity_ws1/src/unity_robotics_demo', 'symlink_install': False, 'test_result_base': None}
[0.404s] Level 5:colcon.colcon_core.verb:set package 'unity_robotics_demo_msgs' build argument 'cmake_args' from command line to 'None'
[0.404s] Level 5:colcon.colcon_core.verb:set package 'unity_robotics_demo_msgs' build argument 'cmake_target' from command line to 'None'
[0.404s] Level 5:colcon.colcon_core.verb:set package 'unity_robotics_demo_msgs' build argument 'cmake_target_skip_unavailable' from command line to 'False'
[0.404s] Level 5:colcon.colcon_core.verb:set package 'unity_robotics_demo_msgs' build argument 'cmake_clean_cache' from command line to 'False'
[0.404s] Level 5:colcon.colcon_core.verb:set package 'unity_robotics_demo_msgs' build argument 'cmake_clean_first' from command line to 'False'
[0.404s] Level 5:colcon.colcon_core.verb:set package 'unity_robotics_demo_msgs' build argument 'cmake_force_configure' from command line to 'False'
[0.404s] Level 5:colcon.colcon_core.verb:set package 'unity_robotics_demo_msgs' build argument 'ament_cmake_args' from command line to 'None'
[0.404s] Level 5:colcon.colcon_core.verb:set package 'unity_robotics_demo_msgs' build argument 'catkin_cmake_args' from command line to 'None'
[0.404s] Level 5:colcon.colcon_core.verb:set package 'unity_robotics_demo_msgs' build argument 'catkin_skip_building_tests' from command line to 'False'
[0.404s] DEBUG:colcon.colcon_core.verb:Building package 'unity_robotics_demo_msgs' with the following arguments: {'ament_cmake_args': None, 'build_base': '/home/xrcdevelopment/IXR_ROS_Files/ros2_unity_ws1/build/unity_robotics_demo_msgs', 'catkin_cmake_args': None, 'catkin_skip_building_tests': False, 'cmake_args': None, 'cmake_clean_cache': False, 'cmake_clean_first': False, 'cmake_force_configure': False, 'cmake_target': None, 'cmake_target_skip_unavailable': False, 'install_base': '/home/xrcdevelopment/IXR_ROS_Files/ros2_unity_ws1/install/unity_robotics_demo_msgs', 'merge_install': False, 'path': '/home/xrcdevelopment/IXR_ROS_Files/ros2_unity_ws1/src/unity_robotics_demo_msgs', 'symlink_install': False, 'test_result_base': None}
[0.405s] INFO:colcon.colcon_core.executor:Executing jobs using 'parallel' executor
[0.407s] DEBUG:colcon.colcon_parallel_executor.executor.parallel:run_until_complete
[0.408s] INFO:colcon.colcon_ros.task.ament_python.build:Building ROS package in '/home/xrcdevelopment/IXR_ROS_Files/ros2_unity_ws1/src/ROS-TCP-Endpoint-main-ros2' with build type 'ament_python'
[0.408s] Level 1:colcon.colcon_core.shell:create_environment_hook('ros_tcp_endpoint', 'ament_prefix_path')
[0.412s] INFO:colcon.colcon_core.plugin_system:Skipping extension 'colcon_core.shell.bat': Not used on non-Windows systems
[0.412s] INFO:colcon.colcon_core.shell:Creating environment hook '/home/xrcdevelopment/IXR_ROS_Files/ros2_unity_ws1/install/ros_tcp_endpoint/share/ros_tcp_endpoint/hook/ament_prefix_path.ps1'
[0.412s] INFO:colcon.colcon_core.shell:Creating environment descriptor '/home/xrcdevelopment/IXR_ROS_Files/ros2_unity_ws1/install/ros_tcp_endpoint/share/ros_tcp_endpoint/hook/ament_prefix_path.dsv'
[0.413s] INFO:colcon.colcon_core.shell:Creating environment hook '/home/xrcdevelopment/IXR_ROS_Files/ros2_unity_ws1/install/ros_tcp_endpoint/share/ros_tcp_endpoint/hook/ament_prefix_path.sh'
[0.414s] INFO:colcon.colcon_core.shell:Skip shell extension 'powershell' for command environment: Not usable outside of PowerShell
[0.414s] DEBUG:colcon.colcon_core.shell:Skip shell extension 'dsv' for command environment
[0.419s] INFO:colcon.colcon_ros.task.ament_python.build:Building ROS package in '/home/xrcdevelopment/IXR_ROS_Files/ros2_unity_ws1/src/unity_robotics_demo' with build type 'ament_python'
[0.419s] Level 1:colcon.colcon_core.shell:create_environment_hook('unity_robotics_demo', 'ament_prefix_path')
[0.421s] INFO:colcon.colcon_core.shell:Creating environment hook '/home/xrcdevelopment/IXR_ROS_Files/ros2_unity_ws1/install/unity_robotics_demo/share/unity_robotics_demo/hook/ament_prefix_path.ps1'
[0.421s] INFO:colcon.colcon_core.shell:Creating environment descriptor '/home/xrcdevelopment/IXR_ROS_Files/ros2_unity_ws1/install/unity_robotics_demo/share/unity_robotics_demo/hook/ament_prefix_path.dsv'
[0.422s] INFO:colcon.colcon_core.shell:Creating environment hook '/home/xrcdevelopment/IXR_ROS_Files/ros2_unity_ws1/install/unity_robotics_demo/share/unity_robotics_demo/hook/ament_prefix_path.sh'
[0.423s] INFO:colcon.colcon_core.shell:Skip shell extension 'powershell' for command environment: Not usable outside of PowerShell
[0.423s] DEBUG:colcon.colcon_core.shell:Skip shell extension 'dsv' for command environment
[0.427s] INFO:colcon.colcon_ros.task.ament_cmake.build:Building ROS package in '/home/xrcdevelopment/IXR_ROS_Files/ros2_unity_ws1/src/unity_robotics_demo_msgs' with build type 'ament_cmake'
[0.427s] INFO:colcon.colcon_cmake.task.cmake.build:Building CMake package in '/home/xrcdevelopment/IXR_ROS_Files/ros2_unity_ws1/src/unity_robotics_demo_msgs'
[0.428s] INFO:colcon.colcon_core.shell:Skip shell extension 'powershell' for command environment: Not usable outside of PowerShell
[0.428s] DEBUG:colcon.colcon_core.shell:Skip shell extension 'dsv' for command environment
[0.659s] INFO:colcon.colcon_core.task.python.build:Building Python package in '/home/xrcdevelopment/IXR_ROS_Files/ros2_unity_ws1/src/ROS-TCP-Endpoint-main-ros2'
[0.660s] INFO:colcon.colcon_core.shell:Skip shell extension 'powershell' for command environment: Not usable outside of PowerShell
[0.660s] DEBUG:colcon.colcon_core.shell:Skip shell extension 'dsv' for command environment
[0.891s] INFO:colcon.colcon_core.task.python.build:Building Python package in '/home/xrcdevelopment/IXR_ROS_Files/ros2_unity_ws1/src/unity_robotics_demo'
[0.893s] INFO:colcon.colcon_core.shell:Skip shell extension 'powershell' for command environment: Not usable outside of PowerShell
[0.893s] DEBUG:colcon.colcon_core.shell:Skip shell extension 'dsv' for command environment
[0.901s] DEBUG:colcon.colcon_core.event_handler.log_command:Invoking command in '/home/xrcdevelopment/IXR_ROS_Files/ros2_unity_ws1/build/unity_robotics_demo_msgs': CMAKE_PREFIX_PATH=${CMAKE_PREFIX_PATH}:/home/xrcdevelopment/IXR_ROS_Files/ros2_unity_ws1/install/unity_robotics_demo:/home/xrcdevelopment/IXR_ROS_Files/ros2_unity_ws1/install/ros_tcp_endpoint:/home/xrcdevelopment/ros/ros2_unity_ws1/install/unity_robotics_demo:/home/xrcdevelopment/ros/ros2_unity_ws1/install/ros_tcp_endpoint:/opt/ros/humble /usr/bin/cmake --build /home/xrcdevelopment/IXR_ROS_Files/ros2_unity_ws1/build/unity_robotics_demo_msgs -- -j8 -l8
[1.245s] DEBUG:colcon.colcon_core.event_handler.log_command:Invoking command in '/home/xrcdevelopment/IXR_ROS_Files/ros2_unity_ws1/src/ROS-TCP-Endpoint-main-ros2': PYTHONPATH=/home/xrcdevelopment/IXR_ROS_Files/ros2_unity_ws1/build/ros_tcp_endpoint/prefix_override:/home/xrcdevelopment/IXR_ROS_Files/ros2_unity_ws1/install/ros_tcp_endpoint/lib/python3.10/site-packages:${PYTHONPATH} /usr/bin/python3 setup.py egg_info --egg-base ../../build/ros_tcp_endpoint build --build-base /home/xrcdevelopment/IXR_ROS_Files/ros2_unity_ws1/build/ros_tcp_endpoint/build install --record /home/xrcdevelopment/IXR_ROS_Files/ros2_unity_ws1/build/ros_tcp_endpoint/install.log --install-scripts $base/lib/ros_tcp_endpoint --single-version-externally-managed
[1.258s] DEBUG:colcon.colcon_core.event_handler.log_command:Invoking command in '/home/xrcdevelopment/IXR_ROS_Files/ros2_unity_ws1/src/unity_robotics_demo': PYTHONPATH=/home/xrcdevelopment/IXR_ROS_Files/ros2_unity_ws1/build/unity_robotics_demo/prefix_override:/home/xrcdevelopment/IXR_ROS_Files/ros2_unity_ws1/install/unity_robotics_demo/lib/python3.10/site-packages:${PYTHONPATH} /usr/bin/python3 setup.py egg_info --egg-base ../../build/unity_robotics_demo build --build-base /home/xrcdevelopment/IXR_ROS_Files/ros2_unity_ws1/build/unity_robotics_demo/build install --record /home/xrcdevelopment/IXR_ROS_Files/ros2_unity_ws1/build/unity_robotics_demo/install.log --install-scripts $base/lib/unity_robotics_demo --single-version-externally-managed
[1.283s] DEBUG:colcon.colcon_core.event_handler.log_command:Invoked command in '/home/xrcdevelopment/IXR_ROS_Files/ros2_unity_ws1/build/unity_robotics_demo_msgs' returned '0': CMAKE_PREFIX_PATH=${CMAKE_PREFIX_PATH}:/home/xrcdevelopment/IXR_ROS_Files/ros2_unity_ws1/install/unity_robotics_demo:/home/xrcdevelopment/IXR_ROS_Files/ros2_unity_ws1/install/ros_tcp_endpoint:/home/xrcdevelopment/ros/ros2_unity_ws1/install/unity_robotics_demo:/home/xrcdevelopment/ros/ros2_unity_ws1/install/ros_tcp_endpoint:/opt/ros/humble /usr/bin/cmake --build /home/xrcdevelopment/IXR_ROS_Files/ros2_unity_ws1/build/unity_robotics_demo_msgs -- -j8 -l8
[1.408s] DEBUG:colcon.colcon_core.event_handler.log_command:Invoking command in '/home/xrcdevelopment/IXR_ROS_Files/ros2_unity_ws1/build/unity_robotics_demo_msgs': CMAKE_PREFIX_PATH=${CMAKE_PREFIX_PATH}:/home/xrcdevelopment/IXR_ROS_Files/ros2_unity_ws1/install/unity_robotics_demo:/home/xrcdevelopment/IXR_ROS_Files/ros2_unity_ws1/install/ros_tcp_endpoint:/home/xrcdevelopment/ros/ros2_unity_ws1/install/unity_robotics_demo:/home/xrcdevelopment/ros/ros2_unity_ws1/install/ros_tcp_endpoint:/opt/ros/humble /usr/bin/cmake --install /home/xrcdevelopment/IXR_ROS_Files/ros2_unity_ws1/build/unity_robotics_demo_msgs
[1.469s] Level 1:colcon.colcon_core.environment:create_environment_scripts_only(unity_robotics_demo_msgs)
[1.473s] DEBUG:colcon.colcon_core.event_handler.log_command:Invoked command in '/home/xrcdevelopment/IXR_ROS_Files/ros2_unity_ws1/build/unity_robotics_demo_msgs' returned '0': CMAKE_PREFIX_PATH=${CMAKE_PREFIX_PATH}:/home/xrcdevelopment/IXR_ROS_Files/ros2_unity_ws1/install/unity_robotics_demo:/home/xrcdevelopment/IXR_ROS_Files/ros2_unity_ws1/install/ros_tcp_endpoint:/home/xrcdevelopment/ros/ros2_unity_ws1/install/unity_robotics_demo:/home/xrcdevelopment/ros/ros2_unity_ws1/install/ros_tcp_endpoint:/opt/ros/humble /usr/bin/cmake --install /home/xrcdevelopment/IXR_ROS_Files/ros2_unity_ws1/build/unity_robotics_demo_msgs
[1.477s] Level 1:colcon.colcon_core.environment:checking '/home/xrcdevelopment/IXR_ROS_Files/ros2_unity_ws1/install/unity_robotics_demo_msgs' for CMake module files
[1.478s] Level 1:colcon.colcon_core.environment:checking '/home/xrcdevelopment/IXR_ROS_Files/ros2_unity_ws1/install/unity_robotics_demo_msgs' for CMake config files
[1.479s] Level 1:colcon.colcon_core.shell:create_environment_hook('unity_robotics_demo_msgs', 'cmake_prefix_path')
[1.481s] INFO:colcon.colcon_core.shell:Creating environment hook '/home/xrcdevelopment/IXR_ROS_Files/ros2_unity_ws1/install/unity_robotics_demo_msgs/share/unity_robotics_demo_msgs/hook/cmake_prefix_path.ps1'
[1.482s] INFO:colcon.colcon_core.shell:Creating environment descriptor '/home/xrcdevelopment/IXR_ROS_Files/ros2_unity_ws1/install/unity_robotics_demo_msgs/share/unity_robotics_demo_msgs/hook/cmake_prefix_path.dsv'
[1.482s] INFO:colcon.colcon_core.shell:Creating environment hook '/home/xrcdevelopment/IXR_ROS_Files/ros2_unity_ws1/install/unity_robotics_demo_msgs/share/unity_robotics_demo_msgs/hook/cmake_prefix_path.sh'
[1.483s] Level 1:colcon.colcon_core.environment:checking '/home/xrcdevelopment/IXR_ROS_Files/ros2_unity_ws1/install/unity_robotics_demo_msgs/lib'
[1.483s] Level 1:colcon.colcon_core.shell:create_environment_hook('unity_robotics_demo_msgs', 'ld_library_path_lib')
[1.485s] INFO:colcon.colcon_core.shell:Creating environment hook '/home/xrcdevelopment/IXR_ROS_Files/ros2_unity_ws1/install/unity_robotics_demo_msgs/share/unity_robotics_demo_msgs/hook/ld_library_path_lib.ps1'
[1.486s] INFO:colcon.colcon_core.shell:Creating environment descriptor '/home/xrcdevelopment/IXR_ROS_Files/ros2_unity_ws1/install/unity_robotics_demo_msgs/share/unity_robotics_demo_msgs/hook/ld_library_path_lib.dsv'
[1.486s] INFO:colcon.colcon_core.shell:Creating environment hook '/home/xrcdevelopment/IXR_ROS_Files/ros2_unity_ws1/install/unity_robotics_demo_msgs/share/unity_robotics_demo_msgs/hook/ld_library_path_lib.sh'
[1.486s] Level 1:colcon.colcon_core.environment:checking '/home/xrcdevelopment/IXR_ROS_Files/ros2_unity_ws1/install/unity_robotics_demo_msgs/bin'
[1.487s] Level 1:colcon.colcon_core.environment:checking '/home/xrcdevelopment/IXR_ROS_Files/ros2_unity_ws1/install/unity_robotics_demo_msgs/lib/pkgconfig/unity_robotics_demo_msgs.pc'
[1.487s] Level 1:colcon.colcon_core.environment:checking '/home/xrcdevelopment/IXR_ROS_Files/ros2_unity_ws1/install/unity_robotics_demo_msgs/lib/python3.10/site-packages'
[1.487s] Level 1:colcon.colcon_core.environment:checking '/home/xrcdevelopment/IXR_ROS_Files/ros2_unity_ws1/install/unity_robotics_demo_msgs/bin'
[1.489s] INFO:colcon.colcon_core.shell:Creating package script '/home/xrcdevelopment/IXR_ROS_Files/ros2_unity_ws1/install/unity_robotics_demo_msgs/share/unity_robotics_demo_msgs/package.ps1'
[1.491s] INFO:colcon.colcon_core.shell:Creating package descriptor '/home/xrcdevelopment/IXR_ROS_Files/ros2_unity_ws1/install/unity_robotics_demo_msgs/share/unity_robotics_demo_msgs/package.dsv'
[1.492s] INFO:colcon.colcon_core.shell:Creating package script '/home/xrcdevelopment/IXR_ROS_Files/ros2_unity_ws1/install/unity_robotics_demo_msgs/share/unity_robotics_demo_msgs/package.sh'
[1.493s] INFO:colcon.colcon_core.shell:Creating package script '/home/xrcdevelopment/IXR_ROS_Files/ros2_unity_ws1/install/unity_robotics_demo_msgs/share/unity_robotics_demo_msgs/package.bash'
[1.494s] INFO:colcon.colcon_core.shell:Creating package script '/home/xrcdevelopment/IXR_ROS_Files/ros2_unity_ws1/install/unity_robotics_demo_msgs/share/unity_robotics_demo_msgs/package.zsh'
[1.495s] Level 1:colcon.colcon_core.environment:create_file_with_runtime_dependencies(/home/xrcdevelopment/IXR_ROS_Files/ros2_unity_ws1/install/unity_robotics_demo_msgs/share/colcon-core/packages/unity_robotics_demo_msgs)
[1.566s] Level 1:colcon.colcon_core.environment:checking '/home/xrcdevelopment/IXR_ROS_Files/ros2_unity_ws1/install/unity_robotics_demo' for CMake module files
[1.567s] DEBUG:colcon.colcon_core.event_handler.log_command:Invoked command in '/home/xrcdevelopment/IXR_ROS_Files/ros2_unity_ws1/src/unity_robotics_demo' returned '0': PYTHONPATH=/home/xrcdevelopment/IXR_ROS_Files/ros2_unity_ws1/build/unity_robotics_demo/prefix_override:/home/xrcdevelopment/IXR_ROS_Files/ros2_unity_ws1/install/unity_robotics_demo/lib/python3.10/site-packages:${PYTHONPATH} /usr/bin/python3 setup.py egg_info --egg-base ../../build/unity_robotics_demo build --build-base /home/xrcdevelopment/IXR_ROS_Files/ros2_unity_ws1/build/unity_robotics_demo/build install --record /home/xrcdevelopment/IXR_ROS_Files/ros2_unity_ws1/build/unity_robotics_demo/install.log --install-scripts $base/lib/unity_robotics_demo --single-version-externally-managed
[1.567s] Level 1:colcon.colcon_core.environment:checking '/home/xrcdevelopment/IXR_ROS_Files/ros2_unity_ws1/install/unity_robotics_demo' for CMake config files
[1.568s] Level 1:colcon.colcon_core.environment:checking '/home/xrcdevelopment/IXR_ROS_Files/ros2_unity_ws1/install/unity_robotics_demo/lib'
[1.568s] Level 1:colcon.colcon_core.environment:checking '/home/xrcdevelopment/IXR_ROS_Files/ros2_unity_ws1/install/unity_robotics_demo/bin'
[1.568s] Level 1:colcon.colcon_core.environment:checking '/home/xrcdevelopment/IXR_ROS_Files/ros2_unity_ws1/install/unity_robotics_demo/lib/pkgconfig/unity_robotics_demo.pc'
[1.568s] Level 1:colcon.colcon_core.environment:checking '/home/xrcdevelopment/IXR_ROS_Files/ros2_unity_ws1/install/unity_robotics_demo/lib/python3.10/site-packages'
[1.568s] Level 1:colcon.colcon_core.shell:create_environment_hook('unity_robotics_demo', 'pythonpath')
[1.569s] INFO:colcon.colcon_core.shell:Creating environment hook '/home/xrcdevelopment/IXR_ROS_Files/ros2_unity_ws1/install/unity_robotics_demo/share/unity_robotics_demo/hook/pythonpath.ps1'
[1.570s] INFO:colcon.colcon_core.shell:Creating environment descriptor '/home/xrcdevelopment/IXR_ROS_Files/ros2_unity_ws1/install/unity_robotics_demo/share/unity_robotics_demo/hook/pythonpath.dsv'
[1.570s] INFO:colcon.colcon_core.shell:Creating environment hook '/home/xrcdevelopment/IXR_ROS_Files/ros2_unity_ws1/install/unity_robotics_demo/share/unity_robotics_demo/hook/pythonpath.sh'
[1.570s] Level 1:colcon.colcon_core.environment:checking '/home/xrcdevelopment/IXR_ROS_Files/ros2_unity_ws1/install/unity_robotics_demo/bin'
[1.571s] Level 1:colcon.colcon_core.environment:create_environment_scripts_only(unity_robotics_demo)
[1.572s] INFO:colcon.colcon_core.shell:Creating package script '/home/xrcdevelopment/IXR_ROS_Files/ros2_unity_ws1/install/unity_robotics_demo/share/unity_robotics_demo/package.ps1'
[1.572s] INFO:colcon.colcon_core.shell:Creating package descriptor '/home/xrcdevelopment/IXR_ROS_Files/ros2_unity_ws1/install/unity_robotics_demo/share/unity_robotics_demo/package.dsv'
[1.572s] INFO:colcon.colcon_core.shell:Creating package script '/home/xrcdevelopment/IXR_ROS_Files/ros2_unity_ws1/install/unity_robotics_demo/share/unity_robotics_demo/package.sh'
[1.573s] INFO:colcon.colcon_core.shell:Creating package script '/home/xrcdevelopment/IXR_ROS_Files/ros2_unity_ws1/install/unity_robotics_demo/share/unity_robotics_demo/package.bash'
[1.573s] INFO:colcon.colcon_core.shell:Creating package script '/home/xrcdevelopment/IXR_ROS_Files/ros2_unity_ws1/install/unity_robotics_demo/share/unity_robotics_demo/package.zsh'
[1.573s] Level 1:colcon.colcon_core.environment:create_file_with_runtime_dependencies(/home/xrcdevelopment/IXR_ROS_Files/ros2_unity_ws1/install/unity_robotics_demo/share/colcon-core/packages/unity_robotics_demo)
[1.577s] Level 1:colcon.colcon_core.environment:checking '/home/xrcdevelopment/IXR_ROS_Files/ros2_unity_ws1/install/ros_tcp_endpoint' for CMake module files
[1.578s] DEBUG:colcon.colcon_core.event_handler.log_command:Invoked command in '/home/xrcdevelopment/IXR_ROS_Files/ros2_unity_ws1/src/ROS-TCP-Endpoint-main-ros2' returned '0': PYTHONPATH=/home/xrcdevelopment/IXR_ROS_Files/ros2_unity_ws1/build/ros_tcp_endpoint/prefix_override:/home/xrcdevelopment/IXR_ROS_Files/ros2_unity_ws1/install/ros_tcp_endpoint/lib/python3.10/site-packages:${PYTHONPATH} /usr/bin/python3 setup.py egg_info --egg-base ../../build/ros_tcp_endpoint build --build-base /home/xrcdevelopment/IXR_ROS_Files/ros2_unity_ws1/build/ros_tcp_endpoint/build install --record /home/xrcdevelopment/IXR_ROS_Files/ros2_unity_ws1/build/ros_tcp_endpoint/install.log --install-scripts $base/lib/ros_tcp_endpoint --single-version-externally-managed
[1.578s] Level 1:colcon.colcon_core.environment:checking '/home/xrcdevelopment/IXR_ROS_Files/ros2_unity_ws1/install/ros_tcp_endpoint' for CMake config files
[1.579s] Level 1:colcon.colcon_core.environment:checking '/home/xrcdevelopment/IXR_ROS_Files/ros2_unity_ws1/install/ros_tcp_endpoint/lib'
[1.579s] Level 1:colcon.colcon_core.environment:checking '/home/xrcdevelopment/IXR_ROS_Files/ros2_unity_ws1/install/ros_tcp_endpoint/bin'
[1.579s] Level 1:colcon.colcon_core.environment:checking '/home/xrcdevelopment/IXR_ROS_Files/ros2_unity_ws1/install/ros_tcp_endpoint/lib/pkgconfig/ros_tcp_endpoint.pc'
[1.579s] Level 1:colcon.colcon_core.environment:checking '/home/xrcdevelopment/IXR_ROS_Files/ros2_unity_ws1/install/ros_tcp_endpoint/lib/python3.10/site-packages'
[1.579s] Level 1:colcon.colcon_core.shell:create_environment_hook('ros_tcp_endpoint', 'pythonpath')
[1.581s] INFO:colcon.colcon_core.shell:Creating environment hook '/home/xrcdevelopment/IXR_ROS_Files/ros2_unity_ws1/install/ros_tcp_endpoint/share/ros_tcp_endpoint/hook/pythonpath.ps1'
[1.581s] INFO:colcon.colcon_core.shell:Creating environment descriptor '/home/xrcdevelopment/IXR_ROS_Files/ros2_unity_ws1/install/ros_tcp_endpoint/share/ros_tcp_endpoint/hook/pythonpath.dsv'
[1.581s] INFO:colcon.colcon_core.shell:Creating environment hook '/home/xrcdevelopment/IXR_ROS_Files/ros2_unity_ws1/install/ros_tcp_endpoint/share/ros_tcp_endpoint/hook/pythonpath.sh'
[1.582s] Level 1:colcon.colcon_core.environment:checking '/home/xrcdevelopment/IXR_ROS_Files/ros2_unity_ws1/install/ros_tcp_endpoint/bin'
[1.582s] Level 1:colcon.colcon_core.environment:create_environment_scripts_only(ros_tcp_endpoint)
[1.583s] INFO:colcon.colcon_core.shell:Creating package script '/home/xrcdevelopment/IXR_ROS_Files/ros2_unity_ws1/install/ros_tcp_endpoint/share/ros_tcp_endpoint/package.ps1'
[1.584s] INFO:colcon.colcon_core.shell:Creating package descriptor '/home/xrcdevelopment/IXR_ROS_Files/ros2_unity_ws1/install/ros_tcp_endpoint/share/ros_tcp_endpoint/package.dsv'
[1.584s] INFO:colcon.colcon_core.shell:Creating package script '/home/xrcdevelopment/IXR_ROS_Files/ros2_unity_ws1/install/ros_tcp_endpoint/share/ros_tcp_endpoint/package.sh'
[1.584s] INFO:colcon.colcon_core.shell:Creating package script '/home/xrcdevelopment/IXR_ROS_Files/ros2_unity_ws1/install/ros_tcp_endpoint/share/ros_tcp_endpoint/package.bash'
[1.585s] INFO:colcon.colcon_core.shell:Creating package script '/home/xrcdevelopment/IXR_ROS_Files/ros2_unity_ws1/install/ros_tcp_endpoint/share/ros_tcp_endpoint/package.zsh'
[1.585s] Level 1:colcon.colcon_core.environment:create_file_with_runtime_dependencies(/home/xrcdevelopment/IXR_ROS_Files/ros2_unity_ws1/install/ros_tcp_endpoint/share/colcon-core/packages/ros_tcp_endpoint)
[1.618s] Level 1:colcon.colcon_core.environment:create_environment_scripts_only(unity_robotics_demo_msgs)
[1.620s] Level 1:colcon.colcon_core.environment:checking '/home/xrcdevelopment/IXR_ROS_Files/ros2_unity_ws1/install/unity_robotics_demo_msgs' for CMake module files
[1.621s] Level 1:colcon.colcon_core.environment:checking '/home/xrcdevelopment/IXR_ROS_Files/ros2_unity_ws1/install/unity_robotics_demo_msgs' for CMake config files
[1.622s] Level 1:colcon.colcon_core.shell:create_environment_hook('unity_robotics_demo_msgs', 'cmake_prefix_path')
[1.623s] INFO:colcon.colcon_core.shell:Creating environment hook '/home/xrcdevelopment/IXR_ROS_Files/ros2_unity_ws1/install/unity_robotics_demo_msgs/share/unity_robotics_demo_msgs/hook/cmake_prefix_path.ps1'
[1.623s] INFO:colcon.colcon_core.shell:Creating environment descriptor '/home/xrcdevelopment/IXR_ROS_Files/ros2_unity_ws1/install/unity_robotics_demo_msgs/share/unity_robotics_demo_msgs/hook/cmake_prefix_path.dsv'
[1.623s] INFO:colcon.colcon_core.shell:Creating environment hook '/home/xrcdevelopment/IXR_ROS_Files/ros2_unity_ws1/install/unity_robotics_demo_msgs/share/unity_robotics_demo_msgs/hook/cmake_prefix_path.sh'
[1.624s] Level 1:colcon.colcon_core.environment:checking '/home/xrcdevelopment/IXR_ROS_Files/ros2_unity_ws1/install/unity_robotics_demo_msgs/lib'
[1.624s] Level 1:colcon.colcon_core.shell:create_environment_hook('unity_robotics_demo_msgs', 'ld_library_path_lib')
[1.625s] INFO:colcon.colcon_core.shell:Creating environment hook '/home/xrcdevelopment/IXR_ROS_Files/ros2_unity_ws1/install/unity_robotics_demo_msgs/share/unity_robotics_demo_msgs/hook/ld_library_path_lib.ps1'
[1.625s] INFO:colcon.colcon_core.shell:Creating environment descriptor '/home/xrcdevelopment/IXR_ROS_Files/ros2_unity_ws1/install/unity_robotics_demo_msgs/share/unity_robotics_demo_msgs/hook/ld_library_path_lib.dsv'
[1.625s] INFO:colcon.colcon_core.shell:Creating environment hook '/home/xrcdevelopment/IXR_ROS_Files/ros2_unity_ws1/install/unity_robotics_demo_msgs/share/unity_robotics_demo_msgs/hook/ld_library_path_lib.sh'
[1.626s] Level 1:colcon.colcon_core.environment:checking '/home/xrcdevelopment/IXR_ROS_Files/ros2_unity_ws1/install/unity_robotics_demo_msgs/bin'
[1.626s] Level 1:colcon.colcon_core.environment:checking '/home/xrcdevelopment/IXR_ROS_Files/ros2_unity_ws1/install/unity_robotics_demo_msgs/lib/pkgconfig/unity_robotics_demo_msgs.pc'
[1.626s] Level 1:colcon.colcon_core.environment:checking '/home/xrcdevelopment/IXR_ROS_Files/ros2_unity_ws1/install/unity_robotics_demo_msgs/lib/python3.10/site-packages'
[1.626s] Level 1:colcon.colcon_core.environment:checking '/home/xrcdevelopment/IXR_ROS_Files/ros2_unity_ws1/install/unity_robotics_demo_msgs/bin'
[1.627s] INFO:colcon.colcon_core.shell:Creating package script '/home/xrcdevelopment/IXR_ROS_Files/ros2_unity_ws1/install/unity_robotics_demo_msgs/share/unity_robotics_demo_msgs/package.ps1'
[1.628s] INFO:colcon.colcon_core.shell:Creating package descriptor '/home/xrcdevelopment/IXR_ROS_Files/ros2_unity_ws1/install/unity_robotics_demo_msgs/share/unity_robotics_demo_msgs/package.dsv'
[1.628s] INFO:colcon.colcon_core.shell:Creating package script '/home/xrcdevelopment/IXR_ROS_Files/ros2_unity_ws1/install/unity_robotics_demo_msgs/share/unity_robotics_demo_msgs/package.sh'
[1.628s] INFO:colcon.colcon_core.shell:Creating package script '/home/xrcdevelopment/IXR_ROS_Files/ros2_unity_ws1/install/unity_robotics_demo_msgs/share/unity_robotics_demo_msgs/package.bash'
[1.629s] INFO:colcon.colcon_core.shell:Creating package script '/home/xrcdevelopment/IXR_ROS_Files/ros2_unity_ws1/install/unity_robotics_demo_msgs/share/unity_robotics_demo_msgs/package.zsh'
[1.629s] Level 1:colcon.colcon_core.environment:create_file_with_runtime_dependencies(/home/xrcdevelopment/IXR_ROS_Files/ros2_unity_ws1/install/unity_robotics_demo_msgs/share/colcon-core/packages/unity_robotics_demo_msgs)
[1.629s] DEBUG:colcon.colcon_parallel_executor.executor.parallel:closing loop
[1.629s] DEBUG:colcon.colcon_parallel_executor.executor.parallel:loop closed
[1.630s] DEBUG:colcon.colcon_parallel_executor.executor.parallel:run_until_complete finished with '0'
[1.630s] DEBUG:colcon.colcon_core.event_reactor:joining thread
[1.636s] INFO:colcon.colcon_core.plugin_system:Skipping extension 'colcon_notification.desktop_notification.terminal_notifier': Not used on non-Darwin systems
[1.636s] INFO:colcon.colcon_core.plugin_system:Skipping extension 'colcon_notification.desktop_notification.win32': Not used on non-Windows systems
[1.636s] INFO:colcon.colcon_notification.desktop_notification:Sending desktop notification using 'notify2'
[1.645s] DEBUG:colcon.colcon_core.event_reactor:joined thread
[1.647s] INFO:colcon.colcon_core.shell:Creating prefix script '/home/xrcdevelopment/IXR_ROS_Files/ros2_unity_ws1/install/local_setup.ps1'
[1.647s] INFO:colcon.colcon_core.shell:Creating prefix util module '/home/xrcdevelopment/IXR_ROS_Files/ros2_unity_ws1/install/_local_setup_util_ps1.py'
[1.648s] INFO:colcon.colcon_core.shell:Creating prefix chain script '/home/xrcdevelopment/IXR_ROS_Files/ros2_unity_ws1/install/setup.ps1'
[1.650s] INFO:colcon.colcon_core.shell:Creating prefix script '/home/xrcdevelopment/IXR_ROS_Files/ros2_unity_ws1/install/local_setup.sh'
[1.650s] INFO:colcon.colcon_core.shell:Creating prefix util module '/home/xrcdevelopment/IXR_ROS_Files/ros2_unity_ws1/install/_local_setup_util_sh.py'
[1.651s] INFO:colcon.colcon_core.shell:Creating prefix chain script '/home/xrcdevelopment/IXR_ROS_Files/ros2_unity_ws1/install/setup.sh'
[1.652s] INFO:colcon.colcon_core.shell:Creating prefix script '/home/xrcdevelopment/IXR_ROS_Files/ros2_unity_ws1/install/local_setup.bash'
[1.652s] INFO:colcon.colcon_core.shell:Creating prefix chain script '/home/xrcdevelopment/IXR_ROS_Files/ros2_unity_ws1/install/setup.bash'
[1.654s] INFO:colcon.colcon_core.shell:Creating prefix script '/home/xrcdevelopment/IXR_ROS_Files/ros2_unity_ws1/install/local_setup.zsh'
[1.654s] INFO:colcon.colcon_core.shell:Creating prefix chain script '/home/xrcdevelopment/IXR_ROS_Files/ros2_unity_ws1/install/setup.zsh'
