[0.011s] Invoking command in '/home/xrcdevelopment/IXR_ROS_Files/ros2_unity_ws1/build/dynamixel_sdk_examples': AMENT_PREFIX_PATH=/home/xrcdevelopment/IXR_ROS_Files/ros2_unity_ws1/install/dynamixel_sdk_custom_interfaces:/home/xrcdevelopment/IXR_ROS_Files/ros2_unity_ws1/install/dynamixel_sdk:${AMENT_PREFIX_PATH} CMAKE_PREFIX_PATH=/home/xrcdevelopment/IXR_ROS_Files/ros2_unity_ws1/install/dynamixel_sdk_custom_interfaces:/home/xrcdevelopment/IXR_ROS_Files/ros2_unity_ws1/install/dynamixel_sdk:/home/xrcdevelopment/ros/ros2_unity_ws1/install/unity_robotics_demo_msgs:/home/xrcdevelopment/ros/ros2_unity_ws1/install/unity_robotics_demo:/home/xrcdevelopment/ros/ros2_unity_ws1/install/ros_tcp_endpoint:/opt/ros/humble LD_LIBRARY_PATH=/home/xrcdevelopment/IXR_ROS_Files/ros2_unity_ws1/install/dynamixel_sdk_custom_interfaces/lib:/home/xrcdevelopment/IXR_ROS_Files/ros2_unity_ws1/install/dynamixel_sdk/lib:${LD_LIBRARY_PATH} PYTHONPATH=/home/xrcdevelopment/IXR_ROS_Files/ros2_unity_ws1/install/dynamixel_sdk_custom_interfaces/local/lib/python3.10/dist-packages:${PYTHONPATH} /usr/bin/cmake /home/xrcdevelopment/IXR_ROS_Files/ros2_unity_ws1/src/DynamixelSDK/dynamixel_sdk_examples -DCMAKE_INSTALL_PREFIX=/home/xrcdevelopment/IXR_ROS_Files/ros2_unity_ws1/install/dynamixel_sdk_examples
[0.061s] -- The C compiler identification is GNU 11.3.0
[0.113s] -- The CXX compiler identification is GNU 11.3.0
[0.120s] -- Detecting C compiler ABI info
[0.184s] -- Detecting C compiler ABI info - done
[0.191s] -- Check for working C compiler: /usr/bin/cc - skipped
[0.191s] -- Detecting C compile features
[0.191s] -- Detecting C compile features - done
[0.194s] -- Detecting CXX compiler ABI info
[0.273s] -- Detecting CXX compiler ABI info - done
[0.281s] -- Check for working CXX compiler: /usr/bin/c++ - skipped
[0.281s] -- Detecting CXX compile features
[0.282s] -- Detecting CXX compile features - done
[0.285s] -- Found ament_cmake: 1.3.3 (/opt/ros/humble/share/ament_cmake/cmake)
[0.449s] -- Found Python3: /usr/bin/python3.10 (found version "3.10.6") found components: Interpreter 
[0.533s] -- Found dynamixel_sdk: 3.7.60 (/home/xrcdevelopment/IXR_ROS_Files/ros2_unity_ws1/install/dynamixel_sdk/share/dynamixel_sdk/cmake)
[0.534s] -- Found dynamixel_sdk_custom_interfaces: 3.7.60 (/home/xrcdevelopment/IXR_ROS_Files/ros2_unity_ws1/install/dynamixel_sdk_custom_interfaces/share/dynamixel_sdk_custom_interfaces/cmake)
[0.570s] -- Found rosidl_generator_c: 3.1.4 (/opt/ros/humble/share/rosidl_generator_c/cmake)
[0.575s] -- Found rosidl_adapter: 3.1.4 (/opt/ros/humble/share/rosidl_adapter/cmake)
[0.584s] -- Found rosidl_generator_cpp: 3.1.4 (/opt/ros/humble/share/rosidl_generator_cpp/cmake)
[0.597s] -- Using all available rosidl_typesupport_c: rosidl_typesupport_fastrtps_c;rosidl_typesupport_introspection_c
[0.617s] -- Using all available rosidl_typesupport_cpp: rosidl_typesupport_fastrtps_cpp;rosidl_typesupport_introspection_cpp
[0.674s] -- Found rclcpp: 16.0.3 (/opt/ros/humble/share/rclcpp/cmake)
[0.733s] -- Found rmw_implementation_cmake: 6.1.1 (/opt/ros/humble/share/rmw_implementation_cmake/cmake)
[0.736s] -- Found rmw_fastrtps_cpp: 6.2.2 (/opt/ros/humble/share/rmw_fastrtps_cpp/cmake)
[0.827s] -- Found OpenSSL: /usr/lib/x86_64-linux-gnu/libcrypto.so (found version "3.0.2")  
[0.850s] -- Found FastRTPS: /opt/ros/humble/include  
[0.894s] -- Using RMW implementation 'rmw_fastrtps_cpp' as default
[0.904s] -- Looking for pthread.h
[0.971s] -- Looking for pthread.h - found
[0.971s] -- Performing Test CMAKE_HAVE_LIBC_PTHREAD
[1.040s] -- Performing Test CMAKE_HAVE_LIBC_PTHREAD - Success
[1.041s] -- Found Threads: TRUE  
[1.201s] -- Found ament_lint_auto: 0.12.5 (/opt/ros/humble/share/ament_lint_auto/cmake)
[1.278s] -- Added test 'copyright' to check source files copyright and LICENSE
[1.279s] -- Added test 'cppcheck' to perform static code analysis on C / C++ code
[1.279s] -- Configured cppcheck include dirs: /home/xrcdevelopment/IXR_ROS_Files/ros2_unity_ws1/src/DynamixelSDK/dynamixel_sdk_examples/include
[1.279s] -- Configured cppcheck exclude dirs and/or files: 
[1.280s] -- Added test 'cpplint' to check C / C++ code against the Google style
[1.280s] -- Configured cpplint exclude dirs and/or files: 
[1.281s] -- Added test 'lint_cmake' to check CMake code style
[1.282s] -- Added test 'uncrustify' to check C / C++ code style
[1.282s] -- Configured uncrustify additional arguments: 
[1.283s] -- Added test 'xmllint' to check XML markup files
[1.284s] -- Configuring done
[1.294s] -- Generating done
[1.295s] -- Build files have been written to: /home/xrcdevelopment/IXR_ROS_Files/ros2_unity_ws1/build/dynamixel_sdk_examples
[1.304s] Invoked command in '/home/xrcdevelopment/IXR_ROS_Files/ros2_unity_ws1/build/dynamixel_sdk_examples' returned '0': AMENT_PREFIX_PATH=/home/xrcdevelopment/IXR_ROS_Files/ros2_unity_ws1/install/dynamixel_sdk_custom_interfaces:/home/xrcdevelopment/IXR_ROS_Files/ros2_unity_ws1/install/dynamixel_sdk:${AMENT_PREFIX_PATH} CMAKE_PREFIX_PATH=/home/xrcdevelopment/IXR_ROS_Files/ros2_unity_ws1/install/dynamixel_sdk_custom_interfaces:/home/xrcdevelopment/IXR_ROS_Files/ros2_unity_ws1/install/dynamixel_sdk:/home/xrcdevelopment/ros/ros2_unity_ws1/install/unity_robotics_demo_msgs:/home/xrcdevelopment/ros/ros2_unity_ws1/install/unity_robotics_demo:/home/xrcdevelopment/ros/ros2_unity_ws1/install/ros_tcp_endpoint:/opt/ros/humble LD_LIBRARY_PATH=/home/xrcdevelopment/IXR_ROS_Files/ros2_unity_ws1/install/dynamixel_sdk_custom_interfaces/lib:/home/xrcdevelopment/IXR_ROS_Files/ros2_unity_ws1/install/dynamixel_sdk/lib:${LD_LIBRARY_PATH} PYTHONPATH=/home/xrcdevelopment/IXR_ROS_Files/ros2_unity_ws1/install/dynamixel_sdk_custom_interfaces/local/lib/python3.10/dist-packages:${PYTHONPATH} /usr/bin/cmake /home/xrcdevelopment/IXR_ROS_Files/ros2_unity_ws1/src/DynamixelSDK/dynamixel_sdk_examples -DCMAKE_INSTALL_PREFIX=/home/xrcdevelopment/IXR_ROS_Files/ros2_unity_ws1/install/dynamixel_sdk_examples
[1.305s] Invoking command in '/home/xrcdevelopment/IXR_ROS_Files/ros2_unity_ws1/build/dynamixel_sdk_examples': AMENT_PREFIX_PATH=/home/xrcdevelopment/IXR_ROS_Files/ros2_unity_ws1/install/dynamixel_sdk_custom_interfaces:/home/xrcdevelopment/IXR_ROS_Files/ros2_unity_ws1/install/dynamixel_sdk:${AMENT_PREFIX_PATH} CMAKE_PREFIX_PATH=/home/xrcdevelopment/IXR_ROS_Files/ros2_unity_ws1/install/dynamixel_sdk_custom_interfaces:/home/xrcdevelopment/IXR_ROS_Files/ros2_unity_ws1/install/dynamixel_sdk:/home/xrcdevelopment/ros/ros2_unity_ws1/install/unity_robotics_demo_msgs:/home/xrcdevelopment/ros/ros2_unity_ws1/install/unity_robotics_demo:/home/xrcdevelopment/ros/ros2_unity_ws1/install/ros_tcp_endpoint:/opt/ros/humble LD_LIBRARY_PATH=/home/xrcdevelopment/IXR_ROS_Files/ros2_unity_ws1/install/dynamixel_sdk_custom_interfaces/lib:/home/xrcdevelopment/IXR_ROS_Files/ros2_unity_ws1/install/dynamixel_sdk/lib:${LD_LIBRARY_PATH} PYTHONPATH=/home/xrcdevelopment/IXR_ROS_Files/ros2_unity_ws1/install/dynamixel_sdk_custom_interfaces/local/lib/python3.10/dist-packages:${PYTHONPATH} /usr/bin/cmake --build /home/xrcdevelopment/IXR_ROS_Files/ros2_unity_ws1/build/dynamixel_sdk_examples -- -j8 -l8
[1.354s] [ 50%] [32mBuilding CXX object CMakeFiles/read_write_node.dir/src/read_write_node.cpp.o[0m
[9.262s] [100%] [32m[1mLinking CXX executable read_write_node[0m
[9.667s] [100%] Built target read_write_node
[9.677s] Invoked command in '/home/xrcdevelopment/IXR_ROS_Files/ros2_unity_ws1/build/dynamixel_sdk_examples' returned '0': AMENT_PREFIX_PATH=/home/xrcdevelopment/IXR_ROS_Files/ros2_unity_ws1/install/dynamixel_sdk_custom_interfaces:/home/xrcdevelopment/IXR_ROS_Files/ros2_unity_ws1/install/dynamixel_sdk:${AMENT_PREFIX_PATH} CMAKE_PREFIX_PATH=/home/xrcdevelopment/IXR_ROS_Files/ros2_unity_ws1/install/dynamixel_sdk_custom_interfaces:/home/xrcdevelopment/IXR_ROS_Files/ros2_unity_ws1/install/dynamixel_sdk:/home/xrcdevelopment/ros/ros2_unity_ws1/install/unity_robotics_demo_msgs:/home/xrcdevelopment/ros/ros2_unity_ws1/install/unity_robotics_demo:/home/xrcdevelopment/ros/ros2_unity_ws1/install/ros_tcp_endpoint:/opt/ros/humble LD_LIBRARY_PATH=/home/xrcdevelopment/IXR_ROS_Files/ros2_unity_ws1/install/dynamixel_sdk_custom_interfaces/lib:/home/xrcdevelopment/IXR_ROS_Files/ros2_unity_ws1/install/dynamixel_sdk/lib:${LD_LIBRARY_PATH} PYTHONPATH=/home/xrcdevelopment/IXR_ROS_Files/ros2_unity_ws1/install/dynamixel_sdk_custom_interfaces/local/lib/python3.10/dist-packages:${PYTHONPATH} /usr/bin/cmake --build /home/xrcdevelopment/IXR_ROS_Files/ros2_unity_ws1/build/dynamixel_sdk_examples -- -j8 -l8
[9.702s] Invoking command in '/home/xrcdevelopment/IXR_ROS_Files/ros2_unity_ws1/build/dynamixel_sdk_examples': AMENT_PREFIX_PATH=/home/xrcdevelopment/IXR_ROS_Files/ros2_unity_ws1/install/dynamixel_sdk_custom_interfaces:/home/xrcdevelopment/IXR_ROS_Files/ros2_unity_ws1/install/dynamixel_sdk:${AMENT_PREFIX_PATH} CMAKE_PREFIX_PATH=/home/xrcdevelopment/IXR_ROS_Files/ros2_unity_ws1/install/dynamixel_sdk_custom_interfaces:/home/xrcdevelopment/IXR_ROS_Files/ros2_unity_ws1/install/dynamixel_sdk:/home/xrcdevelopment/ros/ros2_unity_ws1/install/unity_robotics_demo_msgs:/home/xrcdevelopment/ros/ros2_unity_ws1/install/unity_robotics_demo:/home/xrcdevelopment/ros/ros2_unity_ws1/install/ros_tcp_endpoint:/opt/ros/humble LD_LIBRARY_PATH=/home/xrcdevelopment/IXR_ROS_Files/ros2_unity_ws1/install/dynamixel_sdk_custom_interfaces/lib:/home/xrcdevelopment/IXR_ROS_Files/ros2_unity_ws1/install/dynamixel_sdk/lib:${LD_LIBRARY_PATH} PYTHONPATH=/home/xrcdevelopment/IXR_ROS_Files/ros2_unity_ws1/install/dynamixel_sdk_custom_interfaces/local/lib/python3.10/dist-packages:${PYTHONPATH} /usr/bin/cmake --install /home/xrcdevelopment/IXR_ROS_Files/ros2_unity_ws1/build/dynamixel_sdk_examples
[9.709s] -- Install configuration: ""
[9.709s] -- Installing: /home/xrcdevelopment/IXR_ROS_Files/ros2_unity_ws1/install/dynamixel_sdk_examples/lib/dynamixel_sdk_examples/read_write_node
[9.714s] -- Set runtime path of "/home/xrcdevelopment/IXR_ROS_Files/ros2_unity_ws1/install/dynamixel_sdk_examples/lib/dynamixel_sdk_examples/read_write_node" to ""
[9.714s] -- Installing: /home/xrcdevelopment/IXR_ROS_Files/ros2_unity_ws1/install/dynamixel_sdk_examples/share/ament_index/resource_index/package_run_dependencies/dynamixel_sdk_examples
[9.714s] -- Installing: /home/xrcdevelopment/IXR_ROS_Files/ros2_unity_ws1/install/dynamixel_sdk_examples/share/ament_index/resource_index/parent_prefix_path/dynamixel_sdk_examples
[9.714s] -- Installing: /home/xrcdevelopment/IXR_ROS_Files/ros2_unity_ws1/install/dynamixel_sdk_examples/share/dynamixel_sdk_examples/environment/ament_prefix_path.sh
[9.714s] -- Installing: /home/xrcdevelopment/IXR_ROS_Files/ros2_unity_ws1/install/dynamixel_sdk_examples/share/dynamixel_sdk_examples/environment/ament_prefix_path.dsv
[9.714s] -- Installing: /home/xrcdevelopment/IXR_ROS_Files/ros2_unity_ws1/install/dynamixel_sdk_examples/share/dynamixel_sdk_examples/environment/path.sh
[9.714s] -- Installing: /home/xrcdevelopment/IXR_ROS_Files/ros2_unity_ws1/install/dynamixel_sdk_examples/share/dynamixel_sdk_examples/environment/path.dsv
[9.715s] -- Installing: /home/xrcdevelopment/IXR_ROS_Files/ros2_unity_ws1/install/dynamixel_sdk_examples/share/dynamixel_sdk_examples/local_setup.bash
[9.715s] -- Installing: /home/xrcdevelopment/IXR_ROS_Files/ros2_unity_ws1/install/dynamixel_sdk_examples/share/dynamixel_sdk_examples/local_setup.sh
[9.715s] -- Installing: /home/xrcdevelopment/IXR_ROS_Files/ros2_unity_ws1/install/dynamixel_sdk_examples/share/dynamixel_sdk_examples/local_setup.zsh
[9.715s] -- Installing: /home/xrcdevelopment/IXR_ROS_Files/ros2_unity_ws1/install/dynamixel_sdk_examples/share/dynamixel_sdk_examples/local_setup.dsv
[9.715s] -- Installing: /home/xrcdevelopment/IXR_ROS_Files/ros2_unity_ws1/install/dynamixel_sdk_examples/share/dynamixel_sdk_examples/package.dsv
[9.715s] -- Installing: /home/xrcdevelopment/IXR_ROS_Files/ros2_unity_ws1/install/dynamixel_sdk_examples/share/ament_index/resource_index/packages/dynamixel_sdk_examples
[9.715s] -- Installing: /home/xrcdevelopment/IXR_ROS_Files/ros2_unity_ws1/install/dynamixel_sdk_examples/share/dynamixel_sdk_examples/cmake/dynamixel_sdk_examplesConfig.cmake
[9.715s] -- Installing: /home/xrcdevelopment/IXR_ROS_Files/ros2_unity_ws1/install/dynamixel_sdk_examples/share/dynamixel_sdk_examples/cmake/dynamixel_sdk_examplesConfig-version.cmake
[9.716s] -- Installing: /home/xrcdevelopment/IXR_ROS_Files/ros2_unity_ws1/install/dynamixel_sdk_examples/share/dynamixel_sdk_examples/package.xml
[9.720s] Invoked command in '/home/xrcdevelopment/IXR_ROS_Files/ros2_unity_ws1/build/dynamixel_sdk_examples' returned '0': AMENT_PREFIX_PATH=/home/xrcdevelopment/IXR_ROS_Files/ros2_unity_ws1/install/dynamixel_sdk_custom_interfaces:/home/xrcdevelopment/IXR_ROS_Files/ros2_unity_ws1/install/dynamixel_sdk:${AMENT_PREFIX_PATH} CMAKE_PREFIX_PATH=/home/xrcdevelopment/IXR_ROS_Files/ros2_unity_ws1/install/dynamixel_sdk_custom_interfaces:/home/xrcdevelopment/IXR_ROS_Files/ros2_unity_ws1/install/dynamixel_sdk:/home/xrcdevelopment/ros/ros2_unity_ws1/install/unity_robotics_demo_msgs:/home/xrcdevelopment/ros/ros2_unity_ws1/install/unity_robotics_demo:/home/xrcdevelopment/ros/ros2_unity_ws1/install/ros_tcp_endpoint:/opt/ros/humble LD_LIBRARY_PATH=/home/xrcdevelopment/IXR_ROS_Files/ros2_unity_ws1/install/dynamixel_sdk_custom_interfaces/lib:/home/xrcdevelopment/IXR_ROS_Files/ros2_unity_ws1/install/dynamixel_sdk/lib:${LD_LIBRARY_PATH} PYTHONPATH=/home/xrcdevelopment/IXR_ROS_Files/ros2_unity_ws1/install/dynamixel_sdk_custom_interfaces/local/lib/python3.10/dist-packages:${PYTHONPATH} /usr/bin/cmake --install /home/xrcdevelopment/IXR_ROS_Files/ros2_unity_ws1/build/dynamixel_sdk_examples
