[0.288s] DEBUG:colcon:Command line arguments: ['/usr/bin/colcon', 'build']
[0.288s] DEBUG:colcon:Parsed command line arguments: Namespace(log_base=None, log_level=None, verb_name='build', build_base='build', install_base='install', merge_install=False, symlink_install=False, test_result_base=None, continue_on_error=False, executor='parallel', parallel_workers=8, event_handlers=None, ignore_user_meta=False, metas=['./colcon.meta'], base_paths=['.'], packages_ignore=None, packages_ignore_regex=None, paths=None, packages_up_to=None, packages_up_to_regex=None, packages_above=None, packages_above_and_dependencies=None, packages_above_depth=None, packages_select_by_dep=None, packages_skip_by_dep=None, packages_skip_up_to=None, packages_select_build_failed=False, packages_skip_build_finished=False, packages_select_test_failures=False, packages_skip_test_passed=False, packages_select=None, packages_skip=None, packages_select_regex=None, packages_skip_regex=None, packages_start=None, packages_end=None, allow_overriding=[], cmake_args=None, cmake_target=None, cmake_target_skip_unavailable=False, cmake_clean_cache=False, cmake_clean_first=False, cmake_force_configure=False, ament_cmake_args=None, catkin_cmake_args=None, catkin_skip_building_tests=False, verb_parser=<colcon_defaults.argument_parser.defaults.DefaultArgumentsDecorator object at 0x7f37593b7610>, verb_extension=<colcon_core.verb.build.BuildVerb object at 0x7f3759c09240>, main=<bound method BuildVerb.main of <colcon_core.verb.build.BuildVerb object at 0x7f3759c09240>>)
[0.322s] Level 1:colcon.colcon_core.package_discovery:discover_packages(colcon_meta) check parameters
[0.322s] Level 1:colcon.colcon_core.package_discovery:discover_packages(recursive) check parameters
[0.322s] Level 1:colcon.colcon_core.package_discovery:discover_packages(ignore) check parameters
[0.322s] Level 1:colcon.colcon_core.package_discovery:discover_packages(path) check parameters
[0.322s] Level 1:colcon.colcon_core.package_discovery:discover_packages(colcon_meta) discover
[0.323s] Level 1:colcon.colcon_core.package_discovery:discover_packages(recursive) discover
[0.323s] INFO:colcon.colcon_core.package_discovery:Crawling recursively for packages in '/home/xrcdevelopment/IXR_ROS_Files/ros2_unity_ws1'
[0.323s] Level 1:colcon.colcon_core.package_identification:_identify(.) by extensions ['ignore', 'ignore_ament_install']
[0.323s] Level 1:colcon.colcon_core.package_identification:_identify(.) by extension 'ignore'
[0.323s] Level 1:colcon.colcon_core.package_identification:_identify(.) by extension 'ignore_ament_install'
[0.323s] Level 1:colcon.colcon_core.package_identification:_identify(.) by extensions ['colcon_pkg']
[0.323s] Level 1:colcon.colcon_core.package_identification:_identify(.) by extension 'colcon_pkg'
[0.323s] Level 1:colcon.colcon_core.package_identification:_identify(.) by extensions ['colcon_meta']
[0.323s] Level 1:colcon.colcon_core.package_identification:_identify(.) by extension 'colcon_meta'
[0.323s] Level 1:colcon.colcon_core.package_identification:_identify(.) by extensions ['ros']
[0.323s] Level 1:colcon.colcon_core.package_identification:_identify(.) by extension 'ros'
[0.334s] Level 1:colcon.colcon_core.package_identification:_identify(.) by extensions ['cmake', 'python']
[0.334s] Level 1:colcon.colcon_core.package_identification:_identify(.) by extension 'cmake'
[0.334s] Level 1:colcon.colcon_core.package_identification:_identify(.) by extension 'python'
[0.334s] Level 1:colcon.colcon_core.package_identification:_identify(.) by extensions ['python_setup_py']
[0.334s] Level 1:colcon.colcon_core.package_identification:_identify(.) by extension 'python_setup_py'
[0.334s] Level 1:colcon.colcon_core.package_identification:_identify(build) by extensions ['ignore', 'ignore_ament_install']
[0.335s] Level 1:colcon.colcon_core.package_identification:_identify(build) by extension 'ignore'
[0.335s] Level 1:colcon.colcon_core.package_identification:_identify(build) ignored
[0.335s] Level 1:colcon.colcon_core.package_identification:_identify(install) by extensions ['ignore', 'ignore_ament_install']
[0.335s] Level 1:colcon.colcon_core.package_identification:_identify(install) by extension 'ignore'
[0.335s] Level 1:colcon.colcon_core.package_identification:_identify(install) ignored
[0.335s] Level 1:colcon.colcon_core.package_identification:_identify(log) by extensions ['ignore', 'ignore_ament_install']
[0.335s] Level 1:colcon.colcon_core.package_identification:_identify(log) by extension 'ignore'
[0.335s] Level 1:colcon.colcon_core.package_identification:_identify(log) ignored
[0.335s] Level 1:colcon.colcon_core.package_identification:_identify(src) by extensions ['ignore', 'ignore_ament_install']
[0.335s] Level 1:colcon.colcon_core.package_identification:_identify(src) by extension 'ignore'
[0.335s] Level 1:colcon.colcon_core.package_identification:_identify(src) by extension 'ignore_ament_install'
[0.335s] Level 1:colcon.colcon_core.package_identification:_identify(src) by extensions ['colcon_pkg']
[0.335s] Level 1:colcon.colcon_core.package_identification:_identify(src) by extension 'colcon_pkg'
[0.336s] Level 1:colcon.colcon_core.package_identification:_identify(src) by extensions ['colcon_meta']
[0.336s] Level 1:colcon.colcon_core.package_identification:_identify(src) by extension 'colcon_meta'
[0.336s] Level 1:colcon.colcon_core.package_identification:_identify(src) by extensions ['ros']
[0.336s] Level 1:colcon.colcon_core.package_identification:_identify(src) by extension 'ros'
[0.336s] Level 1:colcon.colcon_core.package_identification:_identify(src) by extensions ['cmake', 'python']
[0.336s] Level 1:colcon.colcon_core.package_identification:_identify(src) by extension 'cmake'
[0.336s] Level 1:colcon.colcon_core.package_identification:_identify(src) by extension 'python'
[0.336s] Level 1:colcon.colcon_core.package_identification:_identify(src) by extensions ['python_setup_py']
[0.336s] Level 1:colcon.colcon_core.package_identification:_identify(src) by extension 'python_setup_py'
[0.336s] Level 1:colcon.colcon_core.package_identification:_identify(src/DynamixelSDK) by extensions ['ignore', 'ignore_ament_install']
[0.336s] Level 1:colcon.colcon_core.package_identification:_identify(src/DynamixelSDK) by extension 'ignore'
[0.336s] Level 1:colcon.colcon_core.package_identification:_identify(src/DynamixelSDK) by extension 'ignore_ament_install'
[0.337s] Level 1:colcon.colcon_core.package_identification:_identify(src/DynamixelSDK) by extensions ['colcon_pkg']
[0.337s] Level 1:colcon.colcon_core.package_identification:_identify(src/DynamixelSDK) by extension 'colcon_pkg'
[0.337s] Level 1:colcon.colcon_core.package_identification:_identify(src/DynamixelSDK) by extensions ['colcon_meta']
[0.337s] Level 1:colcon.colcon_core.package_identification:_identify(src/DynamixelSDK) by extension 'colcon_meta'
[0.337s] Level 1:colcon.colcon_core.package_identification:_identify(src/DynamixelSDK) by extensions ['ros']
[0.337s] Level 1:colcon.colcon_core.package_identification:_identify(src/DynamixelSDK) by extension 'ros'
[0.337s] Level 1:colcon.colcon_core.package_identification:_identify(src/DynamixelSDK) by extensions ['cmake', 'python']
[0.338s] Level 1:colcon.colcon_core.package_identification:_identify(src/DynamixelSDK) by extension 'cmake'
[0.338s] Level 1:colcon.colcon_core.package_identification:_identify(src/DynamixelSDK) by extension 'python'
[0.338s] Level 1:colcon.colcon_core.package_identification:_identify(src/DynamixelSDK) by extensions ['python_setup_py']
[0.338s] Level 1:colcon.colcon_core.package_identification:_identify(src/DynamixelSDK) by extension 'python_setup_py'
[0.338s] Level 1:colcon.colcon_core.package_identification:_identify(src/DynamixelSDK/dynamixel_sdk) by extensions ['ignore', 'ignore_ament_install']
[0.338s] Level 1:colcon.colcon_core.package_identification:_identify(src/DynamixelSDK/dynamixel_sdk) by extension 'ignore'
[0.338s] Level 1:colcon.colcon_core.package_identification:_identify(src/DynamixelSDK/dynamixel_sdk) by extension 'ignore_ament_install'
[0.338s] Level 1:colcon.colcon_core.package_identification:_identify(src/DynamixelSDK/dynamixel_sdk) by extensions ['colcon_pkg']
[0.338s] Level 1:colcon.colcon_core.package_identification:_identify(src/DynamixelSDK/dynamixel_sdk) by extension 'colcon_pkg'
[0.338s] Level 1:colcon.colcon_core.package_identification:_identify(src/DynamixelSDK/dynamixel_sdk) by extensions ['colcon_meta']
[0.338s] Level 1:colcon.colcon_core.package_identification:_identify(src/DynamixelSDK/dynamixel_sdk) by extension 'colcon_meta'
[0.338s] Level 1:colcon.colcon_core.package_identification:_identify(src/DynamixelSDK/dynamixel_sdk) by extensions ['ros']
[0.338s] Level 1:colcon.colcon_core.package_identification:_identify(src/DynamixelSDK/dynamixel_sdk) by extension 'ros'
[0.341s] DEBUG:colcon.colcon_core.package_identification:Package 'src/DynamixelSDK/dynamixel_sdk' with type 'ros.ament_cmake' and name 'dynamixel_sdk'
[0.341s] Level 1:colcon.colcon_core.package_identification:_identify(src/DynamixelSDK/dynamixel_sdk_custom_interfaces) by extensions ['ignore', 'ignore_ament_install']
[0.341s] Level 1:colcon.colcon_core.package_identification:_identify(src/DynamixelSDK/dynamixel_sdk_custom_interfaces) by extension 'ignore'
[0.341s] Level 1:colcon.colcon_core.package_identification:_identify(src/DynamixelSDK/dynamixel_sdk_custom_interfaces) by extension 'ignore_ament_install'
[0.341s] Level 1:colcon.colcon_core.package_identification:_identify(src/DynamixelSDK/dynamixel_sdk_custom_interfaces) by extensions ['colcon_pkg']
[0.341s] Level 1:colcon.colcon_core.package_identification:_identify(src/DynamixelSDK/dynamixel_sdk_custom_interfaces) by extension 'colcon_pkg'
[0.341s] Level 1:colcon.colcon_core.package_identification:_identify(src/DynamixelSDK/dynamixel_sdk_custom_interfaces) by extensions ['colcon_meta']
[0.342s] Level 1:colcon.colcon_core.package_identification:_identify(src/DynamixelSDK/dynamixel_sdk_custom_interfaces) by extension 'colcon_meta'
[0.342s] Level 1:colcon.colcon_core.package_identification:_identify(src/DynamixelSDK/dynamixel_sdk_custom_interfaces) by extensions ['ros']
[0.342s] Level 1:colcon.colcon_core.package_identification:_identify(src/DynamixelSDK/dynamixel_sdk_custom_interfaces) by extension 'ros'
[0.342s] DEBUG:colcon.colcon_core.package_identification:Package 'src/DynamixelSDK/dynamixel_sdk_custom_interfaces' with type 'ros.ament_cmake' and name 'dynamixel_sdk_custom_interfaces'
[0.342s] Level 1:colcon.colcon_core.package_identification:_identify(src/DynamixelSDK/dynamixel_sdk_examples) by extensions ['ignore', 'ignore_ament_install']
[0.342s] Level 1:colcon.colcon_core.package_identification:_identify(src/DynamixelSDK/dynamixel_sdk_examples) by extension 'ignore'
[0.342s] Level 1:colcon.colcon_core.package_identification:_identify(src/DynamixelSDK/dynamixel_sdk_examples) by extension 'ignore_ament_install'
[0.343s] Level 1:colcon.colcon_core.package_identification:_identify(src/DynamixelSDK/dynamixel_sdk_examples) by extensions ['colcon_pkg']
[0.343s] Level 1:colcon.colcon_core.package_identification:_identify(src/DynamixelSDK/dynamixel_sdk_examples) by extension 'colcon_pkg'
[0.343s] Level 1:colcon.colcon_core.package_identification:_identify(src/DynamixelSDK/dynamixel_sdk_examples) by extensions ['colcon_meta']
[0.343s] Level 1:colcon.colcon_core.package_identification:_identify(src/DynamixelSDK/dynamixel_sdk_examples) by extension 'colcon_meta'
[0.343s] Level 1:colcon.colcon_core.package_identification:_identify(src/DynamixelSDK/dynamixel_sdk_examples) by extensions ['ros']
[0.343s] Level 1:colcon.colcon_core.package_identification:_identify(src/DynamixelSDK/dynamixel_sdk_examples) by extension 'ros'
[0.343s] DEBUG:colcon.colcon_core.package_identification:Package 'src/DynamixelSDK/dynamixel_sdk_examples' with type 'ros.ament_cmake' and name 'dynamixel_sdk_examples'
[0.344s] Level 1:colcon.colcon_core.package_identification:_identify(src/ROS-TCP-Endpoint-main-ros2) by extensions ['ignore', 'ignore_ament_install']
[0.344s] Level 1:colcon.colcon_core.package_identification:_identify(src/ROS-TCP-Endpoint-main-ros2) by extension 'ignore'
[0.344s] Level 1:colcon.colcon_core.package_identification:_identify(src/ROS-TCP-Endpoint-main-ros2) by extension 'ignore_ament_install'
[0.344s] Level 1:colcon.colcon_core.package_identification:_identify(src/ROS-TCP-Endpoint-main-ros2) by extensions ['colcon_pkg']
[0.344s] Level 1:colcon.colcon_core.package_identification:_identify(src/ROS-TCP-Endpoint-main-ros2) by extension 'colcon_pkg'
[0.344s] Level 1:colcon.colcon_core.package_identification:_identify(src/ROS-TCP-Endpoint-main-ros2) by extensions ['colcon_meta']
[0.344s] Level 1:colcon.colcon_core.package_identification:_identify(src/ROS-TCP-Endpoint-main-ros2) by extension 'colcon_meta'
[0.344s] Level 1:colcon.colcon_core.package_identification:_identify(src/ROS-TCP-Endpoint-main-ros2) by extensions ['ros']
[0.344s] Level 1:colcon.colcon_core.package_identification:_identify(src/ROS-TCP-Endpoint-main-ros2) by extension 'ros'
[0.344s] DEBUG:colcon.colcon_core.package_identification:Package 'src/ROS-TCP-Endpoint-main-ros2' with type 'ros.ament_python' and name 'ros_tcp_endpoint'
[0.344s] Level 1:colcon.colcon_core.package_identification:_identify(src/unity_robotics_demo) by extensions ['ignore', 'ignore_ament_install']
[0.345s] Level 1:colcon.colcon_core.package_identification:_identify(src/unity_robotics_demo) by extension 'ignore'
[0.345s] Level 1:colcon.colcon_core.package_identification:_identify(src/unity_robotics_demo) by extension 'ignore_ament_install'
[0.345s] Level 1:colcon.colcon_core.package_identification:_identify(src/unity_robotics_demo) by extensions ['colcon_pkg']
[0.345s] Level 1:colcon.colcon_core.package_identification:_identify(src/unity_robotics_demo) by extension 'colcon_pkg'
[0.345s] Level 1:colcon.colcon_core.package_identification:_identify(src/unity_robotics_demo) by extensions ['colcon_meta']
[0.345s] Level 1:colcon.colcon_core.package_identification:_identify(src/unity_robotics_demo) by extension 'colcon_meta'
[0.345s] Level 1:colcon.colcon_core.package_identification:_identify(src/unity_robotics_demo) by extensions ['ros']
[0.345s] Level 1:colcon.colcon_core.package_identification:_identify(src/unity_robotics_demo) by extension 'ros'
[0.345s] DEBUG:colcon.colcon_core.package_identification:Package 'src/unity_robotics_demo' with type 'ros.ament_python' and name 'unity_robotics_demo'
[0.345s] Level 1:colcon.colcon_core.package_identification:_identify(src/unity_robotics_demo_msgs) by extensions ['ignore', 'ignore_ament_install']
[0.346s] Level 1:colcon.colcon_core.package_identification:_identify(src/unity_robotics_demo_msgs) by extension 'ignore'
[0.346s] Level 1:colcon.colcon_core.package_identification:_identify(src/unity_robotics_demo_msgs) by extension 'ignore_ament_install'
[0.346s] Level 1:colcon.colcon_core.package_identification:_identify(src/unity_robotics_demo_msgs) by extensions ['colcon_pkg']
[0.346s] Level 1:colcon.colcon_core.package_identification:_identify(src/unity_robotics_demo_msgs) by extension 'colcon_pkg'
[0.346s] Level 1:colcon.colcon_core.package_identification:_identify(src/unity_robotics_demo_msgs) by extensions ['colcon_meta']
[0.346s] Level 1:colcon.colcon_core.package_identification:_identify(src/unity_robotics_demo_msgs) by extension 'colcon_meta'
[0.346s] Level 1:colcon.colcon_core.package_identification:_identify(src/unity_robotics_demo_msgs) by extensions ['ros']
[0.346s] Level 1:colcon.colcon_core.package_identification:_identify(src/unity_robotics_demo_msgs) by extension 'ros'
[0.346s] DEBUG:colcon.colcon_core.package_identification:Package 'src/unity_robotics_demo_msgs' with type 'ros.ament_cmake' and name 'unity_robotics_demo_msgs'
[0.346s] Level 1:colcon.colcon_core.package_discovery:discover_packages(recursive) using defaults
[0.346s] Level 1:colcon.colcon_core.package_discovery:discover_packages(ignore) discover
[0.347s] Level 1:colcon.colcon_core.package_discovery:discover_packages(ignore) using defaults
[0.347s] Level 1:colcon.colcon_core.package_discovery:discover_packages(path) discover
[0.347s] Level 1:colcon.colcon_core.package_discovery:discover_packages(path) using defaults
[0.369s] Level 1:colcon.colcon_core.package_discovery:discover_packages(prefix_path) check parameters
[0.369s] Level 1:colcon.colcon_core.package_discovery:discover_packages(prefix_path) discover
[0.373s] DEBUG:colcon.colcon_installed_package_information.package_discovery:Found 6 installed packages in /home/xrcdevelopment/IXR_ROS_Files/ros2_unity_ws1/install
[0.374s] DEBUG:colcon.colcon_installed_package_information.package_discovery:Found 3 installed packages in /home/xrcdevelopment/ros/ros2_unity_ws1/install
[0.376s] DEBUG:colcon.colcon_installed_package_information.package_discovery:Found 271 installed packages in /opt/ros/humble
[0.377s] Level 1:colcon.colcon_core.package_discovery:discover_packages(prefix_path) using defaults
[0.433s] Level 5:colcon.colcon_core.verb:set package 'dynamixel_sdk' build argument 'cmake_args' from command line to 'None'
[0.433s] Level 5:colcon.colcon_core.verb:set package 'dynamixel_sdk' build argument 'cmake_target' from command line to 'None'
[0.433s] Level 5:colcon.colcon_core.verb:set package 'dynamixel_sdk' build argument 'cmake_target_skip_unavailable' from command line to 'False'
[0.433s] Level 5:colcon.colcon_core.verb:set package 'dynamixel_sdk' build argument 'cmake_clean_cache' from command line to 'False'
[0.434s] Level 5:colcon.colcon_core.verb:set package 'dynamixel_sdk' build argument 'cmake_clean_first' from command line to 'False'
[0.434s] Level 5:colcon.colcon_core.verb:set package 'dynamixel_sdk' build argument 'cmake_force_configure' from command line to 'False'
[0.434s] Level 5:colcon.colcon_core.verb:set package 'dynamixel_sdk' build argument 'ament_cmake_args' from command line to 'None'
[0.434s] Level 5:colcon.colcon_core.verb:set package 'dynamixel_sdk' build argument 'catkin_cmake_args' from command line to 'None'
[0.434s] Level 5:colcon.colcon_core.verb:set package 'dynamixel_sdk' build argument 'catkin_skip_building_tests' from command line to 'False'
[0.434s] DEBUG:colcon.colcon_core.verb:Building package 'dynamixel_sdk' with the following arguments: {'ament_cmake_args': None, 'build_base': '/home/xrcdevelopment/IXR_ROS_Files/ros2_unity_ws1/build/dynamixel_sdk', 'catkin_cmake_args': None, 'catkin_skip_building_tests': False, 'cmake_args': None, 'cmake_clean_cache': False, 'cmake_clean_first': False, 'cmake_force_configure': False, 'cmake_target': None, 'cmake_target_skip_unavailable': False, 'install_base': '/home/xrcdevelopment/IXR_ROS_Files/ros2_unity_ws1/install/dynamixel_sdk', 'merge_install': False, 'path': '/home/xrcdevelopment/IXR_ROS_Files/ros2_unity_ws1/src/DynamixelSDK/dynamixel_sdk', 'symlink_install': False, 'test_result_base': None}
[0.435s] Level 5:colcon.colcon_core.verb:set package 'dynamixel_sdk_custom_interfaces' build argument 'cmake_args' from command line to 'None'
[0.435s] Level 5:colcon.colcon_core.verb:set package 'dynamixel_sdk_custom_interfaces' build argument 'cmake_target' from command line to 'None'
[0.435s] Level 5:colcon.colcon_core.verb:set package 'dynamixel_sdk_custom_interfaces' build argument 'cmake_target_skip_unavailable' from command line to 'False'
[0.435s] Level 5:colcon.colcon_core.verb:set package 'dynamixel_sdk_custom_interfaces' build argument 'cmake_clean_cache' from command line to 'False'
[0.435s] Level 5:colcon.colcon_core.verb:set package 'dynamixel_sdk_custom_interfaces' build argument 'cmake_clean_first' from command line to 'False'
[0.435s] Level 5:colcon.colcon_core.verb:set package 'dynamixel_sdk_custom_interfaces' build argument 'cmake_force_configure' from command line to 'False'
[0.435s] Level 5:colcon.colcon_core.verb:set package 'dynamixel_sdk_custom_interfaces' build argument 'ament_cmake_args' from command line to 'None'
[0.435s] Level 5:colcon.colcon_core.verb:set package 'dynamixel_sdk_custom_interfaces' build argument 'catkin_cmake_args' from command line to 'None'
[0.435s] Level 5:colcon.colcon_core.verb:set package 'dynamixel_sdk_custom_interfaces' build argument 'catkin_skip_building_tests' from command line to 'False'
[0.435s] DEBUG:colcon.colcon_core.verb:Building package 'dynamixel_sdk_custom_interfaces' with the following arguments: {'ament_cmake_args': None, 'build_base': '/home/xrcdevelopment/IXR_ROS_Files/ros2_unity_ws1/build/dynamixel_sdk_custom_interfaces', 'catkin_cmake_args': None, 'catkin_skip_building_tests': False, 'cmake_args': None, 'cmake_clean_cache': False, 'cmake_clean_first': False, 'cmake_force_configure': False, 'cmake_target': None, 'cmake_target_skip_unavailable': False, 'install_base': '/home/xrcdevelopment/IXR_ROS_Files/ros2_unity_ws1/install/dynamixel_sdk_custom_interfaces', 'merge_install': False, 'path': '/home/xrcdevelopment/IXR_ROS_Files/ros2_unity_ws1/src/DynamixelSDK/dynamixel_sdk_custom_interfaces', 'symlink_install': False, 'test_result_base': None}
[0.436s] Level 5:colcon.colcon_core.verb:set package 'ros_tcp_endpoint' build argument 'cmake_args' from command line to 'None'
[0.436s] Level 5:colcon.colcon_core.verb:set package 'ros_tcp_endpoint' build argument 'cmake_target' from command line to 'None'
[0.436s] Level 5:colcon.colcon_core.verb:set package 'ros_tcp_endpoint' build argument 'cmake_target_skip_unavailable' from command line to 'False'
[0.436s] Level 5:colcon.colcon_core.verb:set package 'ros_tcp_endpoint' build argument 'cmake_clean_cache' from command line to 'False'
[0.436s] Level 5:colcon.colcon_core.verb:set package 'ros_tcp_endpoint' build argument 'cmake_clean_first' from command line to 'False'
[0.436s] Level 5:colcon.colcon_core.verb:set package 'ros_tcp_endpoint' build argument 'cmake_force_configure' from command line to 'False'
[0.436s] Level 5:colcon.colcon_core.verb:set package 'ros_tcp_endpoint' build argument 'ament_cmake_args' from command line to 'None'
[0.436s] Level 5:colcon.colcon_core.verb:set package 'ros_tcp_endpoint' build argument 'catkin_cmake_args' from command line to 'None'
[0.436s] Level 5:colcon.colcon_core.verb:set package 'ros_tcp_endpoint' build argument 'catkin_skip_building_tests' from command line to 'False'
[0.436s] DEBUG:colcon.colcon_core.verb:Building package 'ros_tcp_endpoint' with the following arguments: {'ament_cmake_args': None, 'build_base': '/home/xrcdevelopment/IXR_ROS_Files/ros2_unity_ws1/build/ros_tcp_endpoint', 'catkin_cmake_args': None, 'catkin_skip_building_tests': False, 'cmake_args': None, 'cmake_clean_cache': False, 'cmake_clean_first': False, 'cmake_force_configure': False, 'cmake_target': None, 'cmake_target_skip_unavailable': False, 'install_base': '/home/xrcdevelopment/IXR_ROS_Files/ros2_unity_ws1/install/ros_tcp_endpoint', 'merge_install': False, 'path': '/home/xrcdevelopment/IXR_ROS_Files/ros2_unity_ws1/src/ROS-TCP-Endpoint-main-ros2', 'symlink_install': False, 'test_result_base': None}
[0.437s] Level 5:colcon.colcon_core.verb:set package 'unity_robotics_demo' build argument 'cmake_args' from command line to 'None'
[0.437s] Level 5:colcon.colcon_core.verb:set package 'unity_robotics_demo' build argument 'cmake_target' from command line to 'None'
[0.438s] Level 5:colcon.colcon_core.verb:set package 'unity_robotics_demo' build argument 'cmake_target_skip_unavailable' from command line to 'False'
[0.438s] Level 5:colcon.colcon_core.verb:set package 'unity_robotics_demo' build argument 'cmake_clean_cache' from command line to 'False'
[0.438s] Level 5:colcon.colcon_core.verb:set package 'unity_robotics_demo' build argument 'cmake_clean_first' from command line to 'False'
[0.438s] Level 5:colcon.colcon_core.verb:set package 'unity_robotics_demo' build argument 'cmake_force_configure' from command line to 'False'
[0.438s] Level 5:colcon.colcon_core.verb:set package 'unity_robotics_demo' build argument 'ament_cmake_args' from command line to 'None'
[0.438s] Level 5:colcon.colcon_core.verb:set package 'unity_robotics_demo' build argument 'catkin_cmake_args' from command line to 'None'
[0.438s] Level 5:colcon.colcon_core.verb:set package 'unity_robotics_demo' build argument 'catkin_skip_building_tests' from command line to 'False'
[0.438s] DEBUG:colcon.colcon_core.verb:Building package 'unity_robotics_demo' with the following arguments: {'ament_cmake_args': None, 'build_base': '/home/xrcdevelopment/IXR_ROS_Files/ros2_unity_ws1/build/unity_robotics_demo', 'catkin_cmake_args': None, 'catkin_skip_building_tests': False, 'cmake_args': None, 'cmake_clean_cache': False, 'cmake_clean_first': False, 'cmake_force_configure': False, 'cmake_target': None, 'cmake_target_skip_unavailable': False, 'install_base': '/home/xrcdevelopment/IXR_ROS_Files/ros2_unity_ws1/install/unity_robotics_demo', 'merge_install': False, 'path': '/home/xrcdevelopment/IXR_ROS_Files/ros2_unity_ws1/src/unity_robotics_demo', 'symlink_install': False, 'test_result_base': None}
[0.439s] Level 5:colcon.colcon_core.verb:set package 'unity_robotics_demo_msgs' build argument 'cmake_args' from command line to 'None'
[0.439s] Level 5:colcon.colcon_core.verb:set package 'unity_robotics_demo_msgs' build argument 'cmake_target' from command line to 'None'
[0.439s] Level 5:colcon.colcon_core.verb:set package 'unity_robotics_demo_msgs' build argument 'cmake_target_skip_unavailable' from command line to 'False'
[0.439s] Level 5:colcon.colcon_core.verb:set package 'unity_robotics_demo_msgs' build argument 'cmake_clean_cache' from command line to 'False'
[0.439s] Level 5:colcon.colcon_core.verb:set package 'unity_robotics_demo_msgs' build argument 'cmake_clean_first' from command line to 'False'
[0.439s] Level 5:colcon.colcon_core.verb:set package 'unity_robotics_demo_msgs' build argument 'cmake_force_configure' from command line to 'False'
[0.439s] Level 5:colcon.colcon_core.verb:set package 'unity_robotics_demo_msgs' build argument 'ament_cmake_args' from command line to 'None'
[0.439s] Level 5:colcon.colcon_core.verb:set package 'unity_robotics_demo_msgs' build argument 'catkin_cmake_args' from command line to 'None'
[0.439s] Level 5:colcon.colcon_core.verb:set package 'unity_robotics_demo_msgs' build argument 'catkin_skip_building_tests' from command line to 'False'
[0.440s] DEBUG:colcon.colcon_core.verb:Building package 'unity_robotics_demo_msgs' with the following arguments: {'ament_cmake_args': None, 'build_base': '/home/xrcdevelopment/IXR_ROS_Files/ros2_unity_ws1/build/unity_robotics_demo_msgs', 'catkin_cmake_args': None, 'catkin_skip_building_tests': False, 'cmake_args': None, 'cmake_clean_cache': False, 'cmake_clean_first': False, 'cmake_force_configure': False, 'cmake_target': None, 'cmake_target_skip_unavailable': False, 'install_base': '/home/xrcdevelopment/IXR_ROS_Files/ros2_unity_ws1/install/unity_robotics_demo_msgs', 'merge_install': False, 'path': '/home/xrcdevelopment/IXR_ROS_Files/ros2_unity_ws1/src/unity_robotics_demo_msgs', 'symlink_install': False, 'test_result_base': None}
[0.440s] Level 5:colcon.colcon_core.verb:set package 'dynamixel_sdk_examples' build argument 'cmake_args' from command line to 'None'
[0.440s] Level 5:colcon.colcon_core.verb:set package 'dynamixel_sdk_examples' build argument 'cmake_target' from command line to 'None'
[0.441s] Level 5:colcon.colcon_core.verb:set package 'dynamixel_sdk_examples' build argument 'cmake_target_skip_unavailable' from command line to 'False'
[0.441s] Level 5:colcon.colcon_core.verb:set package 'dynamixel_sdk_examples' build argument 'cmake_clean_cache' from command line to 'False'
[0.441s] Level 5:colcon.colcon_core.verb:set package 'dynamixel_sdk_examples' build argument 'cmake_clean_first' from command line to 'False'
[0.441s] Level 5:colcon.colcon_core.verb:set package 'dynamixel_sdk_examples' build argument 'cmake_force_configure' from command line to 'False'
[0.441s] Level 5:colcon.colcon_core.verb:set package 'dynamixel_sdk_examples' build argument 'ament_cmake_args' from command line to 'None'
[0.441s] Level 5:colcon.colcon_core.verb:set package 'dynamixel_sdk_examples' build argument 'catkin_cmake_args' from command line to 'None'
[0.441s] Level 5:colcon.colcon_core.verb:set package 'dynamixel_sdk_examples' build argument 'catkin_skip_building_tests' from command line to 'False'
[0.441s] DEBUG:colcon.colcon_core.verb:Building package 'dynamixel_sdk_examples' with the following arguments: {'ament_cmake_args': None, 'build_base': '/home/xrcdevelopment/IXR_ROS_Files/ros2_unity_ws1/build/dynamixel_sdk_examples', 'catkin_cmake_args': None, 'catkin_skip_building_tests': False, 'cmake_args': None, 'cmake_clean_cache': False, 'cmake_clean_first': False, 'cmake_force_configure': False, 'cmake_target': None, 'cmake_target_skip_unavailable': False, 'install_base': '/home/xrcdevelopment/IXR_ROS_Files/ros2_unity_ws1/install/dynamixel_sdk_examples', 'merge_install': False, 'path': '/home/xrcdevelopment/IXR_ROS_Files/ros2_unity_ws1/src/DynamixelSDK/dynamixel_sdk_examples', 'symlink_install': False, 'test_result_base': None}
[0.441s] INFO:colcon.colcon_core.executor:Executing jobs using 'parallel' executor
[0.444s] DEBUG:colcon.colcon_parallel_executor.executor.parallel:run_until_complete
[0.445s] INFO:colcon.colcon_ros.task.ament_cmake.build:Building ROS package in '/home/xrcdevelopment/IXR_ROS_Files/ros2_unity_ws1/src/DynamixelSDK/dynamixel_sdk' with build type 'ament_cmake'
[0.445s] INFO:colcon.colcon_cmake.task.cmake.build:Building CMake package in '/home/xrcdevelopment/IXR_ROS_Files/ros2_unity_ws1/src/DynamixelSDK/dynamixel_sdk'
[0.448s] INFO:colcon.colcon_core.plugin_system:Skipping extension 'colcon_core.shell.bat': Not used on non-Windows systems
[0.449s] INFO:colcon.colcon_core.shell:Skip shell extension 'powershell' for command environment: Not usable outside of PowerShell
[0.449s] DEBUG:colcon.colcon_core.shell:Skip shell extension 'dsv' for command environment
[0.454s] INFO:colcon.colcon_ros.task.ament_cmake.build:Building ROS package in '/home/xrcdevelopment/IXR_ROS_Files/ros2_unity_ws1/src/DynamixelSDK/dynamixel_sdk_custom_interfaces' with build type 'ament_cmake'
[0.454s] INFO:colcon.colcon_cmake.task.cmake.build:Building CMake package in '/home/xrcdevelopment/IXR_ROS_Files/ros2_unity_ws1/src/DynamixelSDK/dynamixel_sdk_custom_interfaces'
[0.455s] INFO:colcon.colcon_core.shell:Skip shell extension 'powershell' for command environment: Not usable outside of PowerShell
[0.455s] DEBUG:colcon.colcon_core.shell:Skip shell extension 'dsv' for command environment
[0.460s] INFO:colcon.colcon_ros.task.ament_python.build:Building ROS package in '/home/xrcdevelopment/IXR_ROS_Files/ros2_unity_ws1/src/ROS-TCP-Endpoint-main-ros2' with build type 'ament_python'
[0.461s] Level 1:colcon.colcon_core.shell:create_environment_hook('ros_tcp_endpoint', 'ament_prefix_path')
[0.462s] INFO:colcon.colcon_core.shell:Creating environment hook '/home/xrcdevelopment/IXR_ROS_Files/ros2_unity_ws1/install/ros_tcp_endpoint/share/ros_tcp_endpoint/hook/ament_prefix_path.ps1'
[0.463s] INFO:colcon.colcon_core.shell:Creating environment descriptor '/home/xrcdevelopment/IXR_ROS_Files/ros2_unity_ws1/install/ros_tcp_endpoint/share/ros_tcp_endpoint/hook/ament_prefix_path.dsv'
[0.463s] INFO:colcon.colcon_core.shell:Creating environment hook '/home/xrcdevelopment/IXR_ROS_Files/ros2_unity_ws1/install/ros_tcp_endpoint/share/ros_tcp_endpoint/hook/ament_prefix_path.sh'
[0.464s] INFO:colcon.colcon_core.shell:Skip shell extension 'powershell' for command environment: Not usable outside of PowerShell
[0.464s] DEBUG:colcon.colcon_core.shell:Skip shell extension 'dsv' for command environment
[0.469s] INFO:colcon.colcon_ros.task.ament_python.build:Building ROS package in '/home/xrcdevelopment/IXR_ROS_Files/ros2_unity_ws1/src/unity_robotics_demo' with build type 'ament_python'
[0.469s] Level 1:colcon.colcon_core.shell:create_environment_hook('unity_robotics_demo', 'ament_prefix_path')
[0.471s] INFO:colcon.colcon_core.shell:Creating environment hook '/home/xrcdevelopment/IXR_ROS_Files/ros2_unity_ws1/install/unity_robotics_demo/share/unity_robotics_demo/hook/ament_prefix_path.ps1'
[0.472s] INFO:colcon.colcon_core.shell:Creating environment descriptor '/home/xrcdevelopment/IXR_ROS_Files/ros2_unity_ws1/install/unity_robotics_demo/share/unity_robotics_demo/hook/ament_prefix_path.dsv'
[0.473s] INFO:colcon.colcon_core.shell:Creating environment hook '/home/xrcdevelopment/IXR_ROS_Files/ros2_unity_ws1/install/unity_robotics_demo/share/unity_robotics_demo/hook/ament_prefix_path.sh'
[0.475s] INFO:colcon.colcon_core.shell:Skip shell extension 'powershell' for command environment: Not usable outside of PowerShell
[0.475s] DEBUG:colcon.colcon_core.shell:Skip shell extension 'dsv' for command environment
[0.480s] INFO:colcon.colcon_ros.task.ament_cmake.build:Building ROS package in '/home/xrcdevelopment/IXR_ROS_Files/ros2_unity_ws1/src/unity_robotics_demo_msgs' with build type 'ament_cmake'
[0.480s] INFO:colcon.colcon_cmake.task.cmake.build:Building CMake package in '/home/xrcdevelopment/IXR_ROS_Files/ros2_unity_ws1/src/unity_robotics_demo_msgs'
[0.481s] INFO:colcon.colcon_core.shell:Skip shell extension 'powershell' for command environment: Not usable outside of PowerShell
[0.481s] DEBUG:colcon.colcon_core.shell:Skip shell extension 'dsv' for command environment
[0.490s] DEBUG:colcon.colcon_core.event_handler.log_command:Invoking command in '/home/xrcdevelopment/IXR_ROS_Files/ros2_unity_ws1/build/dynamixel_sdk': CMAKE_PREFIX_PATH=${CMAKE_PREFIX_PATH}:/home/xrcdevelopment/IXR_ROS_Files/ros2_unity_ws1/install/unity_robotics_demo:/home/xrcdevelopment/IXR_ROS_Files/ros2_unity_ws1/install/ros_tcp_endpoint:/home/xrcdevelopment/ros/ros2_unity_ws1/install/unity_robotics_demo_msgs:/home/xrcdevelopment/ros/ros2_unity_ws1/install/unity_robotics_demo:/home/xrcdevelopment/ros/ros2_unity_ws1/install/ros_tcp_endpoint:/opt/ros/humble /usr/bin/cmake --build /home/xrcdevelopment/IXR_ROS_Files/ros2_unity_ws1/build/dynamixel_sdk -- -j8 -l8
[0.495s] DEBUG:colcon.colcon_core.event_handler.log_command:Invoking command in '/home/xrcdevelopment/IXR_ROS_Files/ros2_unity_ws1/build/dynamixel_sdk_custom_interfaces': CMAKE_PREFIX_PATH=${CMAKE_PREFIX_PATH}:/home/xrcdevelopment/IXR_ROS_Files/ros2_unity_ws1/install/unity_robotics_demo:/home/xrcdevelopment/IXR_ROS_Files/ros2_unity_ws1/install/ros_tcp_endpoint:/home/xrcdevelopment/ros/ros2_unity_ws1/install/unity_robotics_demo_msgs:/home/xrcdevelopment/ros/ros2_unity_ws1/install/unity_robotics_demo:/home/xrcdevelopment/ros/ros2_unity_ws1/install/ros_tcp_endpoint:/opt/ros/humble /usr/bin/cmake --build /home/xrcdevelopment/IXR_ROS_Files/ros2_unity_ws1/build/dynamixel_sdk_custom_interfaces -- -j8 -l8
[0.777s] INFO:colcon.colcon_core.task.python.build:Building Python package in '/home/xrcdevelopment/IXR_ROS_Files/ros2_unity_ws1/src/ROS-TCP-Endpoint-main-ros2'
[0.779s] INFO:colcon.colcon_core.shell:Skip shell extension 'powershell' for command environment: Not usable outside of PowerShell
[0.779s] DEBUG:colcon.colcon_core.shell:Skip shell extension 'dsv' for command environment
[1.032s] INFO:colcon.colcon_core.task.python.build:Building Python package in '/home/xrcdevelopment/IXR_ROS_Files/ros2_unity_ws1/src/unity_robotics_demo'
[1.033s] INFO:colcon.colcon_core.shell:Skip shell extension 'powershell' for command environment: Not usable outside of PowerShell
[1.033s] DEBUG:colcon.colcon_core.shell:Skip shell extension 'dsv' for command environment
[1.054s] DEBUG:colcon.colcon_core.event_handler.log_command:Invoked command in '/home/xrcdevelopment/IXR_ROS_Files/ros2_unity_ws1/build/dynamixel_sdk' returned '0': CMAKE_PREFIX_PATH=${CMAKE_PREFIX_PATH}:/home/xrcdevelopment/IXR_ROS_Files/ros2_unity_ws1/install/unity_robotics_demo:/home/xrcdevelopment/IXR_ROS_Files/ros2_unity_ws1/install/ros_tcp_endpoint:/home/xrcdevelopment/ros/ros2_unity_ws1/install/unity_robotics_demo_msgs:/home/xrcdevelopment/ros/ros2_unity_ws1/install/unity_robotics_demo:/home/xrcdevelopment/ros/ros2_unity_ws1/install/ros_tcp_endpoint:/opt/ros/humble /usr/bin/cmake --build /home/xrcdevelopment/IXR_ROS_Files/ros2_unity_ws1/build/dynamixel_sdk -- -j8 -l8
[1.055s] DEBUG:colcon.colcon_core.event_handler.log_command:Invoked command in '/home/xrcdevelopment/IXR_ROS_Files/ros2_unity_ws1/build/dynamixel_sdk_custom_interfaces' returned '0': CMAKE_PREFIX_PATH=${CMAKE_PREFIX_PATH}:/home/xrcdevelopment/IXR_ROS_Files/ros2_unity_ws1/install/unity_robotics_demo:/home/xrcdevelopment/IXR_ROS_Files/ros2_unity_ws1/install/ros_tcp_endpoint:/home/xrcdevelopment/ros/ros2_unity_ws1/install/unity_robotics_demo_msgs:/home/xrcdevelopment/ros/ros2_unity_ws1/install/unity_robotics_demo:/home/xrcdevelopment/ros/ros2_unity_ws1/install/ros_tcp_endpoint:/opt/ros/humble /usr/bin/cmake --build /home/xrcdevelopment/IXR_ROS_Files/ros2_unity_ws1/build/dynamixel_sdk_custom_interfaces -- -j8 -l8
[1.056s] DEBUG:colcon.colcon_core.event_handler.log_command:Invoking command in '/home/xrcdevelopment/IXR_ROS_Files/ros2_unity_ws1/build/unity_robotics_demo_msgs': CMAKE_PREFIX_PATH=${CMAKE_PREFIX_PATH}:/home/xrcdevelopment/IXR_ROS_Files/ros2_unity_ws1/install/unity_robotics_demo:/home/xrcdevelopment/IXR_ROS_Files/ros2_unity_ws1/install/ros_tcp_endpoint:/home/xrcdevelopment/ros/ros2_unity_ws1/install/unity_robotics_demo_msgs:/home/xrcdevelopment/ros/ros2_unity_ws1/install/unity_robotics_demo:/home/xrcdevelopment/ros/ros2_unity_ws1/install/ros_tcp_endpoint:/opt/ros/humble /usr/bin/cmake --build /home/xrcdevelopment/IXR_ROS_Files/ros2_unity_ws1/build/unity_robotics_demo_msgs -- -j8 -l8
[1.124s] DEBUG:colcon.colcon_core.event_handler.log_command:Invoking command in '/home/xrcdevelopment/IXR_ROS_Files/ros2_unity_ws1/build/dynamixel_sdk': CMAKE_PREFIX_PATH=${CMAKE_PREFIX_PATH}:/home/xrcdevelopment/IXR_ROS_Files/ros2_unity_ws1/install/unity_robotics_demo:/home/xrcdevelopment/IXR_ROS_Files/ros2_unity_ws1/install/ros_tcp_endpoint:/home/xrcdevelopment/ros/ros2_unity_ws1/install/unity_robotics_demo_msgs:/home/xrcdevelopment/ros/ros2_unity_ws1/install/unity_robotics_demo:/home/xrcdevelopment/ros/ros2_unity_ws1/install/ros_tcp_endpoint:/opt/ros/humble /usr/bin/cmake --install /home/xrcdevelopment/IXR_ROS_Files/ros2_unity_ws1/build/dynamixel_sdk
[1.146s] Level 1:colcon.colcon_core.environment:create_environment_scripts_only(dynamixel_sdk)
[1.154s] Level 1:colcon.colcon_core.environment:checking '/home/xrcdevelopment/IXR_ROS_Files/ros2_unity_ws1/install/dynamixel_sdk' for CMake module files
[1.155s] Level 1:colcon.colcon_core.environment:checking '/home/xrcdevelopment/IXR_ROS_Files/ros2_unity_ws1/install/dynamixel_sdk' for CMake config files
[1.155s] Level 1:colcon.colcon_core.shell:create_environment_hook('dynamixel_sdk', 'cmake_prefix_path')
[1.158s] INFO:colcon.colcon_core.shell:Creating environment hook '/home/xrcdevelopment/IXR_ROS_Files/ros2_unity_ws1/install/dynamixel_sdk/share/dynamixel_sdk/hook/cmake_prefix_path.ps1'
[1.159s] DEBUG:colcon.colcon_core.event_handler.log_command:Invoked command in '/home/xrcdevelopment/IXR_ROS_Files/ros2_unity_ws1/build/dynamixel_sdk' returned '0': CMAKE_PREFIX_PATH=${CMAKE_PREFIX_PATH}:/home/xrcdevelopment/IXR_ROS_Files/ros2_unity_ws1/install/unity_robotics_demo:/home/xrcdevelopment/IXR_ROS_Files/ros2_unity_ws1/install/ros_tcp_endpoint:/home/xrcdevelopment/ros/ros2_unity_ws1/install/unity_robotics_demo_msgs:/home/xrcdevelopment/ros/ros2_unity_ws1/install/unity_robotics_demo:/home/xrcdevelopment/ros/ros2_unity_ws1/install/ros_tcp_endpoint:/opt/ros/humble /usr/bin/cmake --install /home/xrcdevelopment/IXR_ROS_Files/ros2_unity_ws1/build/dynamixel_sdk
[1.160s] INFO:colcon.colcon_core.shell:Creating environment descriptor '/home/xrcdevelopment/IXR_ROS_Files/ros2_unity_ws1/install/dynamixel_sdk/share/dynamixel_sdk/hook/cmake_prefix_path.dsv'
[1.160s] INFO:colcon.colcon_core.shell:Creating environment hook '/home/xrcdevelopment/IXR_ROS_Files/ros2_unity_ws1/install/dynamixel_sdk/share/dynamixel_sdk/hook/cmake_prefix_path.sh'
[1.161s] Level 1:colcon.colcon_core.environment:checking '/home/xrcdevelopment/IXR_ROS_Files/ros2_unity_ws1/install/dynamixel_sdk/lib'
[1.161s] Level 1:colcon.colcon_core.shell:create_environment_hook('dynamixel_sdk', 'ld_library_path_lib')
[1.164s] INFO:colcon.colcon_core.shell:Creating environment hook '/home/xrcdevelopment/IXR_ROS_Files/ros2_unity_ws1/install/dynamixel_sdk/share/dynamixel_sdk/hook/ld_library_path_lib.ps1'
[1.165s] INFO:colcon.colcon_core.shell:Creating environment descriptor '/home/xrcdevelopment/IXR_ROS_Files/ros2_unity_ws1/install/dynamixel_sdk/share/dynamixel_sdk/hook/ld_library_path_lib.dsv'
[1.165s] INFO:colcon.colcon_core.shell:Creating environment hook '/home/xrcdevelopment/IXR_ROS_Files/ros2_unity_ws1/install/dynamixel_sdk/share/dynamixel_sdk/hook/ld_library_path_lib.sh'
[1.166s] Level 1:colcon.colcon_core.environment:checking '/home/xrcdevelopment/IXR_ROS_Files/ros2_unity_ws1/install/dynamixel_sdk/bin'
[1.167s] Level 1:colcon.colcon_core.environment:checking '/home/xrcdevelopment/IXR_ROS_Files/ros2_unity_ws1/install/dynamixel_sdk/lib/pkgconfig/dynamixel_sdk.pc'
[1.167s] Level 1:colcon.colcon_core.environment:checking '/home/xrcdevelopment/IXR_ROS_Files/ros2_unity_ws1/install/dynamixel_sdk/lib/python3.10/site-packages'
[1.168s] Level 1:colcon.colcon_core.environment:checking '/home/xrcdevelopment/IXR_ROS_Files/ros2_unity_ws1/install/dynamixel_sdk/bin'
[1.171s] INFO:colcon.colcon_core.shell:Creating package script '/home/xrcdevelopment/IXR_ROS_Files/ros2_unity_ws1/install/dynamixel_sdk/share/dynamixel_sdk/package.ps1'
[1.178s] INFO:colcon.colcon_core.shell:Creating package descriptor '/home/xrcdevelopment/IXR_ROS_Files/ros2_unity_ws1/install/dynamixel_sdk/share/dynamixel_sdk/package.dsv'
[1.180s] INFO:colcon.colcon_core.shell:Creating package script '/home/xrcdevelopment/IXR_ROS_Files/ros2_unity_ws1/install/dynamixel_sdk/share/dynamixel_sdk/package.sh'
[1.182s] INFO:colcon.colcon_core.shell:Creating package script '/home/xrcdevelopment/IXR_ROS_Files/ros2_unity_ws1/install/dynamixel_sdk/share/dynamixel_sdk/package.bash'
[1.183s] INFO:colcon.colcon_core.shell:Creating package script '/home/xrcdevelopment/IXR_ROS_Files/ros2_unity_ws1/install/dynamixel_sdk/share/dynamixel_sdk/package.zsh'
[1.184s] Level 1:colcon.colcon_core.environment:create_file_with_runtime_dependencies(/home/xrcdevelopment/IXR_ROS_Files/ros2_unity_ws1/install/dynamixel_sdk/share/colcon-core/packages/dynamixel_sdk)
[1.238s] DEBUG:colcon.colcon_core.event_handler.log_command:Invoking command in '/home/xrcdevelopment/IXR_ROS_Files/ros2_unity_ws1/build/dynamixel_sdk_custom_interfaces': CMAKE_PREFIX_PATH=${CMAKE_PREFIX_PATH}:/home/xrcdevelopment/IXR_ROS_Files/ros2_unity_ws1/install/unity_robotics_demo:/home/xrcdevelopment/IXR_ROS_Files/ros2_unity_ws1/install/ros_tcp_endpoint:/home/xrcdevelopment/ros/ros2_unity_ws1/install/unity_robotics_demo_msgs:/home/xrcdevelopment/ros/ros2_unity_ws1/install/unity_robotics_demo:/home/xrcdevelopment/ros/ros2_unity_ws1/install/ros_tcp_endpoint:/opt/ros/humble /usr/bin/cmake --install /home/xrcdevelopment/IXR_ROS_Files/ros2_unity_ws1/build/dynamixel_sdk_custom_interfaces
[1.278s] Level 1:colcon.colcon_core.environment:create_environment_scripts_only(dynamixel_sdk)
[1.281s] Level 1:colcon.colcon_core.environment:checking '/home/xrcdevelopment/IXR_ROS_Files/ros2_unity_ws1/install/dynamixel_sdk' for CMake module files
[1.282s] Level 1:colcon.colcon_core.environment:checking '/home/xrcdevelopment/IXR_ROS_Files/ros2_unity_ws1/install/dynamixel_sdk' for CMake config files
[1.282s] Level 1:colcon.colcon_core.shell:create_environment_hook('dynamixel_sdk', 'cmake_prefix_path')
[1.285s] INFO:colcon.colcon_core.shell:Creating environment hook '/home/xrcdevelopment/IXR_ROS_Files/ros2_unity_ws1/install/dynamixel_sdk/share/dynamixel_sdk/hook/cmake_prefix_path.ps1'
[1.285s] INFO:colcon.colcon_core.shell:Creating environment descriptor '/home/xrcdevelopment/IXR_ROS_Files/ros2_unity_ws1/install/dynamixel_sdk/share/dynamixel_sdk/hook/cmake_prefix_path.dsv'
[1.285s] INFO:colcon.colcon_core.shell:Creating environment hook '/home/xrcdevelopment/IXR_ROS_Files/ros2_unity_ws1/install/dynamixel_sdk/share/dynamixel_sdk/hook/cmake_prefix_path.sh'
[1.286s] Level 1:colcon.colcon_core.environment:checking '/home/xrcdevelopment/IXR_ROS_Files/ros2_unity_ws1/install/dynamixel_sdk/lib'
[1.286s] Level 1:colcon.colcon_core.shell:create_environment_hook('dynamixel_sdk', 'ld_library_path_lib')
[1.288s] INFO:colcon.colcon_core.shell:Creating environment hook '/home/xrcdevelopment/IXR_ROS_Files/ros2_unity_ws1/install/dynamixel_sdk/share/dynamixel_sdk/hook/ld_library_path_lib.ps1'
[1.289s] INFO:colcon.colcon_core.shell:Creating environment descriptor '/home/xrcdevelopment/IXR_ROS_Files/ros2_unity_ws1/install/dynamixel_sdk/share/dynamixel_sdk/hook/ld_library_path_lib.dsv'
[1.290s] INFO:colcon.colcon_core.shell:Creating environment hook '/home/xrcdevelopment/IXR_ROS_Files/ros2_unity_ws1/install/dynamixel_sdk/share/dynamixel_sdk/hook/ld_library_path_lib.sh'
[1.290s] Level 1:colcon.colcon_core.environment:checking '/home/xrcdevelopment/IXR_ROS_Files/ros2_unity_ws1/install/dynamixel_sdk/bin'
[1.290s] Level 1:colcon.colcon_core.environment:checking '/home/xrcdevelopment/IXR_ROS_Files/ros2_unity_ws1/install/dynamixel_sdk/lib/pkgconfig/dynamixel_sdk.pc'
[1.297s] Level 1:colcon.colcon_core.environment:checking '/home/xrcdevelopment/IXR_ROS_Files/ros2_unity_ws1/install/dynamixel_sdk/lib/python3.10/site-packages'
[1.297s] Level 1:colcon.colcon_core.environment:checking '/home/xrcdevelopment/IXR_ROS_Files/ros2_unity_ws1/install/dynamixel_sdk/bin'
[1.300s] INFO:colcon.colcon_core.shell:Creating package script '/home/xrcdevelopment/IXR_ROS_Files/ros2_unity_ws1/install/dynamixel_sdk/share/dynamixel_sdk/package.ps1'
[1.301s] INFO:colcon.colcon_core.shell:Creating package descriptor '/home/xrcdevelopment/IXR_ROS_Files/ros2_unity_ws1/install/dynamixel_sdk/share/dynamixel_sdk/package.dsv'
[1.301s] INFO:colcon.colcon_core.shell:Creating package script '/home/xrcdevelopment/IXR_ROS_Files/ros2_unity_ws1/install/dynamixel_sdk/share/dynamixel_sdk/package.sh'
[1.302s] INFO:colcon.colcon_core.shell:Creating package script '/home/xrcdevelopment/IXR_ROS_Files/ros2_unity_ws1/install/dynamixel_sdk/share/dynamixel_sdk/package.bash'
[1.302s] INFO:colcon.colcon_core.shell:Creating package script '/home/xrcdevelopment/IXR_ROS_Files/ros2_unity_ws1/install/dynamixel_sdk/share/dynamixel_sdk/package.zsh'
[1.303s] Level 1:colcon.colcon_core.environment:create_file_with_runtime_dependencies(/home/xrcdevelopment/IXR_ROS_Files/ros2_unity_ws1/install/dynamixel_sdk/share/colcon-core/packages/dynamixel_sdk)
[1.346s] Level 1:colcon.colcon_core.environment:create_environment_scripts_only(dynamixel_sdk_custom_interfaces)
[1.349s] Level 1:colcon.colcon_core.environment:checking '/home/xrcdevelopment/IXR_ROS_Files/ros2_unity_ws1/install/dynamixel_sdk_custom_interfaces' for CMake module files
[1.350s] Level 1:colcon.colcon_core.environment:checking '/home/xrcdevelopment/IXR_ROS_Files/ros2_unity_ws1/install/dynamixel_sdk_custom_interfaces' for CMake config files
[1.351s] Level 1:colcon.colcon_core.shell:create_environment_hook('dynamixel_sdk_custom_interfaces', 'cmake_prefix_path')
[1.352s] INFO:colcon.colcon_core.shell:Creating environment hook '/home/xrcdevelopment/IXR_ROS_Files/ros2_unity_ws1/install/dynamixel_sdk_custom_interfaces/share/dynamixel_sdk_custom_interfaces/hook/cmake_prefix_path.ps1'
[1.353s] INFO:colcon.colcon_core.shell:Creating environment descriptor '/home/xrcdevelopment/IXR_ROS_Files/ros2_unity_ws1/install/dynamixel_sdk_custom_interfaces/share/dynamixel_sdk_custom_interfaces/hook/cmake_prefix_path.dsv'
[1.354s] INFO:colcon.colcon_core.shell:Creating environment hook '/home/xrcdevelopment/IXR_ROS_Files/ros2_unity_ws1/install/dynamixel_sdk_custom_interfaces/share/dynamixel_sdk_custom_interfaces/hook/cmake_prefix_path.sh'
[1.355s] Level 1:colcon.colcon_core.environment:checking '/home/xrcdevelopment/IXR_ROS_Files/ros2_unity_ws1/install/dynamixel_sdk_custom_interfaces/lib'
[1.355s] Level 1:colcon.colcon_core.shell:create_environment_hook('dynamixel_sdk_custom_interfaces', 'ld_library_path_lib')
[1.357s] INFO:colcon.colcon_core.shell:Creating environment hook '/home/xrcdevelopment/IXR_ROS_Files/ros2_unity_ws1/install/dynamixel_sdk_custom_interfaces/share/dynamixel_sdk_custom_interfaces/hook/ld_library_path_lib.ps1'
[1.358s] INFO:colcon.colcon_core.shell:Creating environment descriptor '/home/xrcdevelopment/IXR_ROS_Files/ros2_unity_ws1/install/dynamixel_sdk_custom_interfaces/share/dynamixel_sdk_custom_interfaces/hook/ld_library_path_lib.dsv'
[1.358s] DEBUG:colcon.colcon_core.event_handler.log_command:Invoked command in '/home/xrcdevelopment/IXR_ROS_Files/ros2_unity_ws1/build/dynamixel_sdk_custom_interfaces' returned '0': CMAKE_PREFIX_PATH=${CMAKE_PREFIX_PATH}:/home/xrcdevelopment/IXR_ROS_Files/ros2_unity_ws1/install/unity_robotics_demo:/home/xrcdevelopment/IXR_ROS_Files/ros2_unity_ws1/install/ros_tcp_endpoint:/home/xrcdevelopment/ros/ros2_unity_ws1/install/unity_robotics_demo_msgs:/home/xrcdevelopment/ros/ros2_unity_ws1/install/unity_robotics_demo:/home/xrcdevelopment/ros/ros2_unity_ws1/install/ros_tcp_endpoint:/opt/ros/humble /usr/bin/cmake --install /home/xrcdevelopment/IXR_ROS_Files/ros2_unity_ws1/build/dynamixel_sdk_custom_interfaces
[1.358s] INFO:colcon.colcon_core.shell:Creating environment hook '/home/xrcdevelopment/IXR_ROS_Files/ros2_unity_ws1/install/dynamixel_sdk_custom_interfaces/share/dynamixel_sdk_custom_interfaces/hook/ld_library_path_lib.sh'
[1.359s] Level 1:colcon.colcon_core.environment:checking '/home/xrcdevelopment/IXR_ROS_Files/ros2_unity_ws1/install/dynamixel_sdk_custom_interfaces/bin'
[1.359s] Level 1:colcon.colcon_core.environment:checking '/home/xrcdevelopment/IXR_ROS_Files/ros2_unity_ws1/install/dynamixel_sdk_custom_interfaces/lib/pkgconfig/dynamixel_sdk_custom_interfaces.pc'
[1.360s] Level 1:colcon.colcon_core.environment:checking '/home/xrcdevelopment/IXR_ROS_Files/ros2_unity_ws1/install/dynamixel_sdk_custom_interfaces/lib/python3.10/site-packages'
[1.360s] Level 1:colcon.colcon_core.environment:checking '/home/xrcdevelopment/IXR_ROS_Files/ros2_unity_ws1/install/dynamixel_sdk_custom_interfaces/bin'
[1.362s] INFO:colcon.colcon_core.shell:Creating package script '/home/xrcdevelopment/IXR_ROS_Files/ros2_unity_ws1/install/dynamixel_sdk_custom_interfaces/share/dynamixel_sdk_custom_interfaces/package.ps1'
[1.363s] INFO:colcon.colcon_core.shell:Creating package descriptor '/home/xrcdevelopment/IXR_ROS_Files/ros2_unity_ws1/install/dynamixel_sdk_custom_interfaces/share/dynamixel_sdk_custom_interfaces/package.dsv'
[1.363s] INFO:colcon.colcon_core.shell:Creating package script '/home/xrcdevelopment/IXR_ROS_Files/ros2_unity_ws1/install/dynamixel_sdk_custom_interfaces/share/dynamixel_sdk_custom_interfaces/package.sh'
[1.364s] INFO:colcon.colcon_core.shell:Creating package script '/home/xrcdevelopment/IXR_ROS_Files/ros2_unity_ws1/install/dynamixel_sdk_custom_interfaces/share/dynamixel_sdk_custom_interfaces/package.bash'
[1.364s] INFO:colcon.colcon_core.shell:Creating package script '/home/xrcdevelopment/IXR_ROS_Files/ros2_unity_ws1/install/dynamixel_sdk_custom_interfaces/share/dynamixel_sdk_custom_interfaces/package.zsh'
[1.364s] Level 1:colcon.colcon_core.environment:create_file_with_runtime_dependencies(/home/xrcdevelopment/IXR_ROS_Files/ros2_unity_ws1/install/dynamixel_sdk_custom_interfaces/share/colcon-core/packages/dynamixel_sdk_custom_interfaces)
[1.501s] Level 1:colcon.colcon_core.environment:create_environment_scripts_only(dynamixel_sdk_custom_interfaces)
[1.505s] Level 1:colcon.colcon_core.environment:checking '/home/xrcdevelopment/IXR_ROS_Files/ros2_unity_ws1/install/dynamixel_sdk_custom_interfaces' for CMake module files
[1.506s] Level 1:colcon.colcon_core.environment:checking '/home/xrcdevelopment/IXR_ROS_Files/ros2_unity_ws1/install/dynamixel_sdk_custom_interfaces' for CMake config files
[1.507s] Level 1:colcon.colcon_core.shell:create_environment_hook('dynamixel_sdk_custom_interfaces', 'cmake_prefix_path')
[1.509s] INFO:colcon.colcon_core.shell:Creating environment hook '/home/xrcdevelopment/IXR_ROS_Files/ros2_unity_ws1/install/dynamixel_sdk_custom_interfaces/share/dynamixel_sdk_custom_interfaces/hook/cmake_prefix_path.ps1'
[1.510s] INFO:colcon.colcon_core.shell:Creating environment descriptor '/home/xrcdevelopment/IXR_ROS_Files/ros2_unity_ws1/install/dynamixel_sdk_custom_interfaces/share/dynamixel_sdk_custom_interfaces/hook/cmake_prefix_path.dsv'
[1.511s] INFO:colcon.colcon_core.shell:Creating environment hook '/home/xrcdevelopment/IXR_ROS_Files/ros2_unity_ws1/install/dynamixel_sdk_custom_interfaces/share/dynamixel_sdk_custom_interfaces/hook/cmake_prefix_path.sh'
[1.511s] Level 1:colcon.colcon_core.environment:checking '/home/xrcdevelopment/IXR_ROS_Files/ros2_unity_ws1/install/dynamixel_sdk_custom_interfaces/lib'
[1.511s] Level 1:colcon.colcon_core.shell:create_environment_hook('dynamixel_sdk_custom_interfaces', 'ld_library_path_lib')
[1.514s] INFO:colcon.colcon_core.shell:Creating environment hook '/home/xrcdevelopment/IXR_ROS_Files/ros2_unity_ws1/install/dynamixel_sdk_custom_interfaces/share/dynamixel_sdk_custom_interfaces/hook/ld_library_path_lib.ps1'
[1.514s] INFO:colcon.colcon_core.shell:Creating environment descriptor '/home/xrcdevelopment/IXR_ROS_Files/ros2_unity_ws1/install/dynamixel_sdk_custom_interfaces/share/dynamixel_sdk_custom_interfaces/hook/ld_library_path_lib.dsv'
[1.515s] INFO:colcon.colcon_core.shell:Creating environment hook '/home/xrcdevelopment/IXR_ROS_Files/ros2_unity_ws1/install/dynamixel_sdk_custom_interfaces/share/dynamixel_sdk_custom_interfaces/hook/ld_library_path_lib.sh'
[1.515s] Level 1:colcon.colcon_core.environment:checking '/home/xrcdevelopment/IXR_ROS_Files/ros2_unity_ws1/install/dynamixel_sdk_custom_interfaces/bin'
[1.515s] Level 1:colcon.colcon_core.environment:checking '/home/xrcdevelopment/IXR_ROS_Files/ros2_unity_ws1/install/dynamixel_sdk_custom_interfaces/lib/pkgconfig/dynamixel_sdk_custom_interfaces.pc'
[1.516s] Level 1:colcon.colcon_core.environment:checking '/home/xrcdevelopment/IXR_ROS_Files/ros2_unity_ws1/install/dynamixel_sdk_custom_interfaces/lib/python3.10/site-packages'
[1.516s] Level 1:colcon.colcon_core.environment:checking '/home/xrcdevelopment/IXR_ROS_Files/ros2_unity_ws1/install/dynamixel_sdk_custom_interfaces/bin'
[1.519s] INFO:colcon.colcon_core.shell:Creating package script '/home/xrcdevelopment/IXR_ROS_Files/ros2_unity_ws1/install/dynamixel_sdk_custom_interfaces/share/dynamixel_sdk_custom_interfaces/package.ps1'
[1.520s] INFO:colcon.colcon_core.shell:Creating package descriptor '/home/xrcdevelopment/IXR_ROS_Files/ros2_unity_ws1/install/dynamixel_sdk_custom_interfaces/share/dynamixel_sdk_custom_interfaces/package.dsv'
[1.522s] INFO:colcon.colcon_core.shell:Creating package script '/home/xrcdevelopment/IXR_ROS_Files/ros2_unity_ws1/install/dynamixel_sdk_custom_interfaces/share/dynamixel_sdk_custom_interfaces/package.sh'
[1.523s] INFO:colcon.colcon_core.shell:Creating package script '/home/xrcdevelopment/IXR_ROS_Files/ros2_unity_ws1/install/dynamixel_sdk_custom_interfaces/share/dynamixel_sdk_custom_interfaces/package.bash'
[1.524s] INFO:colcon.colcon_core.shell:Creating package script '/home/xrcdevelopment/IXR_ROS_Files/ros2_unity_ws1/install/dynamixel_sdk_custom_interfaces/share/dynamixel_sdk_custom_interfaces/package.zsh'
[1.525s] Level 1:colcon.colcon_core.environment:create_file_with_runtime_dependencies(/home/xrcdevelopment/IXR_ROS_Files/ros2_unity_ws1/install/dynamixel_sdk_custom_interfaces/share/colcon-core/packages/dynamixel_sdk_custom_interfaces)
[1.526s] INFO:colcon.colcon_ros.task.ament_cmake.build:Building ROS package in '/home/xrcdevelopment/IXR_ROS_Files/ros2_unity_ws1/src/DynamixelSDK/dynamixel_sdk_examples' with build type 'ament_cmake'
[1.526s] INFO:colcon.colcon_cmake.task.cmake.build:Building CMake package in '/home/xrcdevelopment/IXR_ROS_Files/ros2_unity_ws1/src/DynamixelSDK/dynamixel_sdk_examples'
[1.529s] INFO:colcon.colcon_core.shell:Skip shell extension 'powershell' for command environment: Not usable outside of PowerShell
[1.529s] DEBUG:colcon.colcon_core.shell:Skip shell extension 'dsv' for command environment
[1.561s] DEBUG:colcon.colcon_core.event_handler.log_command:Invoking command in '/home/xrcdevelopment/IXR_ROS_Files/ros2_unity_ws1/src/unity_robotics_demo': PYTHONPATH=/home/xrcdevelopment/IXR_ROS_Files/ros2_unity_ws1/build/unity_robotics_demo/prefix_override:/home/xrcdevelopment/IXR_ROS_Files/ros2_unity_ws1/install/unity_robotics_demo/lib/python3.10/site-packages:${PYTHONPATH} /usr/bin/python3 setup.py egg_info --egg-base ../../build/unity_robotics_demo build --build-base /home/xrcdevelopment/IXR_ROS_Files/ros2_unity_ws1/build/unity_robotics_demo/build install --record /home/xrcdevelopment/IXR_ROS_Files/ros2_unity_ws1/build/unity_robotics_demo/install.log --install-scripts $base/lib/unity_robotics_demo --single-version-externally-managed
[1.566s] DEBUG:colcon.colcon_core.event_handler.log_command:Invoking command in '/home/xrcdevelopment/IXR_ROS_Files/ros2_unity_ws1/build/dynamixel_sdk_examples': CMAKE_PREFIX_PATH=/home/xrcdevelopment/IXR_ROS_Files/ros2_unity_ws1/install/dynamixel_sdk_custom_interfaces:/home/xrcdevelopment/IXR_ROS_Files/ros2_unity_ws1/install/dynamixel_sdk:/home/xrcdevelopment/IXR_ROS_Files/ros2_unity_ws1/install/unity_robotics_demo_msgs:/home/xrcdevelopment/IXR_ROS_Files/ros2_unity_ws1/install/dynamixel_sdk_examples:/home/xrcdevelopment/IXR_ROS_Files/ros2_unity_ws1/install/unity_robotics_demo:/home/xrcdevelopment/IXR_ROS_Files/ros2_unity_ws1/install/ros_tcp_endpoint:/home/xrcdevelopment/ros/ros2_unity_ws1/install/unity_robotics_demo_msgs:/home/xrcdevelopment/ros/ros2_unity_ws1/install/unity_robotics_demo:/home/xrcdevelopment/ros/ros2_unity_ws1/install/ros_tcp_endpoint:/opt/ros/humble LD_LIBRARY_PATH=/home/xrcdevelopment/IXR_ROS_Files/ros2_unity_ws1/install/dynamixel_sdk_custom_interfaces/lib:/home/xrcdevelopment/IXR_ROS_Files/ros2_unity_ws1/install/dynamixel_sdk/lib:/home/xrcdevelopment/IXR_ROS_Files/ros2_unity_ws1/install/unity_robotics_demo_msgs/lib:/home/xrcdevelopment/ros/ros2_unity_ws1/install/unity_robotics_demo_msgs/lib:/opt/ros/humble/opt/rviz_ogre_vendor/lib:/opt/ros/humble/lib/x86_64-linux-gnu:/opt/ros/humble/lib /usr/bin/cmake --build /home/xrcdevelopment/IXR_ROS_Files/ros2_unity_ws1/build/dynamixel_sdk_examples -- -j8 -l8
[1.577s] DEBUG:colcon.colcon_core.event_handler.log_command:Invoking command in '/home/xrcdevelopment/IXR_ROS_Files/ros2_unity_ws1/src/ROS-TCP-Endpoint-main-ros2': PYTHONPATH=/home/xrcdevelopment/IXR_ROS_Files/ros2_unity_ws1/build/ros_tcp_endpoint/prefix_override:/home/xrcdevelopment/IXR_ROS_Files/ros2_unity_ws1/install/ros_tcp_endpoint/lib/python3.10/site-packages:${PYTHONPATH} /usr/bin/python3 setup.py egg_info --egg-base ../../build/ros_tcp_endpoint build --build-base /home/xrcdevelopment/IXR_ROS_Files/ros2_unity_ws1/build/ros_tcp_endpoint/build install --record /home/xrcdevelopment/IXR_ROS_Files/ros2_unity_ws1/build/ros_tcp_endpoint/install.log --install-scripts $base/lib/ros_tcp_endpoint --single-version-externally-managed
[1.656s] DEBUG:colcon.colcon_core.event_handler.log_command:Invoked command in '/home/xrcdevelopment/IXR_ROS_Files/ros2_unity_ws1/build/unity_robotics_demo_msgs' returned '0': CMAKE_PREFIX_PATH=${CMAKE_PREFIX_PATH}:/home/xrcdevelopment/IXR_ROS_Files/ros2_unity_ws1/install/unity_robotics_demo:/home/xrcdevelopment/IXR_ROS_Files/ros2_unity_ws1/install/ros_tcp_endpoint:/home/xrcdevelopment/ros/ros2_unity_ws1/install/unity_robotics_demo_msgs:/home/xrcdevelopment/ros/ros2_unity_ws1/install/unity_robotics_demo:/home/xrcdevelopment/ros/ros2_unity_ws1/install/ros_tcp_endpoint:/opt/ros/humble /usr/bin/cmake --build /home/xrcdevelopment/IXR_ROS_Files/ros2_unity_ws1/build/unity_robotics_demo_msgs -- -j8 -l8
[1.810s] DEBUG:colcon.colcon_core.event_handler.log_command:Invoking command in '/home/xrcdevelopment/IXR_ROS_Files/ros2_unity_ws1/build/unity_robotics_demo_msgs': CMAKE_PREFIX_PATH=${CMAKE_PREFIX_PATH}:/home/xrcdevelopment/IXR_ROS_Files/ros2_unity_ws1/install/unity_robotics_demo:/home/xrcdevelopment/IXR_ROS_Files/ros2_unity_ws1/install/ros_tcp_endpoint:/home/xrcdevelopment/ros/ros2_unity_ws1/install/unity_robotics_demo_msgs:/home/xrcdevelopment/ros/ros2_unity_ws1/install/unity_robotics_demo:/home/xrcdevelopment/ros/ros2_unity_ws1/install/ros_tcp_endpoint:/opt/ros/humble /usr/bin/cmake --install /home/xrcdevelopment/IXR_ROS_Files/ros2_unity_ws1/build/unity_robotics_demo_msgs
[1.910s] Level 1:colcon.colcon_core.environment:create_environment_scripts_only(unity_robotics_demo_msgs)
[1.913s] Level 1:colcon.colcon_core.environment:checking '/home/xrcdevelopment/IXR_ROS_Files/ros2_unity_ws1/install/unity_robotics_demo_msgs' for CMake module files
[1.915s] DEBUG:colcon.colcon_core.event_handler.log_command:Invoked command in '/home/xrcdevelopment/IXR_ROS_Files/ros2_unity_ws1/build/unity_robotics_demo_msgs' returned '0': CMAKE_PREFIX_PATH=${CMAKE_PREFIX_PATH}:/home/xrcdevelopment/IXR_ROS_Files/ros2_unity_ws1/install/unity_robotics_demo:/home/xrcdevelopment/IXR_ROS_Files/ros2_unity_ws1/install/ros_tcp_endpoint:/home/xrcdevelopment/ros/ros2_unity_ws1/install/unity_robotics_demo_msgs:/home/xrcdevelopment/ros/ros2_unity_ws1/install/unity_robotics_demo:/home/xrcdevelopment/ros/ros2_unity_ws1/install/ros_tcp_endpoint:/opt/ros/humble /usr/bin/cmake --install /home/xrcdevelopment/IXR_ROS_Files/ros2_unity_ws1/build/unity_robotics_demo_msgs
[1.915s] Level 1:colcon.colcon_core.environment:checking '/home/xrcdevelopment/IXR_ROS_Files/ros2_unity_ws1/install/unity_robotics_demo_msgs' for CMake config files
[1.916s] Level 1:colcon.colcon_core.shell:create_environment_hook('unity_robotics_demo_msgs', 'cmake_prefix_path')
[1.918s] INFO:colcon.colcon_core.shell:Creating environment hook '/home/xrcdevelopment/IXR_ROS_Files/ros2_unity_ws1/install/unity_robotics_demo_msgs/share/unity_robotics_demo_msgs/hook/cmake_prefix_path.ps1'
[1.919s] INFO:colcon.colcon_core.shell:Creating environment descriptor '/home/xrcdevelopment/IXR_ROS_Files/ros2_unity_ws1/install/unity_robotics_demo_msgs/share/unity_robotics_demo_msgs/hook/cmake_prefix_path.dsv'
[1.919s] INFO:colcon.colcon_core.shell:Creating environment hook '/home/xrcdevelopment/IXR_ROS_Files/ros2_unity_ws1/install/unity_robotics_demo_msgs/share/unity_robotics_demo_msgs/hook/cmake_prefix_path.sh'
[1.920s] Level 1:colcon.colcon_core.environment:checking '/home/xrcdevelopment/IXR_ROS_Files/ros2_unity_ws1/install/unity_robotics_demo_msgs/lib'
[1.920s] Level 1:colcon.colcon_core.shell:create_environment_hook('unity_robotics_demo_msgs', 'ld_library_path_lib')
[1.921s] INFO:colcon.colcon_core.shell:Creating environment hook '/home/xrcdevelopment/IXR_ROS_Files/ros2_unity_ws1/install/unity_robotics_demo_msgs/share/unity_robotics_demo_msgs/hook/ld_library_path_lib.ps1'
[1.921s] INFO:colcon.colcon_core.shell:Creating environment descriptor '/home/xrcdevelopment/IXR_ROS_Files/ros2_unity_ws1/install/unity_robotics_demo_msgs/share/unity_robotics_demo_msgs/hook/ld_library_path_lib.dsv'
[1.922s] INFO:colcon.colcon_core.shell:Creating environment hook '/home/xrcdevelopment/IXR_ROS_Files/ros2_unity_ws1/install/unity_robotics_demo_msgs/share/unity_robotics_demo_msgs/hook/ld_library_path_lib.sh'
[1.922s] Level 1:colcon.colcon_core.environment:checking '/home/xrcdevelopment/IXR_ROS_Files/ros2_unity_ws1/install/unity_robotics_demo_msgs/bin'
[1.922s] Level 1:colcon.colcon_core.environment:checking '/home/xrcdevelopment/IXR_ROS_Files/ros2_unity_ws1/install/unity_robotics_demo_msgs/lib/pkgconfig/unity_robotics_demo_msgs.pc'
[1.922s] Level 1:colcon.colcon_core.environment:checking '/home/xrcdevelopment/IXR_ROS_Files/ros2_unity_ws1/install/unity_robotics_demo_msgs/lib/python3.10/site-packages'
[1.922s] Level 1:colcon.colcon_core.environment:checking '/home/xrcdevelopment/IXR_ROS_Files/ros2_unity_ws1/install/unity_robotics_demo_msgs/bin'
[1.924s] INFO:colcon.colcon_core.shell:Creating package script '/home/xrcdevelopment/IXR_ROS_Files/ros2_unity_ws1/install/unity_robotics_demo_msgs/share/unity_robotics_demo_msgs/package.ps1'
[1.924s] INFO:colcon.colcon_core.shell:Creating package descriptor '/home/xrcdevelopment/IXR_ROS_Files/ros2_unity_ws1/install/unity_robotics_demo_msgs/share/unity_robotics_demo_msgs/package.dsv'
[1.924s] INFO:colcon.colcon_core.shell:Creating package script '/home/xrcdevelopment/IXR_ROS_Files/ros2_unity_ws1/install/unity_robotics_demo_msgs/share/unity_robotics_demo_msgs/package.sh'
[1.925s] INFO:colcon.colcon_core.shell:Creating package script '/home/xrcdevelopment/IXR_ROS_Files/ros2_unity_ws1/install/unity_robotics_demo_msgs/share/unity_robotics_demo_msgs/package.bash'
[1.925s] INFO:colcon.colcon_core.shell:Creating package script '/home/xrcdevelopment/IXR_ROS_Files/ros2_unity_ws1/install/unity_robotics_demo_msgs/share/unity_robotics_demo_msgs/package.zsh'
[1.926s] Level 1:colcon.colcon_core.environment:create_file_with_runtime_dependencies(/home/xrcdevelopment/IXR_ROS_Files/ros2_unity_ws1/install/unity_robotics_demo_msgs/share/colcon-core/packages/unity_robotics_demo_msgs)
[1.968s] Level 1:colcon.colcon_core.environment:checking '/home/xrcdevelopment/IXR_ROS_Files/ros2_unity_ws1/install/ros_tcp_endpoint' for CMake module files
[1.969s] DEBUG:colcon.colcon_core.event_handler.log_command:Invoked command in '/home/xrcdevelopment/IXR_ROS_Files/ros2_unity_ws1/src/ROS-TCP-Endpoint-main-ros2' returned '0': PYTHONPATH=/home/xrcdevelopment/IXR_ROS_Files/ros2_unity_ws1/build/ros_tcp_endpoint/prefix_override:/home/xrcdevelopment/IXR_ROS_Files/ros2_unity_ws1/install/ros_tcp_endpoint/lib/python3.10/site-packages:${PYTHONPATH} /usr/bin/python3 setup.py egg_info --egg-base ../../build/ros_tcp_endpoint build --build-base /home/xrcdevelopment/IXR_ROS_Files/ros2_unity_ws1/build/ros_tcp_endpoint/build install --record /home/xrcdevelopment/IXR_ROS_Files/ros2_unity_ws1/build/ros_tcp_endpoint/install.log --install-scripts $base/lib/ros_tcp_endpoint --single-version-externally-managed
[1.969s] Level 1:colcon.colcon_core.environment:checking '/home/xrcdevelopment/IXR_ROS_Files/ros2_unity_ws1/install/ros_tcp_endpoint' for CMake config files
[1.970s] Level 1:colcon.colcon_core.environment:checking '/home/xrcdevelopment/IXR_ROS_Files/ros2_unity_ws1/install/ros_tcp_endpoint/lib'
[1.970s] Level 1:colcon.colcon_core.environment:checking '/home/xrcdevelopment/IXR_ROS_Files/ros2_unity_ws1/install/ros_tcp_endpoint/bin'
[1.970s] Level 1:colcon.colcon_core.environment:checking '/home/xrcdevelopment/IXR_ROS_Files/ros2_unity_ws1/install/ros_tcp_endpoint/lib/pkgconfig/ros_tcp_endpoint.pc'
[1.970s] Level 1:colcon.colcon_core.environment:checking '/home/xrcdevelopment/IXR_ROS_Files/ros2_unity_ws1/install/ros_tcp_endpoint/lib/python3.10/site-packages'
[1.970s] Level 1:colcon.colcon_core.shell:create_environment_hook('ros_tcp_endpoint', 'pythonpath')
[1.972s] INFO:colcon.colcon_core.shell:Creating environment hook '/home/xrcdevelopment/IXR_ROS_Files/ros2_unity_ws1/install/ros_tcp_endpoint/share/ros_tcp_endpoint/hook/pythonpath.ps1'
[1.973s] INFO:colcon.colcon_core.shell:Creating environment descriptor '/home/xrcdevelopment/IXR_ROS_Files/ros2_unity_ws1/install/ros_tcp_endpoint/share/ros_tcp_endpoint/hook/pythonpath.dsv'
[1.973s] INFO:colcon.colcon_core.shell:Creating environment hook '/home/xrcdevelopment/IXR_ROS_Files/ros2_unity_ws1/install/ros_tcp_endpoint/share/ros_tcp_endpoint/hook/pythonpath.sh'
[1.974s] Level 1:colcon.colcon_core.environment:checking '/home/xrcdevelopment/IXR_ROS_Files/ros2_unity_ws1/install/ros_tcp_endpoint/bin'
[1.974s] Level 1:colcon.colcon_core.environment:create_environment_scripts_only(ros_tcp_endpoint)
[1.976s] INFO:colcon.colcon_core.shell:Creating package script '/home/xrcdevelopment/IXR_ROS_Files/ros2_unity_ws1/install/ros_tcp_endpoint/share/ros_tcp_endpoint/package.ps1'
[1.976s] INFO:colcon.colcon_core.shell:Creating package descriptor '/home/xrcdevelopment/IXR_ROS_Files/ros2_unity_ws1/install/ros_tcp_endpoint/share/ros_tcp_endpoint/package.dsv'
[1.977s] INFO:colcon.colcon_core.shell:Creating package script '/home/xrcdevelopment/IXR_ROS_Files/ros2_unity_ws1/install/ros_tcp_endpoint/share/ros_tcp_endpoint/package.sh'
[1.977s] INFO:colcon.colcon_core.shell:Creating package script '/home/xrcdevelopment/IXR_ROS_Files/ros2_unity_ws1/install/ros_tcp_endpoint/share/ros_tcp_endpoint/package.bash'
[1.978s] INFO:colcon.colcon_core.shell:Creating package script '/home/xrcdevelopment/IXR_ROS_Files/ros2_unity_ws1/install/ros_tcp_endpoint/share/ros_tcp_endpoint/package.zsh'
[1.978s] Level 1:colcon.colcon_core.environment:create_file_with_runtime_dependencies(/home/xrcdevelopment/IXR_ROS_Files/ros2_unity_ws1/install/ros_tcp_endpoint/share/colcon-core/packages/ros_tcp_endpoint)
[1.982s] Level 1:colcon.colcon_core.environment:checking '/home/xrcdevelopment/IXR_ROS_Files/ros2_unity_ws1/install/unity_robotics_demo' for CMake module files
[1.982s] DEBUG:colcon.colcon_core.event_handler.log_command:Invoked command in '/home/xrcdevelopment/IXR_ROS_Files/ros2_unity_ws1/src/unity_robotics_demo' returned '0': PYTHONPATH=/home/xrcdevelopment/IXR_ROS_Files/ros2_unity_ws1/build/unity_robotics_demo/prefix_override:/home/xrcdevelopment/IXR_ROS_Files/ros2_unity_ws1/install/unity_robotics_demo/lib/python3.10/site-packages:${PYTHONPATH} /usr/bin/python3 setup.py egg_info --egg-base ../../build/unity_robotics_demo build --build-base /home/xrcdevelopment/IXR_ROS_Files/ros2_unity_ws1/build/unity_robotics_demo/build install --record /home/xrcdevelopment/IXR_ROS_Files/ros2_unity_ws1/build/unity_robotics_demo/install.log --install-scripts $base/lib/unity_robotics_demo --single-version-externally-managed
[1.983s] Level 1:colcon.colcon_core.environment:checking '/home/xrcdevelopment/IXR_ROS_Files/ros2_unity_ws1/install/unity_robotics_demo' for CMake config files
[1.984s] Level 1:colcon.colcon_core.environment:checking '/home/xrcdevelopment/IXR_ROS_Files/ros2_unity_ws1/install/unity_robotics_demo/lib'
[1.984s] Level 1:colcon.colcon_core.environment:checking '/home/xrcdevelopment/IXR_ROS_Files/ros2_unity_ws1/install/unity_robotics_demo/bin'
[1.984s] Level 1:colcon.colcon_core.environment:checking '/home/xrcdevelopment/IXR_ROS_Files/ros2_unity_ws1/install/unity_robotics_demo/lib/pkgconfig/unity_robotics_demo.pc'
[1.984s] Level 1:colcon.colcon_core.environment:checking '/home/xrcdevelopment/IXR_ROS_Files/ros2_unity_ws1/install/unity_robotics_demo/lib/python3.10/site-packages'
[1.984s] Level 1:colcon.colcon_core.shell:create_environment_hook('unity_robotics_demo', 'pythonpath')
[1.986s] INFO:colcon.colcon_core.shell:Creating environment hook '/home/xrcdevelopment/IXR_ROS_Files/ros2_unity_ws1/install/unity_robotics_demo/share/unity_robotics_demo/hook/pythonpath.ps1'
[1.987s] INFO:colcon.colcon_core.shell:Creating environment descriptor '/home/xrcdevelopment/IXR_ROS_Files/ros2_unity_ws1/install/unity_robotics_demo/share/unity_robotics_demo/hook/pythonpath.dsv'
[1.987s] INFO:colcon.colcon_core.shell:Creating environment hook '/home/xrcdevelopment/IXR_ROS_Files/ros2_unity_ws1/install/unity_robotics_demo/share/unity_robotics_demo/hook/pythonpath.sh'
[1.988s] Level 1:colcon.colcon_core.environment:checking '/home/xrcdevelopment/IXR_ROS_Files/ros2_unity_ws1/install/unity_robotics_demo/bin'
[1.988s] Level 1:colcon.colcon_core.environment:create_environment_scripts_only(unity_robotics_demo)
[1.991s] INFO:colcon.colcon_core.shell:Creating package script '/home/xrcdevelopment/IXR_ROS_Files/ros2_unity_ws1/install/unity_robotics_demo/share/unity_robotics_demo/package.ps1'
[1.991s] INFO:colcon.colcon_core.shell:Creating package descriptor '/home/xrcdevelopment/IXR_ROS_Files/ros2_unity_ws1/install/unity_robotics_demo/share/unity_robotics_demo/package.dsv'
[1.992s] INFO:colcon.colcon_core.shell:Creating package script '/home/xrcdevelopment/IXR_ROS_Files/ros2_unity_ws1/install/unity_robotics_demo/share/unity_robotics_demo/package.sh'
[1.992s] INFO:colcon.colcon_core.shell:Creating package script '/home/xrcdevelopment/IXR_ROS_Files/ros2_unity_ws1/install/unity_robotics_demo/share/unity_robotics_demo/package.bash'
[1.993s] INFO:colcon.colcon_core.shell:Creating package script '/home/xrcdevelopment/IXR_ROS_Files/ros2_unity_ws1/install/unity_robotics_demo/share/unity_robotics_demo/package.zsh'
[1.993s] Level 1:colcon.colcon_core.environment:create_file_with_runtime_dependencies(/home/xrcdevelopment/IXR_ROS_Files/ros2_unity_ws1/install/unity_robotics_demo/share/colcon-core/packages/unity_robotics_demo)
[2.081s] Level 1:colcon.colcon_core.environment:create_environment_scripts_only(unity_robotics_demo_msgs)
[2.084s] Level 1:colcon.colcon_core.environment:checking '/home/xrcdevelopment/IXR_ROS_Files/ros2_unity_ws1/install/unity_robotics_demo_msgs' for CMake module files
[2.085s] Level 1:colcon.colcon_core.environment:checking '/home/xrcdevelopment/IXR_ROS_Files/ros2_unity_ws1/install/unity_robotics_demo_msgs' for CMake config files
[2.086s] Level 1:colcon.colcon_core.shell:create_environment_hook('unity_robotics_demo_msgs', 'cmake_prefix_path')
[2.088s] INFO:colcon.colcon_core.shell:Creating environment hook '/home/xrcdevelopment/IXR_ROS_Files/ros2_unity_ws1/install/unity_robotics_demo_msgs/share/unity_robotics_demo_msgs/hook/cmake_prefix_path.ps1'
[2.089s] INFO:colcon.colcon_core.shell:Creating environment descriptor '/home/xrcdevelopment/IXR_ROS_Files/ros2_unity_ws1/install/unity_robotics_demo_msgs/share/unity_robotics_demo_msgs/hook/cmake_prefix_path.dsv'
[2.089s] INFO:colcon.colcon_core.shell:Creating environment hook '/home/xrcdevelopment/IXR_ROS_Files/ros2_unity_ws1/install/unity_robotics_demo_msgs/share/unity_robotics_demo_msgs/hook/cmake_prefix_path.sh'
[2.090s] Level 1:colcon.colcon_core.environment:checking '/home/xrcdevelopment/IXR_ROS_Files/ros2_unity_ws1/install/unity_robotics_demo_msgs/lib'
[2.091s] Level 1:colcon.colcon_core.shell:create_environment_hook('unity_robotics_demo_msgs', 'ld_library_path_lib')
[2.093s] INFO:colcon.colcon_core.shell:Creating environment hook '/home/xrcdevelopment/IXR_ROS_Files/ros2_unity_ws1/install/unity_robotics_demo_msgs/share/unity_robotics_demo_msgs/hook/ld_library_path_lib.ps1'
[2.093s] INFO:colcon.colcon_core.shell:Creating environment descriptor '/home/xrcdevelopment/IXR_ROS_Files/ros2_unity_ws1/install/unity_robotics_demo_msgs/share/unity_robotics_demo_msgs/hook/ld_library_path_lib.dsv'
[2.094s] INFO:colcon.colcon_core.shell:Creating environment hook '/home/xrcdevelopment/IXR_ROS_Files/ros2_unity_ws1/install/unity_robotics_demo_msgs/share/unity_robotics_demo_msgs/hook/ld_library_path_lib.sh'
[2.094s] Level 1:colcon.colcon_core.environment:checking '/home/xrcdevelopment/IXR_ROS_Files/ros2_unity_ws1/install/unity_robotics_demo_msgs/bin'
[2.094s] Level 1:colcon.colcon_core.environment:checking '/home/xrcdevelopment/IXR_ROS_Files/ros2_unity_ws1/install/unity_robotics_demo_msgs/lib/pkgconfig/unity_robotics_demo_msgs.pc'
[2.095s] Level 1:colcon.colcon_core.environment:checking '/home/xrcdevelopment/IXR_ROS_Files/ros2_unity_ws1/install/unity_robotics_demo_msgs/lib/python3.10/site-packages'
[2.095s] Level 1:colcon.colcon_core.environment:checking '/home/xrcdevelopment/IXR_ROS_Files/ros2_unity_ws1/install/unity_robotics_demo_msgs/bin'
[2.097s] INFO:colcon.colcon_core.shell:Creating package script '/home/xrcdevelopment/IXR_ROS_Files/ros2_unity_ws1/install/unity_robotics_demo_msgs/share/unity_robotics_demo_msgs/package.ps1'
[2.098s] INFO:colcon.colcon_core.shell:Creating package descriptor '/home/xrcdevelopment/IXR_ROS_Files/ros2_unity_ws1/install/unity_robotics_demo_msgs/share/unity_robotics_demo_msgs/package.dsv'
[2.098s] INFO:colcon.colcon_core.shell:Creating package script '/home/xrcdevelopment/IXR_ROS_Files/ros2_unity_ws1/install/unity_robotics_demo_msgs/share/unity_robotics_demo_msgs/package.sh'
[2.099s] INFO:colcon.colcon_core.shell:Creating package script '/home/xrcdevelopment/IXR_ROS_Files/ros2_unity_ws1/install/unity_robotics_demo_msgs/share/unity_robotics_demo_msgs/package.bash'
[2.100s] INFO:colcon.colcon_core.shell:Creating package script '/home/xrcdevelopment/IXR_ROS_Files/ros2_unity_ws1/install/unity_robotics_demo_msgs/share/unity_robotics_demo_msgs/package.zsh'
[2.100s] Level 1:colcon.colcon_core.environment:create_file_with_runtime_dependencies(/home/xrcdevelopment/IXR_ROS_Files/ros2_unity_ws1/install/unity_robotics_demo_msgs/share/colcon-core/packages/unity_robotics_demo_msgs)
[10.824s] DEBUG:colcon.colcon_core.event_handler.log_command:Invoked command in '/home/xrcdevelopment/IXR_ROS_Files/ros2_unity_ws1/build/dynamixel_sdk_examples' returned '0': CMAKE_PREFIX_PATH=/home/xrcdevelopment/IXR_ROS_Files/ros2_unity_ws1/install/dynamixel_sdk_custom_interfaces:/home/xrcdevelopment/IXR_ROS_Files/ros2_unity_ws1/install/dynamixel_sdk:/home/xrcdevelopment/IXR_ROS_Files/ros2_unity_ws1/install/unity_robotics_demo_msgs:/home/xrcdevelopment/IXR_ROS_Files/ros2_unity_ws1/install/dynamixel_sdk_examples:/home/xrcdevelopment/IXR_ROS_Files/ros2_unity_ws1/install/unity_robotics_demo:/home/xrcdevelopment/IXR_ROS_Files/ros2_unity_ws1/install/ros_tcp_endpoint:/home/xrcdevelopment/ros/ros2_unity_ws1/install/unity_robotics_demo_msgs:/home/xrcdevelopment/ros/ros2_unity_ws1/install/unity_robotics_demo:/home/xrcdevelopment/ros/ros2_unity_ws1/install/ros_tcp_endpoint:/opt/ros/humble LD_LIBRARY_PATH=/home/xrcdevelopment/IXR_ROS_Files/ros2_unity_ws1/install/dynamixel_sdk_custom_interfaces/lib:/home/xrcdevelopment/IXR_ROS_Files/ros2_unity_ws1/install/dynamixel_sdk/lib:/home/xrcdevelopment/IXR_ROS_Files/ros2_unity_ws1/install/unity_robotics_demo_msgs/lib:/home/xrcdevelopment/ros/ros2_unity_ws1/install/unity_robotics_demo_msgs/lib:/opt/ros/humble/opt/rviz_ogre_vendor/lib:/opt/ros/humble/lib/x86_64-linux-gnu:/opt/ros/humble/lib /usr/bin/cmake --build /home/xrcdevelopment/IXR_ROS_Files/ros2_unity_ws1/build/dynamixel_sdk_examples -- -j8 -l8
[10.856s] DEBUG:colcon.colcon_core.event_handler.log_command:Invoking command in '/home/xrcdevelopment/IXR_ROS_Files/ros2_unity_ws1/build/dynamixel_sdk_examples': CMAKE_PREFIX_PATH=/home/xrcdevelopment/IXR_ROS_Files/ros2_unity_ws1/install/dynamixel_sdk_custom_interfaces:/home/xrcdevelopment/IXR_ROS_Files/ros2_unity_ws1/install/dynamixel_sdk:/home/xrcdevelopment/IXR_ROS_Files/ros2_unity_ws1/install/unity_robotics_demo_msgs:/home/xrcdevelopment/IXR_ROS_Files/ros2_unity_ws1/install/dynamixel_sdk_examples:/home/xrcdevelopment/IXR_ROS_Files/ros2_unity_ws1/install/unity_robotics_demo:/home/xrcdevelopment/IXR_ROS_Files/ros2_unity_ws1/install/ros_tcp_endpoint:/home/xrcdevelopment/ros/ros2_unity_ws1/install/unity_robotics_demo_msgs:/home/xrcdevelopment/ros/ros2_unity_ws1/install/unity_robotics_demo:/home/xrcdevelopment/ros/ros2_unity_ws1/install/ros_tcp_endpoint:/opt/ros/humble LD_LIBRARY_PATH=/home/xrcdevelopment/IXR_ROS_Files/ros2_unity_ws1/install/dynamixel_sdk_custom_interfaces/lib:/home/xrcdevelopment/IXR_ROS_Files/ros2_unity_ws1/install/dynamixel_sdk/lib:/home/xrcdevelopment/IXR_ROS_Files/ros2_unity_ws1/install/unity_robotics_demo_msgs/lib:/home/xrcdevelopment/ros/ros2_unity_ws1/install/unity_robotics_demo_msgs/lib:/opt/ros/humble/opt/rviz_ogre_vendor/lib:/opt/ros/humble/lib/x86_64-linux-gnu:/opt/ros/humble/lib /usr/bin/cmake --install /home/xrcdevelopment/IXR_ROS_Files/ros2_unity_ws1/build/dynamixel_sdk_examples
[10.875s] Level 1:colcon.colcon_core.environment:create_environment_scripts_only(dynamixel_sdk_examples)
[10.877s] Level 1:colcon.colcon_core.environment:checking '/home/xrcdevelopment/IXR_ROS_Files/ros2_unity_ws1/install/dynamixel_sdk_examples' for CMake module files
[10.878s] DEBUG:colcon.colcon_core.event_handler.log_command:Invoked command in '/home/xrcdevelopment/IXR_ROS_Files/ros2_unity_ws1/build/dynamixel_sdk_examples' returned '0': CMAKE_PREFIX_PATH=/home/xrcdevelopment/IXR_ROS_Files/ros2_unity_ws1/install/dynamixel_sdk_custom_interfaces:/home/xrcdevelopment/IXR_ROS_Files/ros2_unity_ws1/install/dynamixel_sdk:/home/xrcdevelopment/IXR_ROS_Files/ros2_unity_ws1/install/unity_robotics_demo_msgs:/home/xrcdevelopment/IXR_ROS_Files/ros2_unity_ws1/install/dynamixel_sdk_examples:/home/xrcdevelopment/IXR_ROS_Files/ros2_unity_ws1/install/unity_robotics_demo:/home/xrcdevelopment/IXR_ROS_Files/ros2_unity_ws1/install/ros_tcp_endpoint:/home/xrcdevelopment/ros/ros2_unity_ws1/install/unity_robotics_demo_msgs:/home/xrcdevelopment/ros/ros2_unity_ws1/install/unity_robotics_demo:/home/xrcdevelopment/ros/ros2_unity_ws1/install/ros_tcp_endpoint:/opt/ros/humble LD_LIBRARY_PATH=/home/xrcdevelopment/IXR_ROS_Files/ros2_unity_ws1/install/dynamixel_sdk_custom_interfaces/lib:/home/xrcdevelopment/IXR_ROS_Files/ros2_unity_ws1/install/dynamixel_sdk/lib:/home/xrcdevelopment/IXR_ROS_Files/ros2_unity_ws1/install/unity_robotics_demo_msgs/lib:/home/xrcdevelopment/ros/ros2_unity_ws1/install/unity_robotics_demo_msgs/lib:/opt/ros/humble/opt/rviz_ogre_vendor/lib:/opt/ros/humble/lib/x86_64-linux-gnu:/opt/ros/humble/lib /usr/bin/cmake --install /home/xrcdevelopment/IXR_ROS_Files/ros2_unity_ws1/build/dynamixel_sdk_examples
[10.878s] Level 1:colcon.colcon_core.environment:checking '/home/xrcdevelopment/IXR_ROS_Files/ros2_unity_ws1/install/dynamixel_sdk_examples' for CMake config files
[10.878s] Level 1:colcon.colcon_core.shell:create_environment_hook('dynamixel_sdk_examples', 'cmake_prefix_path')
[10.879s] INFO:colcon.colcon_core.shell:Creating environment hook '/home/xrcdevelopment/IXR_ROS_Files/ros2_unity_ws1/install/dynamixel_sdk_examples/share/dynamixel_sdk_examples/hook/cmake_prefix_path.ps1'
[10.880s] INFO:colcon.colcon_core.shell:Creating environment descriptor '/home/xrcdevelopment/IXR_ROS_Files/ros2_unity_ws1/install/dynamixel_sdk_examples/share/dynamixel_sdk_examples/hook/cmake_prefix_path.dsv'
[10.880s] INFO:colcon.colcon_core.shell:Creating environment hook '/home/xrcdevelopment/IXR_ROS_Files/ros2_unity_ws1/install/dynamixel_sdk_examples/share/dynamixel_sdk_examples/hook/cmake_prefix_path.sh'
[10.880s] Level 1:colcon.colcon_core.environment:checking '/home/xrcdevelopment/IXR_ROS_Files/ros2_unity_ws1/install/dynamixel_sdk_examples/lib'
[10.881s] Level 1:colcon.colcon_core.environment:checking '/home/xrcdevelopment/IXR_ROS_Files/ros2_unity_ws1/install/dynamixel_sdk_examples/bin'
[10.881s] Level 1:colcon.colcon_core.environment:checking '/home/xrcdevelopment/IXR_ROS_Files/ros2_unity_ws1/install/dynamixel_sdk_examples/lib/pkgconfig/dynamixel_sdk_examples.pc'
[10.881s] Level 1:colcon.colcon_core.environment:checking '/home/xrcdevelopment/IXR_ROS_Files/ros2_unity_ws1/install/dynamixel_sdk_examples/lib/python3.10/site-packages'
[10.881s] Level 1:colcon.colcon_core.environment:checking '/home/xrcdevelopment/IXR_ROS_Files/ros2_unity_ws1/install/dynamixel_sdk_examples/bin'
[10.882s] INFO:colcon.colcon_core.shell:Creating package script '/home/xrcdevelopment/IXR_ROS_Files/ros2_unity_ws1/install/dynamixel_sdk_examples/share/dynamixel_sdk_examples/package.ps1'
[10.882s] INFO:colcon.colcon_core.shell:Creating package descriptor '/home/xrcdevelopment/IXR_ROS_Files/ros2_unity_ws1/install/dynamixel_sdk_examples/share/dynamixel_sdk_examples/package.dsv'
[10.883s] INFO:colcon.colcon_core.shell:Creating package script '/home/xrcdevelopment/IXR_ROS_Files/ros2_unity_ws1/install/dynamixel_sdk_examples/share/dynamixel_sdk_examples/package.sh'
[10.883s] INFO:colcon.colcon_core.shell:Creating package script '/home/xrcdevelopment/IXR_ROS_Files/ros2_unity_ws1/install/dynamixel_sdk_examples/share/dynamixel_sdk_examples/package.bash'
[10.883s] INFO:colcon.colcon_core.shell:Creating package script '/home/xrcdevelopment/IXR_ROS_Files/ros2_unity_ws1/install/dynamixel_sdk_examples/share/dynamixel_sdk_examples/package.zsh'
[10.884s] Level 1:colcon.colcon_core.environment:create_file_with_runtime_dependencies(/home/xrcdevelopment/IXR_ROS_Files/ros2_unity_ws1/install/dynamixel_sdk_examples/share/colcon-core/packages/dynamixel_sdk_examples)
[10.915s] Level 1:colcon.colcon_core.environment:create_environment_scripts_only(dynamixel_sdk_examples)
[10.917s] Level 1:colcon.colcon_core.environment:checking '/home/xrcdevelopment/IXR_ROS_Files/ros2_unity_ws1/install/dynamixel_sdk_examples' for CMake module files
[10.917s] Level 1:colcon.colcon_core.environment:checking '/home/xrcdevelopment/IXR_ROS_Files/ros2_unity_ws1/install/dynamixel_sdk_examples' for CMake config files
[10.917s] Level 1:colcon.colcon_core.shell:create_environment_hook('dynamixel_sdk_examples', 'cmake_prefix_path')
[10.918s] INFO:colcon.colcon_core.shell:Creating environment hook '/home/xrcdevelopment/IXR_ROS_Files/ros2_unity_ws1/install/dynamixel_sdk_examples/share/dynamixel_sdk_examples/hook/cmake_prefix_path.ps1'
[10.919s] INFO:colcon.colcon_core.shell:Creating environment descriptor '/home/xrcdevelopment/IXR_ROS_Files/ros2_unity_ws1/install/dynamixel_sdk_examples/share/dynamixel_sdk_examples/hook/cmake_prefix_path.dsv'
[10.919s] INFO:colcon.colcon_core.shell:Creating environment hook '/home/xrcdevelopment/IXR_ROS_Files/ros2_unity_ws1/install/dynamixel_sdk_examples/share/dynamixel_sdk_examples/hook/cmake_prefix_path.sh'
[10.919s] Level 1:colcon.colcon_core.environment:checking '/home/xrcdevelopment/IXR_ROS_Files/ros2_unity_ws1/install/dynamixel_sdk_examples/lib'
[10.920s] Level 1:colcon.colcon_core.environment:checking '/home/xrcdevelopment/IXR_ROS_Files/ros2_unity_ws1/install/dynamixel_sdk_examples/bin'
[10.920s] Level 1:colcon.colcon_core.environment:checking '/home/xrcdevelopment/IXR_ROS_Files/ros2_unity_ws1/install/dynamixel_sdk_examples/lib/pkgconfig/dynamixel_sdk_examples.pc'
[10.920s] Level 1:colcon.colcon_core.environment:checking '/home/xrcdevelopment/IXR_ROS_Files/ros2_unity_ws1/install/dynamixel_sdk_examples/lib/python3.10/site-packages'
[10.920s] Level 1:colcon.colcon_core.environment:checking '/home/xrcdevelopment/IXR_ROS_Files/ros2_unity_ws1/install/dynamixel_sdk_examples/bin'
[10.921s] INFO:colcon.colcon_core.shell:Creating package script '/home/xrcdevelopment/IXR_ROS_Files/ros2_unity_ws1/install/dynamixel_sdk_examples/share/dynamixel_sdk_examples/package.ps1'
[10.922s] INFO:colcon.colcon_core.shell:Creating package descriptor '/home/xrcdevelopment/IXR_ROS_Files/ros2_unity_ws1/install/dynamixel_sdk_examples/share/dynamixel_sdk_examples/package.dsv'
[10.922s] INFO:colcon.colcon_core.shell:Creating package script '/home/xrcdevelopment/IXR_ROS_Files/ros2_unity_ws1/install/dynamixel_sdk_examples/share/dynamixel_sdk_examples/package.sh'
[10.922s] INFO:colcon.colcon_core.shell:Creating package script '/home/xrcdevelopment/IXR_ROS_Files/ros2_unity_ws1/install/dynamixel_sdk_examples/share/dynamixel_sdk_examples/package.bash'
[10.923s] INFO:colcon.colcon_core.shell:Creating package script '/home/xrcdevelopment/IXR_ROS_Files/ros2_unity_ws1/install/dynamixel_sdk_examples/share/dynamixel_sdk_examples/package.zsh'
[10.923s] Level 1:colcon.colcon_core.environment:create_file_with_runtime_dependencies(/home/xrcdevelopment/IXR_ROS_Files/ros2_unity_ws1/install/dynamixel_sdk_examples/share/colcon-core/packages/dynamixel_sdk_examples)
[10.923s] DEBUG:colcon.colcon_parallel_executor.executor.parallel:closing loop
[10.924s] DEBUG:colcon.colcon_parallel_executor.executor.parallel:loop closed
[10.924s] DEBUG:colcon.colcon_parallel_executor.executor.parallel:run_until_complete finished with '0'
[10.924s] DEBUG:colcon.colcon_core.event_reactor:joining thread
[10.929s] INFO:colcon.colcon_core.plugin_system:Skipping extension 'colcon_notification.desktop_notification.terminal_notifier': Not used on non-Darwin systems
[10.929s] INFO:colcon.colcon_core.plugin_system:Skipping extension 'colcon_notification.desktop_notification.win32': Not used on non-Windows systems
[10.929s] INFO:colcon.colcon_notification.desktop_notification:Sending desktop notification using 'notify2'
[10.942s] DEBUG:colcon.colcon_core.event_reactor:joined thread
[10.943s] INFO:colcon.colcon_core.shell:Creating prefix script '/home/xrcdevelopment/IXR_ROS_Files/ros2_unity_ws1/install/local_setup.ps1'
[10.945s] INFO:colcon.colcon_core.shell:Creating prefix util module '/home/xrcdevelopment/IXR_ROS_Files/ros2_unity_ws1/install/_local_setup_util_ps1.py'
[10.947s] INFO:colcon.colcon_core.shell:Creating prefix chain script '/home/xrcdevelopment/IXR_ROS_Files/ros2_unity_ws1/install/setup.ps1'
[10.948s] INFO:colcon.colcon_core.shell:Creating prefix script '/home/xrcdevelopment/IXR_ROS_Files/ros2_unity_ws1/install/local_setup.sh'
[10.949s] INFO:colcon.colcon_core.shell:Creating prefix util module '/home/xrcdevelopment/IXR_ROS_Files/ros2_unity_ws1/install/_local_setup_util_sh.py'
[10.949s] INFO:colcon.colcon_core.shell:Creating prefix chain script '/home/xrcdevelopment/IXR_ROS_Files/ros2_unity_ws1/install/setup.sh'
[10.951s] INFO:colcon.colcon_core.shell:Creating prefix script '/home/xrcdevelopment/IXR_ROS_Files/ros2_unity_ws1/install/local_setup.bash'
[10.952s] INFO:colcon.colcon_core.shell:Creating prefix chain script '/home/xrcdevelopment/IXR_ROS_Files/ros2_unity_ws1/install/setup.bash'
[10.953s] INFO:colcon.colcon_core.shell:Creating prefix script '/home/xrcdevelopment/IXR_ROS_Files/ros2_unity_ws1/install/local_setup.zsh'
[10.954s] INFO:colcon.colcon_core.shell:Creating prefix chain script '/home/xrcdevelopment/IXR_ROS_Files/ros2_unity_ws1/install/setup.zsh'
