[0.748s] Invoking command in '/home/xrcdevelopment/ros/ros2_unity_ws1/src/ROS-TCP-Endpoint-main-ros2': PYTHONPATH=/home/xrcdevelopment/ros/ros2_unity_ws1/build/ros_tcp_endpoint/prefix_override:/home/xrcdevelopment/ros/ros2_unity_ws1/install/ros_tcp_endpoint/lib/python3.10/site-packages:${PYTHONPATH} /usr/bin/python3 setup.py egg_info --egg-base ../../build/ros_tcp_endpoint build --build-base /home/xrcdevelopment/ros/ros2_unity_ws1/build/ros_tcp_endpoint/build install --record /home/xrcdevelopment/ros/ros2_unity_ws1/build/ros_tcp_endpoint/install.log --install-scripts $base/lib/ros_tcp_endpoint --single-version-externally-managed
[0.950s] /usr/lib/python3/dist-packages/setuptools/dist.py:723: UserWarning: Usage of dash-separated 'script-dir' will not be supported in future versions. Please use the underscore name 'script_dir' instead
[0.950s]   warnings.warn(
[0.958s] running egg_info
[0.959s] writing ../../build/ros_tcp_endpoint/ros_tcp_endpoint.egg-info/PKG-INFO
[0.959s] writing dependency_links to ../../build/ros_tcp_endpoint/ros_tcp_endpoint.egg-info/dependency_links.txt
[0.959s] writing entry points to ../../build/ros_tcp_endpoint/ros_tcp_endpoint.egg-info/entry_points.txt
[0.959s] writing requirements to ../../build/ros_tcp_endpoint/ros_tcp_endpoint.egg-info/requires.txt
[0.959s] writing top-level names to ../../build/ros_tcp_endpoint/ros_tcp_endpoint.egg-info/top_level.txt
[0.961s] reading manifest file '../../build/ros_tcp_endpoint/ros_tcp_endpoint.egg-info/SOURCES.txt'
[0.961s] adding license file 'LICENSE'
[0.962s] writing manifest file '../../build/ros_tcp_endpoint/ros_tcp_endpoint.egg-info/SOURCES.txt'
[0.962s] running build
[0.962s] running build_py
[0.963s] running install
[0.963s] /usr/lib/python3/dist-packages/setuptools/command/install.py:34: SetuptoolsDeprecationWarning: setup.py install is deprecated. Use build and pip and other standards-based tools.
[0.963s]   warnings.warn(
[0.963s] running install_lib
[0.965s] running install_data
[0.965s] running install_egg_info
[0.967s] removing '/home/xrcdevelopment/ros/ros2_unity_ws1/install/ros_tcp_endpoint/lib/python3.10/site-packages/ros_tcp_endpoint-0.0.1-py3.10.egg-info' (and everything under it)
[0.967s] Copying ../../build/ros_tcp_endpoint/ros_tcp_endpoint.egg-info to /home/xrcdevelopment/ros/ros2_unity_ws1/install/ros_tcp_endpoint/lib/python3.10/site-packages/ros_tcp_endpoint-0.0.1-py3.10.egg-info
[0.968s] running install_scripts
[0.987s] Installing default_server_endpoint script to /home/xrcdevelopment/ros/ros2_unity_ws1/install/ros_tcp_endpoint/lib/ros_tcp_endpoint
[0.988s] writing list of installed files to '/home/xrcdevelopment/ros/ros2_unity_ws1/build/ros_tcp_endpoint/install.log'
[1.015s] Invoked command in '/home/xrcdevelopment/ros/ros2_unity_ws1/src/ROS-TCP-Endpoint-main-ros2' returned '0': PYTHONPATH=/home/xrcdevelopment/ros/ros2_unity_ws1/build/ros_tcp_endpoint/prefix_override:/home/xrcdevelopment/ros/ros2_unity_ws1/install/ros_tcp_endpoint/lib/python3.10/site-packages:${PYTHONPATH} /usr/bin/python3 setup.py egg_info --egg-base ../../build/ros_tcp_endpoint build --build-base /home/xrcdevelopment/ros/ros2_unity_ws1/build/ros_tcp_endpoint/build install --record /home/xrcdevelopment/ros/ros2_unity_ws1/build/ros_tcp_endpoint/install.log --install-scripts $base/lib/ros_tcp_endpoint --single-version-externally-managed
